-----------------------------------------------------------
Server listening on 5201 (test #1)
-----------------------------------------------------------
Accepted connection from 10.0.0.1, port 58290
[  5] local 10.0.0.2 port 5201 connected to 10.0.0.1 port 43395
[ ID] Interval           Transfer     Bitrate         Jitter    Lost/Total Datagrams
[  5]   0.00-1.00   sec  3.15 MBytes  26.4 Mbits/sec  1.300 ms  633/2914 (22%)  
[  5]   1.00-2.00   sec  2.32 MBytes  19.4 Mbits/sec  1.033 ms  1776/3453 (51%)  
[  5]   2.00-3.00   sec  2.27 MBytes  19.1 Mbits/sec  1.432 ms  1806/3453 (52%)  
[  5]   3.00-4.00   sec  2.17 MBytes  18.2 Mbits/sec  1.418 ms  1881/3452 (54%)  
[  5]   4.00-5.00   sec  2.22 MBytes  18.7 Mbits/sec  1.464 ms  1845/3456 (53%)  
[  5]   5.00-6.00   sec  2.30 MBytes  19.3 Mbits/sec  1.278 ms  1794/3461 (52%)  
[  5]   6.00-7.00   sec  2.31 MBytes  19.3 Mbits/sec  1.365 ms  1780/3450 (52%)  
[  5]   7.00-8.00   sec  2.31 MBytes  19.4 Mbits/sec  1.229 ms  1773/3445 (51%)  
[  5]   8.00-9.00   sec  2.34 MBytes  19.7 Mbits/sec  1.535 ms  1746/3444 (51%)  
[  5]   9.00-10.00  sec  2.26 MBytes  18.9 Mbits/sec  2.065 ms  1827/3460 (53%)  
[  5]  10.00-11.00  sec  2.39 MBytes  20.0 Mbits/sec  1.732 ms  1725/3455 (50%)  
[  5]  11.00-12.00  sec  2.29 MBytes  19.2 Mbits/sec  1.656 ms  1795/3453 (52%)  
[  5]  12.00-13.00  sec  2.26 MBytes  18.9 Mbits/sec  1.382 ms  1822/3457 (53%)  
[  5]  13.00-14.00  sec  2.26 MBytes  19.0 Mbits/sec  1.445 ms  1811/3449 (53%)  
[  5]  14.00-15.00  sec  2.23 MBytes  18.7 Mbits/sec  1.533 ms  1842/3457 (53%)  
[  5]  15.00-16.00  sec  2.36 MBytes  19.8 Mbits/sec  1.679 ms  1740/3446 (50%)  
[  5]  16.00-17.00  sec  2.34 MBytes  19.6 Mbits/sec  1.813 ms  1766/3457 (51%)  
[  5]  17.00-18.00  sec  2.30 MBytes  19.3 Mbits/sec  1.310 ms  1791/3457 (52%)  
[  5]  18.00-19.00  sec  2.27 MBytes  19.0 Mbits/sec  0.988 ms  1809/3450 (52%)  
[  5]  19.00-20.00  sec  2.32 MBytes  19.4 Mbits/sec  1.283 ms  1777/3455 (51%)  
[  5]  20.00-21.00  sec  2.34 MBytes  19.6 Mbits/sec  1.453 ms  1764/3458 (51%)  
[  5]  21.00-22.00  sec  2.35 MBytes  19.7 Mbits/sec  1.427 ms  1749/3448 (51%)  
[  5]  22.00-23.00  sec  2.27 MBytes  19.0 Mbits/sec  1.787 ms  1814/3456 (52%)  
[  5]  23.00-24.00  sec  2.40 MBytes  20.2 Mbits/sec  1.195 ms  1705/3446 (49%)  
[  5]  24.00-25.00  sec  2.28 MBytes  19.2 Mbits/sec  0.879 ms  1803/3457 (52%)  
[  5]  25.00-26.00  sec  2.32 MBytes  19.4 Mbits/sec  1.340 ms  1775/3453 (51%)  
[  5]  26.00-27.00  sec  2.29 MBytes  19.2 Mbits/sec  1.349 ms  1793/3450 (52%)  
[  5]  27.00-28.00  sec  2.33 MBytes  19.5 Mbits/sec  1.522 ms  1763/3450 (51%)  
[  5]  28.00-29.00  sec  2.38 MBytes  20.0 Mbits/sec  1.564 ms  1733/3460 (50%)  
[  5]  29.00-30.00  sec  2.31 MBytes  19.4 Mbits/sec  1.644 ms  1777/3453 (51%)  
[  5]  30.00-30.16  sec   397 KBytes  20.5 Mbits/sec  1.275 ms  252/533 (47%)  
- - - - - - - - - - - - - - - - - - - - - - - - -
[ ID] Interval           Transfer     Bitrate         Jitter    Lost/Total Datagrams
[SUM]  0.0-30.2 sec  26086 datagrams received out-of-order
[  5]   0.00-30.16  sec  70.3 MBytes  19.6 Mbits/sec  1.275 ms  52667/103588 (51%)  receiver
iperf3: interrupt - the server has terminated
-----------------------------------------------------------
Server listening on 5201 (test #2)
-----------------------------------------------------------
