-----------------------------------------------------------
Server listening on 5202 (test #1)
-----------------------------------------------------------
Accepted connection from 10.0.0.1, port 56430
[  5] local 10.0.0.2 port 5202 connected to 10.0.0.1 port 39951
[ ID] Interval           Transfer     Bitrate         Jitter    Lost/Total Datagrams
[  5]   0.00-1.00   sec  3.97 MBytes  33.3 Mbits/sec  0.893 ms  47/2919 (1.6%)  
[  5]   1.00-2.00   sec  4.60 MBytes  38.6 Mbits/sec  1.210 ms  130/3458 (3.8%)  
[  5]   2.00-3.00   sec  4.58 MBytes  38.4 Mbits/sec  1.411 ms  130/3449 (3.8%)  
[  5]   3.00-4.00   sec  4.41 MBytes  37.0 Mbits/sec  1.210 ms  263/3458 (7.6%)  
[  5]   4.00-5.00   sec  4.64 MBytes  39.0 Mbits/sec  1.308 ms  85/3448 (2.5%)  
[  5]   5.00-6.00   sec  4.61 MBytes  38.7 Mbits/sec  1.057 ms  115/3453 (3.3%)  
[  5]   6.00-7.00   sec  4.56 MBytes  38.2 Mbits/sec  1.295 ms  156/3457 (4.5%)  
[  5]   7.00-8.00   sec  4.61 MBytes  38.6 Mbits/sec  1.304 ms  117/3453 (3.4%)  
[  5]   8.00-9.00   sec  4.39 MBytes  36.9 Mbits/sec  1.006 ms  249/3431 (7.3%)  
[  5]   9.00-10.00  sec  4.63 MBytes  38.9 Mbits/sec  1.315 ms  105/3460 (3%)  
[  5]  10.00-11.00  sec  4.55 MBytes  38.2 Mbits/sec  1.281 ms  167/3463 (4.8%)  
[  5]  11.00-12.00  sec  4.60 MBytes  38.6 Mbits/sec  1.103 ms  122/3453 (3.5%)  
[  5]  12.00-13.00  sec  4.62 MBytes  38.8 Mbits/sec  1.318 ms  109/3455 (3.2%)  
[  5]  13.00-14.00  sec  4.33 MBytes  36.3 Mbits/sec  1.140 ms  313/3450 (9.1%)  
[  5]  14.00-15.00  sec  4.64 MBytes  38.9 Mbits/sec  1.633 ms  98/3456 (2.8%)  
[  5]  15.00-16.00  sec  4.54 MBytes  38.1 Mbits/sec  1.282 ms  154/3445 (4.5%)  
[  5]  16.00-17.00  sec  4.58 MBytes  38.4 Mbits/sec  1.468 ms  143/3457 (4.1%)  
[  5]  17.00-18.00  sec  4.62 MBytes  38.7 Mbits/sec  1.066 ms  109/3453 (3.2%)  
[  5]  18.00-19.00  sec  4.29 MBytes  36.0 Mbits/sec  1.961 ms  352/3456 (10%)  
[  5]  19.00-20.00  sec  4.58 MBytes  38.4 Mbits/sec  1.582 ms  137/3456 (4%)  
[  5]  20.00-21.00  sec  4.57 MBytes  38.4 Mbits/sec  1.383 ms  139/3451 (4%)  
[  5]  21.00-22.00  sec  4.57 MBytes  38.3 Mbits/sec  1.304 ms  145/3451 (4.2%)  
[  5]  22.00-23.00  sec  4.62 MBytes  38.8 Mbits/sec  1.005 ms  110/3456 (3.2%)  
[  5]  23.00-24.00  sec  4.25 MBytes  35.7 Mbits/sec  1.770 ms  375/3453 (11%)  
[  5]  24.00-25.00  sec  4.60 MBytes  38.6 Mbits/sec  1.373 ms  116/3447 (3.4%)  
[  5]  25.00-26.00  sec  4.54 MBytes  38.1 Mbits/sec  1.518 ms  169/3460 (4.9%)  
[  5]  26.00-27.00  sec  4.59 MBytes  38.5 Mbits/sec  1.443 ms  132/3455 (3.8%)  
[  5]  27.00-28.00  sec  4.33 MBytes  36.4 Mbits/sec  1.141 ms  311/3450 (9%)  
[  5]  28.00-29.00  sec  4.54 MBytes  38.1 Mbits/sec  1.287 ms  172/3457 (5%)  
[  5]  29.00-30.00  sec  4.58 MBytes  38.4 Mbits/sec  1.441 ms  129/3443 (3.7%)  
[  5]  30.00-30.15  sec   704 KBytes  37.7 Mbits/sec  1.206 ms  24/522 (4.6%)  
- - - - - - - - - - - - - - - - - - - - - - - - -
[ ID] Interval           Transfer     Bitrate         Jitter    Lost/Total Datagrams
[SUM]  0.0-30.2 sec  66291 datagrams received out-of-order
[  5]   0.00-30.15  sec   136 MBytes  37.9 Mbits/sec  1.206 ms  4923/103575 (4.8%)  receiver
iperf3: interrupt - the server has terminated
-----------------------------------------------------------
Server listening on 5202 (test #2)
-----------------------------------------------------------
