-----------------------------------------------------------
Server listening on 5202 (test #1)
-----------------------------------------------------------
Accepted connection from 10.0.0.1, port 51254
[  5] local 10.0.0.2 port 5202 connected to 10.0.0.1 port 44174
[ ID] Interval           Transfer     Bitrate         Jitter    Lost/Total Datagrams
[  5]   0.00-1.00   sec  3.89 MBytes  32.6 Mbits/sec  1.283 ms  90/2908 (3.1%)  
[  5]   1.00-2.00   sec  4.33 MBytes  36.3 Mbits/sec  1.450 ms  320/3453 (9.3%)  
[  5]   2.00-3.00   sec  4.28 MBytes  35.9 Mbits/sec  1.449 ms  357/3456 (10%)  
[  5]   3.00-4.00   sec  4.48 MBytes  37.5 Mbits/sec  1.691 ms  220/3461 (6.4%)  
[  5]   4.00-5.00   sec  4.56 MBytes  38.2 Mbits/sec  1.263 ms  157/3456 (4.5%)  
[  5]   5.00-6.00   sec  4.56 MBytes  38.3 Mbits/sec  1.306 ms  151/3456 (4.4%)  
[  5]   6.00-7.00   sec  4.50 MBytes  37.7 Mbits/sec  1.200 ms  180/3437 (5.2%)  
[  5]   7.00-8.00   sec  4.42 MBytes  37.1 Mbits/sec  1.597 ms  267/3468 (7.7%)  
[  5]   8.00-9.00   sec  4.49 MBytes  37.7 Mbits/sec  1.421 ms  196/3448 (5.7%)  
[  5]   9.00-10.00  sec  4.54 MBytes  38.1 Mbits/sec  1.067 ms  167/3456 (4.8%)  
[  5]  10.00-11.00  sec  4.52 MBytes  37.9 Mbits/sec  1.327 ms  176/3450 (5.1%)  
[  5]  11.00-12.00  sec  4.45 MBytes  37.3 Mbits/sec  1.860 ms  140/3360 (4.2%)  
[  5]  12.00-13.00  sec  4.49 MBytes  37.6 Mbits/sec  1.603 ms  300/3549 (8.5%)  
[  5]  13.00-14.00  sec  4.44 MBytes  37.2 Mbits/sec  1.213 ms  183/3395 (5.4%)  
[  5]  14.00-15.00  sec  4.32 MBytes  36.3 Mbits/sec  1.541 ms  377/3507 (11%)  
[  5]  15.00-16.00  sec  4.54 MBytes  38.1 Mbits/sec  1.153 ms  165/3452 (4.8%)  
[  5]  16.00-17.00  sec  4.33 MBytes  36.3 Mbits/sec  1.496 ms  327/3459 (9.5%)  
[  5]  17.00-18.00  sec  4.53 MBytes  38.0 Mbits/sec  1.306 ms  169/3449 (4.9%)  
[  5]  18.00-19.00  sec  4.10 MBytes  34.4 Mbits/sec  1.057 ms  469/3439 (14%)  
[  5]  19.00-20.00  sec  4.52 MBytes  37.9 Mbits/sec  1.468 ms  183/3459 (5.3%)  
[  5]  20.00-21.00  sec  4.43 MBytes  37.2 Mbits/sec  1.477 ms  254/3464 (7.3%)  
[  5]  21.00-22.00  sec  4.48 MBytes  37.6 Mbits/sec  1.173 ms  207/3453 (6%)  
[  5]  22.00-23.00  sec  4.51 MBytes  37.8 Mbits/sec  1.167 ms  184/3451 (5.3%)  
[  5]  23.00-24.00  sec  4.51 MBytes  37.8 Mbits/sec  1.382 ms  196/3459 (5.7%)  
[  5]  24.00-25.00  sec  4.47 MBytes  37.5 Mbits/sec  1.341 ms  212/3446 (6.2%)  
[  5]  25.00-26.00  sec  4.38 MBytes  36.7 Mbits/sec  1.283 ms  281/3450 (8.1%)  
[  5]  26.00-27.00  sec  4.55 MBytes  38.2 Mbits/sec  1.410 ms  164/3460 (4.7%)  
[  5]  27.00-28.00  sec  4.50 MBytes  37.8 Mbits/sec  1.565 ms  188/3448 (5.5%)  
[  5]  28.00-29.00  sec  4.49 MBytes  37.7 Mbits/sec  1.588 ms  201/3456 (5.8%)  
[  5]  29.00-30.00  sec  4.51 MBytes  37.9 Mbits/sec  1.246 ms  183/3452 (5.3%)  
[  5]  30.00-30.15  sec   706 KBytes  37.7 Mbits/sec  1.337 ms  33/532 (6.2%)  
- - - - - - - - - - - - - - - - - - - - - - - - -
[ ID] Interval           Transfer     Bitrate         Jitter    Lost/Total Datagrams
[SUM]  0.0-30.2 sec  65077 datagrams received out-of-order
[  5]   0.00-30.15  sec   134 MBytes  37.2 Mbits/sec  1.337 ms  6697/103589 (6.5%)  receiver
iperf3: interrupt - the server has terminated
-----------------------------------------------------------
Server listening on 5202 (test #2)
-----------------------------------------------------------
