-----------------------------------------------------------
Server listening on 5202 (test #1)
-----------------------------------------------------------
Accepted connection from 10.0.0.1, port 42268
[  5] local 10.0.0.2 port 5202 connected to 10.0.0.1 port 56327
[ ID] Interval           Transfer     Bitrate         Jitter    Lost/Total Datagrams
[  5]   0.00-1.00   sec  3.45 MBytes  28.9 Mbits/sec  1.593 ms  1661/4160 (40%)  
[  5]   1.00-2.00   sec  3.46 MBytes  29.0 Mbits/sec  1.437 ms  1812/4317 (42%)  
[  5]   2.00-3.00   sec  3.35 MBytes  28.1 Mbits/sec  1.963 ms  1756/4180 (42%)  
[  5]   3.00-4.00   sec  3.58 MBytes  30.0 Mbits/sec  1.169 ms  1858/4451 (42%)  
[  5]   4.00-5.00   sec  3.47 MBytes  29.1 Mbits/sec  1.248 ms  1805/4317 (42%)  
[  5]   5.00-6.00   sec  3.47 MBytes  29.1 Mbits/sec  1.114 ms  1808/4319 (42%)  
[  5]   6.00-7.00   sec  3.47 MBytes  29.1 Mbits/sec  1.099 ms  1805/4315 (42%)  
[  5]   7.00-8.00   sec  3.47 MBytes  29.1 Mbits/sec  0.987 ms  1802/4314 (42%)  
[  5]   8.00-9.00   sec  3.40 MBytes  28.5 Mbits/sec  1.053 ms  1855/4318 (43%)  
[  5]   9.00-10.00  sec  3.46 MBytes  29.0 Mbits/sec  1.259 ms  1809/4312 (42%)  
[  5]  10.00-11.00  sec  3.46 MBytes  29.0 Mbits/sec  1.318 ms  1818/4324 (42%)  
[  5]  11.00-12.00  sec  3.46 MBytes  29.0 Mbits/sec  1.098 ms  1801/4308 (42%)  
[  5]  12.00-13.00  sec  3.46 MBytes  29.0 Mbits/sec  0.971 ms  1812/4319 (42%)  
[  5]  13.00-14.00  sec  3.42 MBytes  28.7 Mbits/sec  0.911 ms  1832/4312 (42%)  
[  5]  14.00-15.00  sec  3.47 MBytes  29.1 Mbits/sec  1.181 ms  1813/4323 (42%)  
[  5]  15.00-16.00  sec  3.47 MBytes  29.1 Mbits/sec  1.029 ms  1811/4324 (42%)  
[  5]  16.00-17.00  sec  3.46 MBytes  29.0 Mbits/sec  1.274 ms  1799/4304 (42%)  
[  5]  17.00-18.00  sec  3.46 MBytes  29.1 Mbits/sec  1.271 ms  1816/4325 (42%)  
[  5]  18.00-19.00  sec  3.46 MBytes  29.0 Mbits/sec  1.033 ms  1810/4314 (42%)  
[  5]  19.00-20.00  sec  3.46 MBytes  29.1 Mbits/sec  1.398 ms  1804/4312 (42%)  
[  5]  20.00-21.00  sec  3.46 MBytes  29.0 Mbits/sec  0.895 ms  1802/4309 (42%)  
[  5]  21.00-22.00  sec  3.47 MBytes  29.1 Mbits/sec  1.072 ms  1817/4332 (42%)  
[  5]  22.00-23.00  sec  3.46 MBytes  29.0 Mbits/sec  1.292 ms  1803/4310 (42%)  
[  5]  23.00-24.00  sec  3.47 MBytes  29.1 Mbits/sec  1.032 ms  1805/4316 (42%)  
[  5]  24.00-25.00  sec  3.47 MBytes  29.1 Mbits/sec  1.222 ms  1806/4317 (42%)  
[  5]  25.00-26.00  sec  3.46 MBytes  29.0 Mbits/sec  1.138 ms  1814/4318 (42%)  
[  5]  26.00-27.00  sec  3.47 MBytes  29.1 Mbits/sec  1.105 ms  1807/4319 (42%)  
[  5]  27.00-28.00  sec  3.45 MBytes  28.9 Mbits/sec  1.242 ms  1813/4312 (42%)  
[  5]  28.00-29.00  sec  3.47 MBytes  29.1 Mbits/sec  1.191 ms  1797/4307 (42%)  
[  5]  29.00-30.00  sec  3.47 MBytes  29.1 Mbits/sec  1.297 ms  1813/4328 (42%)  
[  5]  30.00-30.04  sec   123 KBytes  28.3 Mbits/sec  1.347 ms  57/144 (40%)  
- - - - - - - - - - - - - - - - - - - - - - - - -
[ ID] Interval           Transfer     Bitrate         Jitter    Lost/Total Datagrams
[SUM]  0.0-30.0 sec  43479 datagrams received out-of-order
[  5]   0.00-30.04  sec   104 MBytes  29.0 Mbits/sec  1.347 ms  54221/129480 (42%)  receiver
iperf3: interrupt - the server has terminated
-----------------------------------------------------------
Server listening on 5202 (test #2)
-----------------------------------------------------------
