-----------------------------------------------------------
Server listening on 5202 (test #1)
-----------------------------------------------------------
Accepted connection from 10.0.0.1, port 52174
[  5] local 10.0.0.2 port 5202 connected to 10.0.0.1 port 35292
[ ID] Interval           Transfer     Bitrate         Jitter    Lost/Total Datagrams
[  5]   0.00-1.00   sec  3.45 MBytes  28.9 Mbits/sec  0.924 ms  1654/4151 (40%)  
[  5]   1.00-2.00   sec  3.47 MBytes  29.1 Mbits/sec  1.090 ms  1812/4325 (42%)  
[  5]   2.00-3.00   sec  3.46 MBytes  29.1 Mbits/sec  1.298 ms  1808/4316 (42%)  
[  5]   3.00-4.00   sec  3.40 MBytes  28.5 Mbits/sec  1.036 ms  1857/4317 (43%)  
[  5]   4.00-5.00   sec  3.47 MBytes  29.1 Mbits/sec  1.254 ms  1803/4317 (42%)  
[  5]   5.00-6.00   sec  3.47 MBytes  29.1 Mbits/sec  1.210 ms  1808/4318 (42%)  
[  5]   6.00-7.00   sec  3.46 MBytes  29.1 Mbits/sec  1.175 ms  1801/4309 (42%)  
[  5]   7.00-8.00   sec  3.47 MBytes  29.1 Mbits/sec  1.197 ms  1809/4321 (42%)  
[  5]   8.00-9.00   sec  3.37 MBytes  28.3 Mbits/sec  1.164 ms  1801/4243 (42%)  
[  5]   9.00-10.00  sec  3.52 MBytes  29.6 Mbits/sec  1.114 ms  1835/4386 (42%)  
[  5]  10.00-11.00  sec  3.46 MBytes  29.1 Mbits/sec  1.204 ms  1810/4319 (42%)  
[  5]  11.00-12.00  sec  3.46 MBytes  29.0 Mbits/sec  0.933 ms  1808/4313 (42%)  
[  5]  12.00-13.00  sec  3.47 MBytes  29.1 Mbits/sec  1.322 ms  1811/4321 (42%)  
[  5]  13.00-14.00  sec  3.44 MBytes  28.8 Mbits/sec  1.206 ms  1795/4285 (42%)  
[  5]  14.00-15.00  sec  3.49 MBytes  29.3 Mbits/sec  1.006 ms  1816/4343 (42%)  
[  5]  15.00-16.00  sec  3.47 MBytes  29.1 Mbits/sec  1.192 ms  1809/4319 (42%)  
[  5]  16.00-17.00  sec  3.47 MBytes  29.1 Mbits/sec  1.131 ms  1805/4317 (42%)  
[  5]  17.00-18.00  sec  3.46 MBytes  29.0 Mbits/sec  1.073 ms  1806/4313 (42%)  
[  5]  18.00-19.00  sec  3.47 MBytes  29.1 Mbits/sec  1.552 ms  1816/4328 (42%)  
[  5]  19.00-20.00  sec  3.43 MBytes  28.8 Mbits/sec  1.277 ms  1821/4307 (42%)  
[  5]  20.00-21.00  sec  3.47 MBytes  29.1 Mbits/sec  0.998 ms  1809/4319 (42%)  
[  5]  21.00-22.00  sec  3.46 MBytes  29.0 Mbits/sec  0.969 ms  1809/4315 (42%)  
[  5]  22.00-23.00  sec  3.46 MBytes  29.1 Mbits/sec  1.118 ms  1804/4313 (42%)  
[  5]  23.00-24.00  sec  3.47 MBytes  29.1 Mbits/sec  1.274 ms  1805/4319 (42%)  
[  5]  24.00-25.00  sec  3.47 MBytes  29.1 Mbits/sec  1.203 ms  1807/4318 (42%)  
[  5]  25.00-26.00  sec  3.47 MBytes  29.1 Mbits/sec  1.179 ms  1802/4314 (42%)  
[  5]  26.00-27.00  sec  3.47 MBytes  29.1 Mbits/sec  1.052 ms  1812/4322 (42%)  
[  5]  27.00-28.00  sec  3.46 MBytes  29.1 Mbits/sec  1.219 ms  1803/4311 (42%)  
[  5]  28.00-29.00  sec  3.46 MBytes  29.1 Mbits/sec  1.152 ms  1805/4314 (42%)  
[  5]  29.00-30.00  sec  3.47 MBytes  29.1 Mbits/sec  1.085 ms  1804/4314 (42%)  
[  5]  30.00-30.04  sec   130 KBytes  28.7 Mbits/sec  1.312 ms  65/157 (41%)  
- - - - - - - - - - - - - - - - - - - - - - - - -
[ ID] Interval           Transfer     Bitrate         Jitter    Lost/Total Datagrams
[SUM]  0.0-30.0 sec  43281 datagrams received out-of-order
[  5]   0.00-30.04  sec   104 MBytes  29.0 Mbits/sec  1.312 ms  54210/129484 (42%)  receiver
iperf3: interrupt - the server has terminated
-----------------------------------------------------------
Server listening on 5202 (test #2)
-----------------------------------------------------------
