-----------------------------------------------------------
Server listening on 5203 (test #1)
-----------------------------------------------------------
Accepted connection from 10.0.0.1, port 53324
[  5] local 10.0.0.2 port 5203 connected to 10.0.0.1 port 40819
[ ID] Interval           Transfer     Bitrate         Jitter    Lost/Total Datagrams
[  5]   0.00-1.00   sec  1.34 MBytes  11.3 Mbits/sec  1.329 ms  3186/4159 (77%)  
[  5]   1.00-2.00   sec  1.15 MBytes  9.67 Mbits/sec  1.091 ms  3477/4312 (81%)  
[  5]   2.00-3.00   sec  1.15 MBytes  9.65 Mbits/sec  0.900 ms  3478/4311 (81%)  
[  5]   3.00-4.00   sec  1.15 MBytes  9.66 Mbits/sec  1.131 ms  3491/4325 (81%)  
[  5]   4.00-5.00   sec  1.15 MBytes  9.67 Mbits/sec  1.015 ms  3474/4309 (81%)  
[  5]   5.00-6.00   sec  1.15 MBytes  9.67 Mbits/sec  1.296 ms  3485/4320 (81%)  
[  5]   6.00-7.00   sec  1.15 MBytes  9.65 Mbits/sec  0.999 ms  3483/4316 (81%)  
[  5]   7.00-8.00   sec  1.15 MBytes  9.68 Mbits/sec  1.088 ms  3476/4312 (81%)  
[  5]   8.00-9.00   sec  1.13 MBytes  9.50 Mbits/sec  0.937 ms  3440/4260 (81%)  
[  5]   9.00-10.00  sec  1.17 MBytes  9.80 Mbits/sec  1.106 ms  3531/4377 (81%)  
[  5]  10.00-11.00  sec  1.16 MBytes  9.70 Mbits/sec  1.151 ms  3475/4312 (81%)  
[  5]  11.00-12.00  sec  1.16 MBytes  9.71 Mbits/sec  1.223 ms  3480/4318 (81%)  
[  5]  12.00-13.00  sec  1.15 MBytes  9.68 Mbits/sec  0.985 ms  3491/4327 (81%)  
[  5]  13.00-14.01  sec  1.14 MBytes  9.52 Mbits/sec  1.465 ms  3441/4269 (81%)  
[  5]  14.01-15.00  sec  1.16 MBytes  9.82 Mbits/sec  0.874 ms  3506/4348 (81%)  
[  5]  15.00-16.00  sec  1.16 MBytes  9.71 Mbits/sec  1.414 ms  3486/4324 (81%)  
[  5]  16.00-17.00  sec  1.15 MBytes  9.68 Mbits/sec  1.109 ms  3489/4325 (81%)  
[  5]  17.00-18.00  sec  1.15 MBytes  9.67 Mbits/sec  1.115 ms  3468/4303 (81%)  
[  5]  18.00-19.00  sec  1.15 MBytes  9.68 Mbits/sec  1.271 ms  3481/4317 (81%)  
[  5]  19.00-20.00  sec  1.16 MBytes  9.70 Mbits/sec  0.943 ms  3487/4324 (81%)  
[  5]  20.00-21.00  sec  1.16 MBytes  9.70 Mbits/sec  1.462 ms  3479/4316 (81%)  
[  5]  21.00-22.00  sec  1.15 MBytes  9.65 Mbits/sec  1.050 ms  3481/4314 (81%)  
[  5]  22.00-23.00  sec  1.16 MBytes  9.70 Mbits/sec  1.090 ms  3481/4318 (81%)  
[  5]  23.00-24.00  sec  1.15 MBytes  9.68 Mbits/sec  1.359 ms  3477/4313 (81%)  
[  5]  24.00-25.00  sec  1.15 MBytes  9.68 Mbits/sec  1.071 ms  3477/4313 (81%)  
[  5]  25.00-26.00  sec  1.15 MBytes  9.68 Mbits/sec  1.050 ms  3485/4321 (81%)  
[  5]  26.00-27.00  sec  1.16 MBytes  9.70 Mbits/sec  1.414 ms  3482/4319 (81%)  
[  5]  27.00-28.00  sec  1.15 MBytes  9.65 Mbits/sec  1.251 ms  3475/4308 (81%)  
[  5]  28.00-29.00  sec  1.16 MBytes  9.70 Mbits/sec  0.991 ms  3488/4325 (81%)  
[  5]  29.00-30.00  sec  1.15 MBytes  9.66 Mbits/sec  1.046 ms  3478/4312 (81%)  
[  5]  30.00-30.04  sec  42.4 KBytes  9.38 Mbits/sec  1.185 ms  126/156 (81%)  
- - - - - - - - - - - - - - - - - - - - - - - - -
[ ID] Interval           Transfer     Bitrate         Jitter    Lost/Total Datagrams
[SUM]  0.0-30.0 sec  6779 datagrams received out-of-order
[  5]   0.00-30.04  sec  34.8 MBytes  9.73 Mbits/sec  1.185 ms  104254/129483 (81%)  receiver
iperf3: interrupt - the server has terminated
-----------------------------------------------------------
Server listening on 5203 (test #2)
-----------------------------------------------------------
