-----------------------------------------------------------
Server listening on 5201 (test #1)
-----------------------------------------------------------
Accepted connection from 10.0.0.1, port 48226
[  5] local 10.0.0.2 port 5201 connected to 10.0.0.1 port 38738
[ ID] Interval           Transfer     Bitrate         Jitter    Lost/Total Datagrams
[  5]   0.00-1.00   sec  4.57 MBytes  38.3 Mbits/sec  1.435 ms  849/4156 (20%)  
[  5]   1.00-2.00   sec  4.63 MBytes  38.8 Mbits/sec  1.203 ms  963/4315 (22%)  
[  5]   2.00-3.00   sec  4.62 MBytes  38.7 Mbits/sec  1.292 ms  979/4322 (23%)  
[  5]   3.00-4.00   sec  4.62 MBytes  38.8 Mbits/sec  0.986 ms  968/4314 (22%)  
[  5]   4.00-5.00   sec  4.63 MBytes  38.8 Mbits/sec  1.167 ms  968/4318 (22%)  
[  5]   5.00-6.00   sec  4.61 MBytes  38.7 Mbits/sec  1.222 ms  974/4314 (23%)  
[  5]   6.00-7.00   sec  4.62 MBytes  38.8 Mbits/sec  1.149 ms  967/4314 (22%)  
[  5]   7.00-8.00   sec  4.62 MBytes  38.7 Mbits/sec  0.997 ms  975/4320 (23%)  
[  5]   8.00-9.00   sec  4.45 MBytes  37.3 Mbits/sec  1.255 ms  1016/4239 (24%)  
[  5]   9.00-10.00  sec  4.71 MBytes  39.5 Mbits/sec  1.340 ms  981/4392 (22%)  
[  5]  10.00-11.00  sec  4.62 MBytes  38.8 Mbits/sec  0.966 ms  965/4312 (22%)  
[  5]  11.00-12.00  sec  4.62 MBytes  38.7 Mbits/sec  1.114 ms  974/4319 (23%)  
[  5]  12.00-13.00  sec  4.63 MBytes  38.8 Mbits/sec  1.142 ms  967/4317 (22%)  
[  5]  13.00-14.00  sec  4.58 MBytes  38.4 Mbits/sec  1.558 ms  967/4286 (23%)  
[  5]  14.00-15.00  sec  4.65 MBytes  39.1 Mbits/sec  1.088 ms  980/4346 (23%)  
[  5]  15.00-16.00  sec  4.62 MBytes  38.8 Mbits/sec  1.029 ms  974/4320 (23%)  
[  5]  16.00-17.00  sec  4.62 MBytes  38.7 Mbits/sec  1.302 ms  970/4313 (22%)  
[  5]  17.00-18.00  sec  4.62 MBytes  38.7 Mbits/sec  1.156 ms  972/4316 (23%)  
[  5]  18.00-19.00  sec  4.62 MBytes  38.8 Mbits/sec  1.156 ms  972/4320 (22%)  
[  5]  19.00-20.00  sec  4.58 MBytes  38.5 Mbits/sec  1.324 ms  992/4312 (23%)  
[  5]  20.00-21.00  sec  4.61 MBytes  38.7 Mbits/sec  1.144 ms  972/4313 (23%)  
[  5]  21.00-22.00  sec  4.63 MBytes  38.8 Mbits/sec  0.860 ms  975/4325 (23%)  
[  5]  22.00-23.00  sec  4.63 MBytes  38.8 Mbits/sec  1.331 ms  964/4315 (22%)  
[  5]  23.00-24.00  sec  4.62 MBytes  38.8 Mbits/sec  1.395 ms  966/4313 (22%)  
[  5]  24.00-25.00  sec  4.52 MBytes  37.9 Mbits/sec  1.266 ms  1045/4320 (24%)  
[  5]  25.00-26.00  sec  4.63 MBytes  38.8 Mbits/sec  1.198 ms  963/4314 (22%)  
[  5]  26.00-27.00  sec  4.61 MBytes  38.7 Mbits/sec  1.188 ms  978/4315 (23%)  
[  5]  27.00-28.00  sec  4.63 MBytes  38.8 Mbits/sec  1.723 ms  971/4322 (22%)  
[  5]  28.00-29.00  sec  4.62 MBytes  38.8 Mbits/sec  0.703 ms  963/4308 (22%)  
[  5]  29.00-30.00  sec  4.55 MBytes  38.2 Mbits/sec  1.298 ms  1024/4321 (24%)  
[  5]  30.00-30.04  sec   178 KBytes  38.0 Mbits/sec  0.919 ms  29/155 (19%)  
- - - - - - - - - - - - - - - - - - - - - - - - -
[ ID] Interval           Transfer     Bitrate         Jitter    Lost/Total Datagrams
[SUM]  0.0-30.0 sec  65277 datagrams received out-of-order
[  5]   0.00-30.04  sec   138 MBytes  38.7 Mbits/sec  0.919 ms  29223/129486 (23%)  receiver
iperf3: interrupt - the server has terminated
-----------------------------------------------------------
Server listening on 5201 (test #2)
-----------------------------------------------------------
