-----------------------------------------------------------
Server listening on 5202 (test #1)
-----------------------------------------------------------
Accepted connection from 10.0.0.1, port 56790
[  5] local 10.0.0.2 port 5202 connected to 10.0.0.1 port 51478
[ ID] Interval           Transfer     Bitrate         Jitter    Lost/Total Datagrams
[  5]   0.00-1.01   sec   887 KBytes  7.17 Mbits/sec  0.966 ms  622/1249 (50%)  
[  5]   1.01-2.06   sec   527 KBytes  4.13 Mbits/sec  0.449 ms  926/1299 (71%)  
[  5]   2.06-3.08   sec   971 KBytes  7.78 Mbits/sec  3.058 ms  690/1377 (50%)  
[  5]   3.08-4.07   sec  1.13 MBytes  9.62 Mbits/sec  0.934 ms  1227/2044 (60%)  
[  5]   4.07-5.02   sec   576 KBytes  4.94 Mbits/sec  0.014 ms  463/870 (53%)  
[  5]   5.02-6.07   sec  1.19 MBytes  9.47 Mbits/sec  0.123 ms  2592/3451 (75%)  
[  5]   6.07-7.09   sec   785 KBytes  6.30 Mbits/sec  0.236 ms  665/1220 (55%)  
[  5]   7.09-8.03   sec   898 KBytes  7.83 Mbits/sec  7.437 ms  1468/2103 (70%)  
[  5]   8.03-9.01   sec   645 KBytes  5.43 Mbits/sec  0.018 ms  1127/1583 (71%)  
[  5]   9.01-10.07  sec  1.25 MBytes  9.84 Mbits/sec  0.133 ms  615/1523 (40%)  
[  5]  10.07-11.08  sec   389 KBytes  3.18 Mbits/sec  17.178 ms  1392/1667 (84%)  
[  5]  11.08-12.14  sec  1.52 MBytes  12.0 Mbits/sec  0.476 ms  900/1999 (45%)  
[  5]  12.14-13.00  sec   631 KBytes  5.99 Mbits/sec  5.855 ms  951/1397 (68%)  
[  5]  13.00-14.01  sec  1.15 MBytes  9.58 Mbits/sec  0.109 ms  1352/2184 (62%)  
[  5]  14.01-15.03  sec   378 KBytes  3.02 Mbits/sec  4.381 ms  1018/1285 (79%)  
[  5]  15.03-16.01  sec  1.11 MBytes  9.44 Mbits/sec  0.130 ms  1073/1874 (57%)  
[  5]  16.01-17.11  sec   474 KBytes  3.54 Mbits/sec  2.828 ms  624/959 (65%)  
[  5]  17.11-18.02  sec   775 KBytes  6.97 Mbits/sec  3.161 ms  604/1152 (52%)  
[  5]  18.02-19.54  sec  1.90 MBytes  10.5 Mbits/sec  4.514 ms  2247/3622 (62%)  
[  5]  19.54-20.20  sec   264 KBytes  3.29 Mbits/sec  0.025 ms  226/413 (55%)  
[  5]  20.20-21.30  sec  1.39 MBytes  10.6 Mbits/sec  1.856 ms  1986/2996 (66%)  
[  5]  21.30-22.06  sec   677 KBytes  7.25 Mbits/sec  0.028 ms  679/1158 (59%)  
[  5]  22.06-23.12  sec  1.36 MBytes  10.9 Mbits/sec  0.028 ms  665/1652 (40%)  
[  5]  23.12-24.09  sec   266 KBytes  2.23 Mbits/sec  0.110 ms  1205/1393 (87%)  
[  5]  24.09-25.03  sec   943 KBytes  8.20 Mbits/sec  0.219 ms  2059/2726 (76%)  
[  5]  25.03-26.03  sec   945 KBytes  7.79 Mbits/sec  4.214 ms  372/1040 (36%)  
[  5]  26.03-27.01  sec   471 KBytes  3.92 Mbits/sec  9.725 ms  351/684 (51%)  
[  5]  27.01-28.00  sec   310 KBytes  2.55 Mbits/sec  4.774 ms  354/573 (62%)  
[  5]  28.00-29.06  sec   706 KBytes  5.46 Mbits/sec  0.031 ms  836/1335 (63%)  
[  5]  29.06-30.06  sec   615 KBytes  5.06 Mbits/sec  6.731 ms  1210/1645 (74%)  
[  5]  30.06-31.20  sec   284 KBytes  2.03 Mbits/sec  3.115 ms  415/616 (67%)  
[  5]  31.20-32.01  sec  1004 KBytes  10.2 Mbits/sec  1.465 ms  1504/2214 (68%)  
[  5]  32.01-33.05  sec   260 KBytes  2.04 Mbits/sec  0.249 ms  0/184 (0%)  
[  5]  33.05-34.07  sec  1.02 MBytes  8.43 Mbits/sec  0.469 ms  2012/2750 (73%)  
[  5]  34.07-35.03  sec   959 KBytes  8.19 Mbits/sec  0.031 ms  541/1219 (44%)  
[  5]  35.03-36.11  sec  1.16 MBytes  9.04 Mbits/sec  0.067 ms  2177/3019 (72%)  
[  5]  36.11-37.01  sec   536 KBytes  4.85 Mbits/sec  1.703 ms  2068/2447 (85%)  
[  5]  37.01-38.03  sec   339 KBytes  2.72 Mbits/sec  6.467 ms  310/550 (56%)  
[  5]  38.03-39.15  sec  1.11 MBytes  8.33 Mbits/sec  0.043 ms  1588/2391 (66%)  
[  5]  39.15-40.04  sec  1.10 MBytes  10.3 Mbits/sec  0.068 ms  3267/4061 (80%)  
[  5]  40.04-41.02  sec   355 KBytes  2.99 Mbits/sec  2.620 ms  491/742 (66%)  
[  5]  41.02-42.00  sec  1.10 MBytes  9.35 Mbits/sec  0.328 ms  1711/2505 (68%)  
[  5]  42.00-43.02  sec   798 KBytes  6.40 Mbits/sec  1.067 ms  540/1104 (49%)  
[  5]  43.02-44.05  sec   550 KBytes  4.40 Mbits/sec  0.385 ms  506/895 (57%)  
[  5]  44.05-45.04  sec  1.05 MBytes  8.90 Mbits/sec  0.091 ms  1201/1961 (61%)  
[  5]  45.04-46.06  sec  1.36 MBytes  11.2 Mbits/sec  1.077 ms  937/1925 (49%)  
[  5]  46.06-47.27  sec   673 KBytes  4.55 Mbits/sec  0.021 ms  829/1305 (64%)  
[  5]  47.27-48.03  sec  1.07 MBytes  11.7 Mbits/sec  1.621 ms  1408/2185 (64%)  
[  5]  48.03-49.07  sec   643 KBytes  5.09 Mbits/sec  0.546 ms  2005/2460 (82%)  
[  5]  49.07-50.11  sec   758 KBytes  5.97 Mbits/sec  1.120 ms  1374/1910 (72%)  
[  5]  50.11-51.00  sec   605 KBytes  5.56 Mbits/sec  0.051 ms  1146/1574 (73%)  
[  5]  51.00-52.06  sec   566 KBytes  4.39 Mbits/sec  7.043 ms  184/584 (32%)  
[  5]  52.06-53.09  sec   468 KBytes  3.71 Mbits/sec  0.112 ms  620/951 (65%)  
[  5]  53.09-54.01  sec  1.12 MBytes  10.2 Mbits/sec  0.538 ms  1143/1956 (58%)  
[  5]  54.01-55.07  sec   744 KBytes  5.78 Mbits/sec  5.383 ms  237/763 (31%)  
[  5]  55.07-56.06  sec   851 KBytes  6.99 Mbits/sec  0.497 ms  2651/3253 (81%)  
[  5]  56.06-57.01  sec  1.05 MBytes  9.29 Mbits/sec  0.113 ms  2433/3194 (76%)  
[  5]  57.01-58.11  sec   563 KBytes  4.19 Mbits/sec  0.340 ms  2079/2477 (84%)  
[  5]  58.11-59.17  sec   595 KBytes  4.64 Mbits/sec  4.484 ms  334/755 (44%)  
[  5]  59.17-60.02  sec   827 KBytes  7.93 Mbits/sec  1.316 ms  2281/2866 (80%)  
[  5]  60.02-60.13  sec  1.41 KBytes   106 Kbits/sec  8.939 ms  0/1 (0%)  
- - - - - - - - - - - - - - - - - - - - - - - - -
[ ID] Interval           Transfer     Bitrate         Jitter    Lost/Total Datagrams
[  5]   0.00-60.13  sec  48.1 MBytes  6.70 Mbits/sec  8.939 ms  68491/103290 (66%)  receiver
iperf3: interrupt - the server has terminated
-----------------------------------------------------------
Server listening on 5202 (test #2)
-----------------------------------------------------------
