-----------------------------------------------------------
Server listening on 5201 (test #1)
-----------------------------------------------------------
Accepted connection from 10.0.0.1, port 45924
[  5] local 10.0.0.2 port 5201 connected to 10.0.0.1 port 41009
[ ID] Interval           Transfer     Bitrate         Jitter    Lost/Total Datagrams
[  5]   0.00-1.14   sec   837 KBytes  6.03 Mbits/sec  6.172 ms  942/1534 (61%)  
[  5]   1.14-2.07   sec   549 KBytes  4.83 Mbits/sec  0.009 ms  1427/1815 (79%)  
[  5]   2.07-3.01   sec   660 KBytes  5.76 Mbits/sec  1.277 ms  881/1348 (65%)  
[  5]   3.01-4.01   sec   776 KBytes  6.36 Mbits/sec  1.937 ms  488/1037 (47%)  
[  5]   4.01-5.20   sec  1.43 MBytes  10.1 Mbits/sec  0.044 ms  1923/2961 (65%)  
[  5]   5.20-6.04   sec   662 KBytes  6.40 Mbits/sec  0.019 ms  872/1340 (65%)  
[  5]   6.04-7.04   sec   853 KBytes  7.00 Mbits/sec  0.455 ms  1198/1801 (67%)  
[  5]   7.04-8.07   sec  1.07 MBytes  8.70 Mbits/sec  0.960 ms  490/1265 (39%)  
[  5]   8.07-9.00   sec   943 KBytes  8.33 Mbits/sec  0.032 ms  1051/1718 (61%)  
[  5]   9.00-10.02  sec  1.37 MBytes  11.3 Mbits/sec  0.019 ms  1125/2116 (53%)  
[  5]  10.02-11.04  sec   928 KBytes  7.44 Mbits/sec  0.022 ms  1029/1685 (61%)  
[  5]  11.04-12.09  sec   902 KBytes  7.03 Mbits/sec  9.336 ms  1056/1694 (62%)  
[  5]  12.09-13.03  sec  1.10 MBytes  9.75 Mbits/sec  0.059 ms  995/1788 (56%)  
[  5]  13.03-14.01  sec  1.02 MBytes  8.72 Mbits/sec  0.110 ms  1264/2004 (63%)  
[  5]  14.01-15.01  sec   714 KBytes  5.89 Mbits/sec  15.583 ms  319/824 (39%)  
[  5]  15.01-16.02  sec   980 KBytes  7.95 Mbits/sec  1.188 ms  697/1390 (50%)  
[  5]  16.02-17.01  sec  1.06 MBytes  8.96 Mbits/sec  4.037 ms  1316/2082 (63%)  
[  5]  17.01-18.02  sec   716 KBytes  5.77 Mbits/sec  4.076 ms  944/1450 (65%)  
[  5]  18.02-19.01  sec   830 KBytes  6.88 Mbits/sec  0.316 ms  718/1305 (55%)  
[  5]  19.01-20.03  sec  1.49 MBytes  12.2 Mbits/sec  0.363 ms  2148/3224 (67%)  
[  5]  20.03-21.07  sec  1.42 MBytes  11.5 Mbits/sec  0.317 ms  854/1879 (45%)  
[  5]  21.07-22.02  sec  1.15 MBytes  10.1 Mbits/sec  0.056 ms  601/1434 (42%)  
[  5]  22.02-23.00  sec   851 KBytes  7.10 Mbits/sec  2.302 ms  1014/1616 (63%)  
[  5]  23.00-24.06  sec   494 KBytes  3.84 Mbits/sec  6.861 ms  632/981 (64%)  
[  5]  24.06-25.13  sec   622 KBytes  4.76 Mbits/sec  1.787 ms  1143/1583 (72%)  
[  5]  25.13-26.02  sec  1.08 MBytes  10.2 Mbits/sec  3.021 ms  1372/2156 (64%)  
[  5]  26.02-27.03  sec   793 KBytes  6.46 Mbits/sec  2.786 ms  1788/2349 (76%)  
[  5]  27.03-28.15  sec   724 KBytes  5.28 Mbits/sec  1.046 ms  1388/1900 (73%)  
[  5]  28.15-29.04  sec   984 KBytes  9.12 Mbits/sec  0.014 ms  712/1408 (51%)  
[  5]  29.04-30.07  sec  1.03 MBytes  8.30 Mbits/sec  3.188 ms  1223/1966 (62%)  
[  5]  30.07-31.14  sec   642 KBytes  4.93 Mbits/sec  2.887 ms  387/841 (46%)  
[  5]  31.14-32.00  sec  1.19 MBytes  11.5 Mbits/sec  0.920 ms  283/1143 (25%)  
[  5]  32.00-33.03  sec  1.70 MBytes  13.8 Mbits/sec  0.009 ms  1299/2528 (51%)  
[  5]  33.03-34.03  sec   875 KBytes  7.23 Mbits/sec  0.017 ms  1599/2218 (72%)  
[  5]  34.03-35.00  sec   663 KBytes  5.55 Mbits/sec  0.025 ms  269/738 (36%)  
[  5]  35.00-36.03  sec   370 KBytes  2.96 Mbits/sec  0.066 ms  186/541 (34%)  
[  5]  36.03-37.26  sec  1.08 MBytes  7.38 Mbits/sec  0.218 ms  798/1579 (51%)  
[  5]  37.26-38.06  sec   732 KBytes  7.49 Mbits/sec  4.856 ms  143/661 (22%)  
[  5]  38.06-39.01  sec  1.08 MBytes  9.53 Mbits/sec  0.015 ms  999/1783 (56%)  
[  5]  39.01-40.06  sec  1.45 MBytes  11.6 Mbits/sec  3.501 ms  1290/2337 (55%)  
[  5]  40.06-41.04  sec  1.08 MBytes  9.24 Mbits/sec  0.866 ms  2976/3759 (79%)  
[  5]  41.04-42.31  sec   998 KBytes  6.41 Mbits/sec  1.168 ms  1378/2084 (66%)  
[  5]  42.31-43.20  sec   731 KBytes  6.75 Mbits/sec  2.685 ms  581/1098 (53%)  
[  5]  43.20-44.01  sec   372 KBytes  3.80 Mbits/sec  0.370 ms  230/493 (47%)  
[  5]  44.01-45.15  sec   445 KBytes  3.19 Mbits/sec  11.828 ms  621/936 (66%)  
[  5]  45.15-46.09  sec   687 KBytes  6.00 Mbits/sec  0.015 ms  878/1364 (64%)  
[  5]  46.09-47.02  sec   416 KBytes  3.65 Mbits/sec  1.746 ms  621/915 (68%)  
[  5]  47.02-48.08  sec   479 KBytes  3.73 Mbits/sec  4.004 ms  374/713 (52%)  
[  5]  48.08-49.09  sec  1.00 MBytes  8.29 Mbits/sec  0.077 ms  860/1587 (54%)  
[  5]  49.09-50.12  sec   573 KBytes  4.54 Mbits/sec  7.109 ms  738/1143 (65%)  
[  5]  50.12-51.00  sec   404 KBytes  3.77 Mbits/sec  3.035 ms  629/915 (69%)  
[  5]  51.00-52.02  sec   660 KBytes  5.33 Mbits/sec  6.632 ms  2063/2530 (82%)  
[  5]  52.02-53.01  sec   682 KBytes  5.62 Mbits/sec  3.860 ms  1252/1734 (72%)  
[  5]  53.01-54.00  sec  1.00 MBytes  8.49 Mbits/sec  0.022 ms  1141/1868 (61%)  
[  5]  54.00-55.00  sec   909 KBytes  7.48 Mbits/sec  9.882 ms  2555/3198 (80%)  
[  5]  55.00-56.08  sec   880 KBytes  6.64 Mbits/sec  0.040 ms  989/1611 (61%)  
[  5]  56.08-57.06  sec  1.17 MBytes  10.1 Mbits/sec  0.816 ms  3047/3892 (78%)  
[  5]  57.06-58.05  sec  1.41 MBytes  11.9 Mbits/sec  0.023 ms  1789/2812 (64%)  
[  5]  58.05-59.08  sec   755 KBytes  6.02 Mbits/sec  0.831 ms  67/601 (11%)  
[  5]  59.08-60.02  sec   465 KBytes  4.08 Mbits/sec  4.019 ms  1027/1356 (76%)  
[  5]  60.02-60.34  sec   137 KBytes  3.45 Mbits/sec  5.365 ms  156/253 (62%)  
- - - - - - - - - - - - - - - - - - - - - - - - -
[ ID] Interval           Transfer     Bitrate         Jitter    Lost/Total Datagrams
[  5]   0.00-60.34  sec  52.5 MBytes  7.30 Mbits/sec  5.365 ms  62835/100884 (62%)  receiver
iperf3: interrupt - the server has terminated
-----------------------------------------------------------
Server listening on 5201 (test #2)
-----------------------------------------------------------
