-----------------------------------------------------------
Server listening on 5203 (test #1)
-----------------------------------------------------------
Accepted connection from 10.0.0.1, port 37410
[  5] local 10.0.0.2 port 5203 connected to 10.0.0.1 port 44286
[ ID] Interval           Transfer     Bitrate         Jitter    Lost/Total Datagrams
[  5]   0.00-1.29   sec  1.34 MBytes  8.75 Mbits/sec  6.193 ms  546/1517 (36%)  
[  5]   1.29-2.04   sec   991 KBytes  10.8 Mbits/sec  0.018 ms  541/1242 (44%)  
[  5]   2.04-3.02   sec   441 KBytes  3.67 Mbits/sec  0.741 ms  387/699 (55%)  
[  5]   3.02-4.12   sec  1.50 MBytes  11.4 Mbits/sec  0.184 ms  2126/3213 (66%)  
[  5]   4.12-5.10   sec   267 KBytes  2.23 Mbits/sec  4.345 ms  364/553 (66%)  
[  5]   5.10-6.09   sec  1.17 MBytes  9.93 Mbits/sec  0.019 ms  1343/2192 (61%)  
[  5]   6.09-7.00   sec  45.2 KBytes   408 Kbits/sec  6.791 ms  331/363 (91%)  
[  5]   7.00-8.04   sec   798 KBytes  6.27 Mbits/sec  0.021 ms  953/1517 (63%)  
[  5]   8.04-9.14   sec   888 KBytes  6.62 Mbits/sec  0.079 ms  270/898 (30%)  
[  5]   9.14-10.14  sec   369 KBytes  3.03 Mbits/sec  10.071 ms  307/568 (54%)  
[  5]  10.14-11.01  sec   758 KBytes  7.15 Mbits/sec  2.770 ms  1000/1536 (65%)  
[  5]  11.01-12.00  sec  1.03 MBytes  8.72 Mbits/sec  0.020 ms  3375/4122 (82%)  
[  5]  12.00-13.02  sec   983 KBytes  7.92 Mbits/sec  0.016 ms  2156/2851 (76%)  
[  5]  13.02-14.13  sec  1.34 MBytes  10.0 Mbits/sec  3.089 ms  1831/2798 (65%)  
[  5]  14.13-15.01  sec   605 KBytes  5.63 Mbits/sec  0.070 ms  497/925 (54%)  
[  5]  15.01-16.05  sec   652 KBytes  5.15 Mbits/sec  0.042 ms  928/1389 (67%)  
[  5]  16.05-17.02  sec   486 KBytes  4.13 Mbits/sec  0.975 ms  100/444 (23%)  
[  5]  17.02-18.07  sec   894 KBytes  6.96 Mbits/sec  0.038 ms  2265/2897 (78%)  
[  5]  18.07-19.02  sec  1.13 MBytes  10.0 Mbits/sec  0.521 ms  1920/2739 (70%)  
[  5]  19.02-20.01  sec   420 KBytes  3.48 Mbits/sec  6.406 ms  972/1269 (77%)  
[  5]  20.01-21.08  sec   535 KBytes  4.08 Mbits/sec  0.034 ms  442/820 (54%)  
[  5]  21.08-22.02  sec  1.52 MBytes  13.6 Mbits/sec  0.131 ms  1612/2716 (59%)  
[  5]  22.02-23.07  sec  1.14 MBytes  9.14 Mbits/sec  0.349 ms  1338/2164 (62%)  
[  5]  23.07-24.18  sec   691 KBytes  5.08 Mbits/sec  0.267 ms  1326/1815 (73%)  
[  5]  24.18-25.01  sec   477 KBytes  4.70 Mbits/sec  0.068 ms  140/477 (29%)  
[  5]  25.01-26.14  sec   653 KBytes  4.74 Mbits/sec  0.823 ms  273/735 (37%)  
[  5]  26.14-27.03  sec   327 KBytes  3.02 Mbits/sec  0.159 ms  356/587 (61%)  
[  5]  27.03-28.21  sec  1.26 MBytes  8.98 Mbits/sec  0.256 ms  1111/2024 (55%)  
[  5]  28.21-29.11  sec   773 KBytes  7.02 Mbits/sec  0.049 ms  729/1276 (57%)  
[  5]  29.11-30.10  sec   737 KBytes  6.09 Mbits/sec  2.327 ms  2078/2599 (80%)  
[  5]  30.10-31.01  sec  1.02 MBytes  9.39 Mbits/sec  1.496 ms  994/1733 (57%)  
[  5]  31.01-32.01  sec   404 KBytes  3.33 Mbits/sec  4.328 ms  1099/1385 (79%)  
[  5]  32.01-33.07  sec  1007 KBytes  7.76 Mbits/sec  0.450 ms  953/1665 (57%)  
[  5]  33.07-34.04  sec  1.12 MBytes  9.74 Mbits/sec  0.121 ms  2910/3724 (78%)  
[  5]  34.04-35.02  sec   957 KBytes  8.01 Mbits/sec  4.697 ms  1623/2300 (71%)  
[  5]  35.02-36.19  sec   680 KBytes  4.77 Mbits/sec  0.732 ms  1087/1568 (69%)  
[  5]  36.19-37.02  sec   284 KBytes  2.80 Mbits/sec  5.381 ms  1084/1285 (84%)  
[  5]  37.02-38.02  sec  1.03 MBytes  8.56 Mbits/sec  0.500 ms  1260/2004 (63%)  
[  5]  38.02-39.04  sec  1.31 MBytes  10.8 Mbits/sec  0.050 ms  816/1766 (46%)  
[  5]  39.04-40.04  sec  1.59 MBytes  13.3 Mbits/sec  0.079 ms  295/1444 (20%)  
[  5]  40.04-41.06  sec  1.16 MBytes  9.49 Mbits/sec  0.781 ms  1101/1939 (57%)  
[  5]  41.06-42.24  sec  1.80 MBytes  12.9 Mbits/sec  8.452 ms  755/2061 (37%)  
[  5]  42.24-43.09  sec   339 KBytes  3.28 Mbits/sec  1.285 ms  371/611 (61%)  
[  5]  43.09-44.01  sec   994 KBytes  8.81 Mbits/sec  0.012 ms  815/1518 (54%)  
[  5]  44.01-45.00  sec   916 KBytes  7.58 Mbits/sec  0.779 ms  2360/3008 (78%)  
[  5]  45.00-46.00  sec   686 KBytes  5.63 Mbits/sec  16.356 ms  830/1315 (63%)  
[  5]  46.00-47.02  sec  1.27 MBytes  10.4 Mbits/sec  6.733 ms  1795/2716 (66%)  
[  5]  47.02-48.18  sec   789 KBytes  5.60 Mbits/sec  0.029 ms  639/1197 (53%)  
[  5]  48.18-49.02  sec   980 KBytes  9.54 Mbits/sec  0.029 ms  1369/2062 (66%)  
[  5]  49.02-50.01  sec  1.42 MBytes  12.0 Mbits/sec  0.014 ms  687/1712 (40%)  
[  5]  50.01-51.01  sec   959 KBytes  7.85 Mbits/sec  2.210 ms  662/1340 (49%)  
[  5]  51.01-52.07  sec   576 KBytes  4.45 Mbits/sec  9.088 ms  967/1374 (70%)  
[  5]  52.07-53.03  sec  1.02 MBytes  8.91 Mbits/sec  0.131 ms  1093/1832 (60%)  
[  5]  53.03-54.01  sec   588 KBytes  4.92 Mbits/sec  0.419 ms  843/1259 (67%)  
[  5]  54.01-55.01  sec  1022 KBytes  8.39 Mbits/sec  0.999 ms  2030/2753 (74%)  
[  5]  55.01-56.03  sec   830 KBytes  6.65 Mbits/sec  9.123 ms  937/1524 (61%)  
[  5]  56.03-57.03  sec   619 KBytes  5.09 Mbits/sec  0.189 ms  411/849 (48%)  
[  5]  57.03-58.06  sec  1.37 MBytes  11.1 Mbits/sec  1.757 ms  721/1728 (42%)  
[  5]  58.06-59.05  sec   875 KBytes  7.19 Mbits/sec  0.076 ms  1349/1968 (69%)  
[  5]  59.05-60.13  sec  1.00 MBytes  7.81 Mbits/sec  2.006 ms  2117/2844 (74%)  
[  5]  60.13-60.43  sec  1.41 KBytes  38.3 Kbits/sec  10.795 ms  0/1 (0%)  
- - - - - - - - - - - - - - - - - - - - - - - - -
[ ID] Interval           Transfer     Bitrate         Jitter    Lost/Total Datagrams
[  5]   0.00-60.43  sec  52.3 MBytes  7.25 Mbits/sec  10.795 ms  65590/103430 (63%)  receiver
iperf3: interrupt - the server has terminated
-----------------------------------------------------------
Server listening on 5203 (test #2)
-----------------------------------------------------------
