-----------------------------------------------------------
Server listening on 5202 (test #1)
-----------------------------------------------------------
Accepted connection from 10.0.0.1, port 51274
[  5] local 10.0.0.2 port 5202 connected to 10.0.0.1 port 40049
[ ID] Interval           Transfer     Bitrate         Jitter    Lost/Total Datagrams
[  5]   0.00-1.00   sec  3.97 MBytes  33.3 Mbits/sec  1.282 ms  45/2920 (1.5%)  
[  5]   1.00-2.00   sec  4.53 MBytes  38.0 Mbits/sec  1.636 ms  168/3447 (4.9%)  
[  5]   2.00-3.00   sec  4.58 MBytes  38.4 Mbits/sec  1.456 ms  147/3463 (4.2%)  
[  5]   3.00-4.00   sec  4.53 MBytes  38.0 Mbits/sec  0.931 ms  165/3448 (4.8%)  
[  5]   4.00-5.00   sec  4.57 MBytes  38.3 Mbits/sec  1.344 ms  144/3453 (4.2%)  
[  5]   5.00-6.00   sec  4.56 MBytes  38.3 Mbits/sec  1.426 ms  153/3456 (4.4%)  
[  5]   6.00-7.00   sec  4.57 MBytes  38.3 Mbits/sec  1.777 ms  148/3457 (4.3%)  
[  5]   7.00-8.00   sec  4.55 MBytes  38.1 Mbits/sec  1.431 ms  162/3454 (4.7%)  
[  5]   8.00-9.00   sec  4.55 MBytes  38.2 Mbits/sec  1.483 ms  153/3447 (4.4%)  
[  5]   9.00-10.00  sec  4.48 MBytes  37.6 Mbits/sec  1.344 ms  215/3458 (6.2%)  
[  5]  10.00-11.00  sec  4.52 MBytes  37.9 Mbits/sec  1.261 ms  169/3445 (4.9%)  
[  5]  11.00-12.00  sec  4.59 MBytes  38.5 Mbits/sec  1.926 ms  136/3463 (3.9%)  
[  5]  12.00-13.00  sec  4.57 MBytes  38.3 Mbits/sec  1.249 ms  140/3450 (4.1%)  
[  5]  13.00-14.00  sec  4.47 MBytes  37.5 Mbits/sec  1.455 ms  141/3379 (4.2%)  
[  5]  14.00-15.00  sec  4.51 MBytes  37.8 Mbits/sec  1.216 ms  259/3524 (7.3%)  
[  5]  15.00-16.00  sec  4.58 MBytes  38.5 Mbits/sec  1.375 ms  131/3451 (3.8%)  
[  5]  16.00-17.00  sec  4.46 MBytes  37.4 Mbits/sec  1.274 ms  226/3458 (6.5%)  
[  5]  17.00-18.00  sec  4.55 MBytes  38.1 Mbits/sec  1.218 ms  161/3454 (4.7%)  
[  5]  18.00-19.00  sec  4.55 MBytes  38.1 Mbits/sec  1.507 ms  160/3452 (4.6%)  
[  5]  19.00-20.00  sec  4.52 MBytes  37.9 Mbits/sec  1.427 ms  177/3453 (5.1%)  
[  5]  20.00-21.00  sec  4.58 MBytes  38.4 Mbits/sec  1.609 ms  129/3447 (3.7%)  
[  5]  21.00-22.00  sec  4.32 MBytes  36.2 Mbits/sec  1.321 ms  329/3454 (9.5%)  
[  5]  22.00-23.00  sec  4.53 MBytes  38.0 Mbits/sec  1.363 ms  169/3453 (4.9%)  
[  5]  23.00-24.00  sec  4.27 MBytes  35.8 Mbits/sec  1.623 ms  364/3453 (11%)  
[  5]  24.00-25.00  sec  4.59 MBytes  38.5 Mbits/sec  1.545 ms  137/3459 (4%)  
[  5]  25.00-26.00  sec  4.59 MBytes  38.5 Mbits/sec  1.461 ms  126/3450 (3.7%)  
[  5]  26.00-27.00  sec  4.32 MBytes  36.2 Mbits/sec  1.413 ms  323/3450 (9.4%)  
[  5]  27.00-28.00  sec  4.55 MBytes  38.2 Mbits/sec  1.422 ms  162/3456 (4.7%)  
[  5]  28.00-29.00  sec  4.58 MBytes  38.4 Mbits/sec  1.350 ms  137/3452 (4%)  
[  5]  29.00-30.00  sec  4.55 MBytes  38.2 Mbits/sec  1.368 ms  163/3458 (4.7%)  
[  5]  30.00-30.15  sec   720 KBytes  38.3 Mbits/sec  1.125 ms  14/523 (2.7%)  
- - - - - - - - - - - - - - - - - - - - - - - - -
[ ID] Interval           Transfer     Bitrate         Jitter    Lost/Total Datagrams
[SUM]  0.0-30.2 sec  66003 datagrams received out-of-order
[  5]   0.00-30.15  sec   136 MBytes  37.8 Mbits/sec  1.125 ms  5253/103587 (5.1%)  receiver
iperf3: interrupt - the server has terminated
-----------------------------------------------------------
Server listening on 5202 (test #2)
-----------------------------------------------------------
