-----------------------------------------------------------
Server listening on 5203 (test #1)
-----------------------------------------------------------
Accepted connection from 10.0.0.1, port 37806
[  5] local 10.0.0.2 port 5203 connected to 10.0.0.1 port 34970
[ ID] Interval           Transfer     Bitrate         Jitter    Lost/Total Datagrams
[  5]   0.00-1.00   sec  3.39 MBytes  28.4 Mbits/sec  1.286 ms  468/2923 (16%)  
[  5]   1.00-2.00   sec  2.91 MBytes  24.4 Mbits/sec  1.249 ms  1327/3437 (39%)  
[  5]   2.00-3.00   sec  2.96 MBytes  24.8 Mbits/sec  1.334 ms  1329/3469 (38%)  
[  5]   3.00-4.00   sec  2.94 MBytes  24.7 Mbits/sec  1.488 ms  1315/3447 (38%)  
[  5]   4.00-5.00   sec  2.93 MBytes  24.6 Mbits/sec  1.230 ms  1327/3451 (38%)  
[  5]   5.00-6.00   sec  2.91 MBytes  24.4 Mbits/sec  1.436 ms  1350/3455 (39%)  
[  5]   6.00-7.00   sec  2.93 MBytes  24.6 Mbits/sec  1.399 ms  1330/3454 (39%)  
[  5]   7.00-8.00   sec  2.88 MBytes  24.2 Mbits/sec  1.235 ms  1365/3453 (40%)  
[  5]   8.00-9.00   sec  2.98 MBytes  25.0 Mbits/sec  1.353 ms  1296/3452 (38%)  
[  5]   9.00-10.00  sec  2.84 MBytes  23.8 Mbits/sec  1.599 ms  1400/3453 (41%)  
[  5]  10.00-11.00  sec  2.93 MBytes  24.6 Mbits/sec  1.598 ms  1335/3457 (39%)  
[  5]  11.00-12.00  sec  2.98 MBytes  25.0 Mbits/sec  1.174 ms  1285/3445 (37%)  
[  5]  12.00-13.00  sec  2.91 MBytes  24.4 Mbits/sec  1.351 ms  1354/3462 (39%)  
[  5]  13.00-14.00  sec  2.89 MBytes  24.2 Mbits/sec  1.393 ms  1286/3378 (38%)  
[  5]  14.00-15.00  sec  3.00 MBytes  25.1 Mbits/sec  1.087 ms  1350/3520 (38%)  
[  5]  15.00-16.00  sec  2.89 MBytes  24.2 Mbits/sec  1.205 ms  1362/3454 (39%)  
[  5]  16.00-17.00  sec  3.04 MBytes  25.5 Mbits/sec  1.176 ms  1259/3459 (36%)  
[  5]  17.00-18.00  sec  3.00 MBytes  25.2 Mbits/sec  1.234 ms  1275/3451 (37%)  
[  5]  18.00-19.00  sec  2.95 MBytes  24.8 Mbits/sec  1.493 ms  1315/3452 (38%)  
[  5]  19.00-20.00  sec  3.03 MBytes  25.4 Mbits/sec  1.136 ms  1263/3456 (37%)  
[  5]  20.00-21.00  sec  2.94 MBytes  24.7 Mbits/sec  1.333 ms  1320/3449 (38%)  
[  5]  21.00-22.00  sec  2.92 MBytes  24.5 Mbits/sec  1.519 ms  1336/3451 (39%)  
[  5]  22.00-23.00  sec  2.97 MBytes  24.9 Mbits/sec  1.339 ms  1305/3453 (38%)  
[  5]  23.00-24.00  sec  2.92 MBytes  24.5 Mbits/sec  1.107 ms  1343/3455 (39%)  
[  5]  24.00-25.00  sec  2.95 MBytes  24.8 Mbits/sec  1.316 ms  1315/3454 (38%)  
[  5]  25.00-26.00  sec  2.94 MBytes  24.7 Mbits/sec  1.664 ms  1320/3452 (38%)  
[  5]  26.00-27.00  sec  2.94 MBytes  24.7 Mbits/sec  1.428 ms  1326/3455 (38%)  
[  5]  27.00-28.00  sec  2.95 MBytes  24.8 Mbits/sec  1.509 ms  1316/3453 (38%)  
[  5]  28.00-29.00  sec  3.00 MBytes  25.1 Mbits/sec  1.663 ms  1282/3452 (37%)  
[  5]  29.00-30.00  sec  2.96 MBytes  24.9 Mbits/sec  1.415 ms  1302/3449 (38%)  
[  5]  30.00-30.16  sec   450 KBytes  23.8 Mbits/sec  1.149 ms  220/538 (41%)  
- - - - - - - - - - - - - - - - - - - - - - - - -
[ ID] Interval           Transfer     Bitrate         Jitter    Lost/Total Datagrams
[SUM]  0.0-30.2 sec  37700 datagrams received out-of-order
[  5]   0.00-30.16  sec  89.2 MBytes  24.8 Mbits/sec  1.149 ms  38976/103589 (38%)  receiver
iperf3: interrupt - the server has terminated
-----------------------------------------------------------
Server listening on 5203 (test #2)
-----------------------------------------------------------
