-----------------------------------------------------------
Server listening on 5202 (test #1)
-----------------------------------------------------------
Accepted connection from 10.0.0.1, port 51360
[  5] local 10.0.0.2 port 5202 connected to 10.0.0.1 port 34999
[ ID] Interval           Transfer     Bitrate         Jitter    Lost/Total Datagrams
[  5]   0.00-1.00   sec  3.46 MBytes  29.0 Mbits/sec  1.479 ms  1662/4164 (40%)  
[  5]   1.00-2.00   sec  3.46 MBytes  29.1 Mbits/sec  1.099 ms  1808/4316 (42%)  
[  5]   2.00-3.00   sec  3.47 MBytes  29.1 Mbits/sec  0.879 ms  1799/4313 (42%)  
[  5]   3.00-4.00   sec  3.47 MBytes  29.1 Mbits/sec  1.036 ms  1806/4320 (42%)  
[  5]   4.00-5.00   sec  3.47 MBytes  29.1 Mbits/sec  1.414 ms  1806/4317 (42%)  
[  5]   5.00-6.00   sec  3.46 MBytes  29.0 Mbits/sec  1.140 ms  1812/4315 (42%)  
[  5]   6.00-7.00   sec  3.36 MBytes  28.1 Mbits/sec  1.384 ms  1815/4245 (43%)  
[  5]   7.00-8.00   sec  3.52 MBytes  29.5 Mbits/sec  1.546 ms  1835/4384 (42%)  
[  5]   8.00-9.00   sec  3.46 MBytes  29.0 Mbits/sec  1.248 ms  1810/4317 (42%)  
[  5]   9.00-10.00  sec  3.47 MBytes  29.1 Mbits/sec  0.941 ms  1800/4312 (42%)  
[  5]  10.00-11.00  sec  3.47 MBytes  29.1 Mbits/sec  1.241 ms  1814/4325 (42%)  
[  5]  11.00-12.00  sec  3.46 MBytes  29.0 Mbits/sec  1.433 ms  1806/4312 (42%)  
[  5]  12.00-13.00  sec  3.46 MBytes  29.0 Mbits/sec  1.227 ms  1807/4314 (42%)  
[  5]  13.00-14.00  sec  3.47 MBytes  29.1 Mbits/sec  1.127 ms  1812/4322 (42%)  
[  5]  14.00-15.00  sec  3.47 MBytes  29.1 Mbits/sec  1.100 ms  1802/4313 (42%)  
[  5]  15.00-16.00  sec  3.46 MBytes  29.1 Mbits/sec  1.371 ms  1810/4318 (42%)  
[  5]  16.00-17.00  sec  3.46 MBytes  29.1 Mbits/sec  1.443 ms  1810/4319 (42%)  
[  5]  17.00-18.00  sec  3.47 MBytes  29.1 Mbits/sec  1.785 ms  1807/4318 (42%)  
[  5]  18.00-19.00  sec  3.47 MBytes  29.1 Mbits/sec  1.198 ms  1799/4310 (42%)  
[  5]  19.00-20.00  sec  3.46 MBytes  29.0 Mbits/sec  1.363 ms  1814/4321 (42%)  
[  5]  20.00-21.00  sec  3.46 MBytes  29.0 Mbits/sec  0.981 ms  1806/4311 (42%)  
[  5]  21.00-22.00  sec  3.46 MBytes  29.1 Mbits/sec  0.988 ms  1812/4321 (42%)  
[  5]  22.00-23.00  sec  3.46 MBytes  29.0 Mbits/sec  1.344 ms  1809/4315 (42%)  
[  5]  23.00-24.00  sec  3.47 MBytes  29.1 Mbits/sec  1.436 ms  1799/4314 (42%)  
[  5]  24.00-25.00  sec  3.46 MBytes  29.0 Mbits/sec  1.097 ms  1808/4315 (42%)  
[  5]  25.00-26.00  sec  3.47 MBytes  29.1 Mbits/sec  1.271 ms  1811/4325 (42%)  
[  5]  26.00-27.00  sec  3.46 MBytes  29.0 Mbits/sec  1.208 ms  1801/4306 (42%)  
[  5]  27.00-28.00  sec  3.40 MBytes  28.5 Mbits/sec  1.991 ms  1786/4249 (42%)  
[  5]  28.00-29.00  sec  3.52 MBytes  29.6 Mbits/sec  1.143 ms  1839/4390 (42%)  
[  5]  29.00-30.00  sec  3.46 MBytes  29.1 Mbits/sec  1.651 ms  1808/4317 (42%)  
[  5]  30.00-30.04  sec   124 KBytes  26.6 Mbits/sec  0.953 ms  58/146 (40%)  
- - - - - - - - - - - - - - - - - - - - - - - - -
[ ID] Interval           Transfer     Bitrate         Jitter    Lost/Total Datagrams
[SUM]  0.0-30.0 sec  43576 datagrams received out-of-order
[  5]   0.00-30.04  sec   104 MBytes  29.0 Mbits/sec  0.953 ms  54171/129484 (42%)  receiver
iperf3: interrupt - the server has terminated
-----------------------------------------------------------
Server listening on 5202 (test #2)
-----------------------------------------------------------
