-----------------------------------------------------------
Server listening on 5201 (test #1)
-----------------------------------------------------------
Accepted connection from 10.0.0.1, port 36774
[  5] local 10.0.0.2 port 5201 connected to 10.0.0.1 port 60893
[ ID] Interval           Transfer     Bitrate         Jitter    Lost/Total Datagrams
[  5]   0.00-1.00   sec  4.55 MBytes  38.1 Mbits/sec  1.097 ms  851/4144 (21%)  
[  5]   1.00-2.00   sec  4.59 MBytes  38.5 Mbits/sec  1.140 ms  993/4319 (23%)  
[  5]   2.00-3.00   sec  4.62 MBytes  38.8 Mbits/sec  1.158 ms  971/4318 (22%)  
[  5]   3.00-4.00   sec  4.63 MBytes  38.8 Mbits/sec  0.979 ms  972/4323 (22%)  
[  5]   4.00-5.00   sec  4.60 MBytes  38.6 Mbits/sec  1.049 ms  975/4307 (23%)  
[  5]   5.00-6.00   sec  4.62 MBytes  38.8 Mbits/sec  1.092 ms  970/4318 (22%)  
[  5]   6.00-7.00   sec  4.53 MBytes  38.0 Mbits/sec  1.103 ms  966/4243 (23%)  
[  5]   7.00-8.00   sec  4.70 MBytes  39.4 Mbits/sec  0.915 ms  989/4392 (23%)  
[  5]   8.00-9.00   sec  4.62 MBytes  38.8 Mbits/sec  1.103 ms  967/4314 (22%)  
[  5]   9.00-10.00  sec  4.63 MBytes  38.8 Mbits/sec  1.156 ms  965/4316 (22%)  
[  5]  10.00-11.00  sec  4.61 MBytes  38.7 Mbits/sec  1.049 ms  981/4321 (23%)  
[  5]  11.00-12.00  sec  4.63 MBytes  38.8 Mbits/sec  1.193 ms  962/4312 (22%)  
[  5]  12.00-13.00  sec  4.62 MBytes  38.7 Mbits/sec  1.019 ms  975/4318 (23%)  
[  5]  13.00-14.00  sec  4.62 MBytes  38.8 Mbits/sec  1.179 ms  976/4323 (23%)  
[  5]  14.00-15.00  sec  4.62 MBytes  38.7 Mbits/sec  1.181 ms  967/4311 (22%)  
[  5]  15.00-16.00  sec  4.62 MBytes  38.8 Mbits/sec  1.379 ms  971/4316 (22%)  
[  5]  16.00-17.00  sec  4.62 MBytes  38.7 Mbits/sec  1.497 ms  972/4314 (23%)  
[  5]  17.00-18.00  sec  4.63 MBytes  38.8 Mbits/sec  1.096 ms  967/4319 (22%)  
[  5]  18.00-19.00  sec  4.62 MBytes  38.8 Mbits/sec  1.203 ms  967/4313 (22%)  
[  5]  19.00-20.00  sec  4.62 MBytes  38.8 Mbits/sec  1.338 ms  976/4324 (23%)  
[  5]  20.00-21.00  sec  4.61 MBytes  38.7 Mbits/sec  1.103 ms  967/4307 (22%)  
[  5]  21.00-22.00  sec  4.62 MBytes  38.7 Mbits/sec  0.984 ms  973/4318 (23%)  
[  5]  22.00-23.00  sec  4.60 MBytes  38.6 Mbits/sec  0.933 ms  992/4321 (23%)  
[  5]  23.00-24.00  sec  4.62 MBytes  38.8 Mbits/sec  1.352 ms  966/4312 (22%)  
[  5]  24.00-25.00  sec  4.62 MBytes  38.7 Mbits/sec  1.313 ms  968/4312 (22%)  
[  5]  25.00-26.00  sec  4.61 MBytes  38.7 Mbits/sec  1.214 ms  983/4324 (23%)  
[  5]  26.00-27.00  sec  4.63 MBytes  38.8 Mbits/sec  1.311 ms  963/4315 (22%)  
[  5]  27.00-28.01  sec  4.59 MBytes  38.2 Mbits/sec  2.069 ms  964/4288 (22%)  
[  5]  28.01-29.00  sec  4.66 MBytes  39.4 Mbits/sec  1.296 ms  972/4350 (22%)  
[  5]  29.00-30.00  sec  4.61 MBytes  38.7 Mbits/sec  1.131 ms  970/4309 (23%)  
[  5]  30.00-30.04  sec   184 KBytes  37.5 Mbits/sec  0.883 ms  35/165 (21%)  
- - - - - - - - - - - - - - - - - - - - - - - - -
[ ID] Interval           Transfer     Bitrate         Jitter    Lost/Total Datagrams
[SUM]  0.0-30.0 sec  64829 datagrams received out-of-order
[  5]   0.00-30.04  sec   139 MBytes  38.7 Mbits/sec  0.883 ms  29086/129486 (22%)  receiver
iperf3: interrupt - the server has terminated
-----------------------------------------------------------
Server listening on 5201 (test #2)
-----------------------------------------------------------
