-----------------------------------------------------------
Server listening on 5202 (test #1)
-----------------------------------------------------------
Accepted connection from 10.0.0.1, port 32778
[  5] local 10.0.0.2 port 5202 connected to 10.0.0.1 port 32941
[ ID] Interval           Transfer     Bitrate         Jitter    Lost/Total Datagrams
[  5]   0.00-1.00   sec  3.37 MBytes  28.2 Mbits/sec  3.134 ms  12/2450 (0.49%)  
[  5]   1.00-2.00   sec  3.47 MBytes  29.1 Mbits/sec  1.041 ms  3/2513 (0.12%)  
[  5]   2.00-3.00   sec  3.46 MBytes  29.0 Mbits/sec  0.544 ms  8/2510 (0.32%)  
[  5]   3.00-4.00   sec  3.46 MBytes  29.0 Mbits/sec  1.292 ms  6/2512 (0.24%)  
[  5]   4.00-5.00   sec  3.46 MBytes  29.1 Mbits/sec  0.937 ms  8/2516 (0.32%)  
[  5]   5.00-6.00   sec  3.47 MBytes  29.1 Mbits/sec  7.094 ms  6/2516 (0.24%)  
[  5]   6.00-7.00   sec  3.47 MBytes  29.1 Mbits/sec  0.755 ms  6/2521 (0.24%)  
[  5]   7.00-8.00   sec  3.44 MBytes  28.9 Mbits/sec  0.558 ms  7/2498 (0.28%)  
[  5]   8.00-9.00   sec  3.48 MBytes  29.2 Mbits/sec  0.852 ms  6/2524 (0.24%)  
[  5]   9.00-10.00  sec  3.47 MBytes  29.1 Mbits/sec  0.671 ms  2/2513 (0.08%)  
[  5]  10.00-11.00  sec  3.46 MBytes  29.0 Mbits/sec  2.287 ms  16/2521 (0.63%)  
[  5]  11.00-12.00  sec  3.46 MBytes  29.1 Mbits/sec  0.502 ms  5/2513 (0.2%)  
[  5]  12.00-13.00  sec  3.46 MBytes  29.1 Mbits/sec  1.136 ms  9/2517 (0.36%)  
[  5]  13.00-14.00  sec  3.44 MBytes  28.9 Mbits/sec  0.870 ms  10/2503 (0.4%)  
[  5]  14.00-15.00  sec  3.49 MBytes  29.3 Mbits/sec  4.253 ms  7/2532 (0.28%)  
[  5]  15.00-16.00  sec  3.46 MBytes  29.1 Mbits/sec  1.149 ms  7/2516 (0.28%)  
[  5]  16.00-17.00  sec  3.46 MBytes  29.1 Mbits/sec  2.933 ms  8/2517 (0.32%)  
[  5]  17.00-18.00  sec  3.47 MBytes  29.1 Mbits/sec  1.117 ms  6/2517 (0.24%)  
[  5]  18.00-19.00  sec  3.46 MBytes  29.0 Mbits/sec  1.076 ms  10/2516 (0.4%)  
[  5]  19.00-20.00  sec  3.45 MBytes  28.9 Mbits/sec  0.647 ms  9/2504 (0.36%)  
[  5]  20.00-21.00  sec  3.46 MBytes  29.0 Mbits/sec  0.801 ms  8/2515 (0.32%)  
[  5]  21.00-22.00  sec  3.47 MBytes  29.1 Mbits/sec  0.871 ms  6/2518 (0.24%)  
[  5]  22.00-23.00  sec  3.46 MBytes  29.1 Mbits/sec  2.068 ms  6/2515 (0.24%)  
[  5]  23.00-24.00  sec  3.46 MBytes  29.1 Mbits/sec  2.745 ms  9/2518 (0.36%)  
[  5]  24.00-25.00  sec  3.46 MBytes  29.0 Mbits/sec  1.337 ms  6/2510 (0.24%)  
[  5]  25.00-26.00  sec  3.47 MBytes  29.1 Mbits/sec  2.430 ms  7/2517 (0.28%)  
[  5]  26.00-27.00  sec  3.47 MBytes  29.1 Mbits/sec  1.010 ms  3/2516 (0.12%)  
[  5]  27.00-28.00  sec  3.47 MBytes  29.1 Mbits/sec  3.534 ms  8/2518 (0.32%)  
[  5]  28.00-29.00  sec  3.46 MBytes  29.1 Mbits/sec  1.481 ms  6/2515 (0.24%)  
[  5]  29.00-30.00  sec  3.46 MBytes  29.0 Mbits/sec  1.173 ms  3/2508 (0.12%)  
[  5]  30.00-30.13  sec   228 KBytes  14.5 Mbits/sec  0.478 ms  1/162 (0.62%)  
- - - - - - - - - - - - - - - - - - - - - - - - -
[ ID] Interval           Transfer     Bitrate         Jitter    Lost/Total Datagrams
[SUM]  0.0-30.1 sec  42360 datagrams received out-of-order
[  5]   0.00-30.13  sec   104 MBytes  29.0 Mbits/sec  0.478 ms  214/75541 (0.28%)  receiver
iperf3: interrupt - the server has terminated
-----------------------------------------------------------
Server listening on 5202 (test #2)
-----------------------------------------------------------
