-----------------------------------------------------------
Server listening on 5201 (test #1)
-----------------------------------------------------------
Accepted connection from 10.0.0.1, port 37784
[  5] local 10.0.0.2 port 5201 connected to 10.0.0.1 port 43974
[ ID] Interval           Transfer     Bitrate         Jitter    Lost/Total Datagrams
[  5]   0.00-1.00   sec  4.47 MBytes  37.5 Mbits/sec  1.132 ms  7/3247 (0.22%)  
[  5]   1.00-2.00   sec  4.62 MBytes  38.8 Mbits/sec  0.673 ms  11/3358 (0.33%)  
[  5]   2.00-3.00   sec  4.59 MBytes  38.5 Mbits/sec  1.436 ms  2/3329 (0.06%)  
[  5]   3.00-4.00   sec  4.62 MBytes  38.8 Mbits/sec  0.479 ms  8/3355 (0.24%)  
[  5]   4.00-5.00   sec  4.62 MBytes  38.8 Mbits/sec  0.453 ms  12/3358 (0.36%)  
[  5]   5.00-6.00   sec  4.63 MBytes  38.8 Mbits/sec  2.320 ms  6/3358 (0.18%)  
[  5]   6.00-7.00   sec  4.62 MBytes  38.7 Mbits/sec  1.103 ms  10/3352 (0.3%)  
[  5]   7.00-8.01   sec  4.58 MBytes  38.2 Mbits/sec  1.595 ms  8/3322 (0.24%)  
[  5]   8.01-9.00   sec  4.62 MBytes  39.0 Mbits/sec  0.856 ms  13/3361 (0.39%)  
[  5]   9.00-10.00  sec  4.62 MBytes  38.7 Mbits/sec  1.127 ms  12/3357 (0.36%)  
[  5]  10.00-11.00  sec  4.63 MBytes  38.9 Mbits/sec  0.503 ms  1/3355 (0.03%)  
[  5]  11.00-12.00  sec  4.62 MBytes  38.7 Mbits/sec  0.839 ms  14/3356 (0.42%)  
[  5]  12.00-13.00  sec  4.62 MBytes  38.8 Mbits/sec  4.776 ms  5/3353 (0.15%)  
[  5]  13.00-14.00  sec  4.59 MBytes  38.5 Mbits/sec  0.598 ms  12/3335 (0.36%)  
[  5]  14.00-15.00  sec  4.64 MBytes  38.9 Mbits/sec  1.231 ms  12/3374 (0.36%)  
[  5]  15.00-16.00  sec  4.62 MBytes  38.7 Mbits/sec  2.139 ms  13/3358 (0.39%)  
[  5]  16.00-17.00  sec  4.62 MBytes  38.8 Mbits/sec  4.629 ms  11/3357 (0.33%)  
[  5]  17.00-18.00  sec  4.61 MBytes  38.7 Mbits/sec  1.353 ms  15/3355 (0.45%)  
[  5]  18.00-19.00  sec  4.61 MBytes  38.7 Mbits/sec  0.642 ms  13/3353 (0.39%)  
[  5]  19.00-20.00  sec  4.57 MBytes  38.4 Mbits/sec  2.301 ms  13/3324 (0.39%)  
[  5]  20.00-21.00  sec  4.62 MBytes  38.8 Mbits/sec  3.141 ms  6/3354 (0.18%)  
[  5]  21.00-22.00  sec  4.62 MBytes  38.7 Mbits/sec  0.478 ms  8/3353 (0.24%)  
[  5]  22.00-23.00  sec  4.62 MBytes  38.7 Mbits/sec  1.967 ms  12/3357 (0.36%)  
[  5]  23.00-24.00  sec  4.62 MBytes  38.8 Mbits/sec  1.405 ms  6/3353 (0.18%)  
[  5]  24.00-25.00  sec  4.60 MBytes  38.6 Mbits/sec  2.860 ms  12/3340 (0.36%)  
[  5]  25.00-26.00  sec  4.62 MBytes  38.8 Mbits/sec  1.630 ms  11/3358 (0.33%)  
[  5]  26.00-27.00  sec  4.61 MBytes  38.7 Mbits/sec  0.732 ms  10/3351 (0.3%)  
[  5]  27.00-28.00  sec  4.62 MBytes  38.7 Mbits/sec  1.878 ms  15/3360 (0.45%)  
[  5]  28.00-29.00  sec  4.63 MBytes  38.8 Mbits/sec  3.262 ms  6/3356 (0.18%)  
[  5]  29.00-30.00  sec  4.59 MBytes  38.5 Mbits/sec  0.925 ms  9/3333 (0.27%)  
[  5]  30.00-30.13  sec   280 KBytes  18.2 Mbits/sec  0.528 ms  18446744073709551612/194 (-2.1%)  
- - - - - - - - - - - - - - - - - - - - - - - - -
[ ID] Interval           Transfer     Bitrate         Jitter    Lost/Total Datagrams
[SUM]  0.0-30.1 sec  63570 datagrams received out-of-order
[  5]   0.00-30.13  sec   139 MBytes  38.6 Mbits/sec  0.528 ms  289/100626 (0.29%)  receiver
iperf3: interrupt - the server has terminated
-----------------------------------------------------------
Server listening on 5201 (test #2)
-----------------------------------------------------------
