-----------------------------------------------------------
Server listening on 5203 (test #1)
-----------------------------------------------------------
Accepted connection from 10.0.0.1, port 36666
[  5] local 10.0.0.2 port 5203 connected to 10.0.0.1 port 35775
[ ID] Interval           Transfer     Bitrate         Jitter    Lost/Total Datagrams
[  5]   0.00-1.00   sec  1.14 MBytes  9.54 Mbits/sec  1.882 ms  3/827 (0.36%)  
[  5]   1.00-2.00   sec  1.15 MBytes  9.67 Mbits/sec  4.126 ms  5/840 (0.6%)  
[  5]   2.00-3.00   sec  1.15 MBytes  9.65 Mbits/sec  2.998 ms  4/837 (0.48%)  
[  5]   3.00-4.00   sec  1.15 MBytes  9.68 Mbits/sec  3.716 ms  5/841 (0.59%)  
[  5]   4.00-5.00   sec  1.16 MBytes  9.70 Mbits/sec  1.670 ms  1/838 (0.12%)  
[  5]   5.00-6.00   sec  1.15 MBytes  9.67 Mbits/sec  1.671 ms  1/836 (0.12%)  
[  5]   6.00-7.00   sec  1.15 MBytes  9.68 Mbits/sec  1.758 ms  2/838 (0.24%)  
[  5]   7.00-8.00   sec  1.14 MBytes  9.57 Mbits/sec  3.425 ms  0/826 (0%)  
[  5]   8.00-9.00   sec  1.17 MBytes  9.81 Mbits/sec  2.803 ms  4/851 (0.47%)  
[  5]   9.00-10.00  sec  1.16 MBytes  9.70 Mbits/sec  3.882 ms  2/839 (0.24%)  
[  5]  10.00-11.00  sec  1.15 MBytes  9.66 Mbits/sec  1.427 ms  5/839 (0.6%)  
[  5]  11.00-12.00  sec  1.15 MBytes  9.67 Mbits/sec  1.558 ms  3/838 (0.36%)  
[  5]  12.00-13.00  sec  1.15 MBytes  9.67 Mbits/sec  1.629 ms  3/838 (0.36%)  
[  5]  13.00-14.00  sec  1.14 MBytes  9.57 Mbits/sec  3.140 ms  2/828 (0.24%)  
[  5]  14.00-15.00  sec  1.17 MBytes  9.82 Mbits/sec  2.597 ms  1/849 (0.12%)  
[  5]  15.00-16.00  sec  1.15 MBytes  9.65 Mbits/sec  3.559 ms  5/838 (0.6%)  
[  5]  16.00-17.00  sec  1.15 MBytes  9.66 Mbits/sec  1.504 ms  3/837 (0.36%)  
[  5]  17.00-18.00  sec  1.16 MBytes  9.71 Mbits/sec  1.557 ms  1/839 (0.12%)  
[  5]  18.00-19.00  sec  1.15 MBytes  9.67 Mbits/sec  1.667 ms  4/839 (0.48%)  
[  5]  19.00-20.00  sec  1.15 MBytes  9.64 Mbits/sec  1.873 ms  7/839 (0.83%)  
[  5]  20.00-21.00  sec  1.15 MBytes  9.67 Mbits/sec  2.801 ms  2/837 (0.24%)  
[  5]  21.00-22.00  sec  1.15 MBytes  9.67 Mbits/sec  3.646 ms  3/838 (0.36%)  
[  5]  22.00-23.00  sec  1.16 MBytes  9.70 Mbits/sec  1.421 ms  1/838 (0.12%)  
[  5]  23.00-24.00  sec  1.15 MBytes  9.67 Mbits/sec  2.074 ms  4/839 (0.48%)  
[  5]  24.00-25.00  sec  1.15 MBytes  9.68 Mbits/sec  1.736 ms  2/838 (0.24%)  
[  5]  25.00-26.00  sec  1.16 MBytes  9.70 Mbits/sec  2.041 ms  1/838 (0.12%)  
[  5]  26.00-27.00  sec  1.15 MBytes  9.67 Mbits/sec  2.500 ms  4/839 (0.48%)  
[  5]  27.00-28.00  sec  1.15 MBytes  9.68 Mbits/sec  3.673 ms  1/837 (0.12%)  
[  5]  28.00-29.00  sec  1.16 MBytes  9.71 Mbits/sec  4.749 ms  2/840 (0.24%)  
[  5]  29.00-30.00  sec  1.15 MBytes  9.64 Mbits/sec  1.431 ms  6/838 (0.72%)  
[  5]  30.00-30.12  sec   143 KBytes  9.59 Mbits/sec  1.419 ms  0/101 (0%)  
- - - - - - - - - - - - - - - - - - - - - - - - -
[ ID] Interval           Transfer     Bitrate         Jitter    Lost/Total Datagrams
[SUM]  0.0-30.1 sec  5710 datagrams received out-of-order
[  5]   0.00-30.12  sec  34.7 MBytes  9.67 Mbits/sec  1.419 ms  87/25240 (0.34%)  receiver
iperf3: interrupt - the server has terminated
-----------------------------------------------------------
Server listening on 5203 (test #2)
-----------------------------------------------------------
