-----------------------------------------------------------
Server listening on 5203 (test #1)
-----------------------------------------------------------
Accepted connection from 10.0.0.1, port 46048
[  5] local 10.0.0.2 port 5203 connected to 10.0.0.1 port 56091
[ ID] Interval           Transfer     Bitrate         Jitter    Lost/Total Datagrams
[  5]   0.00-1.00   sec  3.99 MBytes  33.4 Mbits/sec  1.083 ms  33/2920 (1.1%)  
[  5]   1.00-2.00   sec  4.64 MBytes  38.9 Mbits/sec  1.320 ms  101/3462 (2.9%)  
[  5]   2.00-3.00   sec  4.58 MBytes  38.4 Mbits/sec  1.395 ms  133/3449 (3.9%)  
[  5]   3.00-4.00   sec  4.52 MBytes  37.9 Mbits/sec  1.389 ms  112/3385 (3.3%)  
[  5]   4.00-5.00   sec  4.68 MBytes  39.2 Mbits/sec  1.176 ms  128/3515 (3.6%)  
[  5]   5.00-6.00   sec  4.68 MBytes  39.2 Mbits/sec  1.173 ms  69/3455 (2%)  
[  5]   6.00-7.00   sec  4.46 MBytes  37.4 Mbits/sec  1.181 ms  224/3453 (6.5%)  
[  5]   7.00-8.00   sec  4.61 MBytes  38.7 Mbits/sec  1.215 ms  114/3452 (3.3%)  
[  5]   8.00-9.00   sec  4.63 MBytes  38.9 Mbits/sec  1.214 ms  99/3453 (2.9%)  
[  5]   9.00-10.00  sec  4.68 MBytes  39.3 Mbits/sec  1.621 ms  65/3454 (1.9%)  
[  5]  10.00-11.00  sec  4.61 MBytes  38.7 Mbits/sec  1.118 ms  100/3441 (2.9%)  
[  5]  11.00-12.00  sec  4.60 MBytes  38.6 Mbits/sec  1.193 ms  136/3469 (3.9%)  
[  5]  12.00-13.00  sec  4.41 MBytes  37.0 Mbits/sec  1.648 ms  258/3453 (7.5%)  
[  5]  13.00-14.00  sec  4.70 MBytes  39.4 Mbits/sec  1.349 ms  41/3446 (1.2%)  
[  5]  14.00-15.00  sec  4.71 MBytes  39.5 Mbits/sec  1.352 ms  44/3454 (1.3%)  
[  5]  15.00-16.00  sec  4.72 MBytes  39.6 Mbits/sec  1.294 ms  38/3456 (1.1%)  
[  5]  16.00-17.00  sec  4.62 MBytes  38.8 Mbits/sec  1.216 ms  102/3451 (3%)  
[  5]  17.00-18.00  sec  4.70 MBytes  39.4 Mbits/sec  1.288 ms  58/3458 (1.7%)  
[  5]  18.00-19.00  sec  4.68 MBytes  39.3 Mbits/sec  1.210 ms  57/3447 (1.7%)  
[  5]  19.00-20.00  sec  4.52 MBytes  37.9 Mbits/sec  1.478 ms  185/3456 (5.4%)  
[  5]  20.00-21.00  sec  4.68 MBytes  39.3 Mbits/sec  1.240 ms  63/3453 (1.8%)  
[  5]  21.00-22.00  sec  4.67 MBytes  39.2 Mbits/sec  1.482 ms  74/3458 (2.1%)  
[  5]  22.00-23.00  sec  4.69 MBytes  39.3 Mbits/sec  1.400 ms  53/3447 (1.5%)  
[  5]  23.00-24.00  sec  4.69 MBytes  39.3 Mbits/sec  1.454 ms  62/3458 (1.8%)  
[  5]  24.00-25.00  sec  4.46 MBytes  37.4 Mbits/sec  1.172 ms  214/3446 (6.2%)  
[  5]  25.00-26.00  sec  4.70 MBytes  39.4 Mbits/sec  1.273 ms  52/3456 (1.5%)  
[  5]  26.00-27.00  sec  4.67 MBytes  39.2 Mbits/sec  1.178 ms  68/3452 (2%)  
[  5]  27.00-28.00  sec  4.61 MBytes  38.7 Mbits/sec  1.181 ms  117/3455 (3.4%)  
[  5]  28.00-29.00  sec  4.59 MBytes  38.5 Mbits/sec  1.187 ms  122/3443 (3.5%)  
[  5]  29.00-30.00  sec  4.69 MBytes  39.3 Mbits/sec  1.521 ms  69/3462 (2%)  
[  5]  30.00-30.16  sec   747 KBytes  39.2 Mbits/sec  1.098 ms  2/530 (0.38%)  
- - - - - - - - - - - - - - - - - - - - - - - - -
[ ID] Interval           Transfer     Bitrate         Jitter    Lost/Total Datagrams
[SUM]  0.0-30.2 sec  68109 datagrams received out-of-order
[  5]   0.00-30.16  sec   139 MBytes  38.6 Mbits/sec  1.098 ms  2993/103589 (2.9%)  receiver
iperf3: interrupt - the server has terminated
-----------------------------------------------------------
Server listening on 5203 (test #2)
-----------------------------------------------------------
