-----------------------------------------------------------
Server listening on 5202 (test #1)
-----------------------------------------------------------
Accepted connection from 10.0.0.1, port 47654
[  5] local 10.0.0.2 port 5202 connected to 10.0.0.1 port 53306
[ ID] Interval           Transfer     Bitrate         Jitter    Lost/Total Datagrams
[  5]   0.00-1.00   sec  3.89 MBytes  32.6 Mbits/sec  1.238 ms  101/2915 (3.5%)  
[  5]   1.00-2.00   sec  4.36 MBytes  36.6 Mbits/sec  1.119 ms  297/3453 (8.6%)  
[  5]   2.00-3.00   sec  4.25 MBytes  35.6 Mbits/sec  1.297 ms  379/3455 (11%)  
[  5]   3.00-4.00   sec  4.34 MBytes  36.4 Mbits/sec  0.798 ms  260/3403 (7.6%)  
[  5]   4.00-5.00   sec  4.38 MBytes  36.7 Mbits/sec  1.063 ms  330/3501 (9.4%)  
[  5]   5.00-6.00   sec  4.37 MBytes  36.7 Mbits/sec  1.211 ms  285/3453 (8.3%)  
[  5]   6.00-7.00   sec  4.26 MBytes  35.7 Mbits/sec  1.208 ms  368/3453 (11%)  
[  5]   7.00-8.00   sec  4.37 MBytes  36.7 Mbits/sec  1.221 ms  282/3450 (8.2%)  
[  5]   8.00-9.00   sec  4.35 MBytes  36.5 Mbits/sec  1.318 ms  311/3458 (9%)  
[  5]   9.00-10.00  sec  4.36 MBytes  36.5 Mbits/sec  1.444 ms  300/3454 (8.7%)  
[  5]  10.00-11.00  sec  4.35 MBytes  36.5 Mbits/sec  1.614 ms  289/3436 (8.4%)  
[  5]  11.00-12.00  sec  4.28 MBytes  35.9 Mbits/sec  1.389 ms  359/3462 (10%)  
[  5]  12.00-13.00  sec  4.22 MBytes  35.4 Mbits/sec  1.741 ms  407/3461 (12%)  
[  5]  13.00-14.00  sec  4.36 MBytes  36.5 Mbits/sec  1.367 ms  290/3444 (8.4%)  
[  5]  14.00-15.00  sec  4.40 MBytes  36.9 Mbits/sec  1.497 ms  269/3455 (7.8%)  
[  5]  15.00-16.00  sec  4.41 MBytes  37.0 Mbits/sec  1.728 ms  268/3459 (7.7%)  
[  5]  16.00-17.00  sec  4.27 MBytes  35.8 Mbits/sec  1.076 ms  368/3458 (11%)  
[  5]  17.00-18.00  sec  4.34 MBytes  36.4 Mbits/sec  1.213 ms  303/3447 (8.8%)  
[  5]  18.00-19.00  sec  4.32 MBytes  36.2 Mbits/sec  1.112 ms  325/3454 (9.4%)  
[  5]  19.00-20.00  sec  4.15 MBytes  34.8 Mbits/sec  1.551 ms  451/3456 (13%)  
[  5]  20.00-21.00  sec  4.36 MBytes  36.6 Mbits/sec  1.168 ms  295/3452 (8.5%)  
[  5]  21.00-22.00  sec  4.35 MBytes  36.5 Mbits/sec  1.360 ms  309/3458 (8.9%)  
[  5]  22.00-23.00  sec  4.40 MBytes  36.9 Mbits/sec  1.441 ms  256/3445 (7.4%)  
[  5]  23.00-24.00  sec  4.33 MBytes  36.3 Mbits/sec  1.621 ms  314/3451 (9.1%)  
[  5]  24.00-25.00  sec  4.15 MBytes  34.8 Mbits/sec  1.431 ms  449/3456 (13%)  
[  5]  25.00-26.00  sec  4.34 MBytes  36.4 Mbits/sec  1.389 ms  310/3455 (9%)  
[  5]  26.00-27.00  sec  4.40 MBytes  36.9 Mbits/sec  1.540 ms  268/3452 (7.8%)  
[  5]  27.00-28.00  sec  4.35 MBytes  36.5 Mbits/sec  1.351 ms  310/3458 (9%)  
[  5]  28.00-29.00  sec  4.32 MBytes  36.2 Mbits/sec  0.962 ms  313/3439 (9.1%)  
[  5]  29.00-30.00  sec  4.35 MBytes  36.5 Mbits/sec  1.046 ms  311/3460 (9%)  
[  5]  30.00-30.16  sec   699 KBytes  36.8 Mbits/sec  1.587 ms  42/536 (7.8%)  
- - - - - - - - - - - - - - - - - - - - - - - - -
[ ID] Interval           Transfer     Bitrate         Jitter    Lost/Total Datagrams
[SUM]  0.0-30.2 sec  62543 datagrams received out-of-order
[  5]   0.00-30.16  sec   130 MBytes  36.2 Mbits/sec  1.587 ms  9419/103589 (9.1%)  receiver
iperf3: interrupt - the server has terminated
-----------------------------------------------------------
Server listening on 5202 (test #2)
-----------------------------------------------------------
