-----------------------------------------------------------
Server listening on 5202 (test #1)
-----------------------------------------------------------
Accepted connection from 10.0.0.1, port 49388
[  5] local 10.0.0.2 port 5202 connected to 10.0.0.1 port 53538
[ ID] Interval           Transfer     Bitrate         Jitter    Lost/Total Datagrams
[  5]   0.00-1.00   sec  3.37 MBytes  28.3 Mbits/sec  2.838 ms  5/2447 (0.2%)  
[  5]   1.00-2.00   sec  3.47 MBytes  29.1 Mbits/sec  0.686 ms  5/2519 (0.2%)  
[  5]   2.00-3.00   sec  3.44 MBytes  28.9 Mbits/sec  0.612 ms  6/2497 (0.24%)  
[  5]   3.00-4.00   sec  3.46 MBytes  29.0 Mbits/sec  2.331 ms  14/2521 (0.56%)  
[  5]   4.00-5.00   sec  3.47 MBytes  29.1 Mbits/sec  0.493 ms  2/2513 (0.08%)  
[  5]   5.00-6.00   sec  3.47 MBytes  29.1 Mbits/sec  1.062 ms  5/2517 (0.2%)  
[  5]   6.00-7.00   sec  3.46 MBytes  29.0 Mbits/sec  3.548 ms  14/2518 (0.56%)  
[  5]   7.00-8.00   sec  3.43 MBytes  28.8 Mbits/sec  1.635 ms  4/2486 (0.16%)  
[  5]   8.00-9.00   sec  3.46 MBytes  29.0 Mbits/sec  3.128 ms  11/2518 (0.44%)  
[  5]   9.00-10.00  sec  3.46 MBytes  29.0 Mbits/sec  0.539 ms  7/2513 (0.28%)  
[  5]  10.00-11.00  sec  3.47 MBytes  29.1 Mbits/sec  1.074 ms  5/2518 (0.2%)  
[  5]  11.00-12.00  sec  3.47 MBytes  29.1 Mbits/sec  0.738 ms  7/2517 (0.28%)  
[  5]  12.00-13.00  sec  3.46 MBytes  29.0 Mbits/sec  2.355 ms  13/2519 (0.52%)  
[  5]  13.00-14.00  sec  3.46 MBytes  29.0 Mbits/sec  0.574 ms  7/2514 (0.28%)  
[  5]  14.00-15.00  sec  3.47 MBytes  29.1 Mbits/sec  2.288 ms  6/2517 (0.24%)  
[  5]  15.00-16.00  sec  3.47 MBytes  29.1 Mbits/sec  0.919 ms  6/2516 (0.24%)  
[  5]  16.00-17.00  sec  3.47 MBytes  29.1 Mbits/sec  1.186 ms  2/2513 (0.08%)  
[  5]  17.00-18.00  sec  3.46 MBytes  29.1 Mbits/sec  0.744 ms  13/2521 (0.52%)  
[  5]  18.00-19.00  sec  3.46 MBytes  29.1 Mbits/sec  1.814 ms  6/2514 (0.24%)  
[  5]  19.00-20.00  sec  3.46 MBytes  29.0 Mbits/sec  0.513 ms  10/2515 (0.4%)  
[  5]  20.00-21.00  sec  3.47 MBytes  29.1 Mbits/sec  3.077 ms  12/2524 (0.48%)  
[  5]  21.00-22.00  sec  3.47 MBytes  29.1 Mbits/sec  0.636 ms  2/2514 (0.08%)  
[  5]  22.00-23.00  sec  3.47 MBytes  29.1 Mbits/sec  0.749 ms  3/2517 (0.12%)  
[  5]  23.00-24.00  sec  3.45 MBytes  28.9 Mbits/sec  1.349 ms  9/2505 (0.36%)  
[  5]  24.00-25.00  sec  3.49 MBytes  29.2 Mbits/sec  0.893 ms  2/2526 (0.079%)  
[  5]  25.00-26.00  sec  3.47 MBytes  29.1 Mbits/sec  0.469 ms  5/2515 (0.2%)  
[  5]  26.00-27.00  sec  3.46 MBytes  29.0 Mbits/sec  0.727 ms  14/2519 (0.56%)  
[  5]  27.00-28.00  sec  3.46 MBytes  29.0 Mbits/sec  0.794 ms  14/2517 (0.56%)  
[  5]  28.00-29.00  sec  3.40 MBytes  28.5 Mbits/sec  6.248 ms  6/2465 (0.24%)  
[  5]  29.00-30.00  sec  3.48 MBytes  29.2 Mbits/sec  0.952 ms  8/2525 (0.32%)  
[  5]  30.00-30.10  sec   219 KBytes  18.3 Mbits/sec  0.778 ms  18446744073709551614/153 (-1.3%)  
- - - - - - - - - - - - - - - - - - - - - - - - -
[ ID] Interval           Transfer     Bitrate         Jitter    Lost/Total Datagrams
[SUM]  0.0-30.1 sec  42145 datagrams received out-of-order
[  5]   0.00-30.10  sec   104 MBytes  29.0 Mbits/sec  0.778 ms  221/75493 (0.29%)  receiver
iperf3: interrupt - the server has terminated
-----------------------------------------------------------
Server listening on 5202 (test #2)
-----------------------------------------------------------
