-----------------------------------------------------------
Server listening on 5203 (test #1)
-----------------------------------------------------------
Accepted connection from 10.0.0.1, port 55954
[  5] local 10.0.0.2 port 5203 connected to 10.0.0.1 port 51535
[ ID] Interval           Transfer     Bitrate         Jitter    Lost/Total Datagrams
[  5]   0.00-1.00   sec  1.14 MBytes  9.58 Mbits/sec  1.833 ms  3/830 (0.36%)  
[  5]   1.00-2.00   sec  1.15 MBytes  9.67 Mbits/sec  2.475 ms  1/836 (0.12%)  
[  5]   2.00-3.00   sec  1.16 MBytes  9.71 Mbits/sec  3.620 ms  1/839 (0.12%)  
[  5]   3.00-4.00   sec  1.16 MBytes  9.70 Mbits/sec  1.299 ms  1/838 (0.12%)  
[  5]   4.00-5.00   sec  1.15 MBytes  9.68 Mbits/sec  2.021 ms  4/840 (0.48%)  
[  5]   5.00-6.00   sec  1.15 MBytes  9.64 Mbits/sec  2.512 ms  5/837 (0.6%)  
[  5]   6.00-7.00   sec  1.16 MBytes  9.72 Mbits/sec  1.943 ms  0/839 (0%)  
[  5]   7.00-8.00   sec  1.15 MBytes  9.68 Mbits/sec  2.387 ms  2/838 (0.24%)  
[  5]   8.00-9.00   sec  1.15 MBytes  9.67 Mbits/sec  7.737 ms  2/837 (0.24%)  
[  5]   9.00-10.00  sec  1.15 MBytes  9.68 Mbits/sec  4.390 ms  4/840 (0.48%)  
[  5]  10.00-11.00  sec  1.15 MBytes  9.67 Mbits/sec  1.402 ms  3/838 (0.36%)  
[  5]  11.00-12.00  sec  1.15 MBytes  9.66 Mbits/sec  2.532 ms  4/838 (0.48%)  
[  5]  12.00-13.00  sec  1.16 MBytes  9.72 Mbits/sec  1.795 ms  0/839 (0%)  
[  5]  13.00-14.00  sec  1.15 MBytes  9.68 Mbits/sec  4.875 ms  2/838 (0.24%)  
[  5]  14.00-15.00  sec  1.15 MBytes  9.67 Mbits/sec  3.455 ms  1/836 (0.12%)  
[  5]  15.00-16.00  sec  1.16 MBytes  9.70 Mbits/sec  7.799 ms  2/839 (0.24%)  
[  5]  16.00-17.00  sec  1.16 MBytes  9.70 Mbits/sec  1.409 ms  2/839 (0.24%)  
[  5]  17.00-18.00  sec  1.16 MBytes  9.70 Mbits/sec  1.637 ms  0/837 (0%)  
[  5]  18.00-19.00  sec  1.16 MBytes  9.70 Mbits/sec  1.796 ms  3/840 (0.36%)  
[  5]  19.00-20.00  sec  1.15 MBytes  9.65 Mbits/sec  2.470 ms  5/838 (0.6%)  
[  5]  20.00-21.00  sec  1.16 MBytes  9.71 Mbits/sec  7.043 ms  0/838 (0%)  
[  5]  21.00-22.00  sec  1.15 MBytes  9.67 Mbits/sec  4.917 ms  2/837 (0.24%)  
[  5]  22.00-23.00  sec  1.16 MBytes  9.71 Mbits/sec  1.537 ms  1/839 (0.12%)  
[  5]  23.00-24.00  sec  1.15 MBytes  9.67 Mbits/sec  2.191 ms  2/837 (0.24%)  
[  5]  24.00-25.00  sec  1.16 MBytes  9.73 Mbits/sec  1.830 ms  0/840 (0%)  
[  5]  25.00-26.00  sec  1.15 MBytes  9.67 Mbits/sec  2.474 ms  5/840 (0.6%)  
[  5]  26.00-27.00  sec  1.15 MBytes  9.68 Mbits/sec  3.048 ms  1/837 (0.12%)  
[  5]  27.00-28.00  sec  1.15 MBytes  9.67 Mbits/sec  4.594 ms  2/837 (0.24%)  
[  5]  28.00-29.00  sec  1.15 MBytes  9.68 Mbits/sec  1.861 ms  0/836 (0%)  
[  5]  29.00-30.00  sec  1.16 MBytes  9.72 Mbits/sec  2.476 ms  1/840 (0.12%)  
[  5]  30.00-30.15  sec   174 KBytes  9.71 Mbits/sec  1.329 ms  0/123 (0%)  
- - - - - - - - - - - - - - - - - - - - - - - - -
[ ID] Interval           Transfer     Bitrate         Jitter    Lost/Total Datagrams
[SUM]  0.0-30.1 sec  5630 datagrams received out-of-order
[  5]   0.00-30.15  sec  34.8 MBytes  9.68 Mbits/sec  1.329 ms  59/25260 (0.23%)  receiver
iperf3: interrupt - the server has terminated
-----------------------------------------------------------
Server listening on 5203 (test #2)
-----------------------------------------------------------
