-----------------------------------------------------------
Server listening on 5203 (test #1)
-----------------------------------------------------------
Accepted connection from 10.0.0.1, port 39744
[  5] local 10.0.0.2 port 5203 connected to 10.0.0.1 port 42148
[ ID] Interval           Transfer     Bitrate         Jitter    Lost/Total Datagrams
[  5]   0.00-1.00   sec  1.14 MBytes  9.58 Mbits/sec  2.891 ms  3/830 (0.36%)  
[  5]   1.00-2.00   sec  1.15 MBytes  9.65 Mbits/sec  2.160 ms  4/837 (0.48%)  
[  5]   2.00-3.00   sec  1.15 MBytes  9.65 Mbits/sec  2.902 ms  6/839 (0.72%)  
[  5]   3.00-4.00   sec  1.15 MBytes  9.65 Mbits/sec  9.638 ms  5/838 (0.6%)  
[  5]   4.00-5.00   sec  1.15 MBytes  9.67 Mbits/sec  1.401 ms  2/837 (0.24%)  
[  5]   5.00-6.00   sec  1.16 MBytes  9.70 Mbits/sec  1.621 ms  1/838 (0.12%)  
[  5]   6.00-7.00   sec  1.15 MBytes  9.65 Mbits/sec  1.897 ms  7/840 (0.83%)  
[  5]   7.00-8.00   sec  1.16 MBytes  9.70 Mbits/sec  2.230 ms  1/838 (0.12%)  
[  5]   8.00-9.00   sec  1.15 MBytes  9.67 Mbits/sec  3.036 ms  3/838 (0.36%)  
[  5]   9.00-10.00  sec  1.15 MBytes  9.68 Mbits/sec  4.201 ms  1/837 (0.12%)  
[  5]  10.00-11.00  sec  1.15 MBytes  9.68 Mbits/sec  1.352 ms  4/840 (0.48%)  
[  5]  11.00-12.00  sec  1.15 MBytes  9.69 Mbits/sec  1.627 ms  1/837 (0.12%)  
[  5]  12.00-13.00  sec  1.15 MBytes  9.66 Mbits/sec  3.415 ms  3/837 (0.36%)  
[  5]  13.00-14.00  sec  1.15 MBytes  9.67 Mbits/sec  2.288 ms  5/840 (0.6%)  
[  5]  14.00-15.00  sec  1.16 MBytes  9.70 Mbits/sec  6.587 ms  1/838 (0.12%)  
[  5]  15.00-16.00  sec  1.15 MBytes  9.64 Mbits/sec  4.181 ms  6/838 (0.72%)  
[  5]  16.00-17.00  sec  1.15 MBytes  9.68 Mbits/sec  1.918 ms  3/839 (0.36%)  
[  5]  17.00-18.00  sec  1.15 MBytes  9.69 Mbits/sec  2.397 ms  1/837 (0.12%)  
[  5]  18.00-19.00  sec  1.16 MBytes  9.72 Mbits/sec  1.680 ms  1/840 (0.12%)  
[  5]  19.00-20.00  sec  1.16 MBytes  9.70 Mbits/sec  2.254 ms  0/837 (0%)  
[  5]  20.00-21.00  sec  1.16 MBytes  9.70 Mbits/sec  3.111 ms  2/839 (0.24%)  
[  5]  21.00-22.00  sec  1.16 MBytes  9.70 Mbits/sec  3.865 ms  2/839 (0.24%)  
[  5]  22.00-23.00  sec  1.15 MBytes  9.68 Mbits/sec  1.390 ms  1/837 (0.12%)  
[  5]  23.00-24.00  sec  1.16 MBytes  9.70 Mbits/sec  1.688 ms  2/839 (0.24%)  
[  5]  24.00-25.00  sec  1.16 MBytes  9.71 Mbits/sec  1.734 ms  1/839 (0.12%)  
[  5]  25.00-26.00  sec  1.16 MBytes  9.71 Mbits/sec  4.415 ms  18446744073709551615/837 (-0.12%)  
[  5]  26.00-27.00  sec  1.16 MBytes  9.72 Mbits/sec  2.763 ms  0/839 (0%)  
[  5]  27.00-28.00  sec  1.15 MBytes  9.66 Mbits/sec  4.133 ms  3/837 (0.36%)  
[  5]  28.00-29.00  sec  1.15 MBytes  9.67 Mbits/sec  1.925 ms  3/838 (0.36%)  
[  5]  29.00-30.00  sec  1.15 MBytes  9.68 Mbits/sec  2.232 ms  3/839 (0.36%)  
[  5]  30.00-30.13  sec   147 KBytes  9.48 Mbits/sec  1.370 ms  1/105 (0.95%)  
- - - - - - - - - - - - - - - - - - - - - - - - -
[ ID] Interval           Transfer     Bitrate         Jitter    Lost/Total Datagrams
[SUM]  0.0-30.1 sec  5635 datagrams received out-of-order
[  5]   0.00-30.13  sec  34.8 MBytes  9.68 Mbits/sec  1.370 ms  75/25243 (0.3%)  receiver
iperf3: interrupt - the server has terminated
-----------------------------------------------------------
Server listening on 5203 (test #2)
-----------------------------------------------------------
