-----------------------------------------------------------
Server listening on 5202 (test #1)
-----------------------------------------------------------
Accepted connection from 10.0.0.1, port 59174
[  5] local 10.0.0.2 port 5202 connected to 10.0.0.1 port 36230
[ ID] Interval           Transfer     Bitrate         Jitter    Lost/Total Datagrams
[  5]   0.00-1.00   sec  3.37 MBytes  28.2 Mbits/sec  3.955 ms  9/2447 (0.37%)  
[  5]   1.00-2.00   sec  3.46 MBytes  29.0 Mbits/sec  0.577 ms  11/2517 (0.44%)  
[  5]   2.00-3.00   sec  3.47 MBytes  29.1 Mbits/sec  3.640 ms  7/2518 (0.28%)  
[  5]   3.00-4.00   sec  3.47 MBytes  29.1 Mbits/sec  0.741 ms  2/2515 (0.08%)  
[  5]   4.00-5.00   sec  3.46 MBytes  29.0 Mbits/sec  2.145 ms  12/2519 (0.48%)  
[  5]   5.00-6.00   sec  3.47 MBytes  29.1 Mbits/sec  0.678 ms  6/2517 (0.24%)  
[  5]   6.00-7.00   sec  3.47 MBytes  29.1 Mbits/sec  0.872 ms  4/2515 (0.16%)  
[  5]   7.00-8.00   sec  3.46 MBytes  29.0 Mbits/sec  1.055 ms  10/2516 (0.4%)  
[  5]   8.00-9.00   sec  3.47 MBytes  29.1 Mbits/sec  0.897 ms  3/2517 (0.12%)  
[  5]   9.00-10.00  sec  3.46 MBytes  29.1 Mbits/sec  0.505 ms  9/2517 (0.36%)  
[  5]  10.00-11.00  sec  3.47 MBytes  29.1 Mbits/sec  3.473 ms  3/2515 (0.12%)  
[  5]  11.00-12.00  sec  3.47 MBytes  29.1 Mbits/sec  1.277 ms  10/2520 (0.4%)  
[  5]  12.00-13.00  sec  3.47 MBytes  29.1 Mbits/sec  1.616 ms  8/2518 (0.32%)  
[  5]  13.00-14.00  sec  3.46 MBytes  29.1 Mbits/sec  1.679 ms  7/2515 (0.28%)  
[  5]  14.00-15.00  sec  3.47 MBytes  29.1 Mbits/sec  1.278 ms  4/2517 (0.16%)  
[  5]  15.00-16.00  sec  3.47 MBytes  29.1 Mbits/sec  0.836 ms  4/2517 (0.16%)  
[  5]  16.00-17.00  sec  3.46 MBytes  29.0 Mbits/sec  1.194 ms  10/2516 (0.4%)  
[  5]  17.00-18.00  sec  3.47 MBytes  29.1 Mbits/sec  0.946 ms  1/2516 (0.04%)  
[  5]  18.00-19.00  sec  3.46 MBytes  29.0 Mbits/sec  2.419 ms  13/2517 (0.52%)  
[  5]  19.00-20.00  sec  3.47 MBytes  29.1 Mbits/sec  0.686 ms  4/2516 (0.16%)  
[  5]  20.00-21.00  sec  3.47 MBytes  29.1 Mbits/sec  2.664 ms  7/2517 (0.28%)  
[  5]  21.00-22.00  sec  3.46 MBytes  29.0 Mbits/sec  0.688 ms  12/2519 (0.48%)  
[  5]  22.00-23.00  sec  3.46 MBytes  29.0 Mbits/sec  1.401 ms  12/2516 (0.48%)  
[  5]  23.00-24.00  sec  3.47 MBytes  29.1 Mbits/sec  0.809 ms  4/2515 (0.16%)  
[  5]  24.00-25.00  sec  3.46 MBytes  29.0 Mbits/sec  1.277 ms  12/2519 (0.48%)  
[  5]  25.00-26.00  sec  3.46 MBytes  29.0 Mbits/sec  2.915 ms  9/2515 (0.36%)  
[  5]  26.00-27.00  sec  3.45 MBytes  29.0 Mbits/sec  0.644 ms  16/2517 (0.64%)  
[  5]  27.00-28.00  sec  3.46 MBytes  29.0 Mbits/sec  3.439 ms  12/2517 (0.48%)  
[  5]  28.00-29.00  sec  3.46 MBytes  29.1 Mbits/sec  0.580 ms  9/2518 (0.36%)  
[  5]  29.00-30.00  sec  3.46 MBytes  29.1 Mbits/sec  2.572 ms  5/2514 (0.2%)  
[  5]  30.00-30.12  sec   255 KBytes  16.7 Mbits/sec  0.518 ms  1/181 (0.55%)  
- - - - - - - - - - - - - - - - - - - - - - - - -
[ ID] Interval           Transfer     Bitrate         Jitter    Lost/Total Datagrams
[SUM]  0.0-30.1 sec  42134 datagrams received out-of-order
[  5]   0.00-30.12  sec   104 MBytes  29.0 Mbits/sec  0.518 ms  236/75613 (0.31%)  receiver
iperf3: interrupt - the server has terminated
-----------------------------------------------------------
Server listening on 5202 (test #2)
-----------------------------------------------------------
