-----------------------------------------------------------
Server listening on 5202 (test #1)
-----------------------------------------------------------
Accepted connection from 10.0.0.1, port 42508
[  5] local 10.0.0.2 port 5202 connected to 10.0.0.1 port 59364
[ ID] Interval           Transfer     Bitrate         Jitter    Lost/Total Datagrams
[  5]   0.00-1.00   sec  3.37 MBytes  28.2 Mbits/sec  2.627 ms  10/2447 (0.41%)  
[  5]   1.00-2.00   sec  3.47 MBytes  29.1 Mbits/sec  0.821 ms  8/2520 (0.32%)  
[  5]   2.00-3.00   sec  3.47 MBytes  29.1 Mbits/sec  0.981 ms  4/2517 (0.16%)  
[  5]   3.00-4.00   sec  3.44 MBytes  28.9 Mbits/sec  6.129 ms  6/2497 (0.24%)  
[  5]   4.00-5.00   sec  3.46 MBytes  29.0 Mbits/sec  0.769 ms  14/2521 (0.56%)  
[  5]   5.00-6.00   sec  3.46 MBytes  29.1 Mbits/sec  3.049 ms  6/2514 (0.24%)  
[  5]   6.00-7.00   sec  3.46 MBytes  29.1 Mbits/sec  0.466 ms  9/2517 (0.36%)  
[  5]   7.00-8.00   sec  3.46 MBytes  29.0 Mbits/sec  0.913 ms  9/2516 (0.36%)  
[  5]   8.00-9.00   sec  3.46 MBytes  29.0 Mbits/sec  0.486 ms  15/2521 (0.6%)  
[  5]   9.00-10.00  sec  3.44 MBytes  28.9 Mbits/sec  2.660 ms  6/2498 (0.24%)  
[  5]  10.00-11.00  sec  3.46 MBytes  29.1 Mbits/sec  2.206 ms  6/2514 (0.24%)  
[  5]  11.00-12.00  sec  3.47 MBytes  29.1 Mbits/sec  2.601 ms  7/2519 (0.28%)  
[  5]  12.00-13.00  sec  3.46 MBytes  29.1 Mbits/sec  1.386 ms  7/2515 (0.28%)  
[  5]  13.00-14.00  sec  3.47 MBytes  29.1 Mbits/sec  3.411 ms  9/2523 (0.36%)  
[  5]  14.00-15.00  sec  3.46 MBytes  29.0 Mbits/sec  1.700 ms  10/2512 (0.4%)  
[  5]  15.00-16.00  sec  3.46 MBytes  29.0 Mbits/sec  2.634 ms  9/2516 (0.36%)  
[  5]  16.00-17.00  sec  3.46 MBytes  29.1 Mbits/sec  1.054 ms  10/2519 (0.4%)  
[  5]  17.00-18.00  sec  3.46 MBytes  29.1 Mbits/sec  1.508 ms  6/2515 (0.24%)  
[  5]  18.00-19.00  sec  3.47 MBytes  29.1 Mbits/sec  0.865 ms  9/2519 (0.36%)  
[  5]  19.00-20.00  sec  3.46 MBytes  29.1 Mbits/sec  2.057 ms  7/2515 (0.28%)  
[  5]  20.00-21.00  sec  3.42 MBytes  28.7 Mbits/sec  3.087 ms  11/2489 (0.44%)  
[  5]  21.00-22.00  sec  3.47 MBytes  29.1 Mbits/sec  0.830 ms  4/2519 (0.16%)  
[  5]  22.00-23.00  sec  3.47 MBytes  29.1 Mbits/sec  2.734 ms  5/2515 (0.2%)  
[  5]  23.00-24.00  sec  3.47 MBytes  29.1 Mbits/sec  0.724 ms  6/2519 (0.24%)  
[  5]  24.00-25.00  sec  3.47 MBytes  29.1 Mbits/sec  2.212 ms  7/2518 (0.28%)  
[  5]  25.00-26.00  sec  3.47 MBytes  29.1 Mbits/sec  1.435 ms  3/2514 (0.12%)  
[  5]  26.00-27.00  sec  3.47 MBytes  29.1 Mbits/sec  1.179 ms  7/2521 (0.28%)  
[  5]  27.00-28.00  sec  3.47 MBytes  29.1 Mbits/sec  0.883 ms  0/2513 (0%)  
[  5]  28.00-29.00  sec  3.46 MBytes  29.0 Mbits/sec  2.943 ms  10/2517 (0.4%)  
[  5]  29.00-30.00  sec  3.47 MBytes  29.1 Mbits/sec  0.747 ms  8/2520 (0.32%)  
[  5]  30.00-30.10  sec   218 KBytes  17.1 Mbits/sec  0.651 ms  18446744073709551614/152 (-1.3%)  
- - - - - - - - - - - - - - - - - - - - - - - - -
[ ID] Interval           Transfer     Bitrate         Jitter    Lost/Total Datagrams
[SUM]  0.0-30.1 sec  42257 datagrams received out-of-order
[  5]   0.00-30.10  sec   104 MBytes  29.0 Mbits/sec  0.651 ms  226/75532 (0.3%)  receiver
iperf3: interrupt - the server has terminated
-----------------------------------------------------------
Server listening on 5202 (test #2)
-----------------------------------------------------------
