-----------------------------------------------------------
Server listening on 5203 (test #1)
-----------------------------------------------------------
Accepted connection from 10.0.0.1, port 48678
[  5] local 10.0.0.2 port 5203 connected to 10.0.0.1 port 55675
[ ID] Interval           Transfer     Bitrate         Jitter    Lost/Total Datagrams
[  5]   0.00-1.00   sec  1.14 MBytes  9.56 Mbits/sec  1.904 ms  5/830 (0.6%)  
[  5]   1.00-2.00   sec  1.15 MBytes  9.65 Mbits/sec  2.275 ms  4/837 (0.48%)  
[  5]   2.00-3.00   sec  1.16 MBytes  9.70 Mbits/sec  2.990 ms  1/838 (0.12%)  
[  5]   3.00-4.00   sec  1.15 MBytes  9.66 Mbits/sec  2.452 ms  4/838 (0.48%)  
[  5]   4.00-5.00   sec  1.15 MBytes  9.68 Mbits/sec  2.042 ms  3/839 (0.36%)  
[  5]   5.00-6.00   sec  1.15 MBytes  9.66 Mbits/sec  2.229 ms  5/839 (0.6%)  
[  5]   6.00-7.00   sec  1.16 MBytes  9.70 Mbits/sec  2.795 ms  2/839 (0.24%)  
[  5]   7.00-8.00   sec  1.15 MBytes  9.67 Mbits/sec  4.214 ms  3/838 (0.36%)  
[  5]   8.00-9.00   sec  1.16 MBytes  9.70 Mbits/sec  1.470 ms  0/837 (0%)  
[  5]   9.00-10.00  sec  1.15 MBytes  9.67 Mbits/sec  2.046 ms  4/839 (0.48%)  
[  5]  10.00-11.00  sec  1.15 MBytes  9.67 Mbits/sec  2.588 ms  3/838 (0.36%)  
[  5]  11.00-12.00  sec  1.15 MBytes  9.65 Mbits/sec  3.492 ms  7/840 (0.83%)  
[  5]  12.00-13.00  sec  1.15 MBytes  9.66 Mbits/sec  1.474 ms  2/836 (0.24%)  
[  5]  13.00-14.00  sec  1.15 MBytes  9.68 Mbits/sec  2.091 ms  3/839 (0.36%)  
[  5]  14.00-15.00  sec  1.16 MBytes  9.70 Mbits/sec  2.783 ms  2/839 (0.24%)  
[  5]  15.00-16.00  sec  1.16 MBytes  9.71 Mbits/sec  3.772 ms  0/838 (0%)  
[  5]  16.00-17.00  sec  1.15 MBytes  9.64 Mbits/sec  2.903 ms  4/836 (0.48%)  
[  5]  17.00-18.00  sec  1.15 MBytes  9.66 Mbits/sec  3.792 ms  5/839 (0.6%)  
[  5]  18.00-19.00  sec  1.16 MBytes  9.70 Mbits/sec  1.361 ms  2/839 (0.24%)  
[  5]  19.00-20.00  sec  1.16 MBytes  9.70 Mbits/sec  1.499 ms  1/838 (0.12%)  
[  5]  20.00-21.00  sec  1.16 MBytes  9.71 Mbits/sec  1.702 ms  0/838 (0%)  
[  5]  21.00-22.00  sec  1.15 MBytes  9.66 Mbits/sec  3.988 ms  4/838 (0.48%)  
[  5]  22.00-23.00  sec  1.15 MBytes  9.67 Mbits/sec  2.533 ms  5/840 (0.6%)  
[  5]  23.00-24.00  sec  1.15 MBytes  9.68 Mbits/sec  8.537 ms  1/837 (0.12%)  
[  5]  24.00-25.00  sec  1.16 MBytes  9.70 Mbits/sec  1.427 ms  1/838 (0.12%)  
[  5]  25.00-26.00  sec  1.15 MBytes  9.65 Mbits/sec  2.077 ms  6/839 (0.72%)  
[  5]  26.00-27.00  sec  1.15 MBytes  9.68 Mbits/sec  2.700 ms  3/839 (0.36%)  
[  5]  27.00-28.00  sec  1.15 MBytes  9.67 Mbits/sec  1.973 ms  3/838 (0.36%)  
[  5]  28.00-29.00  sec  1.15 MBytes  9.66 Mbits/sec  2.686 ms  3/837 (0.36%)  
[  5]  29.00-30.00  sec  1.16 MBytes  9.71 Mbits/sec  3.655 ms  0/838 (0%)  
[  5]  30.00-30.10  sec   122 KBytes  9.55 Mbits/sec  1.837 ms  1/87 (1.1%)  
- - - - - - - - - - - - - - - - - - - - - - - - -
[ ID] Interval           Transfer     Bitrate         Jitter    Lost/Total Datagrams
[SUM]  0.0-30.1 sec  5631 datagrams received out-of-order
[  5]   0.00-30.10  sec  34.7 MBytes  9.67 Mbits/sec  1.837 ms  87/25225 (0.34%)  receiver
iperf3: interrupt - the server has terminated
-----------------------------------------------------------
Server listening on 5203 (test #2)
-----------------------------------------------------------
