-----------------------------------------------------------
Server listening on 5201 (test #1)
-----------------------------------------------------------
Accepted connection from 10.0.0.1, port 36548
[  5] local 10.0.0.2 port 5201 connected to 10.0.0.1 port 59890
[ ID] Interval           Transfer     Bitrate         Jitter    Lost/Total Datagrams
[  5]   0.00-1.00   sec  4.48 MBytes  37.6 Mbits/sec  0.470 ms  7/3249 (0.22%)  
[  5]   1.00-2.00   sec  4.62 MBytes  38.8 Mbits/sec  1.836 ms  15/3363 (0.45%)  
[  5]   2.00-3.00   sec  4.63 MBytes  38.8 Mbits/sec  0.832 ms  2/3352 (0.06%)  
[  5]   3.00-4.00   sec  4.57 MBytes  38.3 Mbits/sec  0.379 ms  10/3318 (0.3%)  
[  5]   4.00-5.00   sec  4.62 MBytes  38.7 Mbits/sec  3.667 ms  9/3351 (0.27%)  
[  5]   5.00-6.00   sec  4.62 MBytes  38.7 Mbits/sec  1.324 ms  13/3356 (0.39%)  
[  5]   6.00-7.00   sec  4.62 MBytes  38.7 Mbits/sec  0.621 ms  11/3355 (0.33%)  
[  5]   7.00-8.00   sec  4.63 MBytes  38.8 Mbits/sec  2.427 ms  5/3355 (0.15%)  
[  5]   8.00-9.00   sec  4.62 MBytes  38.7 Mbits/sec  1.870 ms  10/3353 (0.3%)  
[  5]   9.00-10.00  sec  4.56 MBytes  38.2 Mbits/sec  0.855 ms  13/3313 (0.39%)  
[  5]  10.00-11.00  sec  4.61 MBytes  38.7 Mbits/sec  0.728 ms  17/3354 (0.51%)  
[  5]  11.00-12.00  sec  4.63 MBytes  38.8 Mbits/sec  0.426 ms  6/3357 (0.18%)  
[  5]  12.00-13.00  sec  4.62 MBytes  38.8 Mbits/sec  0.548 ms  10/3359 (0.3%)  
[  5]  13.00-14.00  sec  4.62 MBytes  38.8 Mbits/sec  2.303 ms  7/3355 (0.21%)  
[  5]  14.00-15.00  sec  4.63 MBytes  38.8 Mbits/sec  0.482 ms  7/3358 (0.21%)  
[  5]  15.00-16.00  sec  4.62 MBytes  38.8 Mbits/sec  0.790 ms  7/3354 (0.21%)  
[  5]  16.00-17.00  sec  4.60 MBytes  38.6 Mbits/sec  0.751 ms  19/3352 (0.57%)  
[  5]  17.00-18.00  sec  4.63 MBytes  38.8 Mbits/sec  2.878 ms  5/3357 (0.15%)  
[  5]  18.00-19.00  sec  4.62 MBytes  38.7 Mbits/sec  1.376 ms  12/3357 (0.36%)  
[  5]  19.00-20.00  sec  4.62 MBytes  38.7 Mbits/sec  2.707 ms  11/3354 (0.33%)  
[  5]  20.00-21.00  sec  4.56 MBytes  38.3 Mbits/sec  0.556 ms  9/3312 (0.27%)  
[  5]  21.00-22.00  sec  4.62 MBytes  38.7 Mbits/sec  3.060 ms  12/3354 (0.36%)  
[  5]  22.00-23.00  sec  4.63 MBytes  38.8 Mbits/sec  1.018 ms  7/3357 (0.21%)  
[  5]  23.00-24.00  sec  4.62 MBytes  38.7 Mbits/sec  0.689 ms  10/3354 (0.3%)  
[  5]  24.00-25.00  sec  4.62 MBytes  38.7 Mbits/sec  2.023 ms  15/3359 (0.45%)  
[  5]  25.00-26.00  sec  4.62 MBytes  38.7 Mbits/sec  2.588 ms  11/3354 (0.33%)  
[  5]  26.00-27.00  sec  4.63 MBytes  38.8 Mbits/sec  0.854 ms  6/3356 (0.18%)  
[  5]  27.00-28.00  sec  4.62 MBytes  38.7 Mbits/sec  0.823 ms  9/3353 (0.27%)  
[  5]  28.00-29.00  sec  4.63 MBytes  38.8 Mbits/sec  4.077 ms  8/3358 (0.24%)  
[  5]  29.00-30.00  sec  4.62 MBytes  38.8 Mbits/sec  1.118 ms  7/3356 (0.21%)  
[  5]  30.00-30.10  sec   245 KBytes  19.4 Mbits/sec  0.545 ms  18446744073709551613/170 (-1.8%)  
- - - - - - - - - - - - - - - - - - - - - - - - -
[ ID] Interval           Transfer     Bitrate         Jitter    Lost/Total Datagrams
[SUM]  0.0-30.1 sec  63373 datagrams received out-of-order
[  5]   0.00-30.10  sec   139 MBytes  38.6 Mbits/sec  0.545 ms  287/100605 (0.29%)  receiver
iperf3: interrupt - the server has terminated
-----------------------------------------------------------
Server listening on 5201 (test #2)
-----------------------------------------------------------
