-----------------------------------------------------------
Server listening on 5201 (test #1)
-----------------------------------------------------------
Accepted connection from 10.0.0.1, port 53186
[  5] local 10.0.0.2 port 5201 connected to 10.0.0.1 port 59489
[ ID] Interval           Transfer     Bitrate         Jitter    Lost/Total Datagrams
[  5]   0.00-1.00   sec  3.24 MBytes  27.1 Mbits/sec  1.211 ms  580/2923 (20%)  
[  5]   1.00-2.00   sec  2.42 MBytes  20.3 Mbits/sec  1.873 ms  1693/3447 (49%)  
[  5]   2.00-3.00   sec  2.44 MBytes  20.5 Mbits/sec  1.292 ms  1682/3452 (49%)  
[  5]   3.00-4.00   sec  2.40 MBytes  20.2 Mbits/sec  1.488 ms  1722/3462 (50%)  
[  5]   4.00-5.00   sec  2.40 MBytes  20.1 Mbits/sec  1.074 ms  1710/3448 (50%)  
[  5]   5.00-6.00   sec  2.48 MBytes  20.8 Mbits/sec  1.753 ms  1656/3455 (48%)  
[  5]   6.00-7.00   sec  2.47 MBytes  20.7 Mbits/sec  1.102 ms  1660/3448 (48%)  
[  5]   7.00-8.00   sec  2.46 MBytes  20.6 Mbits/sec  1.273 ms  1678/3456 (49%)  
[  5]   8.00-9.00   sec  2.54 MBytes  21.3 Mbits/sec  1.381 ms  1613/3453 (47%)  
[  5]   9.00-10.00  sec  2.54 MBytes  21.3 Mbits/sec  1.225 ms  1620/3456 (47%)  
[  5]  10.00-11.00  sec  2.51 MBytes  21.1 Mbits/sec  1.070 ms  1633/3451 (47%)  
[  5]  11.00-12.00  sec  2.46 MBytes  20.7 Mbits/sec  1.662 ms  1666/3450 (48%)  
[  5]  12.00-13.00  sec  2.49 MBytes  20.9 Mbits/sec  1.404 ms  1652/3453 (48%)  
[  5]  13.00-14.00  sec  2.45 MBytes  20.6 Mbits/sec  1.267 ms  1680/3456 (49%)  
[  5]  14.00-15.00  sec  2.51 MBytes  21.0 Mbits/sec  1.618 ms  1640/3457 (47%)  
[  5]  15.00-16.00  sec  2.52 MBytes  21.1 Mbits/sec  1.423 ms  1621/3445 (47%)  
[  5]  16.00-17.00  sec  2.42 MBytes  20.3 Mbits/sec  1.167 ms  1710/3461 (49%)  
[  5]  17.00-18.00  sec  2.44 MBytes  20.5 Mbits/sec  1.045 ms  1681/3447 (49%)  
[  5]  18.00-19.00  sec  2.52 MBytes  21.1 Mbits/sec  1.127 ms  1628/3451 (47%)  
[  5]  19.00-20.00  sec  2.47 MBytes  20.7 Mbits/sec  1.141 ms  1666/3457 (48%)  
[  5]  20.00-21.00  sec  2.53 MBytes  21.2 Mbits/sec  1.417 ms  1615/3449 (47%)  
[  5]  21.00-22.00  sec  2.44 MBytes  20.5 Mbits/sec  1.424 ms  1694/3464 (49%)  
[  5]  22.00-23.00  sec  2.48 MBytes  20.8 Mbits/sec  1.194 ms  1648/3447 (48%)  
[  5]  23.00-24.00  sec  2.48 MBytes  20.8 Mbits/sec  1.437 ms  1661/3459 (48%)  
[  5]  24.00-25.00  sec  2.47 MBytes  20.7 Mbits/sec  1.385 ms  1656/3443 (48%)  
[  5]  25.00-26.00  sec  2.49 MBytes  20.9 Mbits/sec  1.306 ms  1654/3456 (48%)  
[  5]  26.00-27.00  sec  2.50 MBytes  20.9 Mbits/sec  1.492 ms  1648/3455 (48%)  
[  5]  27.00-28.00  sec  2.44 MBytes  20.5 Mbits/sec  1.445 ms  1679/3448 (49%)  
[  5]  28.00-29.00  sec  2.55 MBytes  21.4 Mbits/sec  1.570 ms  1615/3461 (47%)  
[  5]  29.00-30.00  sec  2.41 MBytes  20.2 Mbits/sec  1.390 ms  1706/3451 (49%)  
[  5]  30.00-30.15  sec   423 KBytes  22.5 Mbits/sec  1.299 ms  228/527 (43%)  
- - - - - - - - - - - - - - - - - - - - - - - - -
[ ID] Interval           Transfer     Bitrate         Jitter    Lost/Total Datagrams
[SUM]  0.0-30.2 sec  28935 datagrams received out-of-order
[  5]   0.00-30.15  sec  75.4 MBytes  21.0 Mbits/sec  1.299 ms  48995/103588 (47%)  receiver
iperf3: interrupt - the server has terminated
-----------------------------------------------------------
Server listening on 5201 (test #2)
-----------------------------------------------------------
