-----------------------------------------------------------
Server listening on 5202 (test #1)
-----------------------------------------------------------
Accepted connection from 10.0.0.1, port 59394
[  5] local 10.0.0.2 port 5202 connected to 10.0.0.1 port 48357
[ ID] Interval           Transfer     Bitrate         Jitter    Lost/Total Datagrams
[  5]   0.00-1.00   sec  3.92 MBytes  32.9 Mbits/sec  1.350 ms  76/2913 (2.6%)  
[  5]   1.00-2.00   sec  4.61 MBytes  38.7 Mbits/sec  1.433 ms  111/3450 (3.2%)  
[  5]   2.00-3.00   sec  4.59 MBytes  38.5 Mbits/sec  1.566 ms  133/3457 (3.8%)  
[  5]   3.00-4.00   sec  4.62 MBytes  38.7 Mbits/sec  1.365 ms  108/3451 (3.1%)  
[  5]   4.00-5.00   sec  4.58 MBytes  38.4 Mbits/sec  1.511 ms  133/3449 (3.9%)  
[  5]   5.00-6.00   sec  4.58 MBytes  38.4 Mbits/sec  1.555 ms  143/3460 (4.1%)  
[  5]   6.00-7.00   sec  4.56 MBytes  38.3 Mbits/sec  1.429 ms  146/3449 (4.2%)  
[  5]   7.00-8.00   sec  4.54 MBytes  38.1 Mbits/sec  1.240 ms  164/3455 (4.7%)  
[  5]   8.00-9.00   sec  4.58 MBytes  38.4 Mbits/sec  1.436 ms  134/3450 (3.9%)  
[  5]   9.00-10.00  sec  4.55 MBytes  38.2 Mbits/sec  1.498 ms  164/3461 (4.7%)  
[  5]  10.00-11.00  sec  4.54 MBytes  38.1 Mbits/sec  0.931 ms  158/3444 (4.6%)  
[  5]  11.00-12.00  sec  4.59 MBytes  38.5 Mbits/sec  1.118 ms  134/3458 (3.9%)  
[  5]  12.00-13.00  sec  4.54 MBytes  38.1 Mbits/sec  1.446 ms  169/3458 (4.9%)  
[  5]  13.00-14.00  sec  4.55 MBytes  38.2 Mbits/sec  1.487 ms  148/3444 (4.3%)  
[  5]  14.00-15.00  sec  4.54 MBytes  38.1 Mbits/sec  1.149 ms  165/3455 (4.8%)  
[  5]  15.00-16.00  sec  4.56 MBytes  38.2 Mbits/sec  1.082 ms  157/3456 (4.5%)  
[  5]  16.00-17.00  sec  4.62 MBytes  38.7 Mbits/sec  1.273 ms  112/3454 (3.2%)  
[  5]  17.00-18.00  sec  4.56 MBytes  38.2 Mbits/sec  1.816 ms  152/3452 (4.4%)  
[  5]  18.00-19.00  sec  4.54 MBytes  38.1 Mbits/sec  1.236 ms  163/3452 (4.7%)  
[  5]  19.00-20.00  sec  4.54 MBytes  38.1 Mbits/sec  1.284 ms  165/3454 (4.8%)  
[  5]  20.00-21.00  sec  4.53 MBytes  38.0 Mbits/sec  1.261 ms  179/3456 (5.2%)  
[  5]  21.00-22.00  sec  4.58 MBytes  38.4 Mbits/sec  1.592 ms  127/3446 (3.7%)  
[  5]  22.00-23.00  sec  4.54 MBytes  38.1 Mbits/sec  1.811 ms  165/3455 (4.8%)  
[  5]  23.00-24.00  sec  4.55 MBytes  38.1 Mbits/sec  1.418 ms  159/3453 (4.6%)  
[  5]  24.00-25.00  sec  4.57 MBytes  38.3 Mbits/sec  1.472 ms  145/3454 (4.2%)  
[  5]  25.00-26.00  sec  4.55 MBytes  38.2 Mbits/sec  1.121 ms  155/3451 (4.5%)  
[  5]  26.00-27.00  sec  4.55 MBytes  38.1 Mbits/sec  1.267 ms  159/3451 (4.6%)  
[  5]  27.00-28.00  sec  4.61 MBytes  38.7 Mbits/sec  1.620 ms  118/3454 (3.4%)  
[  5]  28.00-29.00  sec  4.50 MBytes  37.7 Mbits/sec  1.001 ms  195/3453 (5.6%)  
[  5]  29.00-30.00  sec  4.60 MBytes  38.6 Mbits/sec  1.266 ms  123/3455 (3.6%)  
[  5]  30.00-30.16  sec   723 KBytes  37.6 Mbits/sec  1.108 ms  27/538 (5%)  
- - - - - - - - - - - - - - - - - - - - - - - - -
[ ID] Interval           Transfer     Bitrate         Jitter    Lost/Total Datagrams
[SUM]  0.0-30.2 sec  66463 datagrams received out-of-order
[  5]   0.00-30.16  sec   137 MBytes  38.1 Mbits/sec  1.108 ms  4387/103588 (4.2%)  receiver
iperf3: interrupt - the server has terminated
-----------------------------------------------------------
Server listening on 5202 (test #2)
-----------------------------------------------------------
