-----------------------------------------------------------
Server listening on 5201 (test #1)
-----------------------------------------------------------
Accepted connection from 10.0.0.1, port 56586
[  5] local 10.0.0.2 port 5201 connected to 10.0.0.1 port 39520
[ ID] Interval           Transfer     Bitrate         Jitter    Lost/Total Datagrams
[  5]   0.00-1.00   sec  2.93 MBytes  24.6 Mbits/sec  1.198 ms  468/2592 (18%)  
[  5]   1.00-2.00   sec  2.41 MBytes  20.2 Mbits/sec  1.031 ms  1706/3454 (49%)  
[  5]   2.00-3.00   sec  2.41 MBytes  20.2 Mbits/sec  1.682 ms  1709/3456 (49%)  
[  5]   3.00-4.00   sec  2.51 MBytes  21.0 Mbits/sec  1.140 ms  1630/3448 (47%)  
[  5]   4.00-5.00   sec  2.44 MBytes  20.5 Mbits/sec  1.335 ms  1694/3462 (49%)  
[  5]   5.00-6.00   sec  2.49 MBytes  20.9 Mbits/sec  1.528 ms  1646/3449 (48%)  
[  5]   6.00-7.00   sec  2.46 MBytes  20.6 Mbits/sec  1.258 ms  1560/3342 (47%)  
[  5]   7.00-8.00   sec  2.48 MBytes  20.8 Mbits/sec  1.433 ms  1774/3568 (50%)  
[  5]   8.00-9.00   sec  2.49 MBytes  20.9 Mbits/sec  1.503 ms  1642/3445 (48%)  
[  5]   9.00-10.00  sec  2.61 MBytes  21.9 Mbits/sec  1.631 ms  1564/3457 (45%)  
[  5]  10.00-11.00  sec  2.53 MBytes  21.2 Mbits/sec  1.363 ms  1625/3454 (47%)  
[  5]  11.00-12.00  sec  2.43 MBytes  20.4 Mbits/sec  1.586 ms  1685/3445 (49%)  
[  5]  12.00-13.00  sec  2.52 MBytes  21.1 Mbits/sec  1.289 ms  1630/3453 (47%)  
[  5]  13.00-14.00  sec  2.56 MBytes  21.5 Mbits/sec  1.478 ms  1609/3463 (46%)  
[  5]  14.00-15.00  sec  2.54 MBytes  21.3 Mbits/sec  1.338 ms  1608/3447 (47%)  
[  5]  15.00-16.00  sec  2.63 MBytes  22.1 Mbits/sec  1.401 ms  1544/3449 (45%)  
[  5]  16.00-17.00  sec  2.70 MBytes  22.7 Mbits/sec  1.134 ms  1495/3453 (43%)  
[  5]  17.00-18.00  sec  2.47 MBytes  20.7 Mbits/sec  1.213 ms  1679/3467 (48%)  
[  5]  18.00-19.00  sec  2.47 MBytes  20.7 Mbits/sec  1.875 ms  1656/3447 (48%)  
[  5]  19.00-20.00  sec  2.51 MBytes  21.1 Mbits/sec  1.754 ms  1638/3456 (47%)  
[  5]  20.00-21.00  sec  2.47 MBytes  20.7 Mbits/sec  1.623 ms  1669/3456 (48%)  
[  5]  21.00-22.00  sec  2.54 MBytes  21.3 Mbits/sec  1.469 ms  1601/3442 (47%)  
[  5]  22.00-23.00  sec  2.52 MBytes  21.2 Mbits/sec  1.415 ms  1627/3455 (47%)  
[  5]  23.00-24.00  sec  2.69 MBytes  22.6 Mbits/sec  1.107 ms  1502/3453 (43%)  
[  5]  24.00-25.00  sec  2.49 MBytes  20.9 Mbits/sec  1.239 ms  1649/3455 (48%)  
[  5]  25.00-26.00  sec  2.49 MBytes  20.9 Mbits/sec  1.671 ms  1658/3458 (48%)  
[  5]  26.00-27.00  sec  2.50 MBytes  20.9 Mbits/sec  1.184 ms  1637/3445 (48%)  
[  5]  27.00-28.00  sec  2.54 MBytes  21.3 Mbits/sec  1.501 ms  1615/3452 (47%)  
[  5]  28.00-29.00  sec  2.58 MBytes  21.6 Mbits/sec  1.435 ms  1594/3461 (46%)  
[  5]  29.00-30.00  sec  2.62 MBytes  22.0 Mbits/sec  1.323 ms  1550/3449 (45%)  
[  5]  30.00-30.19  sec   865 KBytes  36.4 Mbits/sec  2.035 ms  241/853 (28%)  
- - - - - - - - - - - - - - - - - - - - - - - - -
[ ID] Interval           Transfer     Bitrate         Jitter    Lost/Total Datagrams
[SUM]  0.0-30.2 sec  30334 datagrams received out-of-order
[  5]   0.00-30.19  sec  76.9 MBytes  21.4 Mbits/sec  2.035 ms  47905/103586 (46%)  receiver
iperf3: interrupt - the server has terminated
-----------------------------------------------------------
Server listening on 5201 (test #2)
-----------------------------------------------------------
