-----------------------------------------------------------
Server listening on 5203 (test #1)
-----------------------------------------------------------
Accepted connection from 10.0.0.1, port 59970
[  5] local 10.0.0.2 port 5203 connected to 10.0.0.1 port 56811
[ ID] Interval           Transfer     Bitrate         Jitter    Lost/Total Datagrams
[  5]   0.00-1.00   sec  3.95 MBytes  33.1 Mbits/sec  1.402 ms  63/2921 (2.2%)  
[  5]   1.00-2.00   sec  4.46 MBytes  37.4 Mbits/sec  1.114 ms  223/3451 (6.5%)  
[  5]   2.00-3.00   sec  4.23 MBytes  35.5 Mbits/sec  1.091 ms  390/3454 (11%)  
[  5]   3.00-4.00   sec  4.37 MBytes  36.7 Mbits/sec  1.443 ms  284/3452 (8.2%)  
[  5]   4.00-5.00   sec  4.44 MBytes  37.3 Mbits/sec  1.349 ms  236/3453 (6.8%)  
[  5]   5.00-6.00   sec  4.41 MBytes  36.9 Mbits/sec  1.456 ms  270/3460 (7.8%)  
[  5]   6.00-7.00   sec  4.25 MBytes  35.7 Mbits/sec  1.127 ms  255/3334 (7.6%)  
[  5]   7.00-8.00   sec  4.39 MBytes  36.9 Mbits/sec  0.893 ms  382/3564 (11%)  
[  5]   8.00-9.00   sec  4.43 MBytes  37.1 Mbits/sec  1.316 ms  252/3457 (7.3%)  
[  5]   9.00-10.00  sec  4.32 MBytes  36.2 Mbits/sec  1.444 ms  328/3454 (9.5%)  
[  5]  10.00-11.00  sec  4.36 MBytes  36.6 Mbits/sec  0.939 ms  290/3449 (8.4%)  
[  5]  11.00-12.00  sec  4.45 MBytes  37.4 Mbits/sec  1.807 ms  232/3458 (6.7%)  
[  5]  12.00-13.00  sec  4.41 MBytes  37.0 Mbits/sec  1.651 ms  256/3452 (7.4%)  
[  5]  13.00-14.00  sec  4.32 MBytes  36.2 Mbits/sec  1.262 ms  325/3452 (9.4%)  
[  5]  14.00-15.00  sec  4.37 MBytes  36.7 Mbits/sec  1.685 ms  287/3454 (8.3%)  
[  5]  15.00-16.00  sec  4.06 MBytes  34.0 Mbits/sec  1.582 ms  504/3442 (15%)  
[  5]  16.00-17.00  sec  4.27 MBytes  35.8 Mbits/sec  1.160 ms  367/3456 (11%)  
[  5]  17.00-18.00  sec  4.41 MBytes  37.0 Mbits/sec  1.423 ms  267/3458 (7.7%)  
[  5]  18.00-19.00  sec  4.42 MBytes  37.0 Mbits/sec  1.517 ms  258/3456 (7.5%)  
[  5]  19.00-20.00  sec  4.38 MBytes  36.8 Mbits/sec  1.496 ms  278/3451 (8.1%)  
[  5]  20.00-21.00  sec  4.16 MBytes  34.9 Mbits/sec  1.646 ms  444/3456 (13%)  
[  5]  21.00-22.00  sec  4.41 MBytes  37.0 Mbits/sec  1.256 ms  253/3445 (7.3%)  
[  5]  22.00-23.00  sec  4.39 MBytes  36.9 Mbits/sec  1.356 ms  278/3460 (8%)  
[  5]  23.00-24.00  sec  4.30 MBytes  36.1 Mbits/sec  1.640 ms  342/3456 (9.9%)  
[  5]  24.00-25.00  sec  4.42 MBytes  37.1 Mbits/sec  1.515 ms  247/3450 (7.2%)  
[  5]  25.00-26.00  sec  4.22 MBytes  35.4 Mbits/sec  1.310 ms  394/3449 (11%)  
[  5]  26.00-27.00  sec  4.40 MBytes  36.9 Mbits/sec  1.469 ms  264/3453 (7.6%)  
[  5]  27.00-28.00  sec  4.37 MBytes  36.7 Mbits/sec  1.591 ms  294/3460 (8.5%)  
[  5]  28.00-29.00  sec  4.19 MBytes  35.2 Mbits/sec  1.171 ms  411/3446 (12%)  
[  5]  29.00-30.00  sec  4.16 MBytes  34.9 Mbits/sec  1.670 ms  445/3460 (13%)  
[  5]  30.00-30.16  sec   706 KBytes  37.3 Mbits/sec  1.090 ms  27/526 (5.1%)  
- - - - - - - - - - - - - - - - - - - - - - - - -
[ ID] Interval           Transfer     Bitrate         Jitter    Lost/Total Datagrams
[SUM]  0.0-30.2 sec  63137 datagrams received out-of-order
[  5]   0.00-30.16  sec   130 MBytes  36.3 Mbits/sec  1.090 ms  9146/103589 (8.8%)  receiver
iperf3: interrupt - the server has terminated
-----------------------------------------------------------
Server listening on 5203 (test #2)
-----------------------------------------------------------
