-----------------------------------------------------------
Server listening on 5202 (test #1)
-----------------------------------------------------------
Accepted connection from 10.0.0.1, port 40198
[  5] local 10.0.0.2 port 5202 connected to 10.0.0.1 port 36689
[ ID] Interval           Transfer     Bitrate         Jitter    Lost/Total Datagrams
[  5]   0.00-1.00   sec  4.00 MBytes  33.5 Mbits/sec  1.192 ms  23/2919 (0.79%)  
[  5]   1.00-2.00   sec  4.68 MBytes  39.3 Mbits/sec  1.436 ms  60/3449 (1.7%)  
[  5]   2.00-3.00   sec  4.56 MBytes  38.3 Mbits/sec  1.166 ms  152/3456 (4.4%)  
[  5]   3.00-4.00   sec  4.65 MBytes  39.0 Mbits/sec  1.457 ms  76/3446 (2.2%)  
[  5]   4.00-5.00   sec  4.66 MBytes  39.1 Mbits/sec  1.410 ms  85/3456 (2.5%)  
[  5]   5.00-6.00   sec  4.66 MBytes  39.1 Mbits/sec  1.317 ms  81/3458 (2.3%)  
[  5]   6.00-7.00   sec  4.46 MBytes  37.4 Mbits/sec  1.355 ms  104/3337 (3.1%)  
[  5]   7.00-8.00   sec  4.68 MBytes  39.3 Mbits/sec  1.367 ms  174/3566 (4.9%)  
[  5]   8.00-9.00   sec  4.63 MBytes  38.8 Mbits/sec  1.397 ms  102/3453 (3%)  
[  5]   9.00-10.00  sec  4.60 MBytes  38.6 Mbits/sec  1.379 ms  123/3456 (3.6%)  
[  5]  10.00-11.00  sec  4.49 MBytes  37.7 Mbits/sec  1.596 ms  199/3452 (5.8%)  
[  5]  11.00-12.00  sec  4.67 MBytes  39.1 Mbits/sec  1.308 ms  73/3452 (2.1%)  
[  5]  12.00-13.00  sec  4.61 MBytes  38.7 Mbits/sec  1.166 ms  111/3451 (3.2%)  
[  5]  13.00-14.00  sec  4.65 MBytes  39.0 Mbits/sec  1.357 ms  86/3455 (2.5%)  
[  5]  14.00-15.00  sec  4.63 MBytes  38.8 Mbits/sec  1.475 ms  101/3454 (2.9%)  
[  5]  15.00-16.00  sec  4.12 MBytes  34.5 Mbits/sec  0.770 ms  461/3443 (13%)  
[  5]  16.00-17.00  sec  4.43 MBytes  37.2 Mbits/sec  1.397 ms  252/3461 (7.3%)  
[  5]  17.00-18.00  sec  4.67 MBytes  39.2 Mbits/sec  1.295 ms  70/3453 (2%)  
[  5]  18.00-19.00  sec  4.65 MBytes  39.0 Mbits/sec  1.104 ms  84/3450 (2.4%)  
[  5]  19.00-20.00  sec  4.66 MBytes  39.1 Mbits/sec  1.787 ms  85/3458 (2.5%)  
[  5]  20.00-21.00  sec  4.51 MBytes  37.8 Mbits/sec  1.523 ms  191/3454 (5.5%)  
[  5]  21.00-22.00  sec  4.57 MBytes  38.4 Mbits/sec  1.156 ms  139/3451 (4%)  
[  5]  22.00-23.00  sec  4.63 MBytes  38.9 Mbits/sec  1.552 ms  95/3451 (2.8%)  
[  5]  23.00-24.00  sec  4.53 MBytes  38.0 Mbits/sec  1.207 ms  178/3457 (5.1%)  
[  5]  24.00-25.00  sec  4.62 MBytes  38.8 Mbits/sec  1.527 ms  104/3452 (3%)  
[  5]  25.00-26.00  sec  4.48 MBytes  37.6 Mbits/sec  1.023 ms  202/3448 (5.9%)  
[  5]  26.00-27.00  sec  4.62 MBytes  38.8 Mbits/sec  1.556 ms  109/3458 (3.2%)  
[  5]  27.00-28.00  sec  4.64 MBytes  38.9 Mbits/sec  1.260 ms  91/3451 (2.6%)  
[  5]  28.00-29.00  sec  4.41 MBytes  37.0 Mbits/sec  1.570 ms  267/3457 (7.7%)  
[  5]  29.00-30.00  sec  4.41 MBytes  37.0 Mbits/sec  1.431 ms  253/3449 (7.3%)  
[  5]  30.00-30.15  sec   704 KBytes  37.3 Mbits/sec  1.371 ms  32/530 (6%)  
- - - - - - - - - - - - - - - - - - - - - - - - -
[ ID] Interval           Transfer     Bitrate         Jitter    Lost/Total Datagrams
[SUM]  0.0-30.2 sec  67260 datagrams received out-of-order
[  5]   0.00-30.15  sec   137 MBytes  38.2 Mbits/sec  1.371 ms  4163/103583 (4%)  receiver
iperf3: interrupt - the server has terminated
-----------------------------------------------------------
Server listening on 5202 (test #2)
-----------------------------------------------------------
