-----------------------------------------------------------
Server listening on 5203 (test #1)
-----------------------------------------------------------
Accepted connection from 10.0.0.1, port 34502
[  5] local 10.0.0.2 port 5203 connected to 10.0.0.1 port 58157
[ ID] Interval           Transfer     Bitrate         Jitter    Lost/Total Datagrams
[  5]   0.00-1.00   sec  1.35 MBytes  11.3 Mbits/sec  1.356 ms  3183/4159 (77%)  
[  5]   1.00-2.00   sec  1.15 MBytes  9.65 Mbits/sec  1.171 ms  3470/4303 (81%)  
[  5]   2.00-3.00   sec  1.16 MBytes  9.70 Mbits/sec  1.103 ms  3475/4312 (81%)  
[  5]   3.00-4.00   sec  1.15 MBytes  9.67 Mbits/sec  1.291 ms  3490/4325 (81%)  
[  5]   4.00-5.00   sec  1.15 MBytes  9.65 Mbits/sec  0.907 ms  3487/4320 (81%)  
[  5]   5.00-6.00   sec  1.15 MBytes  9.68 Mbits/sec  1.133 ms  3472/4308 (81%)  
[  5]   6.00-7.00   sec  1.15 MBytes  9.68 Mbits/sec  1.195 ms  3485/4321 (81%)  
[  5]   7.00-8.00   sec  1.15 MBytes  9.68 Mbits/sec  1.408 ms  3484/4320 (81%)  
[  5]   8.00-9.00   sec  1.15 MBytes  9.65 Mbits/sec  0.764 ms  3479/4312 (81%)  
[  5]   9.00-10.00  sec  1.15 MBytes  9.68 Mbits/sec  1.238 ms  3485/4321 (81%)  
[  5]  10.00-11.00  sec  1.15 MBytes  9.66 Mbits/sec  1.130 ms  3478/4312 (81%)  
[  5]  11.00-12.00  sec  1.15 MBytes  9.68 Mbits/sec  1.243 ms  3476/4312 (81%)  
[  5]  12.00-13.00  sec  1.15 MBytes  9.69 Mbits/sec  1.244 ms  3481/4317 (81%)  
[  5]  13.00-14.00  sec  1.15 MBytes  9.67 Mbits/sec  1.297 ms  3485/4320 (81%)  
[  5]  14.00-15.00  sec  1.15 MBytes  9.67 Mbits/sec  1.006 ms  3486/4321 (81%)  
[  5]  15.00-16.00  sec  1.15 MBytes  9.64 Mbits/sec  1.225 ms  3475/4307 (81%)  
[  5]  16.00-17.01  sec  1.14 MBytes  9.49 Mbits/sec  2.124 ms  3450/4278 (81%)  
[  5]  17.01-18.00  sec  1.16 MBytes  9.86 Mbits/sec  0.968 ms  3517/4359 (81%)  
[  5]  18.00-19.00  sec  1.16 MBytes  9.71 Mbits/sec  1.441 ms  3483/4321 (81%)  
[  5]  19.00-20.00  sec  1.15 MBytes  9.65 Mbits/sec  1.316 ms  3483/4316 (81%)  
[  5]  20.00-21.00  sec  1.16 MBytes  9.69 Mbits/sec  1.213 ms  3479/4316 (81%)  
[  5]  21.00-22.00  sec  1.15 MBytes  9.66 Mbits/sec  1.205 ms  3479/4313 (81%)  
[  5]  22.00-23.00  sec  1.15 MBytes  9.68 Mbits/sec  1.383 ms  3484/4320 (81%)  
[  5]  23.00-24.00  sec  1.15 MBytes  9.64 Mbits/sec  1.361 ms  3480/4312 (81%)  
[  5]  24.00-25.00  sec  1.16 MBytes  9.70 Mbits/sec  1.315 ms  3483/4320 (81%)  
[  5]  25.00-26.00  sec  1.16 MBytes  9.70 Mbits/sec  1.302 ms  3471/4308 (81%)  
[  5]  26.00-27.00  sec  1.15 MBytes  9.68 Mbits/sec  1.127 ms  3493/4329 (81%)  
[  5]  27.00-28.00  sec  1.15 MBytes  9.67 Mbits/sec  1.117 ms  3477/4312 (81%)  
[  5]  28.00-29.00  sec  1.15 MBytes  9.66 Mbits/sec  1.069 ms  3479/4313 (81%)  
[  5]  29.00-30.00  sec  1.15 MBytes  9.65 Mbits/sec  1.490 ms  3483/4316 (81%)  
[  5]  30.00-30.04  sec  43.8 KBytes  9.63 Mbits/sec  1.025 ms  129/160 (81%)  
- - - - - - - - - - - - - - - - - - - - - - - - -
[ ID] Interval           Transfer     Bitrate         Jitter    Lost/Total Datagrams
[SUM]  0.0-30.0 sec  6205 datagrams received out-of-order
[  5]   0.00-30.04  sec  34.8 MBytes  9.73 Mbits/sec  1.025 ms  104261/129483 (81%)  receiver
iperf3: interrupt - the server has terminated
-----------------------------------------------------------
Server listening on 5203 (test #2)
-----------------------------------------------------------
