-----------------------------------------------------------
Server listening on 5202 (test #1)
-----------------------------------------------------------
Accepted connection from 10.0.0.1, port 39394
[  5] local 10.0.0.2 port 5202 connected to 10.0.0.1 port 48798
[ ID] Interval           Transfer     Bitrate         Jitter    Lost/Total Datagrams
[  5]   0.00-1.00   sec  3.45 MBytes  28.9 Mbits/sec  0.954 ms  1657/4156 (40%)  
[  5]   1.00-2.00   sec  3.43 MBytes  28.8 Mbits/sec  1.104 ms  1831/4317 (42%)  
[  5]   2.00-3.00   sec  3.46 MBytes  29.0 Mbits/sec  1.531 ms  1810/4316 (42%)  
[  5]   3.00-4.00   sec  3.47 MBytes  29.1 Mbits/sec  1.161 ms  1811/4324 (42%)  
[  5]   4.00-5.00   sec  3.46 MBytes  29.0 Mbits/sec  0.893 ms  1806/4308 (42%)  
[  5]   5.00-6.00   sec  3.47 MBytes  29.1 Mbits/sec  1.767 ms  1806/4319 (42%)  
[  5]   6.00-7.00   sec  3.47 MBytes  29.1 Mbits/sec  1.526 ms  1811/4323 (42%)  
[  5]   7.00-8.00   sec  3.46 MBytes  29.1 Mbits/sec  1.281 ms  1803/4312 (42%)  
[  5]   8.00-9.00   sec  3.46 MBytes  29.0 Mbits/sec  1.204 ms  1802/4307 (42%)  
[  5]   9.00-10.00  sec  3.47 MBytes  29.1 Mbits/sec  1.214 ms  1819/4330 (42%)  
[  5]  10.00-11.00  sec  3.46 MBytes  29.1 Mbits/sec  1.280 ms  1799/4307 (42%)  
[  5]  11.00-12.00  sec  3.47 MBytes  29.1 Mbits/sec  1.066 ms  1812/4323 (42%)  
[  5]  12.00-13.00  sec  3.46 MBytes  29.0 Mbits/sec  1.297 ms  1813/4316 (42%)  
[  5]  13.00-14.00  sec  3.47 MBytes  29.1 Mbits/sec  1.146 ms  1804/4314 (42%)  
[  5]  14.00-15.00  sec  3.47 MBytes  29.1 Mbits/sec  1.381 ms  1803/4313 (42%)  
[  5]  15.00-16.00  sec  3.46 MBytes  29.1 Mbits/sec  1.356 ms  1811/4319 (42%)  
[  5]  16.00-17.00  sec  3.42 MBytes  28.7 Mbits/sec  1.318 ms  1785/4260 (42%)  
[  5]  17.00-18.00  sec  3.45 MBytes  28.9 Mbits/sec  1.098 ms  1866/4365 (43%)  
[  5]  18.00-19.00  sec  3.47 MBytes  29.1 Mbits/sec  1.085 ms  1810/4323 (42%)  
[  5]  19.00-20.00  sec  3.47 MBytes  29.1 Mbits/sec  1.236 ms  1803/4316 (42%)  
[  5]  20.00-21.00  sec  3.46 MBytes  29.1 Mbits/sec  1.249 ms  1805/4314 (42%)  
[  5]  21.00-22.00  sec  3.47 MBytes  29.1 Mbits/sec  1.202 ms  1803/4319 (42%)  
[  5]  22.00-23.00  sec  3.47 MBytes  29.1 Mbits/sec  1.297 ms  1801/4313 (42%)  
[  5]  23.00-24.00  sec  3.46 MBytes  29.1 Mbits/sec  1.098 ms  1814/4322 (42%)  
[  5]  24.00-25.00  sec  3.46 MBytes  29.0 Mbits/sec  1.175 ms  1810/4315 (42%)  
[  5]  25.00-26.00  sec  3.47 MBytes  29.1 Mbits/sec  1.228 ms  1802/4315 (42%)  
[  5]  26.00-27.00  sec  3.47 MBytes  29.1 Mbits/sec  1.431 ms  1809/4322 (42%)  
[  5]  27.00-28.00  sec  3.46 MBytes  29.1 Mbits/sec  1.199 ms  1805/4313 (42%)  
[  5]  28.00-29.00  sec  3.46 MBytes  29.1 Mbits/sec  1.164 ms  1807/4316 (42%)  
[  5]  29.00-30.00  sec  3.45 MBytes  29.0 Mbits/sec  1.421 ms  1811/4312 (42%)  
[  5]  30.00-30.04  sec   129 KBytes  28.0 Mbits/sec  1.098 ms  62/153 (41%)  
- - - - - - - - - - - - - - - - - - - - - - - - -
[ ID] Interval           Transfer     Bitrate         Jitter    Lost/Total Datagrams
[SUM]  0.0-30.0 sec  43517 datagrams received out-of-order
[  5]   0.00-30.04  sec   104 MBytes  29.0 Mbits/sec  1.098 ms  54191/129482 (42%)  receiver
iperf3: interrupt - the server has terminated
-----------------------------------------------------------
Server listening on 5202 (test #2)
-----------------------------------------------------------
