-----------------------------------------------------------
Server listening on 5202 (test #1)
-----------------------------------------------------------
Accepted connection from 10.0.0.1, port 48270
[  5] local 10.0.0.2 port 5202 connected to 10.0.0.1 port 45238
[ ID] Interval           Transfer     Bitrate         Jitter    Lost/Total Datagrams
[  5]   0.00-1.00   sec  3.95 MBytes  33.1 Mbits/sec  1.509 ms  63/2922 (2.2%)  
[  5]   1.00-2.00   sec  4.47 MBytes  37.5 Mbits/sec  1.244 ms  219/3455 (6.3%)  
[  5]   2.00-3.00   sec  4.44 MBytes  37.2 Mbits/sec  1.213 ms  242/3454 (7%)  
[  5]   3.00-4.00   sec  4.34 MBytes  36.4 Mbits/sec  1.278 ms  215/3360 (6.4%)  
[  5]   4.00-5.00   sec  4.35 MBytes  36.5 Mbits/sec  1.306 ms  401/3550 (11%)  
[  5]   5.00-6.00   sec  4.47 MBytes  37.5 Mbits/sec  1.342 ms  204/3441 (5.9%)  
[  5]   6.00-7.00   sec  4.42 MBytes  37.1 Mbits/sec  1.288 ms  257/3459 (7.4%)  
[  5]   7.00-8.00   sec  4.46 MBytes  37.5 Mbits/sec  1.481 ms  222/3455 (6.4%)  
[  5]   8.00-9.00   sec  4.38 MBytes  36.8 Mbits/sec  1.277 ms  279/3454 (8.1%)  
[  5]   9.00-10.00  sec  4.28 MBytes  35.9 Mbits/sec  1.281 ms  351/3451 (10%)  
[  5]  10.00-11.00  sec  4.45 MBytes  37.3 Mbits/sec  1.729 ms  230/3454 (6.7%)  
[  5]  11.00-12.00  sec  4.45 MBytes  37.4 Mbits/sec  1.428 ms  226/3451 (6.5%)  
[  5]  12.00-13.00  sec  4.48 MBytes  37.6 Mbits/sec  1.472 ms  217/3463 (6.3%)  
[  5]  13.00-14.00  sec  4.08 MBytes  34.2 Mbits/sec  1.635 ms  494/3448 (14%)  
[  5]  14.00-15.00  sec  4.40 MBytes  36.9 Mbits/sec  1.334 ms  259/3448 (7.5%)  
[  5]  15.00-16.00  sec  4.46 MBytes  37.4 Mbits/sec  1.056 ms  229/3456 (6.6%)  
[  5]  16.00-17.00  sec  4.50 MBytes  37.7 Mbits/sec  1.175 ms  199/3457 (5.8%)  
[  5]  17.00-18.00  sec  4.34 MBytes  36.4 Mbits/sec  1.428 ms  304/3449 (8.8%)  
[  5]  18.00-19.00  sec  4.49 MBytes  37.7 Mbits/sec  1.191 ms  200/3453 (5.8%)  
[  5]  19.00-20.00  sec  4.46 MBytes  37.4 Mbits/sec  1.341 ms  220/3452 (6.4%)  
[  5]  20.00-21.00  sec  4.45 MBytes  37.3 Mbits/sec  1.415 ms  234/3454 (6.8%)  
[  5]  21.00-22.00  sec  4.30 MBytes  36.1 Mbits/sec  1.396 ms  216/3329 (6.5%)  
[  5]  22.00-23.00  sec  4.48 MBytes  37.6 Mbits/sec  1.409 ms  332/3574 (9.3%)  
[  5]  23.00-24.00  sec  4.45 MBytes  37.3 Mbits/sec  1.491 ms  232/3455 (6.7%)  
[  5]  24.00-25.00  sec  4.39 MBytes  36.8 Mbits/sec  1.216 ms  275/3453 (8%)  
[  5]  25.00-26.00  sec  4.47 MBytes  37.5 Mbits/sec  1.441 ms  215/3453 (6.2%)  
[  5]  26.00-27.00  sec  4.37 MBytes  36.7 Mbits/sec  1.367 ms  287/3454 (8.3%)  
[  5]  27.00-28.00  sec  4.41 MBytes  37.0 Mbits/sec  1.538 ms  254/3449 (7.4%)  
[  5]  28.00-29.00  sec  4.45 MBytes  37.3 Mbits/sec  1.577 ms  236/3460 (6.8%)  
[  5]  29.00-30.00  sec  4.41 MBytes  37.0 Mbits/sec  1.818 ms  254/3450 (7.4%)  
[  5]  30.00-30.15  sec   713 KBytes  39.8 Mbits/sec  1.580 ms  22/526 (4.2%)  
- - - - - - - - - - - - - - - - - - - - - - - - -
[ ID] Interval           Transfer     Bitrate         Jitter    Lost/Total Datagrams
[SUM]  0.0-30.1 sec  64048 datagrams received out-of-order
[  5]   0.00-30.15  sec   133 MBytes  36.9 Mbits/sec  1.580 ms  7588/103589 (7.3%)  receiver
iperf3: interrupt - the server has terminated
-----------------------------------------------------------
Server listening on 5202 (test #2)
-----------------------------------------------------------
