-----------------------------------------------------------
Server listening on 5201 (test #1)
-----------------------------------------------------------
Accepted connection from 10.0.0.1, port 40620
[  5] local 10.0.0.2 port 5201 connected to 10.0.0.1 port 41830
[ ID] Interval           Transfer     Bitrate         Jitter    Lost/Total Datagrams
[  5]   0.00-1.00   sec  3.50 MBytes  29.3 Mbits/sec  1.162 ms  392/2925 (13%)  
[  5]   1.00-2.00   sec  2.38 MBytes  20.0 Mbits/sec  1.605 ms  1722/3445 (50%)  
[  5]   2.00-3.00   sec  2.42 MBytes  20.3 Mbits/sec  1.449 ms  1705/3460 (49%)  
[  5]   3.00-4.00   sec  2.42 MBytes  20.3 Mbits/sec  1.375 ms  1658/3414 (49%)  
[  5]   4.00-5.00   sec  2.41 MBytes  20.2 Mbits/sec  1.062 ms  1747/3489 (50%)  
[  5]   5.00-6.00   sec  2.37 MBytes  19.8 Mbits/sec  1.345 ms  1743/3456 (50%)  
[  5]   6.00-7.00   sec  2.43 MBytes  20.4 Mbits/sec  1.346 ms  1691/3450 (49%)  
[  5]   7.00-8.00   sec  2.42 MBytes  20.3 Mbits/sec  1.418 ms  1704/3454 (49%)  
[  5]   8.00-9.00   sec  2.35 MBytes  19.8 Mbits/sec  1.585 ms  1750/3455 (51%)  
[  5]   9.00-10.00  sec  2.54 MBytes  21.3 Mbits/sec  0.852 ms  1607/3444 (47%)  
[  5]  10.00-11.00  sec  2.42 MBytes  20.3 Mbits/sec  1.578 ms  1714/3463 (49%)  
[  5]  11.00-12.00  sec  2.43 MBytes  20.4 Mbits/sec  1.249 ms  1692/3454 (49%)  
[  5]  12.00-13.00  sec  2.40 MBytes  20.1 Mbits/sec  1.135 ms  1705/3444 (50%)  
[  5]  13.00-14.00  sec  2.42 MBytes  20.3 Mbits/sec  1.221 ms  1645/3401 (48%)  
[  5]  14.00-15.00  sec  2.48 MBytes  20.8 Mbits/sec  1.446 ms  1714/3511 (49%)  
[  5]  15.00-16.00  sec  2.41 MBytes  20.2 Mbits/sec  1.572 ms  1710/3454 (50%)  
[  5]  16.00-17.00  sec  2.36 MBytes  19.8 Mbits/sec  1.182 ms  1736/3446 (50%)  
[  5]  17.00-18.00  sec  2.36 MBytes  19.8 Mbits/sec  1.421 ms  1749/3457 (51%)  
[  5]  18.00-19.00  sec  2.37 MBytes  19.9 Mbits/sec  1.234 ms  1730/3449 (50%)  
[  5]  19.00-20.00  sec  2.40 MBytes  20.2 Mbits/sec  1.299 ms  1719/3460 (50%)  
[  5]  20.00-21.00  sec  2.44 MBytes  20.4 Mbits/sec  1.395 ms  1682/3446 (49%)  
[  5]  21.00-22.00  sec  2.33 MBytes  19.6 Mbits/sec  1.765 ms  1647/3336 (49%)  
[  5]  22.00-23.00  sec  2.46 MBytes  20.6 Mbits/sec  1.047 ms  1797/3575 (50%)  
[  5]  23.00-24.00  sec  2.36 MBytes  19.8 Mbits/sec  1.237 ms  1743/3451 (51%)  
[  5]  24.00-25.00  sec  2.54 MBytes  21.3 Mbits/sec  1.297 ms  1618/3459 (47%)  
[  5]  25.00-26.00  sec  2.36 MBytes  19.8 Mbits/sec  1.350 ms  1733/3441 (50%)  
[  5]  26.00-27.00  sec  2.43 MBytes  20.4 Mbits/sec  1.513 ms  1699/3460 (49%)  
[  5]  27.00-28.00  sec  2.46 MBytes  20.6 Mbits/sec  1.259 ms  1674/3453 (48%)  
[  5]  28.00-29.00  sec  2.39 MBytes  20.1 Mbits/sec  1.714 ms  1723/3456 (50%)  
[  5]  29.00-30.00  sec  2.50 MBytes  21.0 Mbits/sec  1.747 ms  1638/3450 (47%)  
[  5]  30.00-30.15  sec   380 KBytes  20.3 Mbits/sec  1.036 ms  259/528 (49%)  
- - - - - - - - - - - - - - - - - - - - - - - - -
[ ID] Interval           Transfer     Bitrate         Jitter    Lost/Total Datagrams
[SUM]  0.0-30.2 sec  28450 datagrams received out-of-order
[  5]   0.00-30.15  sec  73.9 MBytes  20.6 Mbits/sec  1.036 ms  50046/103586 (48%)  receiver
iperf3: interrupt - the server has terminated
-----------------------------------------------------------
Server listening on 5201 (test #2)
-----------------------------------------------------------
