-----------------------------------------------------------
Server listening on 5203 (test #1)
-----------------------------------------------------------
Accepted connection from 10.0.0.1, port 55732
[  5] local 10.0.0.2 port 5203 connected to 10.0.0.1 port 36946
[ ID] Interval           Transfer     Bitrate         Jitter    Lost/Total Datagrams
[  5]   0.00-1.00   sec  3.54 MBytes  29.7 Mbits/sec  1.064 ms  30/2596 (1.2%)  
[  5]   1.00-2.00   sec  4.69 MBytes  39.3 Mbits/sec  1.347 ms  49/3445 (1.4%)  
[  5]   2.00-3.00   sec  4.66 MBytes  39.1 Mbits/sec  1.273 ms  80/3458 (2.3%)  
[  5]   3.00-4.00   sec  4.53 MBytes  38.0 Mbits/sec  1.583 ms  94/3371 (2.8%)  
[  5]   4.00-5.00   sec  4.65 MBytes  39.0 Mbits/sec  1.435 ms  168/3538 (4.7%)  
[  5]   5.00-6.00   sec  4.69 MBytes  39.3 Mbits/sec  1.177 ms  48/3443 (1.4%)  
[  5]   6.00-7.00   sec  4.69 MBytes  39.4 Mbits/sec  1.310 ms  58/3454 (1.7%)  
[  5]   7.00-8.00   sec  4.66 MBytes  39.1 Mbits/sec  1.256 ms  82/3455 (2.4%)  
[  5]   8.00-9.00   sec  4.51 MBytes  37.9 Mbits/sec  1.305 ms  189/3458 (5.5%)  
[  5]   9.00-10.00  sec  4.40 MBytes  36.9 Mbits/sec  1.706 ms  267/3450 (7.7%)  
[  5]  10.00-11.00  sec  4.69 MBytes  39.3 Mbits/sec  1.713 ms  63/3457 (1.8%)  
[  5]  11.00-12.00  sec  4.66 MBytes  39.0 Mbits/sec  1.319 ms  81/3452 (2.3%)  
[  5]  12.00-13.00  sec  4.65 MBytes  39.0 Mbits/sec  1.312 ms  87/3451 (2.5%)  
[  5]  13.00-14.00  sec  4.29 MBytes  36.0 Mbits/sec  1.439 ms  350/3455 (10%)  
[  5]  14.00-15.00  sec  4.69 MBytes  39.4 Mbits/sec  1.298 ms  54/3451 (1.6%)  
[  5]  15.00-16.00  sec  4.70 MBytes  39.4 Mbits/sec  1.259 ms  56/3456 (1.6%)  
[  5]  16.00-17.00  sec  4.67 MBytes  39.2 Mbits/sec  1.182 ms  66/3449 (1.9%)  
[  5]  17.00-18.00  sec  4.60 MBytes  38.6 Mbits/sec  1.305 ms  123/3453 (3.6%)  
[  5]  18.00-19.00  sec  4.70 MBytes  39.4 Mbits/sec  1.310 ms  59/3459 (1.7%)  
[  5]  19.00-20.00  sec  4.68 MBytes  39.3 Mbits/sec  1.370 ms  58/3450 (1.7%)  
[  5]  20.00-21.00  sec  4.65 MBytes  39.0 Mbits/sec  1.336 ms  84/3449 (2.4%)  
[  5]  21.00-22.00  sec  4.51 MBytes  37.8 Mbits/sec  1.852 ms  65/3330 (2%)  
[  5]  22.00-23.00  sec  4.62 MBytes  38.8 Mbits/sec  1.174 ms  226/3575 (6.3%)  
[  5]  23.00-24.00  sec  4.72 MBytes  39.6 Mbits/sec  1.006 ms  35/3456 (1%)  
[  5]  24.00-25.00  sec  4.61 MBytes  38.6 Mbits/sec  1.204 ms  117/3453 (3.4%)  
[  5]  25.00-26.00  sec  4.71 MBytes  39.5 Mbits/sec  1.509 ms  44/3453 (1.3%)  
[  5]  26.00-27.00  sec  4.42 MBytes  37.1 Mbits/sec  1.317 ms  249/3452 (7.2%)  
[  5]  27.00-28.00  sec  4.66 MBytes  39.1 Mbits/sec  1.621 ms  75/3452 (2.2%)  
[  5]  28.00-29.00  sec  4.71 MBytes  39.5 Mbits/sec  1.317 ms  46/3455 (1.3%)  
[  5]  29.00-30.00  sec  4.63 MBytes  38.8 Mbits/sec  0.937 ms  98/3451 (2.8%)  
[  5]  30.00-30.19  sec  1.18 MBytes  52.5 Mbits/sec  2.945 ms  6/862 (0.7%)  
- - - - - - - - - - - - - - - - - - - - - - - - -
[ ID] Interval           Transfer     Bitrate         Jitter    Lost/Total Datagrams
[SUM]  0.0-30.2 sec  68277 datagrams received out-of-order
[  5]   0.00-30.19  sec   139 MBytes  38.6 Mbits/sec  2.945 ms  3107/103589 (3%)  receiver
iperf3: interrupt - the server has terminated
-----------------------------------------------------------
Server listening on 5203 (test #2)
-----------------------------------------------------------
