-----------------------------------------------------------
Server listening on 5202 (test #1)
-----------------------------------------------------------
Accepted connection from 10.0.0.1, port 42276
[  5] local 10.0.0.2 port 5202 connected to 10.0.0.1 port 48810
[ ID] Interval           Transfer     Bitrate         Jitter    Lost/Total Datagrams
[  5]   0.00-1.00   sec  3.73 MBytes  31.3 Mbits/sec  2.235 ms  180/2883 (6.2%)  
[  5]   1.00-2.00   sec  3.93 MBytes  33.0 Mbits/sec  1.273 ms  639/3486 (18%)  
[  5]   2.00-3.00   sec  4.06 MBytes  34.0 Mbits/sec  1.444 ms  518/3456 (15%)  
[  5]   3.00-4.00   sec  4.06 MBytes  34.1 Mbits/sec  1.267 ms  516/3458 (15%)  
[  5]   4.00-5.00   sec  4.07 MBytes  34.1 Mbits/sec  1.407 ms  502/3446 (15%)  
[  5]   5.00-6.00   sec  4.09 MBytes  34.3 Mbits/sec  1.546 ms  498/3458 (14%)  
[  5]   6.00-7.00   sec  4.09 MBytes  34.3 Mbits/sec  1.451 ms  485/3445 (14%)  
[  5]   7.00-8.00   sec  4.04 MBytes  33.9 Mbits/sec  1.624 ms  534/3457 (15%)  
[  5]   8.00-9.00   sec  4.08 MBytes  34.2 Mbits/sec  1.487 ms  503/3457 (15%)  
[  5]   9.00-10.00  sec  4.11 MBytes  34.5 Mbits/sec  1.175 ms  472/3448 (14%)  
[  5]  10.00-11.00  sec  4.12 MBytes  34.6 Mbits/sec  1.285 ms  468/3453 (14%)  
[  5]  11.00-12.00  sec  4.08 MBytes  34.2 Mbits/sec  1.411 ms  493/3449 (14%)  
[  5]  12.00-13.00  sec  4.11 MBytes  34.5 Mbits/sec  1.623 ms  484/3459 (14%)  
[  5]  13.00-14.00  sec  4.10 MBytes  34.4 Mbits/sec  1.719 ms  483/3453 (14%)  
[  5]  14.00-15.00  sec  4.00 MBytes  33.6 Mbits/sec  1.876 ms  557/3457 (16%)  
[  5]  15.00-16.00  sec  4.09 MBytes  34.3 Mbits/sec  1.567 ms  485/3450 (14%)  
[  5]  16.00-17.00  sec  4.10 MBytes  34.4 Mbits/sec  1.037 ms  479/3451 (14%)  
[  5]  17.00-18.00  sec  4.03 MBytes  33.8 Mbits/sec  1.446 ms  536/3454 (16%)  
[  5]  18.00-19.00  sec  4.12 MBytes  34.5 Mbits/sec  0.973 ms  473/3453 (14%)  
[  5]  19.00-20.00  sec  3.98 MBytes  33.4 Mbits/sec  1.073 ms  570/3453 (17%)  
[  5]  20.00-21.00  sec  4.10 MBytes  34.4 Mbits/sec  1.131 ms  480/3451 (14%)  
[  5]  21.00-22.00  sec  4.09 MBytes  34.3 Mbits/sec  1.441 ms  496/3460 (14%)  
[  5]  22.00-23.00  sec  3.95 MBytes  33.2 Mbits/sec  1.501 ms  461/3324 (14%)  
[  5]  23.00-24.00  sec  4.13 MBytes  34.7 Mbits/sec  1.214 ms  585/3578 (16%)  
[  5]  24.00-25.00  sec  4.14 MBytes  34.7 Mbits/sec  1.505 ms  454/3453 (13%)  
[  5]  25.00-26.00  sec  4.13 MBytes  34.6 Mbits/sec  0.985 ms  456/3447 (13%)  
[  5]  26.00-27.00  sec  4.13 MBytes  34.6 Mbits/sec  1.408 ms  472/3461 (14%)  
[  5]  27.00-28.00  sec  4.01 MBytes  33.6 Mbits/sec  1.495 ms  545/3451 (16%)  
[  5]  28.00-29.00  sec  4.08 MBytes  34.2 Mbits/sec  1.645 ms  499/3454 (14%)  
[  5]  29.00-30.00  sec  3.94 MBytes  33.1 Mbits/sec  1.304 ms  595/3450 (17%)  
[  5]  30.00-30.16  sec   663 KBytes  34.9 Mbits/sec  1.535 ms  65/534 (12%)  
- - - - - - - - - - - - - - - - - - - - - - - - -
[ ID] Interval           Transfer     Bitrate         Jitter    Lost/Total Datagrams
[SUM]  0.0-30.2 sec  57510 datagrams received out-of-order
[  5]   0.00-30.16  sec   122 MBytes  34.0 Mbits/sec  1.535 ms  14983/103589 (14%)  receiver
iperf3: interrupt - the server has terminated
-----------------------------------------------------------
Server listening on 5202 (test #2)
-----------------------------------------------------------
