-----------------------------------------------------------
Server listening on 5201 (test #1)
-----------------------------------------------------------
Accepted connection from 10.0.0.1, port 56400
[  5] local 10.0.0.2 port 5201 connected to 10.0.0.1 port 50029
[ ID] Interval           Transfer     Bitrate         Jitter    Lost/Total Datagrams
[  5]   0.00-1.03   sec  3.88 MBytes  31.6 Mbits/sec  1.591 ms  121/2933 (4.1%)  
[  5]   1.03-2.00   sec  3.98 MBytes  34.4 Mbits/sec  1.624 ms  559/3441 (16%)  
[  5]   2.00-3.00   sec  4.29 MBytes  36.0 Mbits/sec  1.429 ms  342/3450 (9.9%)  
[  5]   3.00-4.00   sec  4.43 MBytes  37.2 Mbits/sec  1.385 ms  254/3461 (7.3%)  
[  5]   4.00-5.00   sec  4.44 MBytes  37.3 Mbits/sec  1.388 ms  231/3449 (6.7%)  
[  5]   5.00-6.00   sec  4.41 MBytes  37.0 Mbits/sec  1.172 ms  261/3455 (7.6%)  
[  5]   6.00-7.00   sec  4.41 MBytes  37.0 Mbits/sec  1.027 ms  254/3451 (7.4%)  
[  5]   7.00-8.00   sec  4.41 MBytes  37.0 Mbits/sec  1.305 ms  261/3457 (7.5%)  
[  5]   8.00-9.00   sec  4.37 MBytes  36.7 Mbits/sec  1.329 ms  282/3446 (8.2%)  
[  5]   9.00-10.00  sec  4.41 MBytes  37.0 Mbits/sec  1.176 ms  265/3456 (7.7%)  
[  5]  10.00-11.00  sec  4.40 MBytes  36.9 Mbits/sec  1.329 ms  260/3448 (7.5%)  
[  5]  11.00-12.00  sec  4.44 MBytes  37.2 Mbits/sec  1.584 ms  241/3457 (7%)  
[  5]  12.00-13.00  sec  4.40 MBytes  36.9 Mbits/sec  1.090 ms  268/3457 (7.8%)  
[  5]  13.00-14.00  sec  4.41 MBytes  37.0 Mbits/sec  1.591 ms  250/3447 (7.3%)  
[  5]  14.00-15.00  sec  4.40 MBytes  36.9 Mbits/sec  1.154 ms  241/3424 (7%)  
[  5]  15.00-16.00  sec  4.45 MBytes  37.3 Mbits/sec  1.294 ms  263/3486 (7.5%)  
[  5]  16.00-17.00  sec  4.47 MBytes  37.5 Mbits/sec  1.302 ms  212/3451 (6.1%)  
[  5]  17.00-18.00  sec  4.43 MBytes  37.2 Mbits/sec  1.359 ms  249/3457 (7.2%)  
[  5]  18.00-19.00  sec  4.38 MBytes  36.8 Mbits/sec  1.272 ms  275/3450 (8%)  
[  5]  19.00-20.00  sec  4.30 MBytes  36.1 Mbits/sec  1.349 ms  341/3454 (9.9%)  
[  5]  20.00-21.00  sec  4.46 MBytes  37.4 Mbits/sec  1.350 ms  217/3447 (6.3%)  
[  5]  21.00-22.00  sec  4.42 MBytes  37.1 Mbits/sec  1.412 ms  262/3462 (7.6%)  
[  5]  22.00-23.00  sec  4.27 MBytes  35.9 Mbits/sec  1.310 ms  237/3332 (7.1%)  
[  5]  23.00-24.00  sec  4.44 MBytes  37.3 Mbits/sec  1.642 ms  356/3574 (10%)  
[  5]  24.00-25.00  sec  4.44 MBytes  37.2 Mbits/sec  1.632 ms  233/3448 (6.8%)  
[  5]  25.00-26.00  sec  4.44 MBytes  37.3 Mbits/sec  1.837 ms  241/3458 (7%)  
[  5]  26.00-27.00  sec  4.44 MBytes  37.2 Mbits/sec  1.466 ms  235/3447 (6.8%)  
[  5]  27.00-28.00  sec  4.35 MBytes  36.5 Mbits/sec  1.121 ms  307/3456 (8.9%)  
[  5]  28.00-29.00  sec  4.42 MBytes  37.1 Mbits/sec  1.429 ms  249/3453 (7.2%)  
[  5]  29.00-30.00  sec  4.22 MBytes  35.4 Mbits/sec  1.862 ms  399/3458 (12%)  
[  5]  30.00-30.15  sec   682 KBytes  36.7 Mbits/sec  1.376 ms  38/520 (7.3%)  
- - - - - - - - - - - - - - - - - - - - - - - - -
[ ID] Interval           Transfer     Bitrate         Jitter    Lost/Total Datagrams
[SUM]  0.0-30.2 sec  63413 datagrams received out-of-order
[  5]   0.00-30.15  sec   132 MBytes  36.6 Mbits/sec  1.376 ms  8204/103585 (7.9%)  receiver
iperf3: interrupt - the server has terminated
-----------------------------------------------------------
Server listening on 5201 (test #2)
-----------------------------------------------------------
