-----------------------------------------------------------
Server listening on 5203 (test #1)
-----------------------------------------------------------
Accepted connection from 10.0.0.1, port 37128
[  5] local 10.0.0.2 port 5203 connected to 10.0.0.1 port 32863
[ ID] Interval           Transfer     Bitrate         Jitter    Lost/Total Datagrams
[  5]   0.00-1.00   sec  1.32 MBytes  11.1 Mbits/sec  2.366 ms  3109/4064 (77%)  
[  5]   1.00-2.00   sec  1.18 MBytes  9.90 Mbits/sec  1.044 ms  3552/4407 (81%)  
[  5]   2.00-3.00   sec  1.15 MBytes  9.68 Mbits/sec  1.032 ms  3484/4320 (81%)  
[  5]   3.00-4.00   sec  1.15 MBytes  9.67 Mbits/sec  1.194 ms  3477/4312 (81%)  
[  5]   4.00-5.00   sec  1.16 MBytes  9.71 Mbits/sec  1.043 ms  3483/4321 (81%)  
[  5]   5.00-6.00   sec  1.15 MBytes  9.67 Mbits/sec  0.793 ms  3481/4316 (81%)  
[  5]   6.00-7.00   sec  1.15 MBytes  9.68 Mbits/sec  0.978 ms  3476/4312 (81%)  
[  5]   7.00-8.00   sec  1.15 MBytes  9.66 Mbits/sec  0.987 ms  3478/4312 (81%)  
[  5]   8.00-9.00   sec  1.16 MBytes  9.70 Mbits/sec  1.124 ms  3484/4321 (81%)  
[  5]   9.00-10.00  sec  1.15 MBytes  9.68 Mbits/sec  1.132 ms  3476/4312 (81%)  
[  5]  10.00-11.00  sec  1.16 MBytes  9.70 Mbits/sec  1.084 ms  3483/4320 (81%)  
[  5]  11.00-12.00  sec  1.15 MBytes  9.65 Mbits/sec  1.048 ms  3484/4317 (81%)  
[  5]  12.00-13.00  sec  1.15 MBytes  9.68 Mbits/sec  1.445 ms  3480/4316 (81%)  
[  5]  13.00-14.00  sec  1.15 MBytes  9.68 Mbits/sec  1.131 ms  3476/4312 (81%)  
[  5]  14.00-15.00  sec  1.15 MBytes  9.68 Mbits/sec  1.241 ms  3485/4321 (81%)  
[  5]  15.00-16.00  sec  1.15 MBytes  9.66 Mbits/sec  0.876 ms  3487/4321 (81%)  
[  5]  16.00-17.00  sec  1.15 MBytes  9.64 Mbits/sec  1.030 ms  3475/4307 (81%)  
[  5]  17.00-18.00  sec  1.15 MBytes  9.64 Mbits/sec  1.105 ms  3475/4307 (81%)  
[  5]  18.00-19.00  sec  1.16 MBytes  9.70 Mbits/sec  0.999 ms  3493/4330 (81%)  
[  5]  19.00-20.00  sec  1.15 MBytes  9.68 Mbits/sec  1.097 ms  3484/4320 (81%)  
[  5]  20.00-21.00  sec  1.15 MBytes  9.67 Mbits/sec  1.251 ms  3482/4317 (81%)  
[  5]  21.00-22.00  sec  1.15 MBytes  9.68 Mbits/sec  1.432 ms  3480/4316 (81%)  
[  5]  22.00-23.00  sec  1.15 MBytes  9.67 Mbits/sec  1.025 ms  3481/4316 (81%)  
[  5]  23.00-24.00  sec  1.15 MBytes  9.65 Mbits/sec  1.445 ms  3480/4313 (81%)  
[  5]  24.00-25.00  sec  1.15 MBytes  9.67 Mbits/sec  0.915 ms  3476/4311 (81%)  
[  5]  25.00-26.00  sec  1.15 MBytes  9.68 Mbits/sec  1.132 ms  3485/4321 (81%)  
[  5]  26.00-27.00  sec  1.12 MBytes  9.38 Mbits/sec  2.642 ms  3372/4182 (81%)  
[  5]  27.00-28.00  sec  1.19 MBytes  9.99 Mbits/sec  1.114 ms  3593/4455 (81%)  
[  5]  28.00-29.00  sec  1.15 MBytes  9.61 Mbits/sec  1.015 ms  3473/4303 (81%)  
[  5]  29.00-30.00  sec  1.15 MBytes  9.65 Mbits/sec  1.020 ms  3496/4329 (81%)  
[  5]  30.00-30.04  sec  39.6 KBytes  9.01 Mbits/sec  1.154 ms  123/151 (81%)  
- - - - - - - - - - - - - - - - - - - - - - - - -
[ ID] Interval           Transfer     Bitrate         Jitter    Lost/Total Datagrams
[SUM]  0.0-30.0 sec  6169 datagrams received out-of-order
[  5]   0.00-30.04  sec  34.8 MBytes  9.73 Mbits/sec  1.154 ms  104263/129482 (81%)  receiver
iperf3: interrupt - the server has terminated
-----------------------------------------------------------
Server listening on 5203 (test #2)
-----------------------------------------------------------
