-----------------------------------------------------------
Server listening on 5202 (test #1)
-----------------------------------------------------------
Accepted connection from 10.0.0.1, port 47280
[  5] local 10.0.0.2 port 5202 connected to 10.0.0.1 port 34114
[ ID] Interval           Transfer     Bitrate         Jitter    Lost/Total Datagrams
[  5]   0.00-1.01   sec  3.36 MBytes  28.0 Mbits/sec  0.997 ms  1626/4059 (40%)  
[  5]   1.01-2.00   sec  3.56 MBytes  30.0 Mbits/sec  1.187 ms  1843/4418 (42%)  
[  5]   2.00-3.00   sec  3.47 MBytes  29.1 Mbits/sec  1.068 ms  1805/4315 (42%)  
[  5]   3.00-4.00   sec  3.46 MBytes  29.0 Mbits/sec  1.457 ms  1809/4316 (42%)  
[  5]   4.00-5.00   sec  3.46 MBytes  29.0 Mbits/sec  0.953 ms  1813/4317 (42%)  
[  5]   5.00-6.00   sec  3.47 MBytes  29.1 Mbits/sec  0.894 ms  1806/4317 (42%)  
[  5]   6.00-7.00   sec  3.47 MBytes  29.1 Mbits/sec  1.273 ms  1809/4319 (42%)  
[  5]   7.00-8.00   sec  3.46 MBytes  29.0 Mbits/sec  0.785 ms  1807/4313 (42%)  
[  5]   8.00-9.00   sec  3.46 MBytes  29.0 Mbits/sec  1.360 ms  1810/4312 (42%)  
[  5]   9.00-10.00  sec  3.47 MBytes  29.1 Mbits/sec  1.224 ms  1805/4316 (42%)  
[  5]  10.00-11.00  sec  3.46 MBytes  29.1 Mbits/sec  1.192 ms  1805/4316 (42%)  
[  5]  11.00-12.00  sec  3.46 MBytes  29.0 Mbits/sec  1.314 ms  1818/4320 (42%)  
[  5]  12.00-13.00  sec  3.46 MBytes  29.1 Mbits/sec  0.952 ms  1809/4318 (42%)  
[  5]  13.00-14.00  sec  3.46 MBytes  29.0 Mbits/sec  1.148 ms  1815/4321 (42%)  
[  5]  14.00-15.00  sec  3.46 MBytes  29.0 Mbits/sec  1.231 ms  1801/4306 (42%)  
[  5]  15.00-16.00  sec  3.47 MBytes  29.1 Mbits/sec  1.146 ms  1807/4322 (42%)  
[  5]  16.00-17.00  sec  3.46 MBytes  29.0 Mbits/sec  1.281 ms  1804/4310 (42%)  
[  5]  17.00-18.00  sec  3.47 MBytes  29.1 Mbits/sec  1.396 ms  1807/4321 (42%)  
[  5]  18.00-19.00  sec  3.47 MBytes  29.1 Mbits/sec  1.674 ms  1805/4317 (42%)  
[  5]  19.00-20.00  sec  3.46 MBytes  29.0 Mbits/sec  1.354 ms  1808/4313 (42%)  
[  5]  20.00-21.00  sec  3.46 MBytes  29.0 Mbits/sec  1.007 ms  1809/4314 (42%)  
[  5]  21.00-22.00  sec  3.41 MBytes  28.6 Mbits/sec  1.196 ms  1847/4318 (43%)  
[  5]  22.00-23.00  sec  3.47 MBytes  29.1 Mbits/sec  0.980 ms  1801/4315 (42%)  
[  5]  23.00-24.00  sec  3.46 MBytes  29.0 Mbits/sec  1.194 ms  1816/4320 (42%)  
[  5]  24.00-25.00  sec  3.47 MBytes  29.1 Mbits/sec  1.294 ms  1804/4318 (42%)  
[  5]  25.00-26.00  sec  3.46 MBytes  29.0 Mbits/sec  1.234 ms  1812/4319 (42%)  
[  5]  26.00-27.00  sec  3.34 MBytes  28.1 Mbits/sec  1.798 ms  1740/4162 (42%)  
[  5]  27.00-28.00  sec  3.58 MBytes  30.1 Mbits/sec  1.041 ms  1868/4463 (42%)  
[  5]  28.00-29.00  sec  3.46 MBytes  29.0 Mbits/sec  1.010 ms  1819/4326 (42%)  
[  5]  29.00-30.00  sec  3.46 MBytes  29.1 Mbits/sec  1.232 ms  1799/4308 (42%)  
[  5]  30.00-30.04  sec   127 KBytes  27.9 Mbits/sec  1.128 ms  64/154 (42%)  
- - - - - - - - - - - - - - - - - - - - - - - - -
[ ID] Interval           Transfer     Bitrate         Jitter    Lost/Total Datagrams
[SUM]  0.0-30.0 sec  43428 datagrams received out-of-order
[  5]   0.00-30.04  sec   104 MBytes  29.0 Mbits/sec  1.128 ms  54191/129483 (42%)  receiver
iperf3: interrupt - the server has terminated
-----------------------------------------------------------
Server listening on 5202 (test #2)
-----------------------------------------------------------
