-----------------------------------------------------------
Server listening on 5201 (test #1)
-----------------------------------------------------------
Accepted connection from 10.0.0.1, port 36044
[  5] local 10.0.0.2 port 5201 connected to 10.0.0.1 port 50057
[ ID] Interval           Transfer     Bitrate         Jitter    Lost/Total Datagrams
[  5]   0.00-1.00   sec  4.47 MBytes  37.5 Mbits/sec  1.934 ms  843/4077 (21%)  
[  5]   1.00-2.00   sec  4.62 MBytes  38.7 Mbits/sec  1.171 ms  1053/4398 (24%)  
[  5]   2.00-3.00   sec  4.62 MBytes  38.7 Mbits/sec  1.330 ms  974/4318 (23%)  
[  5]   3.00-4.00   sec  4.62 MBytes  38.7 Mbits/sec  0.930 ms  975/4320 (23%)  
[  5]   4.00-5.00   sec  4.62 MBytes  38.7 Mbits/sec  1.102 ms  963/4308 (22%)  
[  5]   5.00-6.00   sec  4.62 MBytes  38.8 Mbits/sec  1.331 ms  975/4322 (23%)  
[  5]   6.00-7.00   sec  4.63 MBytes  38.8 Mbits/sec  1.264 ms  970/4321 (22%)  
[  5]   7.00-8.00   sec  4.62 MBytes  38.8 Mbits/sec  1.481 ms  966/4314 (22%)  
[  5]   8.00-9.00   sec  4.61 MBytes  38.7 Mbits/sec  1.305 ms  968/4309 (22%)  
[  5]   9.00-10.00  sec  4.62 MBytes  38.8 Mbits/sec  1.275 ms  974/4320 (23%)  
[  5]  10.00-11.00  sec  4.62 MBytes  38.7 Mbits/sec  1.019 ms  973/4317 (23%)  
[  5]  11.00-12.00  sec  4.59 MBytes  38.5 Mbits/sec  1.194 ms  988/4312 (23%)  
[  5]  12.00-13.00  sec  4.62 MBytes  38.8 Mbits/sec  0.880 ms  972/4318 (23%)  
[  5]  13.00-14.00  sec  4.62 MBytes  38.7 Mbits/sec  1.384 ms  977/4322 (23%)  
[  5]  14.00-15.00  sec  4.61 MBytes  38.7 Mbits/sec  0.863 ms  967/4304 (22%)  
[  5]  15.00-16.00  sec  4.62 MBytes  38.8 Mbits/sec  1.286 ms  975/4321 (23%)  
[  5]  16.00-17.00  sec  4.61 MBytes  38.7 Mbits/sec  0.729 ms  976/4316 (23%)  
[  5]  17.00-18.00  sec  4.62 MBytes  38.8 Mbits/sec  0.972 ms  967/4316 (22%)  
[  5]  18.00-19.00  sec  4.62 MBytes  38.7 Mbits/sec  0.962 ms  977/4320 (23%)  
[  5]  19.00-20.00  sec  4.62 MBytes  38.8 Mbits/sec  1.075 ms  969/4318 (22%)  
[  5]  20.00-21.00  sec  4.63 MBytes  38.8 Mbits/sec  1.305 ms  966/4318 (22%)  
[  5]  21.00-22.00  sec  4.62 MBytes  38.7 Mbits/sec  1.052 ms  964/4309 (22%)  
[  5]  22.00-23.00  sec  4.62 MBytes  38.8 Mbits/sec  0.834 ms  970/4316 (22%)  
[  5]  23.00-24.00  sec  4.62 MBytes  38.8 Mbits/sec  1.313 ms  975/4322 (23%)  
[  5]  24.00-25.00  sec  4.62 MBytes  38.8 Mbits/sec  1.047 ms  963/4310 (22%)  
[  5]  25.00-26.00  sec  4.63 MBytes  38.8 Mbits/sec  0.948 ms  968/4319 (22%)  
[  5]  26.00-27.00  sec  4.47 MBytes  37.5 Mbits/sec  0.322 ms  935/4171 (22%)  
[  5]  27.00-28.00  sec  4.69 MBytes  39.4 Mbits/sec  0.983 ms  1073/4470 (24%)  
[  5]  28.00-29.00  sec  4.63 MBytes  38.8 Mbits/sec  1.719 ms  962/4314 (22%)  
[  5]  29.00-30.00  sec  4.62 MBytes  38.8 Mbits/sec  1.077 ms  960/4309 (22%)  
[  5]  30.00-30.04  sec   171 KBytes  38.6 Mbits/sec  1.221 ms  34/155 (22%)  
- - - - - - - - - - - - - - - - - - - - - - - - -
[ ID] Interval           Transfer     Bitrate         Jitter    Lost/Total Datagrams
[SUM]  0.0-30.0 sec  65001 datagrams received out-of-order
[  5]   0.00-30.04  sec   139 MBytes  38.7 Mbits/sec  1.221 ms  29172/129484 (23%)  receiver
iperf3: interrupt - the server has terminated
-----------------------------------------------------------
Server listening on 5201 (test #2)
-----------------------------------------------------------
