-----------------------------------------------------------
Server listening on 5203 (test #1)
-----------------------------------------------------------
Accepted connection from 10.0.0.1, port 43896
[  5] local 10.0.0.2 port 5203 connected to 10.0.0.1 port 52549
[ ID] Interval           Transfer     Bitrate         Jitter    Lost/Total Datagrams
[  5]   0.00-1.00   sec  1.14 MBytes  9.57 Mbits/sec  1.938 ms  2/828 (0.24%)  
[  5]   1.00-2.00   sec  1.16 MBytes  9.70 Mbits/sec  2.345 ms  1/838 (0.12%)  
[  5]   2.00-3.00   sec  1.16 MBytes  9.70 Mbits/sec  3.135 ms  2/839 (0.24%)  
[  5]   3.00-4.00   sec  1.15 MBytes  9.67 Mbits/sec  10.070 ms  3/838 (0.36%)  
[  5]   4.00-5.00   sec  1.15 MBytes  9.67 Mbits/sec  1.386 ms  5/840 (0.6%)  
[  5]   5.00-6.00   sec  1.15 MBytes  9.67 Mbits/sec  2.309 ms  2/837 (0.24%)  
[  5]   6.00-7.00   sec  1.16 MBytes  9.71 Mbits/sec  1.726 ms  1/839 (0.12%)  
[  5]   7.00-8.00   sec  1.15 MBytes  9.65 Mbits/sec  2.305 ms  4/837 (0.48%)  
[  5]   8.00-9.00   sec  1.15 MBytes  9.66 Mbits/sec  2.966 ms  6/840 (0.71%)  
[  5]   9.00-10.00  sec  1.15 MBytes  9.66 Mbits/sec  9.610 ms  3/837 (0.36%)  
[  5]  10.00-11.00  sec  1.16 MBytes  9.70 Mbits/sec  1.412 ms  1/838 (0.12%)  
[  5]  11.00-12.00  sec  1.15 MBytes  9.67 Mbits/sec  2.252 ms  3/838 (0.36%)  
[  5]  12.00-13.00  sec  1.16 MBytes  9.70 Mbits/sec  1.853 ms  2/839 (0.24%)  
[  5]  13.00-14.00  sec  1.16 MBytes  9.70 Mbits/sec  2.236 ms  1/838 (0.12%)  
[  5]  14.00-15.00  sec  1.15 MBytes  9.66 Mbits/sec  6.524 ms  4/838 (0.48%)  
[  5]  15.00-16.00  sec  1.16 MBytes  9.70 Mbits/sec  3.980 ms  1/838 (0.12%)  
[  5]  16.00-17.00  sec  1.15 MBytes  9.65 Mbits/sec  1.455 ms  6/839 (0.72%)  
[  5]  17.00-18.00  sec  1.15 MBytes  9.67 Mbits/sec  2.328 ms  3/838 (0.36%)  
[  5]  18.00-19.00  sec  1.16 MBytes  9.72 Mbits/sec  1.731 ms  0/839 (0%)  
[  5]  19.00-20.00  sec  1.15 MBytes  9.63 Mbits/sec  2.086 ms  6/837 (0.72%)  
[  5]  20.00-21.00  sec  1.15 MBytes  9.67 Mbits/sec  2.850 ms  3/838 (0.36%)  
[  5]  21.00-22.00  sec  1.16 MBytes  9.70 Mbits/sec  3.779 ms  2/839 (0.24%)  
[  5]  22.00-23.00  sec  1.15 MBytes  9.68 Mbits/sec  1.798 ms  2/838 (0.24%)  
[  5]  23.00-24.00  sec  1.16 MBytes  9.70 Mbits/sec  2.132 ms  2/839 (0.24%)  
[  5]  24.00-25.00  sec  1.15 MBytes  9.68 Mbits/sec  1.810 ms  1/837 (0.12%)  
[  5]  25.00-26.00  sec  1.16 MBytes  9.71 Mbits/sec  2.205 ms  0/838 (0%)  
[  5]  26.00-27.00  sec  1.15 MBytes  9.64 Mbits/sec  2.980 ms  6/838 (0.72%)  
[  5]  27.00-28.00  sec  1.16 MBytes  9.70 Mbits/sec  3.912 ms  1/838 (0.12%)  
[  5]  28.00-29.00  sec  1.16 MBytes  9.71 Mbits/sec  1.413 ms  1/839 (0.12%)  
[  5]  29.00-30.00  sec  1.15 MBytes  9.65 Mbits/sec  1.558 ms  5/838 (0.6%)  
[  5]  30.00-30.12  sec   146 KBytes  9.66 Mbits/sec  1.494 ms  0/103 (0%)  
- - - - - - - - - - - - - - - - - - - - - - - - -
[ ID] Interval           Transfer     Bitrate         Jitter    Lost/Total Datagrams
[SUM]  0.0-30.1 sec  5657 datagrams received out-of-order
[  5]   0.00-30.12  sec  34.7 MBytes  9.68 Mbits/sec  1.494 ms  79/25240 (0.31%)  receiver
iperf3: interrupt - the server has terminated
-----------------------------------------------------------
Server listening on 5203 (test #2)
-----------------------------------------------------------
