-----------------------------------------------------------
Server listening on 5202 (test #1)
-----------------------------------------------------------
Accepted connection from 10.0.0.1, port 38422
[  5] local 10.0.0.2 port 5202 connected to 10.0.0.1 port 50872
[ ID] Interval           Transfer     Bitrate         Jitter    Lost/Total Datagrams
[  5]   0.00-1.00   sec  3.37 MBytes  28.3 Mbits/sec  5.615 ms  4/2445 (0.16%)  
[  5]   1.00-2.00   sec  3.47 MBytes  29.1 Mbits/sec  0.499 ms  8/2520 (0.32%)  
[  5]   2.00-3.00   sec  3.46 MBytes  29.0 Mbits/sec  3.557 ms  14/2519 (0.56%)  
[  5]   3.00-4.00   sec  3.47 MBytes  29.1 Mbits/sec  0.689 ms  1/2514 (0.04%)  
[  5]   4.00-5.00   sec  3.46 MBytes  29.1 Mbits/sec  0.988 ms  4/2513 (0.16%)  
[  5]   5.00-6.00   sec  3.46 MBytes  29.1 Mbits/sec  0.678 ms  8/2517 (0.32%)  
[  5]   6.00-7.00   sec  3.47 MBytes  29.1 Mbits/sec  2.249 ms  9/2520 (0.36%)  
[  5]   7.00-8.00   sec  3.46 MBytes  29.0 Mbits/sec  2.964 ms  16/2519 (0.64%)  
[  5]   8.00-9.00   sec  3.47 MBytes  29.1 Mbits/sec  0.694 ms  2/2513 (0.08%)  
[  5]   9.00-10.00  sec  3.47 MBytes  29.1 Mbits/sec  3.459 ms  7/2517 (0.28%)  
[  5]  10.00-11.00  sec  3.46 MBytes  29.0 Mbits/sec  1.778 ms  12/2519 (0.48%)  
[  5]  11.00-12.00  sec  3.47 MBytes  29.1 Mbits/sec  2.583 ms  6/2517 (0.24%)  
[  5]  12.00-13.00  sec  3.46 MBytes  29.1 Mbits/sec  0.697 ms  7/2516 (0.28%)  
[  5]  13.00-14.00  sec  3.47 MBytes  29.1 Mbits/sec  0.532 ms  3/2515 (0.12%)  
[  5]  14.00-15.00  sec  3.47 MBytes  29.1 Mbits/sec  0.646 ms  10/2520 (0.4%)  
[  5]  15.00-16.00  sec  3.46 MBytes  29.0 Mbits/sec  5.308 ms  8/2515 (0.32%)  
[  5]  16.00-17.00  sec  3.46 MBytes  29.1 Mbits/sec  0.911 ms  7/2516 (0.28%)  
[  5]  17.00-18.00  sec  3.47 MBytes  29.1 Mbits/sec  2.801 ms  7/2517 (0.28%)  
[  5]  18.00-19.00  sec  3.46 MBytes  29.0 Mbits/sec  1.874 ms  10/2516 (0.4%)  
[  5]  19.00-20.00  sec  3.46 MBytes  29.0 Mbits/sec  2.693 ms  9/2516 (0.36%)  
[  5]  20.00-21.00  sec  3.46 MBytes  29.1 Mbits/sec  0.661 ms  8/2517 (0.32%)  
[  5]  21.00-22.00  sec  3.47 MBytes  29.1 Mbits/sec  1.332 ms  9/2521 (0.36%)  
[  5]  22.00-23.00  sec  3.47 MBytes  29.1 Mbits/sec  0.838 ms  4/2515 (0.16%)  
[  5]  23.00-24.00  sec  3.46 MBytes  29.1 Mbits/sec  1.085 ms  5/2514 (0.2%)  
[  5]  24.00-25.00  sec  3.47 MBytes  29.1 Mbits/sec  1.036 ms  7/2519 (0.28%)  
[  5]  25.00-26.00  sec  3.46 MBytes  29.0 Mbits/sec  3.787 ms  14/2520 (0.56%)  
[  5]  26.00-27.00  sec  3.46 MBytes  29.1 Mbits/sec  0.740 ms  7/2515 (0.28%)  
[  5]  27.00-28.00  sec  3.46 MBytes  29.0 Mbits/sec  6.414 ms  12/2516 (0.48%)  
[  5]  28.00-29.00  sec  3.47 MBytes  29.1 Mbits/sec  1.175 ms  4/2515 (0.16%)  
[  5]  29.00-30.00  sec  3.46 MBytes  29.1 Mbits/sec  0.916 ms  11/2519 (0.44%)  
[  5]  30.00-30.12  sec   247 KBytes  16.6 Mbits/sec  0.467 ms  18446744073709551615/174 (-0.57%)  
- - - - - - - - - - - - - - - - - - - - - - - - -
[ ID] Interval           Transfer     Bitrate         Jitter    Lost/Total Datagrams
[SUM]  0.0-30.1 sec  42030 datagrams received out-of-order
[  5]   0.00-30.12  sec   104 MBytes  29.0 Mbits/sec  0.467 ms  232/75609 (0.31%)  receiver
iperf3: interrupt - the server has terminated
-----------------------------------------------------------
Server listening on 5202 (test #2)
-----------------------------------------------------------
