-----------------------------------------------------------
Server listening on 5202 (test #1)
-----------------------------------------------------------
Accepted connection from 10.0.0.1, port 45028
[  5] local 10.0.0.2 port 5202 connected to 10.0.0.1 port 43249
[ ID] Interval           Transfer     Bitrate         Jitter    Lost/Total Datagrams
[  5]   0.00-1.00   sec  3.37 MBytes  28.3 Mbits/sec  1.139 ms  10/2449 (0.41%)  
[  5]   1.00-2.00   sec  3.47 MBytes  29.1 Mbits/sec  1.088 ms  7/2517 (0.28%)  
[  5]   2.00-3.00   sec  3.44 MBytes  28.8 Mbits/sec  3.343 ms  5/2493 (0.2%)  
[  5]   3.00-4.00   sec  3.46 MBytes  29.1 Mbits/sec  1.065 ms  8/2517 (0.32%)  
[  5]   4.00-5.00   sec  3.46 MBytes  29.1 Mbits/sec  1.556 ms  8/2517 (0.32%)  
[  5]   5.00-6.00   sec  3.46 MBytes  29.1 Mbits/sec  1.608 ms  6/2515 (0.24%)  
[  5]   6.00-7.00   sec  3.46 MBytes  29.0 Mbits/sec  1.175 ms  13/2520 (0.52%)  
[  5]   7.00-8.00   sec  3.47 MBytes  29.1 Mbits/sec  2.650 ms  4/2515 (0.16%)  
[  5]   8.00-9.00   sec  3.46 MBytes  29.0 Mbits/sec  0.672 ms  10/2515 (0.4%)  
[  5]   9.00-10.00  sec  3.47 MBytes  29.1 Mbits/sec  1.365 ms  8/2518 (0.32%)  
[  5]  10.00-11.00  sec  3.46 MBytes  29.0 Mbits/sec  0.512 ms  15/2517 (0.6%)  
[  5]  11.00-12.00  sec  3.46 MBytes  29.0 Mbits/sec  1.198 ms  11/2518 (0.44%)  
[  5]  12.00-13.00  sec  3.46 MBytes  29.0 Mbits/sec  1.656 ms  10/2517 (0.4%)  
[  5]  13.00-14.00  sec  3.47 MBytes  29.1 Mbits/sec  1.390 ms  1/2517 (0.04%)  
[  5]  14.00-15.00  sec  3.46 MBytes  29.0 Mbits/sec  0.930 ms  5/2512 (0.2%)  
[  5]  15.00-16.00  sec  3.46 MBytes  29.1 Mbits/sec  3.497 ms  11/2520 (0.44%)  
[  5]  16.00-17.00  sec  3.46 MBytes  29.0 Mbits/sec  0.790 ms  11/2517 (0.44%)  
[  5]  17.00-18.00  sec  3.39 MBytes  28.5 Mbits/sec  0.745 ms  9/2467 (0.36%)  
[  5]  18.00-19.00  sec  3.46 MBytes  29.0 Mbits/sec  3.035 ms  7/2514 (0.28%)  
[  5]  19.00-20.00  sec  3.46 MBytes  29.1 Mbits/sec  0.689 ms  12/2520 (0.48%)  
[  5]  20.00-21.00  sec  3.44 MBytes  28.8 Mbits/sec  1.170 ms  5/2493 (0.2%)  
[  5]  21.00-22.00  sec  3.47 MBytes  29.1 Mbits/sec  0.821 ms  4/2515 (0.16%)  
[  5]  22.00-23.00  sec  3.47 MBytes  29.1 Mbits/sec  3.494 ms  4/2518 (0.16%)  
[  5]  23.00-24.00  sec  3.46 MBytes  29.0 Mbits/sec  1.152 ms  11/2517 (0.44%)  
[  5]  24.00-25.00  sec  3.46 MBytes  29.0 Mbits/sec  4.446 ms  8/2515 (0.32%)  
[  5]  25.00-26.00  sec  3.46 MBytes  29.1 Mbits/sec  1.041 ms  8/2517 (0.32%)  
[  5]  26.00-27.00  sec  3.47 MBytes  29.1 Mbits/sec  1.327 ms  11/2522 (0.44%)  
[  5]  27.00-28.00  sec  3.47 MBytes  29.1 Mbits/sec  1.137 ms  1/2514 (0.04%)  
[  5]  28.00-29.00  sec  3.45 MBytes  29.0 Mbits/sec  1.005 ms  11/2512 (0.44%)  
[  5]  29.00-30.00  sec  3.47 MBytes  29.1 Mbits/sec  0.529 ms  8/2520 (0.32%)  
[  5]  30.00-30.09  sec   214 KBytes  19.7 Mbits/sec  0.851 ms  0/151 (0%)  
- - - - - - - - - - - - - - - - - - - - - - - - -
[ ID] Interval           Transfer     Bitrate         Jitter    Lost/Total Datagrams
[SUM]  0.0-30.1 sec  42237 datagrams received out-of-order
[  5]   0.00-30.09  sec   104 MBytes  29.0 Mbits/sec  0.851 ms  242/75489 (0.32%)  receiver
iperf3: interrupt - the server has terminated
-----------------------------------------------------------
Server listening on 5202 (test #2)
-----------------------------------------------------------
