-----------------------------------------------------------
Server listening on 5201 (test #1)
-----------------------------------------------------------
Accepted connection from 10.0.0.1, port 60822
[  5] local 10.0.0.2 port 5201 connected to 10.0.0.1 port 60804
[ ID] Interval           Transfer     Bitrate         Jitter    Lost/Total Datagrams
[  5]   0.00-1.00   sec  4.48 MBytes  37.6 Mbits/sec  0.656 ms  11/3253 (0.34%)  
[  5]   1.00-2.00   sec  4.62 MBytes  38.7 Mbits/sec  1.400 ms  11/3354 (0.33%)  
[  5]   2.00-3.00   sec  4.55 MBytes  38.2 Mbits/sec  0.994 ms  12/3309 (0.36%)  
[  5]   3.00-4.00   sec  4.62 MBytes  38.8 Mbits/sec  1.751 ms  11/3357 (0.33%)  
[  5]   4.00-5.00   sec  4.62 MBytes  38.8 Mbits/sec  1.431 ms  4/3351 (0.12%)  
[  5]   5.00-6.00   sec  4.62 MBytes  38.7 Mbits/sec  0.695 ms  14/3359 (0.42%)  
[  5]   6.00-7.00   sec  4.62 MBytes  38.8 Mbits/sec  1.584 ms  8/3356 (0.24%)  
[  5]   7.00-8.00   sec  4.63 MBytes  38.8 Mbits/sec  0.493 ms  9/3359 (0.27%)  
[  5]   8.00-9.00   sec  4.62 MBytes  38.7 Mbits/sec  0.463 ms  5/3350 (0.15%)  
[  5]   9.00-10.00  sec  4.61 MBytes  38.7 Mbits/sec  0.816 ms  14/3355 (0.42%)  
[  5]  10.00-11.00  sec  4.62 MBytes  38.7 Mbits/sec  0.741 ms  12/3355 (0.36%)  
[  5]  11.00-12.00  sec  4.62 MBytes  38.8 Mbits/sec  0.383 ms  7/3355 (0.21%)  
[  5]  12.00-13.00  sec  4.62 MBytes  38.8 Mbits/sec  1.008 ms  12/3359 (0.36%)  
[  5]  13.00-14.00  sec  4.62 MBytes  38.7 Mbits/sec  3.214 ms  12/3356 (0.36%)  
[  5]  14.00-15.00  sec  4.62 MBytes  38.8 Mbits/sec  1.331 ms  7/3353 (0.21%)  
[  5]  15.00-16.00  sec  4.61 MBytes  38.7 Mbits/sec  0.722 ms  20/3361 (0.6%)  
[  5]  16.00-17.00  sec  4.61 MBytes  38.7 Mbits/sec  0.722 ms  16/3357 (0.48%)  
[  5]  17.00-18.00  sec  4.51 MBytes  37.8 Mbits/sec  2.503 ms  2/3266 (0.061%)  
[  5]  18.00-19.00  sec  4.62 MBytes  38.7 Mbits/sec  1.857 ms  16/3358 (0.48%)  
[  5]  19.00-20.00  sec  4.62 MBytes  38.7 Mbits/sec  4.192 ms  12/3354 (0.36%)  
[  5]  20.00-21.00  sec  4.54 MBytes  38.1 Mbits/sec  1.062 ms  12/3300 (0.36%)  
[  5]  21.00-22.00  sec  4.62 MBytes  38.8 Mbits/sec  0.462 ms  10/3356 (0.3%)  
[  5]  22.00-23.00  sec  4.62 MBytes  38.8 Mbits/sec  1.341 ms  8/3357 (0.24%)  
[  5]  23.00-24.00  sec  4.61 MBytes  38.7 Mbits/sec  0.395 ms  16/3357 (0.48%)  
[  5]  24.00-25.00  sec  4.62 MBytes  38.7 Mbits/sec  1.291 ms  10/3354 (0.3%)  
[  5]  25.00-26.00  sec  4.63 MBytes  38.8 Mbits/sec  0.709 ms  2/3354 (0.06%)  
[  5]  26.00-27.00  sec  4.61 MBytes  38.7 Mbits/sec  2.628 ms  14/3355 (0.42%)  
[  5]  27.00-28.00  sec  4.62 MBytes  38.7 Mbits/sec  1.657 ms  18/3363 (0.54%)  
[  5]  28.00-29.00  sec  4.61 MBytes  38.7 Mbits/sec  0.856 ms  13/3352 (0.39%)  
[  5]  29.00-30.00  sec  4.61 MBytes  38.7 Mbits/sec  0.634 ms  14/3355 (0.42%)  
[  5]  30.00-30.08  sec   273 KBytes  26.5 Mbits/sec  0.497 ms  18446744073709551614/191 (-1%)  
- - - - - - - - - - - - - - - - - - - - - - - - -
[ ID] Interval           Transfer     Bitrate         Jitter    Lost/Total Datagrams
[SUM]  0.0-30.1 sec  63511 datagrams received out-of-order
[  5]   0.00-30.08  sec   138 MBytes  38.6 Mbits/sec  0.497 ms  330/100571 (0.33%)  receiver
iperf3: interrupt - the server has terminated
-----------------------------------------------------------
Server listening on 5201 (test #2)
-----------------------------------------------------------
