-----------------------------------------------------------
Server listening on 5203 (test #1)
-----------------------------------------------------------
Accepted connection from 10.0.0.1, port 42978
[  5] local 10.0.0.2 port 5203 connected to 10.0.0.1 port 38644
[ ID] Interval           Transfer     Bitrate         Jitter    Lost/Total Datagrams
[  5]   0.00-1.00   sec  1.14 MBytes  9.58 Mbits/sec  1.721 ms  2/829 (0.24%)  
[  5]   1.00-2.00   sec  1.16 MBytes  9.70 Mbits/sec  3.712 ms  1/838 (0.12%)  
[  5]   2.00-3.00   sec  1.16 MBytes  9.70 Mbits/sec  5.323 ms  3/840 (0.36%)  
[  5]   3.00-4.00   sec  1.15 MBytes  9.67 Mbits/sec  8.739 ms  1/836 (0.12%)  
[  5]   4.00-5.00   sec  1.15 MBytes  9.67 Mbits/sec  1.942 ms  2/837 (0.24%)  
[  5]   5.00-6.00   sec  1.15 MBytes  9.68 Mbits/sec  2.139 ms  4/840 (0.48%)  
[  5]   6.00-7.00   sec  1.15 MBytes  9.68 Mbits/sec  1.814 ms  2/838 (0.24%)  
[  5]   7.00-8.00   sec  1.15 MBytes  9.68 Mbits/sec  2.133 ms  2/838 (0.24%)  
[  5]   8.00-9.00   sec  1.16 MBytes  9.72 Mbits/sec  2.800 ms  0/839 (0%)  
[  5]   9.00-10.00  sec  1.16 MBytes  9.71 Mbits/sec  3.639 ms  0/838 (0%)  
[  5]  10.00-11.00  sec  1.15 MBytes  9.64 Mbits/sec  1.412 ms  5/837 (0.6%)  
[  5]  11.00-12.00  sec  1.16 MBytes  9.73 Mbits/sec  1.473 ms  0/840 (0%)  
[  5]  12.00-13.00  sec  1.15 MBytes  9.65 Mbits/sec  1.673 ms  5/839 (0.6%)  
[  5]  13.00-14.00  sec  1.15 MBytes  9.68 Mbits/sec  1.928 ms  2/838 (0.24%)  
[  5]  14.00-15.00  sec  1.16 MBytes  9.70 Mbits/sec  5.000 ms  2/839 (0.24%)  
[  5]  15.00-16.00  sec  1.15 MBytes  9.67 Mbits/sec  3.433 ms  2/837 (0.24%)  
[  5]  16.00-17.00  sec  1.15 MBytes  9.66 Mbits/sec  1.420 ms  3/837 (0.36%)  
[  5]  17.00-18.00  sec  1.16 MBytes  9.72 Mbits/sec  1.985 ms  0/839 (0%)  
[  5]  18.00-19.00  sec  1.16 MBytes  9.72 Mbits/sec  1.687 ms  1/840 (0.12%)  
[  5]  19.00-20.00  sec  1.16 MBytes  9.70 Mbits/sec  3.430 ms  0/837 (0%)  
[  5]  20.00-21.00  sec  1.16 MBytes  9.70 Mbits/sec  4.981 ms  1/838 (0.12%)  
[  5]  21.00-22.00  sec  1.15 MBytes  9.64 Mbits/sec  3.467 ms  6/838 (0.72%)  
[  5]  22.00-23.00  sec  1.15 MBytes  9.68 Mbits/sec  1.404 ms  2/838 (0.24%)  
[  5]  23.00-24.00  sec  1.15 MBytes  9.66 Mbits/sec  1.489 ms  6/840 (0.71%)  
[  5]  24.00-25.00  sec  1.16 MBytes  9.70 Mbits/sec  1.627 ms  2/839 (0.24%)  
[  5]  25.00-26.00  sec  1.15 MBytes  9.64 Mbits/sec  2.078 ms  3/835 (0.36%)  
[  5]  26.00-27.00  sec  1.16 MBytes  9.70 Mbits/sec  2.615 ms  3/840 (0.36%)  
[  5]  27.00-28.00  sec  1.15 MBytes  9.67 Mbits/sec  3.303 ms  3/838 (0.36%)  
[  5]  28.00-29.00  sec  1.15 MBytes  9.67 Mbits/sec  1.365 ms  2/837 (0.24%)  
[  5]  29.00-30.00  sec  1.15 MBytes  9.67 Mbits/sec  1.466 ms  4/839 (0.48%)  
[  5]  30.00-30.12  sec   143 KBytes  9.69 Mbits/sec  1.314 ms  0/101 (0%)  
- - - - - - - - - - - - - - - - - - - - - - - - -
[ ID] Interval           Transfer     Bitrate         Jitter    Lost/Total Datagrams
[SUM]  0.0-30.1 sec  5723 datagrams received out-of-order
[  5]   0.00-30.12  sec  34.8 MBytes  9.68 Mbits/sec  1.314 ms  69/25239 (0.27%)  receiver
iperf3: interrupt - the server has terminated
-----------------------------------------------------------
Server listening on 5203 (test #2)
-----------------------------------------------------------
