-----------------------------------------------------------
Server listening on 5202 (test #1)
-----------------------------------------------------------
Accepted connection from 10.0.0.1, port 43298
[  5] local 10.0.0.2 port 5202 connected to 10.0.0.1 port 36958
[ ID] Interval           Transfer     Bitrate         Jitter    Lost/Total Datagrams
[  5]   0.00-1.00   sec  3.37 MBytes  28.2 Mbits/sec  2.740 ms  5/2443 (0.2%)  
[  5]   1.00-2.00   sec  3.47 MBytes  29.1 Mbits/sec  0.882 ms  10/2522 (0.4%)  
[  5]   2.00-3.00   sec  3.46 MBytes  29.0 Mbits/sec  1.492 ms  3/2508 (0.12%)  
[  5]   3.00-4.00   sec  3.47 MBytes  29.1 Mbits/sec  0.483 ms  11/2524 (0.44%)  
[  5]   4.00-5.00   sec  3.46 MBytes  29.1 Mbits/sec  2.568 ms  5/2514 (0.2%)  
[  5]   5.00-6.00   sec  3.44 MBytes  28.8 Mbits/sec  0.733 ms  11/2501 (0.44%)  
[  5]   6.00-7.00   sec  3.46 MBytes  29.0 Mbits/sec  2.180 ms  9/2514 (0.36%)  
[  5]   7.00-8.00   sec  3.46 MBytes  29.0 Mbits/sec  0.873 ms  12/2517 (0.48%)  
[  5]   8.00-9.00   sec  3.47 MBytes  29.1 Mbits/sec  1.150 ms  2/2515 (0.08%)  
[  5]   9.00-10.00  sec  3.47 MBytes  29.1 Mbits/sec  5.280 ms  7/2521 (0.28%)  
[  5]  10.00-11.00  sec  3.47 MBytes  29.1 Mbits/sec  1.458 ms  4/2515 (0.16%)  
[  5]  11.00-12.00  sec  3.46 MBytes  29.1 Mbits/sec  1.255 ms  10/2518 (0.4%)  
[  5]  12.00-13.00  sec  3.47 MBytes  29.1 Mbits/sec  0.992 ms  6/2517 (0.24%)  
[  5]  13.00-14.00  sec  3.47 MBytes  29.1 Mbits/sec  3.101 ms  1/2512 (0.04%)  
[  5]  14.00-15.00  sec  3.47 MBytes  29.1 Mbits/sec  0.874 ms  7/2518 (0.28%)  
[  5]  15.00-16.00  sec  3.46 MBytes  29.0 Mbits/sec  0.893 ms  17/2522 (0.67%)  
[  5]  16.00-17.00  sec  3.41 MBytes  28.6 Mbits/sec  1.240 ms  4/2474 (0.16%)  
[  5]  17.00-18.00  sec  3.47 MBytes  29.1 Mbits/sec  1.446 ms  11/2523 (0.44%)  
[  5]  18.00-19.00  sec  3.47 MBytes  29.1 Mbits/sec  0.914 ms  5/2515 (0.2%)  
[  5]  19.00-20.00  sec  3.47 MBytes  29.1 Mbits/sec  4.146 ms  4/2516 (0.16%)  
[  5]  20.00-21.00  sec  3.47 MBytes  29.1 Mbits/sec  0.499 ms  7/2518 (0.28%)  
[  5]  21.00-22.00  sec  3.47 MBytes  29.1 Mbits/sec  2.442 ms  7/2518 (0.28%)  
[  5]  22.00-23.00  sec  3.46 MBytes  29.1 Mbits/sec  0.819 ms  7/2516 (0.28%)  
[  5]  23.00-24.00  sec  3.46 MBytes  29.0 Mbits/sec  2.376 ms  13/2518 (0.52%)  
[  5]  24.00-25.00  sec  3.47 MBytes  29.1 Mbits/sec  0.797 ms  4/2515 (0.16%)  
[  5]  25.00-26.00  sec  3.46 MBytes  29.1 Mbits/sec  0.983 ms  9/2518 (0.36%)  
[  5]  26.00-27.00  sec  3.46 MBytes  29.1 Mbits/sec  1.094 ms  6/2515 (0.24%)  
[  5]  27.00-28.00  sec  3.47 MBytes  29.1 Mbits/sec  0.921 ms  5/2516 (0.2%)  
[  5]  28.00-29.00  sec  3.47 MBytes  29.1 Mbits/sec  0.662 ms  12/2522 (0.48%)  
[  5]  29.00-30.00  sec  3.46 MBytes  29.0 Mbits/sec  1.631 ms  9/2514 (0.36%)  
[  5]  30.00-30.12  sec   240 KBytes  16.6 Mbits/sec  0.679 ms  18446744073709551614/168 (-1.2%)  
- - - - - - - - - - - - - - - - - - - - - - - - -
[ ID] Interval           Transfer     Bitrate         Jitter    Lost/Total Datagrams
[SUM]  0.0-30.1 sec  42435 datagrams received out-of-order
[  5]   0.00-30.12  sec   104 MBytes  29.0 Mbits/sec  0.679 ms  221/75547 (0.29%)  receiver
iperf3: interrupt - the server has terminated
-----------------------------------------------------------
Server listening on 5202 (test #2)
-----------------------------------------------------------
