-----------------------------------------------------------
Server listening on 5203 (test #1)
-----------------------------------------------------------
Accepted connection from 10.0.0.1, port 48522
[  5] local 10.0.0.2 port 5203 connected to 10.0.0.1 port 57785
[ ID] Interval           Transfer     Bitrate         Jitter    Lost/Total Datagrams
[  5]   0.00-1.00   sec  1.34 MBytes  11.3 Mbits/sec  1.261 ms  3191/4163 (77%)  
[  5]   1.00-2.00   sec  1.16 MBytes  9.71 Mbits/sec  1.243 ms  3478/4316 (81%)  
[  5]   2.00-3.00   sec  1.15 MBytes  9.66 Mbits/sec  0.842 ms  3470/4304 (81%)  
[  5]   3.00-4.00   sec  1.16 MBytes  9.72 Mbits/sec  1.269 ms  3486/4325 (81%)  
[  5]   4.00-5.00   sec  1.15 MBytes  9.68 Mbits/sec  1.417 ms  3473/4309 (81%)  
[  5]   5.00-6.00   sec  1.15 MBytes  9.66 Mbits/sec  1.208 ms  3489/4323 (81%)  
[  5]   6.00-7.00   sec  1.15 MBytes  9.67 Mbits/sec  1.004 ms  3483/4318 (81%)  
[  5]   7.00-8.00   sec  1.16 MBytes  9.70 Mbits/sec  1.114 ms  3482/4319 (81%)  
[  5]   8.00-9.00   sec  1.15 MBytes  9.63 Mbits/sec  1.157 ms  3477/4308 (81%)  
[  5]   9.00-10.00  sec  1.16 MBytes  9.69 Mbits/sec  1.429 ms  3483/4320 (81%)  
[  5]  10.00-11.00  sec  1.15 MBytes  9.66 Mbits/sec  1.084 ms  3483/4317 (81%)  
[  5]  11.00-12.00  sec  1.16 MBytes  9.71 Mbits/sec  1.602 ms  3478/4316 (81%)  
[  5]  12.00-13.00  sec  1.16 MBytes  9.70 Mbits/sec  1.411 ms  3483/4320 (81%)  
[  5]  13.00-14.00  sec  1.16 MBytes  9.70 Mbits/sec  1.217 ms  3476/4313 (81%)  
[  5]  14.00-15.00  sec  1.15 MBytes  9.66 Mbits/sec  1.120 ms  3486/4320 (81%)  
[  5]  15.00-16.00  sec  1.15 MBytes  9.61 Mbits/sec  1.257 ms  3487/4317 (81%)  
[  5]  16.00-17.00  sec  1.16 MBytes  9.71 Mbits/sec  1.025 ms  3482/4320 (81%)  
[  5]  17.00-18.00  sec  1.13 MBytes  9.48 Mbits/sec  1.578 ms  3415/4233 (81%)  
[  5]  18.00-19.00  sec  1.17 MBytes  9.82 Mbits/sec  1.090 ms  3543/4391 (81%)  
[  5]  19.00-20.00  sec  1.15 MBytes  9.66 Mbits/sec  0.900 ms  3482/4316 (81%)  
[  5]  20.00-21.00  sec  1.15 MBytes  9.68 Mbits/sec  1.286 ms  3481/4317 (81%)  
[  5]  21.00-22.00  sec  1.15 MBytes  9.66 Mbits/sec  1.134 ms  3482/4316 (81%)  
[  5]  22.00-23.00  sec  1.15 MBytes  9.62 Mbits/sec  1.116 ms  3465/4295 (81%)  
[  5]  23.00-24.00  sec  1.16 MBytes  9.73 Mbits/sec  0.990 ms  3502/4342 (81%)  
[  5]  24.00-25.00  sec  1.15 MBytes  9.66 Mbits/sec  1.442 ms  3487/4321 (81%)  
[  5]  25.00-26.00  sec  1.15 MBytes  9.67 Mbits/sec  1.689 ms  3481/4316 (81%)  
[  5]  26.00-27.00  sec  1.15 MBytes  9.65 Mbits/sec  1.370 ms  3470/4303 (81%)  
[  5]  27.00-28.00  sec  1.15 MBytes  9.67 Mbits/sec  0.908 ms  3490/4325 (81%)  
[  5]  28.00-29.00  sec  1.15 MBytes  9.66 Mbits/sec  1.286 ms  3478/4312 (81%)  
[  5]  29.00-30.00  sec  1.15 MBytes  9.67 Mbits/sec  1.210 ms  3486/4321 (81%)  
[  5]  30.00-30.03  sec  38.2 KBytes  9.47 Mbits/sec  1.003 ms  111/138 (80%)  
- - - - - - - - - - - - - - - - - - - - - - - - -
[ ID] Interval           Transfer     Bitrate         Jitter    Lost/Total Datagrams
[SUM]  0.0-30.0 sec  6294 datagrams received out-of-order
[  5]   0.00-30.03  sec  34.8 MBytes  9.73 Mbits/sec  1.003 ms  104260/129474 (81%)  receiver
iperf3: interrupt - the server has terminated
-----------------------------------------------------------
Server listening on 5203 (test #2)
-----------------------------------------------------------
