-----------------------------------------------------------
Server listening on 5201 (test #1)
-----------------------------------------------------------
Accepted connection from 10.0.0.1, port 39328
[  5] local 10.0.0.2 port 5201 connected to 10.0.0.1 port 39738
[ ID] Interval           Transfer     Bitrate         Jitter    Lost/Total Datagrams
[  5]   0.00-1.00   sec  4.56 MBytes  38.2 Mbits/sec  1.189 ms  857/4159 (21%)  
[  5]   1.00-2.00   sec  4.62 MBytes  38.8 Mbits/sec  1.357 ms  970/4319 (22%)  
[  5]   2.00-3.00   sec  4.57 MBytes  38.4 Mbits/sec  1.368 ms  1001/4314 (23%)  
[  5]   3.00-4.00   sec  4.62 MBytes  38.8 Mbits/sec  0.934 ms  970/4317 (22%)  
[  5]   4.00-5.00   sec  4.62 MBytes  38.8 Mbits/sec  1.232 ms  968/4315 (22%)  
[  5]   5.00-6.00   sec  4.62 MBytes  38.8 Mbits/sec  1.097 ms  970/4318 (22%)  
[  5]   6.00-7.00   sec  4.62 MBytes  38.7 Mbits/sec  1.095 ms  971/4315 (23%)  
[  5]   7.00-8.00   sec  4.55 MBytes  38.2 Mbits/sec  1.238 ms  1021/4318 (24%)  
[  5]   8.00-9.00   sec  4.61 MBytes  38.7 Mbits/sec  0.968 ms  980/4319 (23%)  
[  5]   9.00-10.00  sec  4.62 MBytes  38.7 Mbits/sec  1.263 ms  974/4318 (23%)  
[  5]  10.00-11.00  sec  4.62 MBytes  38.7 Mbits/sec  1.634 ms  967/4311 (22%)  
[  5]  11.00-12.00  sec  4.63 MBytes  38.8 Mbits/sec  1.409 ms  966/4317 (22%)  
[  5]  12.00-13.00  sec  4.55 MBytes  38.2 Mbits/sec  0.947 ms  1022/4316 (24%)  
[  5]  13.00-14.00  sec  4.62 MBytes  38.8 Mbits/sec  1.287 ms  979/4325 (23%)  
[  5]  14.00-15.00  sec  4.63 MBytes  38.8 Mbits/sec  1.044 ms  959/4309 (22%)  
[  5]  15.00-16.00  sec  4.62 MBytes  38.7 Mbits/sec  1.062 ms  970/4314 (22%)  
[  5]  16.00-17.00  sec  4.62 MBytes  38.8 Mbits/sec  1.032 ms  970/4317 (22%)  
[  5]  17.00-18.00  sec  4.50 MBytes  37.8 Mbits/sec  1.693 ms  969/4230 (23%)  
[  5]  18.00-19.00  sec  4.74 MBytes  39.8 Mbits/sec  1.216 ms  972/4406 (22%)  
[  5]  19.00-20.00  sec  4.61 MBytes  38.7 Mbits/sec  1.301 ms  973/4314 (23%)  
[  5]  20.00-21.00  sec  4.63 MBytes  38.8 Mbits/sec  1.206 ms  974/4324 (23%)  
[  5]  21.00-22.00  sec  4.61 MBytes  38.7 Mbits/sec  0.945 ms  967/4307 (22%)  
[  5]  22.00-23.00  sec  4.56 MBytes  38.3 Mbits/sec  1.309 ms  961/4265 (23%)  
[  5]  23.00-24.00  sec  4.67 MBytes  39.2 Mbits/sec  0.956 ms  983/4368 (23%)  
[  5]  24.00-25.00  sec  4.61 MBytes  38.7 Mbits/sec  1.357 ms  975/4313 (23%)  
[  5]  25.00-26.00  sec  4.62 MBytes  38.7 Mbits/sec  1.308 ms  978/4323 (23%)  
[  5]  26.00-27.00  sec  4.63 MBytes  38.8 Mbits/sec  1.115 ms  963/4314 (22%)  
[  5]  27.00-28.00  sec  4.62 MBytes  38.8 Mbits/sec  0.842 ms  966/4314 (22%)  
[  5]  28.00-29.00  sec  4.62 MBytes  38.7 Mbits/sec  1.192 ms  971/4315 (23%)  
[  5]  29.00-30.00  sec  4.62 MBytes  38.8 Mbits/sec  1.020 ms  974/4319 (23%)  
[  5]  30.00-30.03  sec   165 KBytes  39.0 Mbits/sec  1.473 ms  34/151 (23%)  
- - - - - - - - - - - - - - - - - - - - - - - - -
[ ID] Interval           Transfer     Bitrate         Jitter    Lost/Total Datagrams
[SUM]  0.0-30.0 sec  64936 datagrams received out-of-order
[  5]   0.00-30.03  sec   139 MBytes  38.7 Mbits/sec  1.473 ms  29175/129484 (23%)  receiver
iperf3: interrupt - the server has terminated
-----------------------------------------------------------
Server listening on 5201 (test #2)
-----------------------------------------------------------
