-----------------------------------------------------------
Server listening on 5202 (test #1)
-----------------------------------------------------------
Accepted connection from 10.0.0.1, port 38236
[  5] local 10.0.0.2 port 5202 connected to 10.0.0.1 port 54018
[ ID] Interval           Transfer     Bitrate         Jitter    Lost/Total Datagrams
[  5]   0.00-1.00   sec  3.45 MBytes  28.9 Mbits/sec  1.306 ms  1659/4156 (40%)  
[  5]   1.00-2.00   sec  3.46 MBytes  29.0 Mbits/sec  1.208 ms  1810/4315 (42%)  
[  5]   2.00-3.00   sec  3.46 MBytes  29.0 Mbits/sec  1.263 ms  1816/4318 (42%)  
[  5]   3.00-4.00   sec  3.46 MBytes  29.0 Mbits/sec  1.084 ms  1809/4315 (42%)  
[  5]   4.00-5.00   sec  3.46 MBytes  29.1 Mbits/sec  1.060 ms  1814/4322 (42%)  
[  5]   5.00-6.00   sec  3.46 MBytes  29.0 Mbits/sec  1.212 ms  1816/4319 (42%)  
[  5]   6.00-7.00   sec  3.48 MBytes  29.2 Mbits/sec  1.125 ms  1791/4309 (42%)  
[  5]   7.00-8.00   sec  3.45 MBytes  29.0 Mbits/sec  1.366 ms  1819/4320 (42%)  
[  5]   8.00-9.00   sec  3.46 MBytes  29.0 Mbits/sec  1.167 ms  1809/4316 (42%)  
[  5]   9.00-10.00  sec  3.46 MBytes  29.0 Mbits/sec  1.289 ms  1810/4315 (42%)  
[  5]  10.00-11.00  sec  3.47 MBytes  29.1 Mbits/sec  1.122 ms  1801/4314 (42%)  
[  5]  11.00-12.00  sec  3.46 MBytes  29.0 Mbits/sec  1.097 ms  1813/4319 (42%)  
[  5]  12.00-13.00  sec  3.44 MBytes  28.9 Mbits/sec  1.395 ms  1819/4312 (42%)  
[  5]  13.00-14.00  sec  3.46 MBytes  29.1 Mbits/sec  1.292 ms  1809/4318 (42%)  
[  5]  14.00-15.00  sec  3.47 MBytes  29.1 Mbits/sec  1.178 ms  1808/4320 (42%)  
[  5]  15.00-16.00  sec  3.46 MBytes  29.0 Mbits/sec  0.924 ms  1812/4317 (42%)  
[  5]  16.00-17.00  sec  3.47 MBytes  29.1 Mbits/sec  1.357 ms  1805/4316 (42%)  
[  5]  17.00-18.00  sec  3.36 MBytes  28.1 Mbits/sec  0.566 ms  1760/4190 (42%)  
[  5]  18.00-19.00  sec  3.54 MBytes  29.7 Mbits/sec  1.214 ms  1876/4438 (42%)  
[  5]  19.00-20.00  sec  3.46 MBytes  29.1 Mbits/sec  1.046 ms  1808/4317 (42%)  
[  5]  20.00-21.00  sec  3.46 MBytes  29.1 Mbits/sec  1.188 ms  1814/4323 (42%)  
[  5]  21.00-22.00  sec  3.46 MBytes  29.0 Mbits/sec  1.336 ms  1804/4310 (42%)  
[  5]  22.00-23.00  sec  3.45 MBytes  28.8 Mbits/sec  2.101 ms  1807/4305 (42%)  
[  5]  23.00-24.00  sec  3.49 MBytes  29.4 Mbits/sec  1.552 ms  1798/4325 (42%)  
[  5]  24.00-25.00  sec  3.47 MBytes  29.1 Mbits/sec  1.157 ms  1801/4313 (42%)  
[  5]  25.00-26.00  sec  3.47 MBytes  29.1 Mbits/sec  1.213 ms  1815/4325 (42%)  
[  5]  26.00-27.00  sec  3.47 MBytes  29.1 Mbits/sec  1.188 ms  1800/4312 (42%)  
[  5]  27.00-28.00  sec  3.47 MBytes  29.1 Mbits/sec  1.479 ms  1808/4322 (42%)  
[  5]  28.00-29.00  sec  3.46 MBytes  29.1 Mbits/sec  1.301 ms  1812/4320 (42%)  
[  5]  29.00-30.00  sec  3.47 MBytes  29.1 Mbits/sec  1.265 ms  1798/4308 (42%)  
[  5]  30.00-30.04  sec   130 KBytes  28.3 Mbits/sec  1.258 ms  61/153 (40%)  
- - - - - - - - - - - - - - - - - - - - - - - - -
[ ID] Interval           Transfer     Bitrate         Jitter    Lost/Total Datagrams
[SUM]  0.0-30.0 sec  43420 datagrams received out-of-order
[  5]   0.00-30.04  sec   104 MBytes  29.0 Mbits/sec  1.258 ms  54182/129482 (42%)  receiver
iperf3: interrupt - the server has terminated
-----------------------------------------------------------
Server listening on 5202 (test #2)
-----------------------------------------------------------
