-----------------------------------------------------------
Server listening on 5202 (test #1)
-----------------------------------------------------------
Accepted connection from 10.0.0.1, port 55772
[  5] local 10.0.0.2 port 5202 connected to 10.0.0.1 port 55195
[ ID] Interval           Transfer     Bitrate         Jitter    Lost/Total Datagrams
[  5]   0.00-1.00   sec  3.88 MBytes  32.5 Mbits/sec  1.024 ms  115/2924 (3.9%)  
[  5]   1.00-2.00   sec  4.42 MBytes  37.1 Mbits/sec  1.136 ms  239/3443 (6.9%)  
[  5]   2.00-3.00   sec  4.09 MBytes  34.3 Mbits/sec  1.613 ms  498/3458 (14%)  
[  5]   3.00-4.00   sec  4.45 MBytes  37.3 Mbits/sec  0.965 ms  234/3453 (6.8%)  
[  5]   4.00-5.00   sec  4.39 MBytes  36.9 Mbits/sec  1.410 ms  263/3445 (7.6%)  
[  5]   5.00-6.00   sec  4.45 MBytes  37.3 Mbits/sec  0.906 ms  234/3454 (6.8%)  
[  5]   6.00-7.01   sec  4.33 MBytes  36.2 Mbits/sec  2.271 ms  277/3415 (8.1%)  
[  5]   7.01-8.00   sec  4.34 MBytes  36.6 Mbits/sec  1.534 ms  359/3500 (10%)  
[  5]   8.00-9.00   sec  4.52 MBytes  37.9 Mbits/sec  1.406 ms  181/3453 (5.2%)  
[  5]   9.00-10.00  sec  4.49 MBytes  37.6 Mbits/sec  1.352 ms  210/3458 (6.1%)  
[  5]  10.00-11.00  sec  4.42 MBytes  37.0 Mbits/sec  2.043 ms  242/3440 (7%)  
[  5]  11.00-12.00  sec  4.07 MBytes  34.1 Mbits/sec  1.461 ms  501/3445 (15%)  
[  5]  12.00-13.00  sec  4.42 MBytes  37.1 Mbits/sec  1.343 ms  252/3453 (7.3%)  
[  5]  13.00-14.00  sec  4.40 MBytes  36.9 Mbits/sec  1.417 ms  281/3470 (8.1%)  
[  5]  14.00-15.00  sec  4.55 MBytes  38.2 Mbits/sec  1.031 ms  151/3448 (4.4%)  
[  5]  15.00-16.00  sec  4.23 MBytes  35.4 Mbits/sec  1.258 ms  400/3460 (12%)  
[  5]  16.00-17.00  sec  4.56 MBytes  38.3 Mbits/sec  1.073 ms  146/3448 (4.2%)  
[  5]  17.00-18.00  sec  4.52 MBytes  37.9 Mbits/sec  1.085 ms  183/3453 (5.3%)  
[  5]  18.00-19.00  sec  4.44 MBytes  37.2 Mbits/sec  1.376 ms  229/3444 (6.6%)  
[  5]  19.00-20.00  sec  3.83 MBytes  32.1 Mbits/sec  1.130 ms  696/3466 (20%)  
[  5]  20.00-21.00  sec  4.24 MBytes  35.6 Mbits/sec  1.342 ms  352/3426 (10%)  
[  5]  21.00-22.00  sec  4.50 MBytes  37.7 Mbits/sec  1.551 ms  205/3462 (5.9%)  
[  5]  22.00-23.00  sec  4.41 MBytes  37.0 Mbits/sec  1.177 ms  269/3463 (7.8%)  
[  5]  23.00-24.00  sec  4.45 MBytes  37.4 Mbits/sec  1.123 ms  227/3453 (6.6%)  
[  5]  24.00-25.00  sec  4.30 MBytes  36.0 Mbits/sec  1.814 ms  346/3458 (10%)  
[  5]  25.00-26.00  sec  4.25 MBytes  35.6 Mbits/sec  1.060 ms  379/3455 (11%)  
[  5]  26.00-27.00  sec  4.47 MBytes  37.5 Mbits/sec  0.781 ms  217/3454 (6.3%)  
[  5]  27.00-28.00  sec  4.45 MBytes  37.3 Mbits/sec  1.894 ms  234/3455 (6.8%)  
[  5]  28.00-29.00  sec  4.41 MBytes  37.0 Mbits/sec  1.507 ms  267/3457 (7.7%)  
[  5]  29.00-30.00  sec  4.32 MBytes  36.3 Mbits/sec  1.668 ms  316/3447 (9.2%)  
[  5]  30.00-30.23  sec   683 KBytes  24.6 Mbits/sec  1.690 ms  42/525 (8%)  
- - - - - - - - - - - - - - - - - - - - - - - - -
[ ID] Interval           Transfer     Bitrate         Jitter    Lost/Total Datagrams
[SUM]  0.0-30.2 sec  64071 datagrams received out-of-order
[  5]   0.00-30.23  sec   131 MBytes  36.4 Mbits/sec  1.690 ms  8545/103585 (8.2%)  receiver
iperf3: interrupt - the server has terminated
-----------------------------------------------------------
Server listening on 5202 (test #2)
-----------------------------------------------------------
