-----------------------------------------------------------
Server listening on 5203 (test #1)
-----------------------------------------------------------
Accepted connection from 10.0.0.1, port 53860
[  5] local 10.0.0.2 port 5203 connected to 10.0.0.1 port 44340
[ ID] Interval           Transfer     Bitrate         Jitter    Lost/Total Datagrams
[  5]   0.00-1.00   sec  3.72 MBytes  31.2 Mbits/sec  1.277 ms  224/2920 (7.7%)  
[  5]   1.00-2.00   sec  3.95 MBytes  33.2 Mbits/sec  1.470 ms  593/3452 (17%)  
[  5]   2.00-3.00   sec  3.72 MBytes  31.2 Mbits/sec  1.808 ms  748/3445 (22%)  
[  5]   3.00-4.00   sec  3.87 MBytes  32.5 Mbits/sec  1.501 ms  657/3462 (19%)  
[  5]   4.00-5.00   sec  3.91 MBytes  32.8 Mbits/sec  1.262 ms  606/3438 (18%)  
[  5]   5.00-6.00   sec  3.93 MBytes  33.0 Mbits/sec  1.383 ms  609/3457 (18%)  
[  5]   6.00-7.00   sec  3.84 MBytes  32.2 Mbits/sec  1.359 ms  601/3382 (18%)  
[  5]   7.00-8.00   sec  3.67 MBytes  30.8 Mbits/sec  1.144 ms  875/3533 (25%)  
[  5]   8.00-9.00   sec  3.93 MBytes  33.0 Mbits/sec  1.255 ms  602/3450 (17%)  
[  5]   9.00-10.00  sec  3.89 MBytes  32.6 Mbits/sec  1.438 ms  638/3456 (18%)  
[  5]  10.00-11.00  sec  3.84 MBytes  32.2 Mbits/sec  1.681 ms  669/3448 (19%)  
[  5]  11.00-12.00  sec  3.71 MBytes  31.1 Mbits/sec  1.444 ms  758/3444 (22%)  
[  5]  12.00-13.00  sec  3.90 MBytes  32.7 Mbits/sec  1.174 ms  630/3454 (18%)  
[  5]  13.00-14.00  sec  3.99 MBytes  33.5 Mbits/sec  1.265 ms  580/3468 (17%)  
[  5]  14.00-15.00  sec  3.87 MBytes  32.4 Mbits/sec  1.213 ms  645/3445 (19%)  
[  5]  15.00-16.00  sec  3.82 MBytes  32.0 Mbits/sec  1.192 ms  699/3463 (20%)  
[  5]  16.00-17.00  sec  4.03 MBytes  33.8 Mbits/sec  1.403 ms  534/3449 (15%)  
[  5]  17.00-18.00  sec  3.99 MBytes  33.5 Mbits/sec  0.986 ms  561/3452 (16%)  
[  5]  18.00-19.00  sec  3.96 MBytes  33.2 Mbits/sec  1.183 ms  572/3438 (17%)  
[  5]  19.00-20.00  sec  3.69 MBytes  31.0 Mbits/sec  1.343 ms  792/3467 (23%)  
[  5]  20.00-21.00  sec  3.76 MBytes  31.6 Mbits/sec  1.756 ms  706/3430 (21%)  
[  5]  21.00-22.00  sec  3.95 MBytes  33.1 Mbits/sec  1.174 ms  600/3458 (17%)  
[  5]  22.00-23.00  sec  3.97 MBytes  33.3 Mbits/sec  1.053 ms  592/3464 (17%)  
[  5]  23.00-24.00  sec  3.92 MBytes  32.9 Mbits/sec  1.006 ms  612/3454 (18%)  
[  5]  24.00-25.00  sec  3.78 MBytes  31.7 Mbits/sec  1.335 ms  718/3452 (21%)  
[  5]  25.00-26.00  sec  3.86 MBytes  32.4 Mbits/sec  1.600 ms  657/3454 (19%)  
[  5]  26.00-27.00  sec  3.96 MBytes  33.2 Mbits/sec  1.085 ms  600/3465 (17%)  
[  5]  27.00-28.00  sec  3.84 MBytes  32.2 Mbits/sec  1.221 ms  660/3443 (19%)  
[  5]  28.00-29.00  sec  3.97 MBytes  33.3 Mbits/sec  1.454 ms  587/3459 (17%)  
[  5]  29.00-30.00  sec  3.94 MBytes  33.0 Mbits/sec  1.473 ms  598/3449 (17%)  
[  5]  30.00-30.23  sec   629 KBytes  22.9 Mbits/sec  2.594 ms  92/537 (17%)  
- - - - - - - - - - - - - - - - - - - - - - - - -
[ ID] Interval           Transfer     Bitrate         Jitter    Lost/Total Datagrams
[SUM]  0.0-30.2 sec  54752 datagrams received out-of-order
[  5]   0.00-30.23  sec   117 MBytes  32.4 Mbits/sec  2.594 ms  19015/103588 (18%)  receiver
iperf3: interrupt - the server has terminated
-----------------------------------------------------------
Server listening on 5203 (test #2)
-----------------------------------------------------------
