-----------------------------------------------------------
Server listening on 5203 (test #1)
-----------------------------------------------------------
Accepted connection from 10.0.0.1, port 46896
[  5] local 10.0.0.2 port 5203 connected to 10.0.0.1 port 58781
[ ID] Interval           Transfer     Bitrate         Jitter    Lost/Total Datagrams
[  5]   0.00-1.00   sec  3.25 MBytes  27.2 Mbits/sec  1.337 ms  563/2914 (19%)  
[  5]   1.00-2.00   sec  2.67 MBytes  22.4 Mbits/sec  1.433 ms  1522/3458 (44%)  
[  5]   2.00-3.00   sec  2.71 MBytes  22.7 Mbits/sec  1.262 ms  1490/3451 (43%)  
[  5]   3.00-4.00   sec  2.67 MBytes  22.4 Mbits/sec  1.506 ms  1518/3449 (44%)  
[  5]   4.00-5.00   sec  2.70 MBytes  22.6 Mbits/sec  1.462 ms  1506/3458 (44%)  
[  5]   5.00-6.00   sec  2.71 MBytes  22.7 Mbits/sec  1.064 ms  1491/3452 (43%)  
[  5]   6.00-7.00   sec  2.74 MBytes  22.9 Mbits/sec  1.130 ms  1466/3447 (43%)  
[  5]   7.00-8.00   sec  2.77 MBytes  23.2 Mbits/sec  1.268 ms  1456/3459 (42%)  
[  5]   8.00-9.00   sec  2.79 MBytes  23.4 Mbits/sec  2.025 ms  1427/3449 (41%)  
[  5]   9.00-10.00  sec  2.80 MBytes  23.5 Mbits/sec  1.239 ms  1429/3460 (41%)  
[  5]  10.00-11.00  sec  2.71 MBytes  22.8 Mbits/sec  1.103 ms  1487/3451 (43%)  
[  5]  11.00-12.00  sec  2.75 MBytes  23.1 Mbits/sec  1.045 ms  1460/3450 (42%)  
[  5]  12.00-13.00  sec  2.65 MBytes  22.2 Mbits/sec  1.193 ms  1534/3451 (44%)  
[  5]  13.00-14.00  sec  2.70 MBytes  22.6 Mbits/sec  1.446 ms  1490/3443 (43%)  
[  5]  14.00-15.00  sec  2.74 MBytes  23.0 Mbits/sec  1.185 ms  1482/3467 (43%)  
[  5]  15.00-16.00  sec  2.68 MBytes  22.5 Mbits/sec  1.554 ms  1501/3443 (44%)  
[  5]  16.00-17.00  sec  2.73 MBytes  22.9 Mbits/sec  1.008 ms  1485/3463 (43%)  
[  5]  17.00-18.00  sec  2.68 MBytes  22.5 Mbits/sec  1.403 ms  1511/3451 (44%)  
[  5]  18.00-19.00  sec  2.74 MBytes  23.0 Mbits/sec  1.278 ms  1476/3459 (43%)  
[  5]  19.00-20.00  sec  2.74 MBytes  23.0 Mbits/sec  1.107 ms  1471/3454 (43%)  
[  5]  20.00-21.00  sec  2.71 MBytes  22.8 Mbits/sec  1.630 ms  1482/3448 (43%)  
[  5]  21.00-22.00  sec  2.75 MBytes  23.1 Mbits/sec  0.832 ms  1464/3458 (42%)  
[  5]  22.00-23.00  sec  2.67 MBytes  22.4 Mbits/sec  1.210 ms  1514/3449 (44%)  
[  5]  23.00-24.00  sec  2.74 MBytes  23.0 Mbits/sec  1.184 ms  1471/3453 (43%)  
[  5]  24.00-25.00  sec  2.73 MBytes  22.9 Mbits/sec  1.486 ms  1477/3454 (43%)  
[  5]  25.00-26.00  sec  2.75 MBytes  23.0 Mbits/sec  1.068 ms  1465/3453 (42%)  
[  5]  26.00-27.00  sec  2.69 MBytes  22.6 Mbits/sec  1.654 ms  1480/3427 (43%)  
[  5]  27.00-28.00  sec  2.70 MBytes  22.6 Mbits/sec  1.511 ms  1511/3464 (44%)  
[  5]  28.00-29.00  sec  2.75 MBytes  23.0 Mbits/sec  1.387 ms  1474/3463 (43%)  
[  5]  29.00-30.00  sec  2.73 MBytes  22.9 Mbits/sec  1.346 ms  1476/3456 (43%)  
[  5]  30.00-30.15  sec   448 KBytes  24.0 Mbits/sec  1.316 ms  217/534 (41%)  
- - - - - - - - - - - - - - - - - - - - - - - - -
[ ID] Interval           Transfer     Bitrate         Jitter    Lost/Total Datagrams
[SUM]  0.0-30.2 sec  33227 datagrams received out-of-order
[  5]   0.00-30.15  sec  82.6 MBytes  23.0 Mbits/sec  1.316 ms  43796/103588 (42%)  receiver
iperf3: interrupt - the server has terminated
-----------------------------------------------------------
Server listening on 5203 (test #2)
-----------------------------------------------------------
