-----------------------------------------------------------
Server listening on 5202 (test #1)
-----------------------------------------------------------
Accepted connection from 10.0.0.1, port 58238
[  5] local 10.0.0.2 port 5202 connected to 10.0.0.1 port 53881
[ ID] Interval           Transfer     Bitrate         Jitter    Lost/Total Datagrams
[  5]   0.00-1.00   sec  3.72 MBytes  31.2 Mbits/sec  1.399 ms  225/2918 (7.7%)  
[  5]   1.00-2.00   sec  4.46 MBytes  37.4 Mbits/sec  1.526 ms  224/3456 (6.5%)  
[  5]   2.00-3.00   sec  4.42 MBytes  37.1 Mbits/sec  1.662 ms  245/3448 (7.1%)  
[  5]   3.00-4.00   sec  4.30 MBytes  36.1 Mbits/sec  1.782 ms  348/3461 (10%)  
[  5]   4.00-5.00   sec  4.42 MBytes  37.1 Mbits/sec  1.416 ms  250/3449 (7.2%)  
[  5]   5.00-6.00   sec  4.24 MBytes  35.5 Mbits/sec  1.519 ms  386/3454 (11%)  
[  5]   6.00-7.00   sec  4.42 MBytes  37.1 Mbits/sec  1.528 ms  255/3455 (7.4%)  
[  5]   7.00-8.00   sec  4.38 MBytes  36.7 Mbits/sec  1.112 ms  282/3452 (8.2%)  
[  5]   8.00-9.00   sec  4.13 MBytes  34.7 Mbits/sec  1.052 ms  453/3447 (13%)  
[  5]   9.00-10.00  sec  4.37 MBytes  36.7 Mbits/sec  1.584 ms  289/3456 (8.4%)  
[  5]  10.00-11.00  sec  4.41 MBytes  37.0 Mbits/sec  1.535 ms  261/3454 (7.6%)  
[  5]  11.00-12.00  sec  4.42 MBytes  37.1 Mbits/sec  1.152 ms  251/3453 (7.3%)  
[  5]  12.00-13.00  sec  4.45 MBytes  37.3 Mbits/sec  1.398 ms  237/3456 (6.9%)  
[  5]  13.00-14.00  sec  4.40 MBytes  36.9 Mbits/sec  1.281 ms  253/3441 (7.4%)  
[  5]  14.00-15.00  sec  4.45 MBytes  37.4 Mbits/sec  1.343 ms  242/3467 (7%)  
[  5]  15.00-16.00  sec  4.43 MBytes  37.2 Mbits/sec  1.322 ms  239/3450 (6.9%)  
[  5]  16.00-17.00  sec  4.37 MBytes  36.7 Mbits/sec  1.402 ms  291/3458 (8.4%)  
[  5]  17.00-18.00  sec  4.29 MBytes  36.0 Mbits/sec  1.196 ms  336/3446 (9.8%)  
[  5]  18.00-19.00  sec  4.39 MBytes  36.8 Mbits/sec  1.208 ms  272/3452 (7.9%)  
[  5]  19.00-20.00  sec  4.42 MBytes  37.1 Mbits/sec  1.232 ms  253/3454 (7.3%)  
[  5]  20.00-21.00  sec  4.42 MBytes  37.1 Mbits/sec  1.159 ms  248/3451 (7.2%)  
[  5]  21.00-22.00  sec  4.39 MBytes  36.8 Mbits/sec  1.729 ms  271/3450 (7.9%)  
[  5]  22.00-23.00  sec  4.28 MBytes  35.9 Mbits/sec  1.694 ms  360/3458 (10%)  
[  5]  23.00-24.00  sec  4.44 MBytes  37.3 Mbits/sec  1.114 ms  233/3451 (6.8%)  
[  5]  24.00-25.00  sec  4.40 MBytes  36.9 Mbits/sec  1.119 ms  272/3456 (7.9%)  
[  5]  25.00-26.00  sec  4.38 MBytes  36.8 Mbits/sec  1.092 ms  275/3448 (8%)  
[  5]  26.00-27.00  sec  4.36 MBytes  36.5 Mbits/sec  1.451 ms  275/3430 (8%)  
[  5]  27.00-28.00  sec  4.37 MBytes  36.7 Mbits/sec  1.015 ms  309/3474 (8.9%)  
[  5]  28.00-29.00  sec  4.38 MBytes  36.7 Mbits/sec  1.312 ms  283/3455 (8.2%)  
[  5]  29.00-30.00  sec  4.42 MBytes  37.0 Mbits/sec  1.463 ms  261/3459 (7.5%)  
[  5]  30.00-30.16  sec   687 KBytes  36.2 Mbits/sec  1.230 ms  43/529 (8.1%)  
- - - - - - - - - - - - - - - - - - - - - - - - -
[ ID] Interval           Transfer     Bitrate         Jitter    Lost/Total Datagrams
[SUM]  0.0-30.2 sec  63184 datagrams received out-of-order
[  5]   0.00-30.16  sec   131 MBytes  36.6 Mbits/sec  1.230 ms  8422/103588 (8.1%)  receiver
iperf3: interrupt - the server has terminated
-----------------------------------------------------------
Server listening on 5202 (test #2)
-----------------------------------------------------------
