-----------------------------------------------------------
Server listening on 5201 (test #1)
-----------------------------------------------------------
Accepted connection from 10.0.0.1, port 40360
[  5] local 10.0.0.2 port 5201 connected to 10.0.0.1 port 37167
[ ID] Interval           Transfer     Bitrate         Jitter    Lost/Total Datagrams
[  5]   0.00-1.00   sec  3.75 MBytes  31.5 Mbits/sec  1.090 ms  199/2917 (6.8%)  
[  5]   1.00-2.00   sec  4.44 MBytes  37.3 Mbits/sec  1.289 ms  245/3462 (7.1%)  
[  5]   2.00-3.00   sec  4.40 MBytes  36.9 Mbits/sec  1.499 ms  259/3448 (7.5%)  
[  5]   3.00-4.00   sec  4.17 MBytes  35.0 Mbits/sec  1.261 ms  430/3451 (12%)  
[  5]   4.00-5.00   sec  4.42 MBytes  37.1 Mbits/sec  1.558 ms  250/3453 (7.2%)  
[  5]   5.00-6.00   sec  4.35 MBytes  36.5 Mbits/sec  1.527 ms  300/3452 (8.7%)  
[  5]   6.00-7.00   sec  4.39 MBytes  36.8 Mbits/sec  1.034 ms  276/3456 (8%)  
[  5]   7.00-8.00   sec  4.40 MBytes  36.9 Mbits/sec  1.046 ms  262/3449 (7.6%)  
[  5]   8.00-9.00   sec  4.04 MBytes  33.8 Mbits/sec  1.626 ms  517/3439 (15%)  
[  5]   9.00-10.00  sec  4.37 MBytes  36.7 Mbits/sec  1.198 ms  307/3473 (8.8%)  
[  5]  10.00-11.00  sec  4.43 MBytes  37.1 Mbits/sec  1.307 ms  247/3452 (7.2%)  
[  5]  11.00-12.00  sec  4.37 MBytes  36.7 Mbits/sec  1.439 ms  284/3452 (8.2%)  
[  5]  12.00-13.00  sec  4.45 MBytes  37.4 Mbits/sec  1.232 ms  224/3450 (6.5%)  
[  5]  13.00-14.00  sec  4.38 MBytes  36.8 Mbits/sec  1.222 ms  245/3418 (7.2%)  
[  5]  14.00-15.00  sec  4.41 MBytes  37.0 Mbits/sec  1.378 ms  293/3487 (8.4%)  
[  5]  15.00-16.00  sec  4.42 MBytes  37.1 Mbits/sec  1.307 ms  265/3464 (7.7%)  
[  5]  16.00-17.00  sec  4.43 MBytes  37.1 Mbits/sec  1.320 ms  239/3445 (6.9%)  
[  5]  17.00-18.00  sec  4.23 MBytes  35.5 Mbits/sec  1.148 ms  387/3453 (11%)  
[  5]  18.00-19.00  sec  4.43 MBytes  37.1 Mbits/sec  1.603 ms  254/3459 (7.3%)  
[  5]  19.00-20.00  sec  4.39 MBytes  36.8 Mbits/sec  1.241 ms  274/3451 (7.9%)  
[  5]  20.00-21.00  sec  4.40 MBytes  36.9 Mbits/sec  1.322 ms  262/3450 (7.6%)  
[  5]  21.00-22.00  sec  4.41 MBytes  37.0 Mbits/sec  1.131 ms  259/3454 (7.5%)  
[  5]  22.00-23.00  sec  4.30 MBytes  36.0 Mbits/sec  1.347 ms  341/3452 (9.9%)  
[  5]  23.00-24.00  sec  4.39 MBytes  36.8 Mbits/sec  1.394 ms  280/3458 (8.1%)  
[  5]  24.00-25.00  sec  4.40 MBytes  36.9 Mbits/sec  1.175 ms  258/3444 (7.5%)  
[  5]  25.00-26.00  sec  4.43 MBytes  37.1 Mbits/sec  1.371 ms  254/3462 (7.3%)  
[  5]  26.00-27.00  sec  4.42 MBytes  37.1 Mbits/sec  1.762 ms  222/3425 (6.5%)  
[  5]  27.00-28.00  sec  4.31 MBytes  36.2 Mbits/sec  1.569 ms  352/3473 (10%)  
[  5]  28.00-29.00  sec  4.43 MBytes  37.1 Mbits/sec  1.715 ms  244/3450 (7.1%)  
[  5]  29.00-30.00  sec  4.39 MBytes  36.8 Mbits/sec  1.332 ms  279/3457 (8.1%)  
[  5]  30.00-30.15  sec   699 KBytes  37.0 Mbits/sec  0.993 ms  38/532 (7.1%)  
- - - - - - - - - - - - - - - - - - - - - - - - -
[ ID] Interval           Transfer     Bitrate         Jitter    Lost/Total Datagrams
[SUM]  0.0-30.2 sec  63063 datagrams received out-of-order
[  5]   0.00-30.15  sec   131 MBytes  36.5 Mbits/sec  0.993 ms  8546/103588 (8.2%)  receiver
iperf3: interrupt - the server has terminated
-----------------------------------------------------------
Server listening on 5201 (test #2)
-----------------------------------------------------------
