-----------------------------------------------------------
Server listening on 5202 (test #1)
-----------------------------------------------------------
Accepted connection from 10.0.0.1, port 44238
[  5] local 10.0.0.2 port 5202 connected to 10.0.0.1 port 36152
[ ID] Interval           Transfer     Bitrate         Jitter    Lost/Total Datagrams
[  5]   0.00-1.05   sec   513 KBytes  4.01 Mbits/sec  0.703 ms  374/737 (51%)  
[  5]   1.05-2.01   sec   532 KBytes  4.53 Mbits/sec  2.967 ms  505/881 (57%)  
[  5]   2.01-3.15   sec   773 KBytes  5.54 Mbits/sec  1.329 ms  2178/2725 (80%)  
[  5]   3.15-4.02   sec   356 KBytes  3.37 Mbits/sec  0.672 ms  563/815 (69%)  
[  5]   4.02-5.02   sec   567 KBytes  4.62 Mbits/sec  5.265 ms  972/1373 (71%)  
[  5]   5.02-6.04   sec   642 KBytes  5.15 Mbits/sec  7.623 ms  1252/1706 (73%)  
[  5]   6.04-7.09   sec   561 KBytes  4.39 Mbits/sec  12.785 ms  964/1361 (71%)  
[  5]   7.09-8.01   sec   580 KBytes  5.20 Mbits/sec  0.616 ms  660/1070 (62%)  
[  5]   8.01-9.01   sec   351 KBytes  2.88 Mbits/sec  3.445 ms  59/307 (19%)  
[  5]   9.01-10.02  sec   686 KBytes  5.56 Mbits/sec  1.027 ms  1689/2174 (78%)  
[  5]  10.02-11.00  sec   404 KBytes  3.36 Mbits/sec  0.961 ms  835/1121 (74%)  
[  5]  11.00-12.00  sec   508 KBytes  4.16 Mbits/sec  9.727 ms  1238/1597 (78%)  
[  5]  12.00-13.01  sec   277 KBytes  2.25 Mbits/sec  4.039 ms  364/560 (65%)  
[  5]  13.01-14.07  sec   475 KBytes  3.68 Mbits/sec  1.670 ms  1223/1559 (78%)  
[  5]  14.07-15.02  sec   506 KBytes  4.34 Mbits/sec  0.327 ms  936/1294 (72%)  
[  5]  15.02-16.01  sec   591 KBytes  4.89 Mbits/sec  0.735 ms  580/998 (58%)  
[  5]  16.01-17.03  sec   515 KBytes  4.15 Mbits/sec  3.426 ms  631/995 (63%)  
[  5]  17.03-18.01  sec   395 KBytes  3.28 Mbits/sec  9.610 ms  654/933 (70%)  
[  5]  18.01-19.03  sec   428 KBytes  3.45 Mbits/sec  2.164 ms  1093/1396 (78%)  
[  5]  19.03-20.02  sec   602 KBytes  5.01 Mbits/sec  6.573 ms  1095/1521 (72%)  
[  5]  20.02-21.00  sec   242 KBytes  2.01 Mbits/sec  1.416 ms  703/874 (80%)  
[  5]  21.00-22.06  sec   506 KBytes  3.91 Mbits/sec  7.367 ms  1674/2032 (82%)  
[  5]  22.06-23.03  sec   421 KBytes  3.55 Mbits/sec  6.821 ms  694/992 (70%)  
[  5]  23.03-24.01  sec   434 KBytes  3.64 Mbits/sec  1.797 ms  833/1140 (73%)  
[  5]  24.01-25.03  sec   648 KBytes  5.19 Mbits/sec  1.640 ms  1368/1826 (75%)  
[  5]  25.03-26.00  sec   424 KBytes  3.59 Mbits/sec  0.648 ms  1710/2010 (85%)  
[  5]  26.00-27.00  sec   474 KBytes  3.88 Mbits/sec  1.673 ms  763/1098 (69%)  
[  5]  27.00-28.00  sec   424 KBytes  3.48 Mbits/sec  10.841 ms  1323/1623 (82%)  
[  5]  28.00-29.09  sec   433 KBytes  3.24 Mbits/sec  0.458 ms  1105/1411 (78%)  
[  5]  29.09-30.08  sec   448 KBytes  3.73 Mbits/sec  15.299 ms  1112/1429 (78%)  
[  5]  30.08-31.16  sec   122 KBytes   923 Kbits/sec  3.904 ms  219/305 (72%)  
[  5]  31.16-32.00  sec   310 KBytes  3.01 Mbits/sec  4.115 ms  796/1015 (78%)  
[  5]  32.00-33.13  sec   437 KBytes  3.16 Mbits/sec  1.549 ms  454/763 (60%)  
[  5]  33.13-34.05  sec   338 KBytes  3.03 Mbits/sec  6.688 ms  177/416 (43%)  
[  5]  34.05-35.03  sec  36.8 KBytes   306 Kbits/sec  60.270 ms  278/304 (91%)  
[  5]  35.03-36.00  sec   396 KBytes  3.35 Mbits/sec  4.380 ms  1187/1467 (81%)  
[  5]  36.00-37.12  sec   827 KBytes  6.05 Mbits/sec  0.191 ms  2224/2809 (79%)  
[  5]  37.12-38.18  sec   706 KBytes  5.44 Mbits/sec  6.229 ms  2528/3027 (84%)  
[  5]  38.18-39.03  sec   373 KBytes  3.60 Mbits/sec  2.770 ms  550/814 (68%)  
[  5]  39.03-40.05  sec   443 KBytes  3.56 Mbits/sec  14.859 ms  848/1161 (73%)  
[  5]  40.05-41.04  sec   687 KBytes  5.66 Mbits/sec  1.503 ms  1642/2128 (77%)  
[  5]  41.04-42.02  sec   649 KBytes  5.45 Mbits/sec  5.653 ms  1044/1503 (69%)  
[  5]  42.02-43.02  sec   621 KBytes  5.07 Mbits/sec  10.750 ms  1287/1726 (75%)  
[  5]  43.02-44.15  sec   663 KBytes  4.82 Mbits/sec  4.532 ms  3548/4017 (88%)  
[  5]  44.15-45.04  sec   226 KBytes  2.08 Mbits/sec  24.185 ms  400/560 (71%)  
[  5]  45.04-46.01  sec   508 KBytes  4.28 Mbits/sec  0.395 ms  1138/1497 (76%)  
[  5]  46.01-47.01  sec   423 KBytes  3.49 Mbits/sec  7.305 ms  723/1022 (71%)  
[  5]  47.01-48.00  sec   467 KBytes  3.84 Mbits/sec  0.753 ms  937/1267 (74%)  
[  5]  48.00-49.00  sec   417 KBytes  3.41 Mbits/sec  8.400 ms  1094/1389 (79%)  
[  5]  49.00-50.00  sec   773 KBytes  6.32 Mbits/sec  1.513 ms  1918/2465 (78%)  
[  5]  50.00-51.01  sec   300 KBytes  2.45 Mbits/sec  1.534 ms  849/1061 (80%)  
[  5]  51.01-52.01  sec   276 KBytes  2.25 Mbits/sec  7.202 ms  545/740 (74%)  
[  5]  52.01-53.01  sec   284 KBytes  2.34 Mbits/sec  0.700 ms  211/412 (51%)  
[  5]  53.01-54.06  sec   441 KBytes  3.43 Mbits/sec  2.906 ms  2340/2652 (88%)  
[  5]  54.06-55.19  sec   530 KBytes  3.84 Mbits/sec  4.932 ms  2668/3043 (88%)  
[  5]  55.19-56.17  sec   461 KBytes  3.86 Mbits/sec  2.261 ms  1424/1750 (81%)  
[  5]  56.17-57.02  sec   450 KBytes  4.36 Mbits/sec  1.776 ms  1832/2150 (85%)  
[  5]  57.02-58.07  sec   427 KBytes  3.31 Mbits/sec  0.116 ms  1010/1312 (77%)  
[  5]  58.07-59.13  sec   652 KBytes  5.07 Mbits/sec  7.004 ms  2276/2737 (83%)  
[  5]  59.13-60.13  sec   325 KBytes  2.65 Mbits/sec  5.068 ms  806/1036 (78%)  
[  5]  60.13-60.63  sec  80.6 KBytes  1.32 Mbits/sec  5.445 ms  187/244 (77%)  
- - - - - - - - - - - - - - - - - - - - - - - - -
[ ID] Interval           Transfer     Bitrate         Jitter    Lost/Total Datagrams
[SUM]  0.0-60.6 sec  3896 datagrams received out-of-order
[  5]   0.00-60.63  sec  27.7 MBytes  3.83 Mbits/sec  5.445 ms  66290/86350 (77%)  receiver
iperf3: interrupt - the server has terminated
-----------------------------------------------------------
Server listening on 5202 (test #2)
-----------------------------------------------------------
