-----------------------------------------------------------
Server listening on 5203 (test #1)
-----------------------------------------------------------
Accepted connection from 10.0.0.1, port 44572
[  5] local 10.0.0.2 port 5203 connected to 10.0.0.1 port 52825
[ ID] Interval           Transfer     Bitrate         Jitter    Lost/Total Datagrams
[  5]   0.00-1.04   sec   475 KBytes  3.74 Mbits/sec  5.633 ms  133/469 (28%)  
[  5]   1.04-2.02   sec   683 KBytes  5.71 Mbits/sec  5.875 ms  1782/2265 (79%)  
[  5]   2.02-3.05   sec   693 KBytes  5.52 Mbits/sec  1.384 ms  2092/2582 (81%)  
[  5]   3.05-4.00   sec   257 KBytes  2.21 Mbits/sec  2.701 ms  630/812 (78%)  
[  5]   4.00-5.06   sec   267 KBytes  2.07 Mbits/sec  6.478 ms  537/726 (74%)  
[  5]   5.06-6.03   sec   366 KBytes  3.11 Mbits/sec  3.677 ms  826/1085 (76%)  
[  5]   6.03-7.06   sec   662 KBytes  5.25 Mbits/sec  6.860 ms  1779/2247 (79%)  
[  5]   7.06-8.01   sec   354 KBytes  3.03 Mbits/sec  0.237 ms  1269/1519 (84%)  
[  5]   8.01-9.02   sec   365 KBytes  2.97 Mbits/sec  0.647 ms  385/643 (60%)  
[  5]   9.02-10.02  sec   444 KBytes  3.62 Mbits/sec  2.440 ms  794/1108 (72%)  
[  5]  10.02-11.02  sec   658 KBytes  5.44 Mbits/sec  3.162 ms  1316/1781 (74%)  
[  5]  11.02-12.02  sec   805 KBytes  6.58 Mbits/sec  5.759 ms  1687/2256 (75%)  
[  5]  12.02-13.06  sec   410 KBytes  3.23 Mbits/sec  6.554 ms  435/725 (60%)  
[  5]  13.06-14.19  sec   373 KBytes  2.70 Mbits/sec  2.080 ms  329/593 (55%)  
[  5]  14.19-15.01  sec   331 KBytes  3.32 Mbits/sec  5.167 ms  341/575 (59%)  
[  5]  15.01-16.08  sec   355 KBytes  2.71 Mbits/sec  6.989 ms  1185/1436 (83%)  
[  5]  16.08-17.01  sec   150 KBytes  1.33 Mbits/sec  2.767 ms  361/467 (77%)  
[  5]  17.01-18.18  sec   380 KBytes  2.65 Mbits/sec  16.819 ms  481/750 (64%)  
[  5]  18.18-19.04  sec   494 KBytes  4.75 Mbits/sec  24.523 ms  403/752 (54%)  
[  5]  19.04-20.17  sec   201 KBytes  1.45 Mbits/sec  9.119 ms  616/758 (81%)  
[  5]  20.17-21.01  sec   455 KBytes  4.41 Mbits/sec  1.870 ms  711/1033 (69%)  
[  5]  21.01-22.12  sec   455 KBytes  3.36 Mbits/sec  7.846 ms  621/943 (66%)  
[  5]  22.12-23.03  sec   369 KBytes  3.34 Mbits/sec  0.404 ms  218/479 (46%)  
[  5]  23.03-24.03  sec   491 KBytes  4.01 Mbits/sec  2.245 ms  1697/2044 (83%)  
[  5]  24.03-25.00  sec   444 KBytes  3.75 Mbits/sec  0.771 ms  1156/1470 (79%)  
[  5]  25.00-26.04  sec   594 KBytes  4.69 Mbits/sec  5.024 ms  845/1265 (67%)  
[  5]  26.04-27.00  sec   588 KBytes  4.99 Mbits/sec  3.565 ms  1147/1563 (73%)  
[  5]  27.00-28.01  sec   496 KBytes  4.05 Mbits/sec  4.164 ms  1615/1966 (82%)  
[  5]  28.01-29.08  sec   827 KBytes  6.33 Mbits/sec  2.750 ms  1578/2163 (73%)  
[  5]  29.08-30.02  sec   820 KBytes  7.15 Mbits/sec  1.328 ms  1385/1965 (70%)  
[  5]  30.02-31.02  sec   426 KBytes  3.47 Mbits/sec  3.832 ms  1468/1769 (83%)  
[  5]  31.02-32.09  sec   619 KBytes  4.74 Mbits/sec  1.170 ms  1606/2044 (79%)  
[  5]  32.09-33.00  sec   428 KBytes  3.84 Mbits/sec  2.013 ms  1018/1321 (77%)  
[  5]  33.00-34.04  sec   180 KBytes  1.42 Mbits/sec  6.924 ms  441/568 (78%)  
[  5]  34.04-35.00  sec   501 KBytes  4.28 Mbits/sec  2.899 ms  482/836 (58%)  
[  5]  35.00-36.09  sec   969 KBytes  7.30 Mbits/sec  0.934 ms  2391/3076 (78%)  
[  5]  36.09-37.04  sec   400 KBytes  3.44 Mbits/sec  5.077 ms  2075/2358 (88%)  
[  5]  37.04-38.11  sec   378 KBytes  2.90 Mbits/sec  1.611 ms  490/757 (65%)  
[  5]  38.11-39.07  sec   402 KBytes  3.42 Mbits/sec  3.490 ms  337/621 (54%)  
[  5]  39.07-40.01  sec   602 KBytes  5.28 Mbits/sec  0.252 ms  739/1165 (63%)  
[  5]  40.01-41.08  sec   406 KBytes  3.09 Mbits/sec  0.796 ms  499/786 (63%)  
[  5]  41.08-42.03  sec   519 KBytes  4.49 Mbits/sec  1.047 ms  1561/1928 (81%)  
[  5]  42.03-43.03  sec   150 KBytes  1.23 Mbits/sec  6.019 ms  474/580 (82%)  
[  5]  43.03-44.07  sec   467 KBytes  3.66 Mbits/sec  1.490 ms  3508/3838 (91%)  
[  5]  44.07-45.05  sec   465 KBytes  3.90 Mbits/sec  1.002 ms  826/1155 (72%)  
[  5]  45.05-46.10  sec   642 KBytes  5.00 Mbits/sec  1.501 ms  2663/3117 (85%)  
[  5]  46.10-47.01  sec   386 KBytes  3.47 Mbits/sec  1.161 ms  1150/1423 (81%)  
[  5]  47.01-48.03  sec   332 KBytes  2.67 Mbits/sec  7.492 ms  1976/2211 (89%)  
[  5]  48.03-49.03  sec   530 KBytes  4.36 Mbits/sec  15.076 ms  2037/2412 (84%)  
[  5]  49.03-50.06  sec   298 KBytes  2.36 Mbits/sec  2.905 ms  1573/1784 (88%)  
[  5]  50.06-51.00  sec   236 KBytes  2.06 Mbits/sec  3.849 ms  818/985 (83%)  
[  5]  51.00-52.20  sec   841 KBytes  5.79 Mbits/sec  3.316 ms  4514/5109 (88%)  
[  5]  52.20-53.02  sec   462 KBytes  4.59 Mbits/sec  1.730 ms  875/1202 (73%)  
[  5]  53.02-54.08  sec   410 KBytes  3.15 Mbits/sec  3.993 ms  1184/1474 (80%)  
[  5]  54.08-55.11  sec   547 KBytes  4.38 Mbits/sec  4.255 ms  1661/2048 (81%)  
[  5]  55.11-56.03  sec   369 KBytes  3.29 Mbits/sec  1.980 ms  1757/2018 (87%)  
[  5]  56.03-57.09  sec   694 KBytes  5.34 Mbits/sec  2.909 ms  2304/2795 (82%)  
[  5]  57.09-58.06  sec   209 KBytes  1.78 Mbits/sec  2.749 ms  668/816 (82%)  
[  5]  58.06-59.02  sec   535 KBytes  4.55 Mbits/sec  0.317 ms  2696/3074 (88%)  
[  5]  59.02-60.07  sec   522 KBytes  4.06 Mbits/sec  2.263 ms  1165/1534 (76%)  
[  5]  60.07-60.50  sec  70.7 KBytes  1.33 Mbits/sec  5.106 ms  120/170 (71%)  
- - - - - - - - - - - - - - - - - - - - - - - - -
[ ID] Interval           Transfer     Bitrate         Jitter    Lost/Total Datagrams
[SUM]  0.0-60.5 sec  3693 datagrams received out-of-order
[  5]   0.00-60.50  sec  27.6 MBytes  3.83 Mbits/sec  5.106 ms  73430/93414 (79%)  receiver
iperf3: interrupt - the server has terminated
-----------------------------------------------------------
Server listening on 5203 (test #2)
-----------------------------------------------------------
