-----------------------------------------------------------
Server listening on 5201 (test #1)
-----------------------------------------------------------
Accepted connection from 10.0.0.1, port 53868
[  5] local 10.0.0.2 port 5201 connected to 10.0.0.1 port 40775
[ ID] Interval           Transfer     Bitrate         Jitter    Lost/Total Datagrams
[  5]   0.00-1.01   sec   259 KBytes  2.10 Mbits/sec  1.064 ms  191/374 (51%)  
[  5]   1.01-2.03   sec   468 KBytes  3.76 Mbits/sec  2.259 ms  114/445 (26%)  
[  5]   2.03-3.06   sec   256 KBytes  2.02 Mbits/sec  0.887 ms  230/411 (56%)  
[  5]   3.06-4.04   sec   341 KBytes  2.85 Mbits/sec  7.023 ms  184/425 (43%)  
[  5]   4.04-5.02   sec   402 KBytes  3.38 Mbits/sec  2.155 ms  179/463 (39%)  
[  5]   5.02-6.02   sec   206 KBytes  1.68 Mbits/sec  8.010 ms  147/293 (50%)  
[  5]   6.02-7.03   sec   322 KBytes  2.62 Mbits/sec  16.182 ms  269/497 (54%)  
[  5]   7.03-8.02   sec   407 KBytes  3.38 Mbits/sec  3.696 ms  152/440 (35%)  
[  5]   8.02-9.09   sec   228 KBytes  1.74 Mbits/sec  1.255 ms  317/478 (66%)  
[  5]   9.09-10.02  sec   221 KBytes  1.95 Mbits/sec  0.911 ms  294/450 (65%)  
[  5]  10.02-11.03  sec   242 KBytes  1.96 Mbits/sec  6.123 ms  253/424 (60%)  
[  5]  11.03-12.00  sec   396 KBytes  3.32 Mbits/sec  6.821 ms  52/332 (16%)  
[  5]  12.00-13.07  sec   122 KBytes   936 Kbits/sec  9.160 ms  257/343 (75%)  
[  5]  13.07-14.01  sec   242 KBytes  2.11 Mbits/sec  0.927 ms  429/600 (72%)  
[  5]  14.01-15.09  sec   345 KBytes  2.62 Mbits/sec  10.432 ms  168/412 (41%)  
[  5]  15.09-16.32  sec   344 KBytes  2.29 Mbits/sec  0.142 ms  343/586 (59%)  
[  5]  16.32-17.03  sec   243 KBytes  2.80 Mbits/sec  4.489 ms  110/282 (39%)  
[  5]  17.03-18.00  sec   494 KBytes  4.16 Mbits/sec  1.037 ms  129/478 (27%)  
[  5]  18.00-19.03  sec   201 KBytes  1.59 Mbits/sec  9.557 ms  24/166 (14%)  
[  5]  19.03-20.01  sec   421 KBytes  3.54 Mbits/sec  1.985 ms  308/606 (51%)  
[  5]  20.01-21.04  sec   328 KBytes  2.60 Mbits/sec  13.119 ms  203/435 (47%)  
[  5]  21.04-22.05  sec   342 KBytes  2.78 Mbits/sec  11.461 ms  176/418 (42%)  
[  5]  22.05-23.02  sec   409 KBytes  3.46 Mbits/sec  0.756 ms  190/479 (40%)  
[  5]  23.02-24.05  sec   335 KBytes  2.67 Mbits/sec  2.185 ms  147/384 (38%)  
[  5]  24.05-25.09  sec  69.3 KBytes   547 Kbits/sec  16.259 ms  451/500 (90%)  
[  5]  25.09-26.02  sec   332 KBytes  2.91 Mbits/sec  2.223 ms  174/409 (43%)  
[  5]  26.02-27.02  sec   372 KBytes  3.05 Mbits/sec  2.010 ms  150/413 (36%)  
[  5]  27.02-28.01  sec   281 KBytes  2.34 Mbits/sec  2.519 ms  213/412 (52%)  
[  5]  28.01-29.08  sec   127 KBytes   971 Kbits/sec  9.716 ms  267/357 (75%)  
[  5]  29.08-30.03  sec   464 KBytes  4.01 Mbits/sec  0.647 ms  248/576 (43%)  
[  5]  30.03-31.02  sec   185 KBytes  1.53 Mbits/sec  10.738 ms  220/351 (63%)  
[  5]  31.02-32.03  sec   348 KBytes  2.82 Mbits/sec  1.496 ms  252/498 (51%)  
[  5]  32.03-33.03  sec   291 KBytes  2.39 Mbits/sec  0.506 ms  211/417 (51%)  
[  5]  33.03-34.16  sec   321 KBytes  2.33 Mbits/sec  1.352 ms  187/414 (45%)  
[  5]  34.16-35.12  sec   123 KBytes  1.05 Mbits/sec  14.134 ms  266/353 (75%)  
[  5]  35.12-36.03  sec   283 KBytes  2.54 Mbits/sec  7.085 ms  288/488 (59%)  
[  5]  36.03-37.05  sec   430 KBytes  3.45 Mbits/sec  5.513 ms  180/484 (37%)  
[  5]  37.05-38.07  sec   327 KBytes  2.63 Mbits/sec  2.407 ms  240/471 (51%)  
[  5]  38.07-39.03  sec   358 KBytes  3.04 Mbits/sec  2.661 ms  143/396 (36%)  
[  5]  39.03-40.01  sec   277 KBytes  2.31 Mbits/sec  3.403 ms  125/321 (39%)  
[  5]  40.01-41.06  sec   219 KBytes  1.71 Mbits/sec  4.616 ms  295/450 (66%)  
[  5]  41.06-42.02  sec   157 KBytes  1.34 Mbits/sec  7.802 ms  379/490 (77%)  
[  5]  42.02-43.04  sec   216 KBytes  1.74 Mbits/sec  3.745 ms  307/460 (67%)  
[  5]  43.04-44.05  sec   327 KBytes  2.63 Mbits/sec  7.129 ms  92/323 (28%)  
[  5]  44.05-45.04  sec   264 KBytes  2.21 Mbits/sec  5.244 ms  311/498 (62%)  
[  5]  45.04-46.06  sec   286 KBytes  2.29 Mbits/sec  6.745 ms  204/406 (50%)  
[  5]  46.06-47.10  sec   404 KBytes  3.18 Mbits/sec  2.778 ms  273/559 (49%)  
[  5]  47.10-48.33  sec   380 KBytes  2.54 Mbits/sec  2.528 ms  278/547 (51%)  
[  5]  48.33-49.05  sec   296 KBytes  3.35 Mbits/sec  3.168 ms  99/308 (32%)  
[  5]  49.05-50.07  sec   269 KBytes  2.16 Mbits/sec  5.841 ms  222/412 (54%)  
[  5]  50.07-51.00  sec   337 KBytes  2.94 Mbits/sec  2.277 ms  202/440 (46%)  
[  5]  51.00-52.06  sec   191 KBytes  1.48 Mbits/sec  8.304 ms  84/219 (38%)  
[  5]  52.06-53.08  sec   393 KBytes  3.16 Mbits/sec  1.326 ms  374/652 (57%)  
[  5]  53.08-54.35  sec   187 KBytes  1.21 Mbits/sec  18.137 ms  132/264 (50%)  
[  5]  54.35-55.00  sec   354 KBytes  4.40 Mbits/sec  5.327 ms  288/538 (54%)  
[  5]  55.00-56.05  sec   344 KBytes  2.69 Mbits/sec  4.668 ms  242/485 (50%)  
[  5]  56.05-57.04  sec   246 KBytes  2.04 Mbits/sec  18.313 ms  131/305 (43%)  
[  5]  57.04-58.00  sec   209 KBytes  1.78 Mbits/sec  2.421 ms  374/522 (72%)  
[  5]  58.00-59.00  sec   321 KBytes  2.64 Mbits/sec  7.118 ms  89/316 (28%)  
[  5]  59.00-60.02  sec   642 KBytes  5.15 Mbits/sec  2.093 ms  98/552 (18%)  
[  5]  60.02-60.40  sec  42.4 KBytes   906 Kbits/sec  4.297 ms  0/30 (0%)  
- - - - - - - - - - - - - - - - - - - - - - - - -
[ ID] Interval           Transfer     Bitrate         Jitter    Lost/Total Datagrams
[SUM]  0.0-60.4 sec  2522 datagrams received out-of-order
[  5]   0.00-60.40  sec  17.8 MBytes  2.47 Mbits/sec  4.297 ms  12955/25857 (50%)  receiver
iperf3: interrupt - the server has terminated
-----------------------------------------------------------
Server listening on 5201 (test #2)
-----------------------------------------------------------
