-----------------------------------------------------------
Server listening on 5202 (test #1)
-----------------------------------------------------------
Accepted connection from 10.0.0.1, port 58284
[  5] local 10.0.0.2 port 5202 connected to 10.0.0.1 port 34726
[ ID] Interval           Transfer     Bitrate         Jitter    Lost/Total Datagrams
[  5]   0.00-1.00   sec  3.41 MBytes  28.6 Mbits/sec  1.632 ms  449/2916 (15%)  
[  5]   1.00-2.00   sec  2.89 MBytes  24.2 Mbits/sec  1.316 ms  1364/3454 (39%)  
[  5]   2.00-3.00   sec  3.04 MBytes  25.5 Mbits/sec  1.299 ms  1239/3443 (36%)  
[  5]   3.00-4.00   sec  3.02 MBytes  25.4 Mbits/sec  1.486 ms  1271/3460 (37%)  
[  5]   4.00-5.00   sec  2.98 MBytes  25.0 Mbits/sec  1.832 ms  1293/3450 (37%)  
[  5]   5.00-6.00   sec  3.11 MBytes  26.1 Mbits/sec  1.542 ms  1203/3455 (35%)  
[  5]   6.00-7.00   sec  2.92 MBytes  24.5 Mbits/sec  1.187 ms  1336/3452 (39%)  
[  5]   7.00-8.00   sec  3.02 MBytes  25.3 Mbits/sec  1.505 ms  1268/3454 (37%)  
[  5]   8.00-9.00   sec  2.97 MBytes  24.9 Mbits/sec  1.554 ms  1310/3459 (38%)  
[  5]   9.00-10.00  sec  3.01 MBytes  25.3 Mbits/sec  1.260 ms  1261/3443 (37%)  
[  5]  10.00-11.01  sec  2.97 MBytes  24.7 Mbits/sec  2.296 ms  1228/3381 (36%)  
[  5]  11.01-12.00  sec  2.91 MBytes  24.7 Mbits/sec  0.978 ms  1417/3527 (40%)  
[  5]  12.00-13.00  sec  3.04 MBytes  25.5 Mbits/sec  1.464 ms  1261/3459 (36%)  
[  5]  13.00-14.00  sec  3.01 MBytes  25.3 Mbits/sec  1.385 ms  1263/3443 (37%)  
[  5]  14.00-15.00  sec  3.00 MBytes  25.2 Mbits/sec  1.158 ms  1281/3457 (37%)  
[  5]  15.00-16.00  sec  3.07 MBytes  25.8 Mbits/sec  1.344 ms  1227/3452 (36%)  
[  5]  16.00-17.00  sec  2.95 MBytes  24.8 Mbits/sec  1.090 ms  1316/3454 (38%)  
[  5]  17.00-18.00  sec  3.04 MBytes  25.5 Mbits/sec  1.681 ms  1256/3456 (36%)  
[  5]  18.00-19.00  sec  3.01 MBytes  25.2 Mbits/sec  1.304 ms  1271/3450 (37%)  
[  5]  19.00-20.00  sec  3.01 MBytes  25.3 Mbits/sec  1.249 ms  1271/3453 (37%)  
[  5]  20.00-21.00  sec  3.05 MBytes  25.6 Mbits/sec  1.559 ms  1244/3456 (36%)  
[  5]  21.00-22.00  sec  3.04 MBytes  25.5 Mbits/sec  1.292 ms  1251/3450 (36%)  
[  5]  22.00-23.00  sec  2.97 MBytes  24.9 Mbits/sec  0.918 ms  1296/3449 (38%)  
[  5]  23.00-24.00  sec  3.01 MBytes  25.3 Mbits/sec  1.310 ms  1281/3462 (37%)  
[  5]  24.00-25.00  sec  2.99 MBytes  25.1 Mbits/sec  1.193 ms  1281/3448 (37%)  
[  5]  25.00-26.00  sec  3.05 MBytes  25.6 Mbits/sec  1.480 ms  1244/3452 (36%)  
[  5]  26.00-27.00  sec  3.01 MBytes  25.3 Mbits/sec  0.949 ms  1270/3452 (37%)  
[  5]  27.00-28.00  sec  3.00 MBytes  25.2 Mbits/sec  1.329 ms  1278/3454 (37%)  
[  5]  28.00-29.00  sec  3.00 MBytes  25.2 Mbits/sec  1.337 ms  1282/3454 (37%)  
[  5]  29.00-30.00  sec  2.83 MBytes  23.7 Mbits/sec  1.169 ms  1405/3452 (41%)  
[  5]  30.00-30.16  sec   484 KBytes  25.3 Mbits/sec  1.111 ms  199/541 (37%)  
- - - - - - - - - - - - - - - - - - - - - - - - -
[ ID] Interval           Transfer     Bitrate         Jitter    Lost/Total Datagrams
[SUM]  0.0-30.2 sec  38145 datagrams received out-of-order
[  5]   0.00-30.16  sec  90.8 MBytes  25.3 Mbits/sec  1.111 ms  37816/103588 (37%)  receiver
iperf3: interrupt - the server has terminated
-----------------------------------------------------------
Server listening on 5202 (test #2)
-----------------------------------------------------------
