-----------------------------------------------------------
Server listening on 5203 (test #1)
-----------------------------------------------------------
Accepted connection from 10.0.0.1, port 33734
[  5] local 10.0.0.2 port 5203 connected to 10.0.0.1 port 46871
[ ID] Interval           Transfer     Bitrate         Jitter    Lost/Total Datagrams
[  5]   0.00-1.00   sec  3.99 MBytes  33.5 Mbits/sec  2.021 ms  37/2926 (1.3%)  
[  5]   1.00-2.00   sec  4.41 MBytes  37.0 Mbits/sec  1.270 ms  257/3447 (7.5%)  
[  5]   2.00-3.00   sec  4.69 MBytes  39.3 Mbits/sec  1.592 ms  60/3454 (1.7%)  
[  5]   3.00-4.00   sec  4.68 MBytes  39.3 Mbits/sec  1.466 ms  66/3457 (1.9%)  
[  5]   4.00-5.00   sec  4.69 MBytes  39.4 Mbits/sec  1.523 ms  53/3450 (1.5%)  
[  5]   5.00-6.00   sec  4.64 MBytes  38.9 Mbits/sec  1.419 ms  97/3454 (2.8%)  
[  5]   6.00-7.00   sec  4.41 MBytes  37.0 Mbits/sec  1.106 ms  257/3447 (7.5%)  
[  5]   7.00-8.00   sec  4.66 MBytes  39.1 Mbits/sec  0.886 ms  79/3457 (2.3%)  
[  5]   8.00-9.00   sec  4.69 MBytes  39.4 Mbits/sec  1.567 ms  56/3455 (1.6%)  
[  5]   9.00-10.00  sec  4.69 MBytes  39.3 Mbits/sec  1.620 ms  61/3454 (1.8%)  
[  5]  10.00-11.00  sec  4.53 MBytes  38.0 Mbits/sec  1.684 ms  66/3347 (2%)  
[  5]  11.00-12.00  sec  4.69 MBytes  39.3 Mbits/sec  0.998 ms  158/3554 (4.4%)  
[  5]  12.00-13.00  sec  4.64 MBytes  38.9 Mbits/sec  1.361 ms  98/3457 (2.8%)  
[  5]  13.00-14.00  sec  4.71 MBytes  39.5 Mbits/sec  1.432 ms  45/3455 (1.3%)  
[  5]  14.00-15.00  sec  4.72 MBytes  39.6 Mbits/sec  1.563 ms  27/3447 (0.78%)  
[  5]  15.00-16.00  sec  4.66 MBytes  39.1 Mbits/sec  1.445 ms  89/3460 (2.6%)  
[  5]  16.00-17.00  sec  4.33 MBytes  36.3 Mbits/sec  1.321 ms  308/3445 (8.9%)  
[  5]  17.00-18.00  sec  4.70 MBytes  39.4 Mbits/sec  1.946 ms  59/3461 (1.7%)  
[  5]  18.00-19.00  sec  4.68 MBytes  39.2 Mbits/sec  1.232 ms  60/3446 (1.7%)  
[  5]  19.00-20.00  sec  4.68 MBytes  39.2 Mbits/sec  1.405 ms  69/3456 (2%)  
[  5]  20.00-21.00  sec  4.66 MBytes  39.1 Mbits/sec  1.530 ms  80/3457 (2.3%)  
[  5]  21.00-22.00  sec  4.37 MBytes  36.7 Mbits/sec  2.005 ms  288/3456 (8.3%)  
[  5]  22.00-23.00  sec  4.71 MBytes  39.5 Mbits/sec  1.174 ms  35/3444 (1%)  
[  5]  23.00-24.00  sec  4.69 MBytes  39.4 Mbits/sec  1.532 ms  58/3456 (1.7%)  
[  5]  24.00-25.00  sec  4.53 MBytes  38.0 Mbits/sec  1.462 ms  171/3452 (5%)  
[  5]  25.00-26.00  sec  4.66 MBytes  39.1 Mbits/sec  1.510 ms  81/3453 (2.3%)  
[  5]  26.00-27.00  sec  4.68 MBytes  39.2 Mbits/sec  1.807 ms  70/3457 (2%)  
[  5]  27.00-28.00  sec  4.69 MBytes  39.4 Mbits/sec  1.329 ms  53/3450 (1.5%)  
[  5]  28.00-29.00  sec  4.68 MBytes  39.3 Mbits/sec  1.324 ms  67/3457 (1.9%)  
[  5]  29.00-30.00  sec  4.30 MBytes  36.1 Mbits/sec  1.333 ms  333/3449 (9.7%)  
[  5]  30.00-30.15  sec   734 KBytes  39.4 Mbits/sec  1.186 ms  6/525 (1.1%)  
- - - - - - - - - - - - - - - - - - - - - - - - -
[ ID] Interval           Transfer     Bitrate         Jitter    Lost/Total Datagrams
[SUM]  0.0-30.2 sec  68011 datagrams received out-of-order
[  5]   0.00-30.15  sec   139 MBytes  38.5 Mbits/sec  1.186 ms  3244/103585 (3.1%)  receiver
iperf3: interrupt - the server has terminated
-----------------------------------------------------------
Server listening on 5203 (test #2)
-----------------------------------------------------------
