-----------------------------------------------------------
Server listening on 5201 (test #1)
-----------------------------------------------------------
Accepted connection from 10.0.0.1, port 52284
[  5] local 10.0.0.2 port 5201 connected to 10.0.0.1 port 42309
[ ID] Interval           Transfer     Bitrate         Jitter    Lost/Total Datagrams
[  5]   0.00-1.00   sec  3.68 MBytes  30.8 Mbits/sec  1.435 ms  247/2909 (8.5%)  
[  5]   1.00-2.00   sec  3.69 MBytes  30.9 Mbits/sec  1.709 ms  790/3460 (23%)  
[  5]   2.00-3.00   sec  3.83 MBytes  32.1 Mbits/sec  1.591 ms  679/3450 (20%)  
[  5]   3.00-4.00   sec  3.84 MBytes  32.3 Mbits/sec  1.631 ms  667/3451 (19%)  
[  5]   4.00-5.00   sec  3.88 MBytes  32.5 Mbits/sec  1.469 ms  642/3449 (19%)  
[  5]   5.00-6.00   sec  3.80 MBytes  31.9 Mbits/sec  1.205 ms  705/3455 (20%)  
[  5]   6.00-7.00   sec  3.58 MBytes  30.0 Mbits/sec  1.259 ms  859/3451 (25%)  
[  5]   7.00-8.00   sec  3.87 MBytes  32.5 Mbits/sec  1.534 ms  658/3461 (19%)  
[  5]   8.00-9.00   sec  3.89 MBytes  32.6 Mbits/sec  1.538 ms  632/3450 (18%)  
[  5]   9.00-10.00  sec  3.85 MBytes  32.3 Mbits/sec  1.531 ms  675/3460 (20%)  
[  5]  10.00-11.01  sec  3.74 MBytes  31.1 Mbits/sec  1.804 ms  655/3364 (19%)  
[  5]  11.01-12.00  sec  3.82 MBytes  32.3 Mbits/sec  1.435 ms  765/3530 (22%)  
[  5]  12.00-13.00  sec  3.88 MBytes  32.6 Mbits/sec  1.539 ms  646/3458 (19%)  
[  5]  13.00-14.00  sec  3.84 MBytes  32.2 Mbits/sec  1.444 ms  669/3453 (19%)  
[  5]  14.00-15.00  sec  3.83 MBytes  32.1 Mbits/sec  1.215 ms  682/3453 (20%)  
[  5]  15.00-16.00  sec  3.82 MBytes  32.1 Mbits/sec  1.384 ms  685/3452 (20%)  
[  5]  16.00-17.00  sec  3.61 MBytes  30.2 Mbits/sec  1.402 ms  846/3457 (24%)  
[  5]  17.00-18.00  sec  3.82 MBytes  32.0 Mbits/sec  1.275 ms  685/3449 (20%)  
[  5]  18.00-19.00  sec  3.87 MBytes  32.4 Mbits/sec  1.404 ms  657/3457 (19%)  
[  5]  19.00-20.00  sec  3.87 MBytes  32.4 Mbits/sec  1.338 ms  654/3455 (19%)  
[  5]  20.00-21.00  sec  3.83 MBytes  32.1 Mbits/sec  1.241 ms  677/3451 (20%)  
[  5]  21.00-22.00  sec  3.60 MBytes  30.2 Mbits/sec  1.512 ms  842/3452 (24%)  
[  5]  22.00-23.00  sec  3.86 MBytes  32.3 Mbits/sec  1.061 ms  662/3454 (19%)  
[  5]  23.00-24.00  sec  3.86 MBytes  32.4 Mbits/sec  1.276 ms  659/3452 (19%)  
[  5]  24.00-25.00  sec  3.63 MBytes  30.4 Mbits/sec  1.147 ms  827/3453 (24%)  
[  5]  25.00-26.00  sec  3.84 MBytes  32.2 Mbits/sec  1.242 ms  672/3455 (19%)  
[  5]  26.00-27.00  sec  3.86 MBytes  32.4 Mbits/sec  1.196 ms  657/3453 (19%)  
[  5]  27.00-28.00  sec  3.86 MBytes  32.4 Mbits/sec  1.421 ms  657/3452 (19%)  
[  5]  28.00-29.00  sec  3.87 MBytes  32.5 Mbits/sec  1.204 ms  648/3450 (19%)  
[  5]  29.00-30.00  sec  3.53 MBytes  29.6 Mbits/sec  1.589 ms  901/3456 (26%)  
[  5]  30.00-30.16  sec   601 KBytes  31.6 Mbits/sec  1.125 ms  112/537 (21%)  
- - - - - - - - - - - - - - - - - - - - - - - - -
[ ID] Interval           Transfer     Bitrate         Jitter    Lost/Total Datagrams
[SUM]  0.0-30.2 sec  52518 datagrams received out-of-order
[  5]   0.00-30.16  sec   114 MBytes  31.8 Mbits/sec  1.125 ms  20812/103589 (20%)  receiver
iperf3: interrupt - the server has terminated
-----------------------------------------------------------
Server listening on 5201 (test #2)
-----------------------------------------------------------
