-----------------------------------------------------------
Server listening on 5201 (test #1)
-----------------------------------------------------------
Accepted connection from 10.0.0.1, port 43226
[  5] local 10.0.0.2 port 5201 connected to 10.0.0.1 port 57824
[ ID] Interval           Transfer     Bitrate         Jitter    Lost/Total Datagrams
[  5]   0.00-1.00   sec   701 KBytes  5.74 Mbits/sec  0.143 ms  0/496 (0%)  
[  5]   1.00-2.00   sec   711 KBytes  5.83 Mbits/sec  0.462 ms  0/503 (0%)  
[  5]   2.00-3.00   sec   713 KBytes  5.84 Mbits/sec  0.216 ms  0/504 (0%)  
[  5]   3.00-4.00   sec   693 KBytes  5.68 Mbits/sec  0.185 ms  0/490 (0%)  
[  5]   4.00-5.00   sec   711 KBytes  5.83 Mbits/sec  0.227 ms  0/503 (0%)  
[  5]   5.00-6.00   sec   713 KBytes  5.84 Mbits/sec  5.260 ms  0/504 (0%)  
[  5]   6.00-7.00   sec   711 KBytes  5.83 Mbits/sec  2.364 ms  0/503 (0%)  
[  5]   7.00-8.00   sec   711 KBytes  5.83 Mbits/sec  2.937 ms  0/503 (0%)  
[  5]   8.00-9.00   sec   713 KBytes  5.84 Mbits/sec  4.185 ms  0/504 (0%)  
[  5]   9.00-10.00  sec   711 KBytes  5.83 Mbits/sec  7.443 ms  0/503 (0%)  
[  5]  10.00-11.00  sec   711 KBytes  5.83 Mbits/sec  2.630 ms  0/503 (0%)  
[  5]  11.00-12.00  sec   713 KBytes  5.84 Mbits/sec  3.483 ms  0/504 (0%)  
[  5]  12.00-13.00  sec   711 KBytes  5.83 Mbits/sec  5.678 ms  0/503 (0%)  
[  5]  13.00-14.00  sec   711 KBytes  5.83 Mbits/sec  2.407 ms  0/503 (0%)  
[  5]  14.00-15.00  sec   713 KBytes  5.84 Mbits/sec  2.991 ms  0/504 (0%)  
[  5]  15.00-16.00  sec   711 KBytes  5.83 Mbits/sec  4.484 ms  0/503 (0%)  
[  5]  16.00-17.00  sec   711 KBytes  5.83 Mbits/sec  2.290 ms  0/503 (0%)  
[  5]  17.00-18.00  sec   713 KBytes  5.84 Mbits/sec  2.653 ms  0/504 (0%)  
[  5]  18.00-19.00  sec   711 KBytes  5.83 Mbits/sec  3.665 ms  0/503 (0%)  
[  5]  19.00-20.00  sec   711 KBytes  5.83 Mbits/sec  6.175 ms  0/503 (0%)  
[  5]  20.00-21.00  sec   711 KBytes  5.83 Mbits/sec  2.442 ms  0/504 (0%)  
[  5]  21.00-22.00  sec   711 KBytes  5.83 Mbits/sec  3.115 ms  0/503 (0%)  
[  5]  22.00-23.00  sec   711 KBytes  5.83 Mbits/sec  4.818 ms  0/503 (0%)  
[  5]  23.00-24.00  sec   713 KBytes  5.84 Mbits/sec  2.296 ms  0/504 (0%)  
[  5]  24.00-25.00  sec   711 KBytes  5.83 Mbits/sec  2.752 ms  0/503 (0%)  
[  5]  25.00-26.00  sec   713 KBytes  5.84 Mbits/sec  3.792 ms  0/504 (0%)  
[  5]  26.00-27.00  sec   711 KBytes  5.83 Mbits/sec  6.479 ms  0/503 (0%)  
[  5]  27.00-28.00  sec   711 KBytes  5.83 Mbits/sec  2.502 ms  0/503 (0%)  
[  5]  28.00-29.00  sec   713 KBytes  5.84 Mbits/sec  3.203 ms  0/504 (0%)  
[  5]  29.00-30.00  sec   711 KBytes  5.83 Mbits/sec  5.028 ms  0/503 (0%)  
[  5]  30.00-31.00  sec   711 KBytes  5.83 Mbits/sec  2.329 ms  0/503 (0%)  
[  5]  31.00-32.00  sec   713 KBytes  5.84 Mbits/sec  2.815 ms  0/504 (0%)  
[  5]  32.00-33.00  sec   711 KBytes  5.83 Mbits/sec  4.063 ms  0/503 (0%)  
[  5]  33.00-34.00  sec   711 KBytes  5.83 Mbits/sec  7.106 ms  0/503 (0%)  
[  5]  34.00-35.00  sec   713 KBytes  5.84 Mbits/sec  2.604 ms  0/504 (0%)  
[  5]  35.00-36.00  sec   711 KBytes  5.83 Mbits/sec  3.574 ms  0/503 (0%)  
[  5]  36.00-37.00  sec   711 KBytes  5.83 Mbits/sec  5.939 ms  0/503 (0%)  
[  5]  37.00-38.00  sec   713 KBytes  5.84 Mbits/sec  2.439 ms  0/504 (0%)  
[  5]  38.00-39.00  sec   711 KBytes  5.83 Mbits/sec  3.132 ms  0/503 (0%)  
[  5]  39.00-40.00  sec   713 KBytes  5.84 Mbits/sec  4.677 ms  0/504 (0%)  
[  5]  40.00-41.00  sec   711 KBytes  5.83 Mbits/sec  2.299 ms  0/503 (0%)  
[  5]  41.00-42.00  sec   711 KBytes  5.83 Mbits/sec  2.765 ms  0/503 (0%)  
[  5]  42.00-43.00  sec   713 KBytes  5.84 Mbits/sec  3.798 ms  0/504 (0%)  
[  5]  43.00-44.00  sec   711 KBytes  5.83 Mbits/sec  6.506 ms  0/503 (0%)  
[  5]  44.00-45.00  sec   711 KBytes  5.83 Mbits/sec  2.511 ms  0/503 (0%)  
[  5]  45.00-46.00  sec   713 KBytes  5.84 Mbits/sec  3.215 ms  0/504 (0%)  
[  5]  46.00-47.00  sec   711 KBytes  5.83 Mbits/sec  5.034 ms  0/503 (0%)  
[  5]  47.00-48.00  sec   711 KBytes  5.83 Mbits/sec  2.351 ms  0/503 (0%)  
[  5]  48.00-49.00  sec   713 KBytes  5.84 Mbits/sec  2.829 ms  0/504 (0%)  
[  5]  49.00-50.00  sec   711 KBytes  5.83 Mbits/sec  4.045 ms  0/503 (0%)  
[  5]  50.00-51.00  sec   713 KBytes  5.84 Mbits/sec  6.826 ms  0/504 (0%)  
[  5]  51.00-52.00  sec   711 KBytes  5.83 Mbits/sec  2.543 ms  0/503 (0%)  
[  5]  52.00-53.00  sec   711 KBytes  5.83 Mbits/sec  3.388 ms  0/503 (0%)  
[  5]  53.00-54.00  sec   713 KBytes  5.84 Mbits/sec  5.234 ms  0/504 (0%)  
[  5]  54.00-55.00  sec   711 KBytes  5.83 Mbits/sec  2.361 ms  0/503 (0%)  
[  5]  55.00-56.00  sec   711 KBytes  5.83 Mbits/sec  2.921 ms  0/503 (0%)  
[  5]  56.00-57.00  sec   713 KBytes  5.84 Mbits/sec  4.171 ms  0/504 (0%)  
[  5]  57.00-58.00  sec   711 KBytes  5.83 Mbits/sec  7.430 ms  0/503 (0%)  
[  5]  58.00-59.00  sec   711 KBytes  5.83 Mbits/sec  2.592 ms  0/503 (0%)  
[  5]  59.00-60.00  sec   713 KBytes  5.84 Mbits/sec  3.470 ms  0/504 (0%)  
[  5]  60.00-60.67  sec   102 KBytes  1.24 Mbits/sec  2.256 ms  0/72 (0%)  
- - - - - - - - - - - - - - - - - - - - - - - - -
[ ID] Interval           Transfer     Bitrate         Jitter    Lost/Total Datagrams
[SUM]  0.0-60.7 sec  6 datagrams received out-of-order
[  5]   0.00-60.67  sec  41.8 MBytes  5.78 Mbits/sec  2.256 ms  0/30253 (0%)  receiver
iperf3: interrupt - the server has terminated
-----------------------------------------------------------
Server listening on 5201 (test #2)
-----------------------------------------------------------
