-----------------------------------------------------------
Server listening on 5202 (test #1)
-----------------------------------------------------------
Accepted connection from 10.0.0.1, port 49780
[  5] local 10.0.0.2 port 5202 connected to 10.0.0.1 port 48221
[ ID] Interval           Transfer     Bitrate         Jitter    Lost/Total Datagrams
[  5]   0.00-1.00   sec  3.96 MBytes  33.3 Mbits/sec  1.845 ms  35/2906 (1.2%)  
[  5]   1.00-2.00   sec  4.49 MBytes  37.6 Mbits/sec  1.528 ms  189/3438 (5.5%)  
[  5]   2.00-3.00   sec  4.54 MBytes  38.1 Mbits/sec  1.339 ms  177/3463 (5.1%)  
[  5]   3.00-4.00   sec  4.51 MBytes  37.8 Mbits/sec  1.660 ms  189/3456 (5.5%)  
[  5]   4.00-5.00   sec  4.47 MBytes  37.5 Mbits/sec  2.012 ms  74/3312 (2.2%)  
[  5]   5.00-6.00   sec  4.59 MBytes  38.5 Mbits/sec  1.259 ms  270/3595 (7.5%)  
[  5]   6.00-7.00   sec  4.68 MBytes  39.2 Mbits/sec  1.555 ms  65/3451 (1.9%)  
[  5]   7.00-8.00   sec  4.51 MBytes  37.9 Mbits/sec  1.576 ms  74/3342 (2.2%)  
[  5]   8.00-9.00   sec  4.54 MBytes  38.1 Mbits/sec  1.430 ms  274/3564 (7.7%)  
[  5]   9.00-10.00  sec  4.65 MBytes  39.0 Mbits/sec  1.181 ms  110/3474 (3.2%)  
[  5]  10.00-11.00  sec  4.67 MBytes  39.2 Mbits/sec  1.321 ms  64/3449 (1.9%)  
[  5]  11.00-12.00  sec  4.69 MBytes  39.3 Mbits/sec  1.377 ms  58/3454 (1.7%)  
[  5]  12.00-13.00  sec  4.58 MBytes  38.4 Mbits/sec  0.974 ms  141/3455 (4.1%)  
[  5]  13.00-14.00  sec  4.67 MBytes  39.2 Mbits/sec  1.644 ms  65/3450 (1.9%)  
[  5]  14.00-15.00  sec  4.67 MBytes  39.2 Mbits/sec  1.366 ms  72/3457 (2.1%)  
[  5]  15.00-16.00  sec  4.69 MBytes  39.4 Mbits/sec  1.303 ms  51/3450 (1.5%)  
[  5]  16.00-17.00  sec  4.71 MBytes  39.5 Mbits/sec  1.098 ms  43/3457 (1.2%)  
[  5]  17.00-18.00  sec  4.57 MBytes  38.3 Mbits/sec  1.787 ms  151/3457 (4.4%)  
[  5]  18.00-19.00  sec  4.69 MBytes  39.3 Mbits/sec  1.505 ms  53/3446 (1.5%)  
[  5]  19.00-20.00  sec  4.67 MBytes  39.2 Mbits/sec  0.972 ms  53/3435 (1.5%)  
[  5]  20.00-21.00  sec  4.52 MBytes  37.9 Mbits/sec  1.834 ms  187/3457 (5.4%)  
[  5]  21.00-22.00  sec  4.64 MBytes  38.9 Mbits/sec  1.315 ms  97/3454 (2.8%)  
[  5]  22.00-23.00  sec  4.64 MBytes  39.0 Mbits/sec  1.341 ms  84/3447 (2.4%)  
[  5]  23.00-24.00  sec  4.60 MBytes  38.6 Mbits/sec  1.896 ms  127/3459 (3.7%)  
[  5]  24.00-25.00  sec  4.68 MBytes  39.2 Mbits/sec  1.648 ms  60/3446 (1.7%)  
[  5]  25.00-26.00  sec  4.50 MBytes  37.7 Mbits/sec  1.630 ms  176/3433 (5.1%)  
[  5]  26.00-27.00  sec  4.72 MBytes  39.6 Mbits/sec  1.637 ms  50/3468 (1.4%)  
[  5]  27.00-28.00  sec  4.67 MBytes  39.1 Mbits/sec  1.310 ms  77/3456 (2.2%)  
[  5]  28.00-29.00  sec  4.65 MBytes  39.0 Mbits/sec  1.405 ms  94/3460 (2.7%)  
[  5]  29.00-30.00  sec  4.52 MBytes  37.9 Mbits/sec  1.483 ms  52/3322 (1.6%)  
[  5]  30.00-30.19  sec   701 KBytes  29.9 Mbits/sec  1.167 ms  180/676 (27%)  
- - - - - - - - - - - - - - - - - - - - - - - - -
[ ID] Interval           Transfer     Bitrate         Jitter    Lost/Total Datagrams
[SUM]  0.0-30.2 sec  69370 datagrams received out-of-order
[  5]   0.00-30.19  sec   138 MBytes  38.4 Mbits/sec  1.167 ms  3392/103589 (3.3%)  receiver
iperf3: interrupt - the server has terminated
-----------------------------------------------------------
Server listening on 5202 (test #2)
-----------------------------------------------------------
