-----------------------------------------------------------
Server listening on 5203 (test #1)
-----------------------------------------------------------
Accepted connection from 10.0.0.1, port 54066
[  5] local 10.0.0.2 port 5203 connected to 10.0.0.1 port 56239
[ ID] Interval           Transfer     Bitrate         Jitter    Lost/Total Datagrams
[  5]   0.00-1.00   sec  3.33 MBytes  28.0 Mbits/sec  2.124 ms  431/2846 (15%)  
[  5]   1.00-2.00   sec  2.98 MBytes  25.0 Mbits/sec  1.810 ms  1290/3445 (37%)  
[  5]   2.00-3.00   sec  3.00 MBytes  25.2 Mbits/sec  1.904 ms  1285/3461 (37%)  
[  5]   3.00-4.00   sec  2.82 MBytes  23.7 Mbits/sec  1.436 ms  1415/3458 (41%)  
[  5]   4.00-5.00   sec  2.80 MBytes  23.5 Mbits/sec  2.087 ms  1291/3318 (39%)  
[  5]   5.00-6.00   sec  3.06 MBytes  25.6 Mbits/sec  1.617 ms  1375/3588 (38%)  
[  5]   6.00-7.00   sec  2.82 MBytes  23.6 Mbits/sec  2.143 ms  1411/3451 (41%)  
[  5]   7.00-8.00   sec  2.77 MBytes  23.2 Mbits/sec  1.430 ms  1332/3336 (40%)  
[  5]   8.00-9.00   sec  2.94 MBytes  24.7 Mbits/sec  1.740 ms  1436/3564 (40%)  
[  5]   9.00-10.00  sec  2.75 MBytes  23.0 Mbits/sec  1.919 ms  1471/3459 (43%)  
[  5]  10.00-11.00  sec  2.91 MBytes  24.4 Mbits/sec  1.376 ms  1345/3449 (39%)  
[  5]  11.00-12.00  sec  2.80 MBytes  23.5 Mbits/sec  1.681 ms  1423/3452 (41%)  
[  5]  12.00-13.00  sec  2.76 MBytes  23.2 Mbits/sec  2.108 ms  1444/3446 (42%)  
[  5]  13.00-14.00  sec  2.88 MBytes  24.1 Mbits/sec  1.984 ms  1378/3461 (40%)  
[  5]  14.00-15.00  sec  2.91 MBytes  24.4 Mbits/sec  2.141 ms  1351/3456 (39%)  
[  5]  15.00-16.00  sec  2.86 MBytes  24.0 Mbits/sec  1.795 ms  1374/3446 (40%)  
[  5]  16.00-17.00  sec  2.80 MBytes  23.5 Mbits/sec  1.876 ms  1428/3456 (41%)  
[  5]  17.00-18.00  sec  2.71 MBytes  22.7 Mbits/sec  2.067 ms  1490/3453 (43%)  
[  5]  18.00-19.00  sec  2.80 MBytes  23.5 Mbits/sec  2.186 ms  1429/3457 (41%)  
[  5]  19.00-20.00  sec  2.80 MBytes  23.5 Mbits/sec  2.148 ms  1418/3447 (41%)  
[  5]  20.00-21.00  sec  2.73 MBytes  22.9 Mbits/sec  1.792 ms  1469/3449 (43%)  
[  5]  21.00-22.00  sec  2.74 MBytes  23.0 Mbits/sec  1.677 ms  1480/3464 (43%)  
[  5]  22.00-23.00  sec  2.87 MBytes  24.1 Mbits/sec  1.610 ms  1364/3445 (40%)  
[  5]  23.00-24.00  sec  2.94 MBytes  24.7 Mbits/sec  1.785 ms  1340/3468 (39%)  
[  5]  24.00-25.00  sec  2.88 MBytes  24.2 Mbits/sec  1.844 ms  1364/3449 (40%)  
[  5]  25.00-26.00  sec  2.96 MBytes  24.9 Mbits/sec  1.804 ms  1289/3435 (38%)  
[  5]  26.00-27.00  sec  2.80 MBytes  23.5 Mbits/sec  2.010 ms  1425/3451 (41%)  
[  5]  27.00-28.00  sec  2.86 MBytes  24.0 Mbits/sec  2.044 ms  1392/3466 (40%)  
[  5]  28.00-29.00  sec  3.00 MBytes  25.1 Mbits/sec  1.504 ms  1284/3453 (37%)  
[  5]  29.00-30.00  sec  2.74 MBytes  23.0 Mbits/sec  1.536 ms  1335/3321 (40%)  
[  5]  30.00-30.17  sec   628 KBytes  30.1 Mbits/sec  3.121 ms  295/739 (40%)  
- - - - - - - - - - - - - - - - - - - - - - - - -
[ ID] Interval           Transfer     Bitrate         Jitter    Lost/Total Datagrams
[SUM]  0.0-30.2 sec  40990 datagrams received out-of-order
[  5]   0.00-30.17  sec  86.6 MBytes  24.1 Mbits/sec  3.121 ms  40854/103589 (39%)  receiver
iperf3: interrupt - the server has terminated
-----------------------------------------------------------
Server listening on 5203 (test #2)
-----------------------------------------------------------
