-----------------------------------------------------------
Server listening on 5202 (test #1)
-----------------------------------------------------------
Accepted connection from 10.0.0.1, port 33828
[  5] local 10.0.0.2 port 5202 connected to 10.0.0.1 port 56742
[ ID] Interval           Transfer     Bitrate         Jitter    Lost/Total Datagrams
[  5]   0.00-1.00   sec  3.31 MBytes  27.8 Mbits/sec  4.687 ms  9/2409 (0.37%)  
[  5]   1.00-2.00   sec  3.46 MBytes  29.0 Mbits/sec  1.041 ms  10/2517 (0.4%)  
[  5]   2.00-3.00   sec  3.47 MBytes  29.1 Mbits/sec  3.492 ms  1/2513 (0.04%)  
[  5]   3.00-4.00   sec  3.47 MBytes  29.1 Mbits/sec  0.838 ms  5/2519 (0.2%)  
[  5]   4.00-5.00   sec  3.48 MBytes  29.2 Mbits/sec  3.622 ms  1/2519 (0.04%)  
[  5]   5.00-6.00   sec  3.44 MBytes  28.9 Mbits/sec  0.748 ms  10/2504 (0.4%)  
[  5]   6.00-7.00   sec  3.46 MBytes  29.1 Mbits/sec  2.146 ms  6/2514 (0.24%)  
[  5]   7.00-8.00   sec  3.46 MBytes  29.0 Mbits/sec  0.609 ms  10/2515 (0.4%)  
[  5]   8.00-9.00   sec  3.46 MBytes  29.0 Mbits/sec  1.110 ms  12/2518 (0.48%)  
[  5]   9.00-10.00  sec  3.46 MBytes  29.0 Mbits/sec  1.496 ms  11/2518 (0.44%)  
[  5]  10.00-11.00  sec  3.44 MBytes  28.9 Mbits/sec  3.066 ms  8/2500 (0.32%)  
[  5]  11.00-12.00  sec  3.46 MBytes  29.0 Mbits/sec  1.064 ms  9/2514 (0.36%)  
[  5]  12.00-13.00  sec  3.47 MBytes  29.1 Mbits/sec  2.865 ms  6/2516 (0.24%)  
[  5]  13.00-14.00  sec  3.46 MBytes  29.1 Mbits/sec  0.887 ms  7/2516 (0.28%)  
[  5]  14.00-15.00  sec  3.47 MBytes  29.1 Mbits/sec  1.131 ms  5/2519 (0.2%)  
[  5]  15.00-16.00  sec  3.46 MBytes  29.1 Mbits/sec  0.859 ms  11/2520 (0.44%)  
[  5]  16.00-17.00  sec  3.47 MBytes  29.1 Mbits/sec  1.776 ms  3/2514 (0.12%)  
[  5]  17.00-18.00  sec  3.46 MBytes  29.1 Mbits/sec  0.630 ms  10/2519 (0.4%)  
[  5]  18.00-19.00  sec  3.47 MBytes  29.1 Mbits/sec  1.760 ms  5/2515 (0.2%)  
[  5]  19.00-20.00  sec  3.47 MBytes  29.1 Mbits/sec  0.438 ms  8/2518 (0.32%)  
[  5]  20.00-21.00  sec  3.46 MBytes  29.1 Mbits/sec  0.864 ms  7/2515 (0.28%)  
[  5]  21.00-22.00  sec  3.47 MBytes  29.1 Mbits/sec  0.638 ms  2/2517 (0.079%)  
[  5]  22.00-23.00  sec  3.47 MBytes  29.1 Mbits/sec  1.634 ms  8/2518 (0.32%)  
[  5]  23.00-24.00  sec  3.47 MBytes  29.1 Mbits/sec  0.421 ms  2/2516 (0.079%)  
[  5]  24.00-25.00  sec  3.46 MBytes  29.1 Mbits/sec  2.519 ms  8/2516 (0.32%)  
[  5]  25.00-26.00  sec  3.47 MBytes  29.1 Mbits/sec  4.513 ms  5/2517 (0.2%)  
[  5]  26.00-27.00  sec  3.47 MBytes  29.1 Mbits/sec  1.281 ms  6/2516 (0.24%)  
[  5]  27.00-28.00  sec  3.45 MBytes  29.0 Mbits/sec  3.678 ms  17/2517 (0.68%)  
[  5]  28.00-29.00  sec  3.47 MBytes  29.1 Mbits/sec  0.957 ms  6/2517 (0.24%)  
[  5]  29.00-30.00  sec  3.47 MBytes  29.1 Mbits/sec  3.847 ms  7/2517 (0.28%)  
[  5]  30.00-30.12  sec   253 KBytes  16.7 Mbits/sec  0.720 ms  0/179 (0%)  
- - - - - - - - - - - - - - - - - - - - - - - - -
[ ID] Interval           Transfer     Bitrate         Jitter    Lost/Total Datagrams
[SUM]  0.0-30.1 sec  42291 datagrams received out-of-order
[  5]   0.00-30.12  sec   104 MBytes  29.0 Mbits/sec  0.720 ms  215/75542 (0.28%)  receiver
iperf3: interrupt - the server has terminated
-----------------------------------------------------------
Server listening on 5202 (test #2)
-----------------------------------------------------------
