-----------------------------------------------------------
Server listening on 5201 (test #1)
-----------------------------------------------------------
Accepted connection from 10.0.0.1, port 32956
[  5] local 10.0.0.2 port 5201 connected to 10.0.0.1 port 59591
[ ID] Interval           Transfer     Bitrate         Jitter    Lost/Total Datagrams
[  5]   0.00-1.00   sec  4.38 MBytes  36.8 Mbits/sec  0.949 ms  9/3184 (0.28%)  
[  5]   1.00-2.00   sec  4.62 MBytes  38.7 Mbits/sec  2.814 ms  18/3361 (0.54%)  
[  5]   2.00-3.00   sec  4.62 MBytes  38.7 Mbits/sec  1.796 ms  9/3354 (0.27%)  
[  5]   3.00-4.00   sec  4.62 MBytes  38.7 Mbits/sec  0.858 ms  16/3359 (0.48%)  
[  5]   4.00-5.00   sec  4.61 MBytes  38.7 Mbits/sec  1.065 ms  9/3348 (0.27%)  
[  5]   5.00-6.00   sec  4.58 MBytes  38.4 Mbits/sec  1.670 ms  10/3328 (0.3%)  
[  5]   6.00-7.00   sec  4.63 MBytes  38.8 Mbits/sec  3.352 ms  7/3357 (0.21%)  
[  5]   7.00-8.00   sec  4.63 MBytes  38.8 Mbits/sec  1.121 ms  1/3353 (0.03%)  
[  5]   8.00-9.00   sec  4.62 MBytes  38.7 Mbits/sec  2.631 ms  12/3357 (0.36%)  
[  5]   9.00-10.00  sec  4.62 MBytes  38.7 Mbits/sec  1.395 ms  10/3355 (0.3%)  
[  5]  10.00-11.00  sec  4.56 MBytes  38.3 Mbits/sec  2.622 ms  18/3322 (0.54%)  
[  5]  11.00-12.00  sec  4.62 MBytes  38.8 Mbits/sec  4.299 ms  4/3353 (0.12%)  
[  5]  12.00-13.00  sec  4.61 MBytes  38.7 Mbits/sec  1.127 ms  20/3359 (0.6%)  
[  5]  13.00-14.00  sec  4.62 MBytes  38.8 Mbits/sec  0.688 ms  11/3359 (0.33%)  
[  5]  14.00-15.00  sec  4.62 MBytes  38.8 Mbits/sec  5.257 ms  4/3351 (0.12%)  
[  5]  15.00-16.00  sec  4.61 MBytes  38.7 Mbits/sec  2.776 ms  15/3355 (0.45%)  
[  5]  16.00-17.00  sec  4.62 MBytes  38.7 Mbits/sec  0.996 ms  14/3357 (0.42%)  
[  5]  17.00-18.00  sec  4.63 MBytes  38.8 Mbits/sec  3.425 ms  4/3355 (0.12%)  
[  5]  18.00-19.00  sec  4.62 MBytes  38.7 Mbits/sec  0.638 ms  12/3356 (0.36%)  
[  5]  19.00-20.00  sec  4.62 MBytes  38.8 Mbits/sec  0.817 ms  9/3355 (0.27%)  
[  5]  20.00-21.00  sec  4.62 MBytes  38.8 Mbits/sec  1.023 ms  5/3354 (0.15%)  
[  5]  21.00-22.00  sec  4.62 MBytes  38.8 Mbits/sec  2.573 ms  10/3357 (0.3%)  
[  5]  22.00-23.00  sec  4.62 MBytes  38.8 Mbits/sec  0.629 ms  9/3358 (0.27%)  
[  5]  23.00-24.00  sec  4.62 MBytes  38.7 Mbits/sec  3.024 ms  9/3353 (0.27%)  
[  5]  24.00-25.00  sec  4.63 MBytes  38.8 Mbits/sec  1.578 ms  4/3355 (0.12%)  
[  5]  25.00-26.00  sec  4.63 MBytes  38.8 Mbits/sec  0.599 ms  9/3359 (0.27%)  
[  5]  26.00-27.00  sec  4.62 MBytes  38.7 Mbits/sec  0.569 ms  10/3354 (0.3%)  
[  5]  27.00-28.00  sec  4.62 MBytes  38.7 Mbits/sec  0.671 ms  13/3357 (0.39%)  
[  5]  28.00-29.00  sec  4.62 MBytes  38.8 Mbits/sec  1.336 ms  8/3355 (0.24%)  
[  5]  29.00-30.00  sec  4.62 MBytes  38.8 Mbits/sec  0.345 ms  11/3358 (0.33%)  
[  5]  30.00-30.13  sec   272 KBytes  17.2 Mbits/sec  0.416 ms  18446744073709551613/189 (-1.6%)  
- - - - - - - - - - - - - - - - - - - - - - - - -
[ ID] Interval           Transfer     Bitrate         Jitter    Lost/Total Datagrams
[SUM]  0.0-30.1 sec  63417 datagrams received out-of-order
[  5]   0.00-30.13  sec   139 MBytes  38.6 Mbits/sec  0.416 ms  297/100627 (0.3%)  receiver
iperf3: interrupt - the server has terminated
-----------------------------------------------------------
Server listening on 5201 (test #2)
-----------------------------------------------------------
