-----------------------------------------------------------
Server listening on 5202 (test #1)
-----------------------------------------------------------
Accepted connection from 10.0.0.1, port 44866
[  5] local 10.0.0.2 port 5202 connected to 10.0.0.1 port 58522
[ ID] Interval           Transfer     Bitrate         Jitter    Lost/Total Datagrams
[  5]   0.00-1.00   sec  3.36 MBytes  28.2 Mbits/sec  5.422 ms  9/2442 (0.37%)  
[  5]   1.00-2.00   sec  3.43 MBytes  28.8 Mbits/sec  5.006 ms  16/2501 (0.64%)  
[  5]   2.00-3.00   sec  3.41 MBytes  28.6 Mbits/sec  0.604 ms  4/2475 (0.16%)  
[  5]   3.00-4.00   sec  3.47 MBytes  29.1 Mbits/sec  2.114 ms  5/2515 (0.2%)  
[  5]   4.00-5.00   sec  3.46 MBytes  29.1 Mbits/sec  0.714 ms  11/2519 (0.44%)  
[  5]   5.00-6.00   sec  3.46 MBytes  29.0 Mbits/sec  1.873 ms  12/2516 (0.48%)  
[  5]   6.00-7.00   sec  3.47 MBytes  29.1 Mbits/sec  4.195 ms  6/2518 (0.24%)  
[  5]   7.00-8.00   sec  3.42 MBytes  28.7 Mbits/sec  0.560 ms  14/2488 (0.56%)  
[  5]   8.00-9.00   sec  3.47 MBytes  29.1 Mbits/sec  1.020 ms  6/2518 (0.24%)  
[  5]   9.00-10.00  sec  3.47 MBytes  29.1 Mbits/sec  0.467 ms  3/2516 (0.12%)  
[  5]  10.00-11.00  sec  3.47 MBytes  29.1 Mbits/sec  1.484 ms  3/2514 (0.12%)  
[  5]  11.00-12.00  sec  3.47 MBytes  29.1 Mbits/sec  0.601 ms  6/2519 (0.24%)  
[  5]  12.00-13.00  sec  3.47 MBytes  29.1 Mbits/sec  2.689 ms  3/2517 (0.12%)  
[  5]  13.00-14.00  sec  3.46 MBytes  29.0 Mbits/sec  0.593 ms  11/2515 (0.44%)  
[  5]  14.00-15.00  sec  3.47 MBytes  29.1 Mbits/sec  0.719 ms  8/2520 (0.32%)  
[  5]  15.00-16.00  sec  3.46 MBytes  29.0 Mbits/sec  0.586 ms  6/2513 (0.24%)  
[  5]  16.00-17.00  sec  3.47 MBytes  29.1 Mbits/sec  1.054 ms  8/2519 (0.32%)  
[  5]  17.00-18.00  sec  3.47 MBytes  29.1 Mbits/sec  5.237 ms  8/2518 (0.32%)  
[  5]  18.00-19.00  sec  3.46 MBytes  29.0 Mbits/sec  2.494 ms  13/2519 (0.52%)  
[  5]  19.00-20.00  sec  3.47 MBytes  29.1 Mbits/sec  1.351 ms  4/2515 (0.16%)  
[  5]  20.00-21.00  sec  3.46 MBytes  29.1 Mbits/sec  3.099 ms  9/2517 (0.36%)  
[  5]  21.00-22.00  sec  3.46 MBytes  29.0 Mbits/sec  0.815 ms  6/2513 (0.24%)  
[  5]  22.00-23.00  sec  3.47 MBytes  29.1 Mbits/sec  2.210 ms  7/2518 (0.28%)  
[  5]  23.00-24.00  sec  3.44 MBytes  28.8 Mbits/sec  1.900 ms  8/2498 (0.32%)  
[  5]  24.00-25.00  sec  3.46 MBytes  29.0 Mbits/sec  0.656 ms  10/2515 (0.4%)  
[  5]  25.00-26.00  sec  3.46 MBytes  29.1 Mbits/sec  0.736 ms  9/2518 (0.36%)  
[  5]  26.00-27.00  sec  3.47 MBytes  29.1 Mbits/sec  2.645 ms  4/2519 (0.16%)  
[  5]  27.00-28.00  sec  3.46 MBytes  29.1 Mbits/sec  1.200 ms  8/2517 (0.32%)  
[  5]  28.00-29.00  sec  3.41 MBytes  28.6 Mbits/sec  1.271 ms  4/2474 (0.16%)  
[  5]  29.00-30.00  sec  3.49 MBytes  29.3 Mbits/sec  2.470 ms  9/2536 (0.35%)  
[  5]  30.00-30.13  sec   260 KBytes  16.5 Mbits/sec  0.735 ms  18446744073709551615/183 (-0.55%)  
- - - - - - - - - - - - - - - - - - - - - - - - -
[ ID] Interval           Transfer     Bitrate         Jitter    Lost/Total Datagrams
[SUM]  0.0-30.1 sec  42151 datagrams received out-of-order
[  5]   0.00-30.13  sec   104 MBytes  28.9 Mbits/sec  0.735 ms  229/75485 (0.3%)  receiver
iperf3: interrupt - the server has terminated
-----------------------------------------------------------
Server listening on 5202 (test #2)
-----------------------------------------------------------
