-----------------------------------------------------------
Server listening on 5202 (test #1)
-----------------------------------------------------------
Accepted connection from 10.0.0.1, port 43346
[  5] local 10.0.0.2 port 5202 connected to 10.0.0.1 port 60273
[ ID] Interval           Transfer     Bitrate         Jitter    Lost/Total Datagrams
[  5]   0.00-1.00   sec  4.82 MBytes  40.4 Mbits/sec  230.193 ms  316989/320476 (99%)  
[  5]   1.00-2.00   sec  5.24 MBytes  43.9 Mbits/sec  686.897 ms  18446744073709547824/0 (0%)  
[  5]   2.00-3.00   sec  5.22 MBytes  43.7 Mbits/sec  2.449 ms  232211/235990 (98%)  
[  5]   3.00-4.00   sec  5.27 MBytes  44.3 Mbits/sec  16.947 ms  18446744073709547797/0 (0%)  
[  5]   4.00-5.00   sec  5.28 MBytes  44.3 Mbits/sec  1848.378 ms  18446744073709547794/0 (0%)  
[  5]   5.00-6.00   sec  5.26 MBytes  44.1 Mbits/sec  243.443 ms  18446744073709547807/0 (0%)  
[  5]   6.00-7.00   sec  5.27 MBytes  44.2 Mbits/sec  112.089 ms  18446744073709547797/0 (0%)  
[  5]   7.00-8.00   sec  5.20 MBytes  43.6 Mbits/sec  1086.991 ms  18446744073709547848/0 (0%)  
[  5]   8.00-9.00   sec  5.29 MBytes  44.2 Mbits/sec  470.223 ms  18446744073709547783/0 (0%)  
[  5]   9.00-10.00  sec  5.32 MBytes  44.8 Mbits/sec  238.331 ms  18446744073709547764/0 (0%)  
[  5]  10.00-11.00  sec  5.25 MBytes  44.0 Mbits/sec  672.761 ms  18446744073709547816/0 (0%)  
[  5]  11.00-12.00  sec  5.27 MBytes  44.2 Mbits/sec  1759.624 ms  18446744073709547798/0 (0%)  
[  5]  12.00-13.00  sec  5.29 MBytes  44.4 Mbits/sec  4069.209 ms  18446744073709547782/0 (0%)  
[  5]  13.00-14.00  sec  5.27 MBytes  44.2 Mbits/sec  1186.788 ms  18446744073709547799/0 (0%)  
[  5]  14.00-15.00  sec  5.24 MBytes  44.0 Mbits/sec  7.252 ms  18446744073709547822/0 (0%)  
[  5]  15.00-16.00  sec  5.27 MBytes  44.2 Mbits/sec  1728.164 ms  18446744073709547801/0 (0%)  
[  5]  16.00-17.00  sec  5.20 MBytes  43.6 Mbits/sec  739.878 ms  18446744073709547851/0 (0%)  
[  5]  17.00-18.02  sec  5.38 MBytes  44.4 Mbits/sec  21.682 ms  18446744073709547719/0 (0%)  
[  5]  18.02-19.00  sec  5.29 MBytes  45.1 Mbits/sec  295.893 ms  18446744073709547788/0 (0%)  
[  5]  19.00-20.00  sec  5.26 MBytes  44.1 Mbits/sec  4.741 ms  18446744073709547808/0 (0%)  
[  5]  20.00-21.00  sec  5.24 MBytes  43.9 Mbits/sec  1531.407 ms  18446744073709547825/0 (0%)  
[  5]  21.00-22.00  sec  5.22 MBytes  43.8 Mbits/sec  21.293 ms  18446744073709547836/0 (0%)  
[  5]  22.00-23.00  sec  5.22 MBytes  43.8 Mbits/sec  3140.509 ms  18446744073709547835/0 (0%)  
[  5]  23.00-24.00  sec  5.20 MBytes  43.7 Mbits/sec  1143.744 ms  18446744073709547847/0 (0%)  
[  5]  24.00-25.00  sec  5.17 MBytes  43.3 Mbits/sec  2122.307 ms  18446744073709547875/0 (0%)  
[  5]  25.00-26.00  sec  5.24 MBytes  43.9 Mbits/sec  79.848 ms  18446744073709547824/0 (0%)  
[  5]  26.00-27.00  sec  5.26 MBytes  44.1 Mbits/sec  1557.148 ms  18446744073709547809/0 (0%)  
[  5]  27.00-28.00  sec  5.21 MBytes  43.7 Mbits/sec  1668.148 ms  18446744073709547844/0 (0%)  
[  5]  28.00-29.00  sec  5.24 MBytes  43.9 Mbits/sec  1829.661 ms  18446744073709547822/0 (0%)  
[  5]  29.00-30.00  sec  5.23 MBytes  43.8 Mbits/sec  2201.859 ms  18446744073709547830/0 (0%)  
[  5]  30.00-30.04  sec   223 KBytes  41.7 Mbits/sec  4360.125 ms  18446744073709551458/0 (0%)  
- - - - - - - - - - - - - - - - - - - - - - - - -
[ ID] Interval           Transfer     Bitrate         Jitter    Lost/Total Datagrams
[SUM]  0.0-30.0 sec  113825 datagrams received out-of-order
[  5]   0.00-30.04  sec   157 MBytes  43.9 Mbits/sec  4360.125 ms  442539/556466 (80%)  receiver
iperf3: interrupt - the server has terminated
-----------------------------------------------------------
Server listening on 5202 (test #2)
-----------------------------------------------------------
