-----------------------------------------------------------
Server listening on 5203 (test #1)
-----------------------------------------------------------
Accepted connection from 10.0.0.1, port 36032
[  5] local 10.0.0.2 port 5203 connected to 10.0.0.1 port 37389
[ ID] Interval           Transfer     Bitrate         Jitter    Lost/Total Datagrams
[  5]   0.00-1.00   sec  1.35 MBytes  11.3 Mbits/sec  1.064 ms  3189/4167 (77%)  
[  5]   1.00-2.00   sec  1.16 MBytes  9.70 Mbits/sec  1.112 ms  3484/4321 (81%)  
[  5]   2.00-3.00   sec  1.15 MBytes  9.66 Mbits/sec  1.146 ms  3478/4312 (81%)  
[  5]   3.00-4.00   sec  1.15 MBytes  9.63 Mbits/sec  1.318 ms  3476/4307 (81%)  
[  5]   4.00-5.00   sec  1.15 MBytes  9.68 Mbits/sec  1.212 ms  3486/4322 (81%)  
[  5]   5.00-6.00   sec  1.15 MBytes  9.68 Mbits/sec  1.263 ms  3475/4311 (81%)  
[  5]   6.00-7.00   sec  1.15 MBytes  9.66 Mbits/sec  1.593 ms  3487/4321 (81%)  
[  5]   7.00-8.00   sec  1.16 MBytes  9.70 Mbits/sec  1.266 ms  3475/4312 (81%)  
[  5]   8.00-9.00   sec  1.15 MBytes  9.68 Mbits/sec  0.918 ms  3484/4320 (81%)  
[  5]   9.00-10.00  sec  1.16 MBytes  9.71 Mbits/sec  1.299 ms  3479/4317 (81%)  
[  5]  10.00-11.00  sec  1.15 MBytes  9.67 Mbits/sec  1.313 ms  3472/4307 (81%)  
[  5]  11.00-12.00  sec  1.16 MBytes  9.71 Mbits/sec  1.089 ms  3487/4325 (81%)  
[  5]  12.00-13.00  sec  1.16 MBytes  9.70 Mbits/sec  1.546 ms  3475/4312 (81%)  
[  5]  13.00-14.00  sec  1.15 MBytes  9.66 Mbits/sec  0.908 ms  3491/4325 (81%)  
[  5]  14.00-15.00  sec  1.15 MBytes  9.68 Mbits/sec  0.883 ms  3472/4308 (81%)  
[  5]  15.00-16.00  sec  1.16 MBytes  9.70 Mbits/sec  1.250 ms  3479/4316 (81%)  
[  5]  16.00-17.00  sec  1.16 MBytes  9.70 Mbits/sec  1.116 ms  3479/4316 (81%)  
[  5]  17.00-18.00  sec  1.16 MBytes  9.70 Mbits/sec  1.330 ms  3484/4321 (81%)  
[  5]  18.00-19.00  sec  1.15 MBytes  9.66 Mbits/sec  1.477 ms  3475/4309 (81%)  
[  5]  19.00-20.00  sec  1.15 MBytes  9.65 Mbits/sec  1.077 ms  3495/4328 (81%)  
[  5]  20.00-21.00  sec  1.15 MBytes  9.67 Mbits/sec  1.275 ms  3473/4308 (81%)  
[  5]  21.00-22.00  sec  1.16 MBytes  9.70 Mbits/sec  0.987 ms  3492/4329 (81%)  
[  5]  22.00-23.00  sec  1.15 MBytes  9.66 Mbits/sec  1.389 ms  3474/4308 (81%)  
[  5]  23.00-24.00  sec  1.15 MBytes  9.66 Mbits/sec  1.617 ms  3477/4311 (81%)  
[  5]  24.00-25.00  sec  1.15 MBytes  9.67 Mbits/sec  1.362 ms  3482/4317 (81%)  
[  5]  25.00-26.00  sec  1.16 MBytes  9.71 Mbits/sec  1.085 ms  3487/4325 (81%)  
[  5]  26.00-27.00  sec  1.15 MBytes  9.63 Mbits/sec  1.451 ms  3481/4312 (81%)  
[  5]  27.00-28.00  sec  1.15 MBytes  9.66 Mbits/sec  1.047 ms  3486/4320 (81%)  
[  5]  28.00-29.00  sec  1.15 MBytes  9.65 Mbits/sec  1.558 ms  3467/4300 (81%)  
[  5]  29.00-30.00  sec  1.16 MBytes  9.72 Mbits/sec  0.918 ms  3489/4328 (81%)  
[  5]  30.00-30.03  sec  38.2 KBytes  9.20 Mbits/sec  1.187 ms  117/144 (81%)  
- - - - - - - - - - - - - - - - - - - - - - - - -
[ ID] Interval           Transfer     Bitrate         Jitter    Lost/Total Datagrams
[SUM]  0.0-30.0 sec  6698 datagrams received out-of-order
[  5]   0.00-30.03  sec  34.8 MBytes  9.73 Mbits/sec  1.187 ms  104247/129479 (81%)  receiver
iperf3: interrupt - the server has terminated
-----------------------------------------------------------
Server listening on 5203 (test #2)
-----------------------------------------------------------
