-----------------------------------------------------------
Server listening on 5201 (test #1)
-----------------------------------------------------------
Accepted connection from 10.0.0.1, port 42592
[  5] local 10.0.0.2 port 5201 connected to 10.0.0.1 port 56738
[ ID] Interval           Transfer     Bitrate         Jitter    Lost/Total Datagrams
[  5]   0.00-1.00   sec  4.56 MBytes  38.3 Mbits/sec  1.457 ms  856/4160 (21%)  
[  5]   1.00-2.00   sec  4.62 MBytes  38.7 Mbits/sec  1.264 ms  967/4312 (22%)  
[  5]   2.00-3.00   sec  4.62 MBytes  38.7 Mbits/sec  1.150 ms  973/4316 (23%)  
[  5]   3.00-4.00   sec  4.62 MBytes  38.8 Mbits/sec  1.117 ms  966/4313 (22%)  
[  5]   4.00-5.00   sec  4.54 MBytes  38.1 Mbits/sec  1.173 ms  1036/4324 (24%)  
[  5]   5.00-6.00   sec  4.62 MBytes  38.8 Mbits/sec  1.176 ms  970/4316 (22%)  
[  5]   6.00-7.00   sec  4.62 MBytes  38.7 Mbits/sec  1.245 ms  970/4314 (22%)  
[  5]   7.00-8.00   sec  4.62 MBytes  38.7 Mbits/sec  0.924 ms  972/4315 (23%)  
[  5]   8.00-9.00   sec  4.63 MBytes  38.8 Mbits/sec  0.952 ms  967/4317 (22%)  
[  5]   9.00-10.00  sec  4.62 MBytes  38.8 Mbits/sec  1.210 ms  974/4320 (23%)  
[  5]  10.00-11.00  sec  4.62 MBytes  38.8 Mbits/sec  0.859 ms  960/4308 (22%)  
[  5]  11.00-12.00  sec  4.62 MBytes  38.8 Mbits/sec  1.112 ms  973/4318 (23%)  
[  5]  12.00-13.00  sec  4.62 MBytes  38.8 Mbits/sec  1.121 ms  971/4319 (22%)  
[  5]  13.00-14.00  sec  4.62 MBytes  38.8 Mbits/sec  0.925 ms  968/4315 (22%)  
[  5]  14.00-15.00  sec  4.62 MBytes  38.7 Mbits/sec  1.214 ms  972/4316 (23%)  
[  5]  15.00-16.00  sec  4.62 MBytes  38.7 Mbits/sec  1.769 ms  975/4318 (23%)  
[  5]  16.00-17.00  sec  4.62 MBytes  38.7 Mbits/sec  1.087 ms  967/4312 (22%)  
[  5]  17.00-18.00  sec  4.62 MBytes  38.8 Mbits/sec  1.023 ms  971/4317 (22%)  
[  5]  18.00-19.00  sec  4.62 MBytes  38.8 Mbits/sec  0.802 ms  971/4319 (22%)  
[  5]  19.00-20.00  sec  4.62 MBytes  38.7 Mbits/sec  1.376 ms  969/4313 (22%)  
[  5]  20.00-21.00  sec  4.59 MBytes  38.5 Mbits/sec  0.916 ms  992/4318 (23%)  
[  5]  21.00-22.00  sec  4.62 MBytes  38.7 Mbits/sec  1.126 ms  974/4316 (23%)  
[  5]  22.00-23.00  sec  4.62 MBytes  38.7 Mbits/sec  1.535 ms  966/4308 (22%)  
[  5]  23.00-24.00  sec  4.62 MBytes  38.8 Mbits/sec  1.001 ms  980/4327 (23%)  
[  5]  24.00-25.00  sec  4.62 MBytes  38.8 Mbits/sec  1.549 ms  976/4322 (23%)  
[  5]  25.00-26.00  sec  4.55 MBytes  38.1 Mbits/sec  1.168 ms  1017/4310 (24%)  
[  5]  26.00-27.00  sec  4.62 MBytes  38.8 Mbits/sec  1.321 ms  971/4317 (22%)  
[  5]  27.00-28.00  sec  4.62 MBytes  38.8 Mbits/sec  1.281 ms  973/4321 (23%)  
[  5]  28.00-29.00  sec  4.62 MBytes  38.8 Mbits/sec  1.476 ms  967/4312 (22%)  
[  5]  29.00-30.00  sec  4.62 MBytes  38.7 Mbits/sec  1.231 ms  973/4316 (23%)  
[  5]  30.00-30.04  sec   170 KBytes  37.3 Mbits/sec  1.227 ms  35/155 (23%)  
- - - - - - - - - - - - - - - - - - - - - - - - -
[ ID] Interval           Transfer     Bitrate         Jitter    Lost/Total Datagrams
[SUM]  0.0-30.0 sec  64836 datagrams received out-of-order
[  5]   0.00-30.04  sec   139 MBytes  38.7 Mbits/sec  1.227 ms  29172/129484 (23%)  receiver
iperf3: interrupt - the server has terminated
-----------------------------------------------------------
Server listening on 5201 (test #2)
-----------------------------------------------------------
