-----------------------------------------------------------
Server listening on 5202 (test #1)
-----------------------------------------------------------
Accepted connection from 10.0.0.1, port 45318
[  5] local 10.0.0.2 port 5202 connected to 10.0.0.1 port 50225
[ ID] Interval           Transfer     Bitrate         Jitter    Lost/Total Datagrams
[  5]   0.00-1.00   sec  3.45 MBytes  29.0 Mbits/sec  1.123 ms  1652/4152 (40%)  
[  5]   1.00-2.00   sec  3.46 MBytes  29.1 Mbits/sec  1.115 ms  1808/4317 (42%)  
[  5]   2.00-3.00   sec  3.47 MBytes  29.1 Mbits/sec  1.369 ms  1809/4322 (42%)  
[  5]   3.00-4.00   sec  3.46 MBytes  29.0 Mbits/sec  0.994 ms  1807/4309 (42%)  
[  5]   4.00-5.00   sec  3.44 MBytes  28.8 Mbits/sec  1.310 ms  1833/4321 (42%)  
[  5]   5.00-6.00   sec  3.47 MBytes  29.1 Mbits/sec  1.087 ms  1803/4317 (42%)  
[  5]   6.00-7.00   sec  3.46 MBytes  29.0 Mbits/sec  1.245 ms  1808/4312 (42%)  
[  5]   7.00-8.00   sec  3.46 MBytes  29.1 Mbits/sec  1.448 ms  1810/4319 (42%)  
[  5]   8.00-9.00   sec  3.46 MBytes  29.0 Mbits/sec  1.343 ms  1812/4316 (42%)  
[  5]   9.00-10.00  sec  3.45 MBytes  29.0 Mbits/sec  1.290 ms  1809/4308 (42%)  
[  5]  10.00-11.00  sec  3.47 MBytes  29.1 Mbits/sec  1.146 ms  1815/4330 (42%)  
[  5]  11.00-12.00  sec  3.46 MBytes  29.0 Mbits/sec  1.159 ms  1801/4308 (42%)  
[  5]  12.00-13.00  sec  3.46 MBytes  29.1 Mbits/sec  1.104 ms  1803/4312 (42%)  
[  5]  13.00-14.00  sec  3.46 MBytes  29.1 Mbits/sec  0.872 ms  1815/4324 (42%)  
[  5]  14.00-15.00  sec  3.46 MBytes  29.1 Mbits/sec  1.137 ms  1804/4313 (42%)  
[  5]  15.00-16.00  sec  3.46 MBytes  29.0 Mbits/sec  1.233 ms  1813/4320 (42%)  
[  5]  16.00-17.00  sec  3.47 MBytes  29.1 Mbits/sec  1.316 ms  1806/4316 (42%)  
[  5]  17.00-18.00  sec  3.47 MBytes  29.1 Mbits/sec  1.137 ms  1805/4317 (42%)  
[  5]  18.00-19.00  sec  3.46 MBytes  29.1 Mbits/sec  1.491 ms  1808/4316 (42%)  
[  5]  19.00-20.00  sec  3.46 MBytes  29.0 Mbits/sec  1.302 ms  1809/4315 (42%)  
[  5]  20.00-21.00  sec  3.47 MBytes  29.1 Mbits/sec  1.265 ms  1806/4317 (42%)  
[  5]  21.00-22.00  sec  3.46 MBytes  29.1 Mbits/sec  1.252 ms  1805/4313 (42%)  
[  5]  22.00-23.00  sec  3.47 MBytes  29.1 Mbits/sec  1.325 ms  1810/4324 (42%)  
[  5]  23.00-24.00  sec  3.46 MBytes  29.0 Mbits/sec  1.373 ms  1803/4309 (42%)  
[  5]  24.00-25.00  sec  3.47 MBytes  29.1 Mbits/sec  1.046 ms  1813/4324 (42%)  
[  5]  25.00-26.00  sec  3.46 MBytes  29.1 Mbits/sec  1.069 ms  1800/4308 (42%)  
[  5]  26.00-27.00  sec  3.46 MBytes  29.1 Mbits/sec  1.336 ms  1814/4323 (42%)  
[  5]  27.00-28.00  sec  3.46 MBytes  29.0 Mbits/sec  1.195 ms  1804/4309 (42%)  
[  5]  28.00-29.00  sec  3.46 MBytes  29.0 Mbits/sec  1.303 ms  1814/4320 (42%)  
[  5]  29.00-30.00  sec  3.46 MBytes  29.0 Mbits/sec  1.293 ms  1807/4314 (42%)  
[  5]  30.00-30.04  sec   130 KBytes  27.6 Mbits/sec  1.267 ms  66/158 (42%)  
- - - - - - - - - - - - - - - - - - - - - - - - -
[ ID] Interval           Transfer     Bitrate         Jitter    Lost/Total Datagrams
[SUM]  0.0-30.0 sec  43529 datagrams received out-of-order
[  5]   0.00-30.04  sec   104 MBytes  29.0 Mbits/sec  1.267 ms  54172/129483 (42%)  receiver
iperf3: interrupt - the server has terminated
-----------------------------------------------------------
Server listening on 5202 (test #2)
-----------------------------------------------------------
