-----------------------------------------------------------
Server listening on 5202 (test #1)
-----------------------------------------------------------
Accepted connection from 10.0.0.1, port 55438
[  5] local 10.0.0.2 port 5202 connected to 10.0.0.1 port 38684
[ ID] Interval           Transfer     Bitrate         Jitter    Lost/Total Datagrams
[  5]   0.00-1.00   sec  3.55 MBytes  29.8 Mbits/sec  1.279 ms  346/2918 (12%)  
[  5]   1.00-2.00   sec  3.49 MBytes  29.2 Mbits/sec  1.441 ms  917/3442 (27%)  
[  5]   2.00-3.00   sec  3.61 MBytes  30.3 Mbits/sec  1.160 ms  846/3459 (24%)  
[  5]   3.00-4.00   sec  3.42 MBytes  28.6 Mbits/sec  1.416 ms  875/3348 (26%)  
[  5]   4.00-5.00   sec  3.49 MBytes  29.3 Mbits/sec  1.510 ms  1026/3556 (29%)  
[  5]   5.00-6.00   sec  3.56 MBytes  29.8 Mbits/sec  1.410 ms  885/3460 (26%)  
[  5]   6.00-7.00   sec  3.58 MBytes  30.0 Mbits/sec  1.479 ms  851/3445 (25%)  
[  5]   7.00-8.00   sec  3.39 MBytes  28.4 Mbits/sec  0.869 ms  1002/3455 (29%)  
[  5]   8.00-9.00   sec  3.50 MBytes  29.4 Mbits/sec  1.403 ms  913/3447 (26%)  
[  5]   9.00-10.00  sec  3.54 MBytes  29.7 Mbits/sec  1.095 ms  874/3435 (25%)  
[  5]  10.00-11.00  sec  3.28 MBytes  27.5 Mbits/sec  1.364 ms  1102/3479 (32%)  
[  5]  11.00-12.00  sec  3.52 MBytes  29.6 Mbits/sec  1.304 ms  901/3453 (26%)  
[  5]  12.00-13.00  sec  3.62 MBytes  30.3 Mbits/sec  1.246 ms  834/3452 (24%)  
[  5]  13.00-14.00  sec  3.55 MBytes  29.8 Mbits/sec  1.508 ms  881/3454 (26%)  
[  5]  14.00-15.00  sec  3.54 MBytes  29.7 Mbits/sec  1.613 ms  884/3451 (26%)  
[  5]  15.00-16.00  sec  3.64 MBytes  30.6 Mbits/sec  1.207 ms  816/3455 (24%)  
[  5]  16.00-17.00  sec  3.42 MBytes  28.7 Mbits/sec  1.264 ms  973/3450 (28%)  
[  5]  17.00-18.00  sec  3.49 MBytes  29.3 Mbits/sec  1.122 ms  933/3459 (27%)  
[  5]  18.00-19.00  sec  3.39 MBytes  28.4 Mbits/sec  1.221 ms  991/3446 (29%)  
[  5]  19.00-20.00  sec  3.29 MBytes  27.6 Mbits/sec  1.283 ms  1074/3457 (31%)  
[  5]  20.00-21.00  sec  3.50 MBytes  29.3 Mbits/sec  1.517 ms  923/3454 (27%)  
[  5]  21.00-22.00  sec  3.54 MBytes  29.7 Mbits/sec  1.466 ms  889/3453 (26%)  
[  5]  22.00-23.00  sec  3.26 MBytes  27.3 Mbits/sec  1.977 ms  1082/3442 (31%)  
[  5]  23.00-24.00  sec  3.51 MBytes  29.5 Mbits/sec  1.383 ms  917/3460 (27%)  
[  5]  24.00-25.00  sec  3.46 MBytes  29.0 Mbits/sec  1.381 ms  948/3455 (27%)  
[  5]  25.00-26.00  sec  3.46 MBytes  29.0 Mbits/sec  1.691 ms  916/3420 (27%)  
[  5]  26.00-27.00  sec  3.35 MBytes  28.1 Mbits/sec  1.561 ms  1056/3480 (30%)  
[  5]  27.00-28.00  sec  3.58 MBytes  30.0 Mbits/sec  1.530 ms  874/3464 (25%)  
[  5]  28.00-29.00  sec  3.56 MBytes  29.9 Mbits/sec  1.478 ms  872/3449 (25%)  
[  5]  29.00-30.00  sec  3.43 MBytes  28.7 Mbits/sec  1.096 ms  947/3428 (28%)  
[  5]  30.00-30.16  sec   605 KBytes  31.1 Mbits/sec  1.337 ms  129/557 (23%)  
- - - - - - - - - - - - - - - - - - - - - - - - -
[ ID] Interval           Transfer     Bitrate         Jitter    Lost/Total Datagrams
[SUM]  0.0-30.2 sec  47339 datagrams received out-of-order
[  5]   0.00-30.16  sec   105 MBytes  29.2 Mbits/sec  1.337 ms  27477/103583 (27%)  receiver
iperf3: interrupt - the server has terminated
-----------------------------------------------------------
Server listening on 5202 (test #2)
-----------------------------------------------------------
