-----------------------------------------------------------
Server listening on 5201 (test #1)
-----------------------------------------------------------
Accepted connection from 10.0.0.1, port 43156
[  5] local 10.0.0.2 port 5201 connected to 10.0.0.1 port 59430
[ ID] Interval           Transfer     Bitrate         Jitter    Lost/Total Datagrams
[  5]   0.00-1.00   sec  4.00 MBytes  33.6 Mbits/sec  1.170 ms  26/2924 (0.89%)  
[  5]   1.00-2.00   sec  4.72 MBytes  39.6 Mbits/sec  1.317 ms  35/3451 (1%)  
[  5]   2.00-3.00   sec  4.69 MBytes  39.4 Mbits/sec  1.037 ms  58/3456 (1.7%)  
[  5]   3.00-4.00   sec  4.55 MBytes  38.1 Mbits/sec  1.209 ms  48/3341 (1.4%)  
[  5]   4.00-5.00   sec  4.72 MBytes  39.6 Mbits/sec  1.486 ms  148/3563 (4.2%)  
[  5]   5.00-6.00   sec  4.72 MBytes  39.6 Mbits/sec  1.182 ms  36/3455 (1%)  
[  5]   6.00-7.00   sec  4.69 MBytes  39.4 Mbits/sec  1.247 ms  56/3453 (1.6%)  
[  5]   7.00-8.00   sec  4.46 MBytes  37.5 Mbits/sec  1.303 ms  218/3451 (6.3%)  
[  5]   8.00-9.00   sec  4.68 MBytes  39.3 Mbits/sec  1.643 ms  59/3449 (1.7%)  
[  5]   9.00-10.00  sec  4.27 MBytes  35.8 Mbits/sec  1.168 ms  335/3425 (9.8%)  
[  5]  10.00-11.00  sec  4.30 MBytes  36.1 Mbits/sec  1.339 ms  368/3481 (11%)  
[  5]  11.00-12.00  sec  4.67 MBytes  39.2 Mbits/sec  1.541 ms  65/3445 (1.9%)  
[  5]  12.00-13.00  sec  4.58 MBytes  38.5 Mbits/sec  1.233 ms  143/3463 (4.1%)  
[  5]  13.00-14.00  sec  4.66 MBytes  39.1 Mbits/sec  1.772 ms  81/3456 (2.3%)  
[  5]  14.00-15.00  sec  4.62 MBytes  38.8 Mbits/sec  0.923 ms  100/3448 (2.9%)  
[  5]  15.00-16.00  sec  4.66 MBytes  39.1 Mbits/sec  1.404 ms  76/3453 (2.2%)  
[  5]  16.00-17.00  sec  4.72 MBytes  39.6 Mbits/sec  1.037 ms  44/3459 (1.3%)  
[  5]  17.00-18.00  sec  4.69 MBytes  39.4 Mbits/sec  1.547 ms  60/3458 (1.7%)  
[  5]  18.00-19.00  sec  4.52 MBytes  37.9 Mbits/sec  1.324 ms  167/3442 (4.9%)  
[  5]  19.00-20.00  sec  4.34 MBytes  36.4 Mbits/sec  1.197 ms  319/3459 (9.2%)  
[  5]  20.00-21.00  sec  4.70 MBytes  39.5 Mbits/sec  1.497 ms  52/3458 (1.5%)  
[  5]  21.00-22.00  sec  4.70 MBytes  39.5 Mbits/sec  1.189 ms  45/3452 (1.3%)  
[  5]  22.00-23.00  sec  4.58 MBytes  38.4 Mbits/sec  1.671 ms  117/3435 (3.4%)  
[  5]  23.00-24.00  sec  4.70 MBytes  39.5 Mbits/sec  1.254 ms  58/3465 (1.7%)  
[  5]  24.00-25.00  sec  4.68 MBytes  39.2 Mbits/sec  1.518 ms  65/3451 (1.9%)  
[  5]  25.00-26.01  sec  4.66 MBytes  38.5 Mbits/sec  2.055 ms  82/3454 (2.4%)  
[  5]  26.01-27.00  sec  4.45 MBytes  37.8 Mbits/sec  1.285 ms  231/3451 (6.7%)  
[  5]  27.00-28.00  sec  4.67 MBytes  39.2 Mbits/sec  1.447 ms  67/3452 (1.9%)  
[  5]  28.00-29.00  sec  4.60 MBytes  38.5 Mbits/sec  1.563 ms  132/3460 (3.8%)  
[  5]  29.00-30.00  sec  4.51 MBytes  37.9 Mbits/sec  1.346 ms  159/3426 (4.6%)  
[  5]  30.00-30.16  sec   782 KBytes  39.4 Mbits/sec  1.392 ms  0/553 (0%)  
- - - - - - - - - - - - - - - - - - - - - - - - -
[ ID] Interval           Transfer     Bitrate         Jitter    Lost/Total Datagrams
[SUM]  0.0-30.2 sec  67924 datagrams received out-of-order
[  5]   0.00-30.16  sec   138 MBytes  38.5 Mbits/sec  1.392 ms  3450/103589 (3.3%)  receiver
iperf3: interrupt - the server has terminated
-----------------------------------------------------------
Server listening on 5201 (test #2)
-----------------------------------------------------------
