-----------------------------------------------------------
Server listening on 5202 (test #1)
-----------------------------------------------------------
Accepted connection from 10.0.0.1, port 52650
[  5] local 10.0.0.2 port 5202 connected to 10.0.0.1 port 56412
[ ID] Interval           Transfer     Bitrate         Jitter    Lost/Total Datagrams
[  5]   0.00-1.00   sec  3.45 MBytes  28.9 Mbits/sec  1.233 ms  1666/4164 (40%)  
[  5]   1.00-2.00   sec  3.47 MBytes  29.1 Mbits/sec  1.029 ms  1807/4319 (42%)  
[  5]   2.00-3.00   sec  3.46 MBytes  29.0 Mbits/sec  1.211 ms  1803/4306 (42%)  
[  5]   3.00-4.00   sec  3.48 MBytes  29.2 Mbits/sec  1.134 ms  1802/4320 (42%)  
[  5]   4.00-5.00   sec  3.46 MBytes  29.1 Mbits/sec  1.030 ms  1805/4313 (42%)  
[  5]   5.00-6.00   sec  3.46 MBytes  29.1 Mbits/sec  0.918 ms  1807/4316 (42%)  
[  5]   6.00-7.00   sec  3.46 MBytes  29.1 Mbits/sec  1.269 ms  1806/4315 (42%)  
[  5]   7.00-8.00   sec  3.47 MBytes  29.1 Mbits/sec  1.238 ms  1805/4315 (42%)  
[  5]   8.00-9.00   sec  3.46 MBytes  29.1 Mbits/sec  1.291 ms  1813/4321 (42%)  
[  5]   9.00-10.00  sec  3.47 MBytes  29.1 Mbits/sec  1.116 ms  1805/4316 (42%)  
[  5]  10.00-11.00  sec  3.46 MBytes  29.1 Mbits/sec  1.191 ms  1805/4314 (42%)  
[  5]  11.00-12.00  sec  3.47 MBytes  29.1 Mbits/sec  1.016 ms  1804/4316 (42%)  
[  5]  12.00-13.00  sec  3.47 MBytes  29.1 Mbits/sec  1.072 ms  1811/4321 (42%)  
[  5]  13.00-14.00  sec  3.46 MBytes  29.0 Mbits/sec  1.100 ms  1809/4315 (42%)  
[  5]  14.00-15.00  sec  3.46 MBytes  29.1 Mbits/sec  1.143 ms  1804/4313 (42%)  
[  5]  15.00-16.00  sec  3.47 MBytes  29.1 Mbits/sec  1.264 ms  1806/4320 (42%)  
[  5]  16.00-17.00  sec  3.47 MBytes  29.1 Mbits/sec  1.016 ms  1801/4312 (42%)  
[  5]  17.00-18.00  sec  3.46 MBytes  29.1 Mbits/sec  1.185 ms  1813/4321 (42%)  
[  5]  18.00-19.00  sec  3.47 MBytes  29.1 Mbits/sec  1.192 ms  1801/4311 (42%)  
[  5]  19.00-20.00  sec  3.46 MBytes  29.0 Mbits/sec  0.984 ms  1811/4318 (42%)  
[  5]  20.00-21.00  sec  3.46 MBytes  29.0 Mbits/sec  1.052 ms  1809/4316 (42%)  
[  5]  21.00-22.00  sec  3.46 MBytes  29.1 Mbits/sec  1.381 ms  1813/4322 (42%)  
[  5]  22.00-23.00  sec  3.47 MBytes  29.1 Mbits/sec  1.229 ms  1807/4318 (42%)  
[  5]  23.00-24.00  sec  3.46 MBytes  29.1 Mbits/sec  1.240 ms  1805/4314 (42%)  
[  5]  24.00-25.00  sec  3.46 MBytes  29.0 Mbits/sec  1.113 ms  1806/4309 (42%)  
[  5]  25.00-26.00  sec  3.47 MBytes  29.1 Mbits/sec  1.211 ms  1810/4323 (42%)  
[  5]  26.00-27.00  sec  3.46 MBytes  29.1 Mbits/sec  1.271 ms  1808/4316 (42%)  
[  5]  27.00-28.00  sec  3.47 MBytes  29.1 Mbits/sec  1.357 ms  1808/4318 (42%)  
[  5]  28.00-29.00  sec  3.47 MBytes  29.1 Mbits/sec  1.002 ms  1801/4311 (42%)  
[  5]  29.00-30.00  sec  3.47 MBytes  29.1 Mbits/sec  1.107 ms  1803/4316 (42%)  
[  5]  30.00-30.04  sec   132 KBytes  27.8 Mbits/sec  1.262 ms  64/157 (41%)  
- - - - - - - - - - - - - - - - - - - - - - - - -
[ ID] Interval           Transfer     Bitrate         Jitter    Lost/Total Datagrams
[SUM]  0.0-30.0 sec  44425 datagrams received out-of-order
[  5]   0.00-30.04  sec   104 MBytes  29.1 Mbits/sec  1.262 ms  54118/129486 (42%)  receiver
iperf3: interrupt - the server has terminated
-----------------------------------------------------------
Server listening on 5202 (test #2)
-----------------------------------------------------------
