-----------------------------------------------------------
Server listening on 5201 (test #1)
-----------------------------------------------------------
Accepted connection from 10.0.0.1, port 38730
[  5] local 10.0.0.2 port 5201 connected to 10.0.0.1 port 37028
[ ID] Interval           Transfer     Bitrate         Jitter    Lost/Total Datagrams
[  5]   0.00-1.00   sec  4.56 MBytes  38.2 Mbits/sec  0.876 ms  861/4160 (21%)  
[  5]   1.00-2.00   sec  4.62 MBytes  38.8 Mbits/sec  1.121 ms  970/4319 (22%)  
[  5]   2.00-3.00   sec  4.62 MBytes  38.7 Mbits/sec  0.985 ms  973/4315 (23%)  
[  5]   3.00-4.00   sec  4.62 MBytes  38.7 Mbits/sec  0.987 ms  969/4312 (22%)  
[  5]   4.00-5.00   sec  4.62 MBytes  38.7 Mbits/sec  1.627 ms  981/4323 (23%)  
[  5]   5.00-6.00   sec  4.62 MBytes  38.8 Mbits/sec  1.069 ms  966/4313 (22%)  
[  5]   6.00-7.00   sec  4.62 MBytes  38.8 Mbits/sec  1.442 ms  973/4322 (23%)  
[  5]   7.00-8.00   sec  4.62 MBytes  38.8 Mbits/sec  1.605 ms  967/4315 (22%)  
[  5]   8.00-9.00   sec  4.63 MBytes  38.8 Mbits/sec  1.021 ms  962/4313 (22%)  
[  5]   9.00-10.00  sec  4.61 MBytes  38.7 Mbits/sec  1.100 ms  973/4313 (23%)  
[  5]  10.00-11.00  sec  4.62 MBytes  38.8 Mbits/sec  1.285 ms  977/4324 (23%)  
[  5]  11.00-12.00  sec  4.63 MBytes  38.9 Mbits/sec  0.916 ms  963/4317 (22%)  
[  5]  12.00-13.00  sec  4.62 MBytes  38.8 Mbits/sec  1.133 ms  964/4310 (22%)  
[  5]  13.00-14.00  sec  4.56 MBytes  38.2 Mbits/sec  1.070 ms  1016/4316 (24%)  
[  5]  14.00-15.00  sec  4.61 MBytes  38.6 Mbits/sec  1.056 ms  983/4318 (23%)  
[  5]  15.00-16.00  sec  4.62 MBytes  38.7 Mbits/sec  1.385 ms  971/4315 (23%)  
[  5]  16.00-17.00  sec  4.63 MBytes  38.8 Mbits/sec  1.041 ms  971/4321 (22%)  
[  5]  17.00-18.00  sec  4.63 MBytes  38.8 Mbits/sec  1.180 ms  967/4317 (22%)  
[  5]  18.00-19.00  sec  4.62 MBytes  38.8 Mbits/sec  0.875 ms  965/4311 (22%)  
[  5]  19.00-20.00  sec  4.61 MBytes  38.7 Mbits/sec  1.105 ms  983/4322 (23%)  
[  5]  20.00-21.00  sec  4.62 MBytes  38.8 Mbits/sec  1.381 ms  968/4314 (22%)  
[  5]  21.00-22.00  sec  4.62 MBytes  38.7 Mbits/sec  1.220 ms  972/4317 (23%)  
[  5]  22.00-23.00  sec  4.62 MBytes  38.8 Mbits/sec  1.455 ms  968/4315 (22%)  
[  5]  23.00-24.00  sec  4.61 MBytes  38.7 Mbits/sec  1.024 ms  968/4309 (22%)  
[  5]  24.00-25.00  sec  4.51 MBytes  37.9 Mbits/sec  1.189 ms  1052/4320 (24%)  
[  5]  25.00-26.00  sec  4.62 MBytes  38.8 Mbits/sec  1.094 ms  975/4321 (23%)  
[  5]  26.00-27.00  sec  4.62 MBytes  38.8 Mbits/sec  1.106 ms  964/4310 (22%)  
[  5]  27.00-28.00  sec  4.62 MBytes  38.7 Mbits/sec  1.079 ms  969/4314 (22%)  
[  5]  28.00-29.00  sec  4.62 MBytes  38.8 Mbits/sec  1.215 ms  970/4319 (22%)  
[  5]  29.00-30.00  sec  4.54 MBytes  38.1 Mbits/sec  1.127 ms  1030/4317 (24%)  
[  5]  30.00-30.04  sec   170 KBytes  38.9 Mbits/sec  0.945 ms  31/151 (21%)  
- - - - - - - - - - - - - - - - - - - - - - - - -
[ ID] Interval           Transfer     Bitrate         Jitter    Lost/Total Datagrams
[SUM]  0.0-30.0 sec  64943 datagrams received out-of-order
[  5]   0.00-30.04  sec   138 MBytes  38.7 Mbits/sec  0.945 ms  29222/129483 (23%)  receiver
iperf3: interrupt - the server has terminated
-----------------------------------------------------------
Server listening on 5201 (test #2)
-----------------------------------------------------------
