-----------------------------------------------------------
Server listening on 5201 (test #1)
-----------------------------------------------------------
Accepted connection from 10.0.0.1, port 43666
[  5] local 10.0.0.2 port 5201 connected to 10.0.0.1 port 40799
[ ID] Interval           Transfer     Bitrate         Jitter    Lost/Total Datagrams
[  5]   0.00-1.00   sec  4.55 MBytes  38.2 Mbits/sec  1.146 ms  856/4152 (21%)  
[  5]   1.00-2.00   sec  4.61 MBytes  38.7 Mbits/sec  1.367 ms  974/4315 (23%)  
[  5]   2.00-3.00   sec  4.63 MBytes  38.8 Mbits/sec  1.284 ms  966/4318 (22%)  
[  5]   3.00-4.00   sec  4.62 MBytes  38.7 Mbits/sec  1.330 ms  968/4311 (22%)  
[  5]   4.00-5.00   sec  4.63 MBytes  38.8 Mbits/sec  1.082 ms  969/4319 (22%)  
[  5]   5.00-6.00   sec  4.62 MBytes  38.8 Mbits/sec  0.920 ms  970/4319 (22%)  
[  5]   6.00-7.00   sec  4.62 MBytes  38.8 Mbits/sec  1.635 ms  974/4321 (23%)  
[  5]   7.00-8.00   sec  4.61 MBytes  38.7 Mbits/sec  1.149 ms  967/4308 (22%)  
[  5]   8.00-9.00   sec  4.62 MBytes  38.7 Mbits/sec  1.051 ms  973/4317 (23%)  
[  5]   9.00-10.00  sec  4.57 MBytes  38.4 Mbits/sec  0.930 ms  1000/4312 (23%)  
[  5]  10.00-11.00  sec  4.62 MBytes  38.7 Mbits/sec  1.043 ms  970/4315 (22%)  
[  5]  11.00-12.00  sec  4.62 MBytes  38.7 Mbits/sec  1.298 ms  977/4320 (23%)  
[  5]  12.00-13.00  sec  4.62 MBytes  38.8 Mbits/sec  1.485 ms  972/4320 (22%)  
[  5]  13.00-14.00  sec  4.62 MBytes  38.7 Mbits/sec  1.281 ms  971/4315 (23%)  
[  5]  14.00-15.00  sec  4.63 MBytes  38.8 Mbits/sec  0.889 ms  966/4317 (22%)  
[  5]  15.00-16.00  sec  4.61 MBytes  38.7 Mbits/sec  1.033 ms  975/4314 (23%)  
[  5]  16.00-17.00  sec  4.62 MBytes  38.7 Mbits/sec  1.240 ms  979/4324 (23%)  
[  5]  17.00-18.00  sec  4.62 MBytes  38.7 Mbits/sec  1.337 ms  972/4317 (23%)  
[  5]  18.00-19.00  sec  4.61 MBytes  38.7 Mbits/sec  1.235 ms  968/4306 (22%)  
[  5]  19.00-20.00  sec  4.63 MBytes  38.8 Mbits/sec  1.174 ms  966/4316 (22%)  
[  5]  20.00-21.00  sec  4.53 MBytes  38.0 Mbits/sec  1.470 ms  1040/4321 (24%)  
[  5]  21.00-22.00  sec  4.62 MBytes  38.8 Mbits/sec  1.336 ms  971/4318 (22%)  
[  5]  22.00-23.00  sec  4.61 MBytes  38.7 Mbits/sec  1.114 ms  971/4311 (23%)  
[  5]  23.00-24.00  sec  4.62 MBytes  38.8 Mbits/sec  1.296 ms  974/4321 (23%)  
[  5]  24.00-25.00  sec  4.62 MBytes  38.7 Mbits/sec  1.463 ms  969/4314 (22%)  
[  5]  25.00-26.00  sec  4.62 MBytes  38.7 Mbits/sec  1.214 ms  975/4320 (23%)  
[  5]  26.00-27.00  sec  4.62 MBytes  38.8 Mbits/sec  1.119 ms  964/4313 (22%)  
[  5]  27.00-28.00  sec  4.63 MBytes  38.8 Mbits/sec  0.989 ms  971/4321 (22%)  
[  5]  28.00-29.00  sec  4.62 MBytes  38.7 Mbits/sec  1.074 ms  962/4307 (22%)  
[  5]  29.00-30.00  sec  4.63 MBytes  38.8 Mbits/sec  1.266 ms  973/4323 (23%)  
[  5]  30.00-30.04  sec   185 KBytes  37.6 Mbits/sec  0.973 ms  29/160 (18%)  
- - - - - - - - - - - - - - - - - - - - - - - - -
[ ID] Interval           Transfer     Bitrate         Jitter    Lost/Total Datagrams
[SUM]  0.0-30.0 sec  65127 datagrams received out-of-order
[  5]   0.00-30.04  sec   139 MBytes  38.7 Mbits/sec  0.973 ms  29132/129485 (22%)  receiver
iperf3: interrupt - the server has terminated
-----------------------------------------------------------
Server listening on 5201 (test #2)
-----------------------------------------------------------
