-----------------------------------------------------------
Server listening on 5202 (test #1)
-----------------------------------------------------------
Accepted connection from 10.0.0.1, port 55714
[  5] local 10.0.0.2 port 5202 connected to 10.0.0.1 port 57606
[ ID] Interval           Transfer     Bitrate         Jitter    Lost/Total Datagrams
[  5]   0.00-1.00   sec  3.45 MBytes  28.9 Mbits/sec  1.330 ms  1682/4178 (40%)  
[  5]   1.00-2.00   sec  3.46 MBytes  29.0 Mbits/sec  1.416 ms  1807/4314 (42%)  
[  5]   2.00-3.00   sec  3.46 MBytes  29.1 Mbits/sec  1.275 ms  1804/4313 (42%)  
[  5]   3.00-4.00   sec  3.47 MBytes  29.1 Mbits/sec  1.315 ms  1806/4316 (42%)  
[  5]   4.00-5.00   sec  3.46 MBytes  29.1 Mbits/sec  0.979 ms  1809/4317 (42%)  
[  5]   5.00-6.00   sec  3.46 MBytes  29.0 Mbits/sec  1.024 ms  1806/4312 (42%)  
[  5]   6.00-7.00   sec  3.47 MBytes  29.1 Mbits/sec  1.242 ms  1808/4321 (42%)  
[  5]   7.00-8.00   sec  3.46 MBytes  29.0 Mbits/sec  1.123 ms  1809/4316 (42%)  
[  5]   8.00-9.00   sec  3.46 MBytes  29.1 Mbits/sec  1.120 ms  1808/4316 (42%)  
[  5]   9.00-10.00  sec  3.46 MBytes  29.0 Mbits/sec  1.424 ms  1812/4316 (42%)  
[  5]  10.00-11.00  sec  3.46 MBytes  29.1 Mbits/sec  0.931 ms  1807/4316 (42%)  
[  5]  11.00-12.00  sec  3.47 MBytes  29.1 Mbits/sec  1.306 ms  1806/4320 (42%)  
[  5]  12.00-13.00  sec  3.46 MBytes  29.1 Mbits/sec  1.073 ms  1810/4319 (42%)  
[  5]  13.00-14.00  sec  3.46 MBytes  29.1 Mbits/sec  1.278 ms  1801/4310 (42%)  
[  5]  14.00-15.00  sec  3.45 MBytes  28.9 Mbits/sec  1.215 ms  1819/4318 (42%)  
[  5]  15.00-16.00  sec  3.47 MBytes  29.1 Mbits/sec  1.223 ms  1803/4316 (42%)  
[  5]  16.00-17.00  sec  3.47 MBytes  29.1 Mbits/sec  1.235 ms  1807/4319 (42%)  
[  5]  17.00-18.00  sec  3.46 MBytes  29.0 Mbits/sec  1.431 ms  1802/4309 (42%)  
[  5]  18.00-19.00  sec  3.46 MBytes  29.0 Mbits/sec  1.244 ms  1813/4320 (42%)  
[  5]  19.00-20.00  sec  3.47 MBytes  29.1 Mbits/sec  1.075 ms  1804/4315 (42%)  
[  5]  20.00-21.00  sec  3.42 MBytes  28.6 Mbits/sec  1.344 ms  1848/4321 (43%)  
[  5]  21.00-22.00  sec  3.46 MBytes  29.0 Mbits/sec  1.020 ms  1807/4313 (42%)  
[  5]  22.00-23.00  sec  3.46 MBytes  29.1 Mbits/sec  0.976 ms  1806/4315 (42%)  
[  5]  23.00-24.00  sec  3.47 MBytes  29.1 Mbits/sec  1.032 ms  1801/4313 (42%)  
[  5]  24.00-25.00  sec  3.47 MBytes  29.1 Mbits/sec  0.978 ms  1809/4320 (42%)  
[  5]  25.00-26.00  sec  3.47 MBytes  29.1 Mbits/sec  0.980 ms  1805/4316 (42%)  
[  5]  26.00-27.00  sec  3.47 MBytes  29.1 Mbits/sec  1.571 ms  1806/4316 (42%)  
[  5]  27.00-28.00  sec  3.47 MBytes  29.1 Mbits/sec  1.220 ms  1801/4314 (42%)  
[  5]  28.00-29.00  sec  3.47 MBytes  29.1 Mbits/sec  1.444 ms  1802/4315 (42%)  
[  5]  29.00-30.00  sec  3.46 MBytes  29.0 Mbits/sec  1.216 ms  1816/4321 (42%)  
[  5]  30.00-30.03  sec   116 KBytes  27.6 Mbits/sec  1.202 ms  56/138 (41%)  
- - - - - - - - - - - - - - - - - - - - - - - - -
[ ID] Interval           Transfer     Bitrate         Jitter    Lost/Total Datagrams
[SUM]  0.0-30.0 sec  43381 datagrams received out-of-order
[  5]   0.00-30.03  sec   104 MBytes  29.0 Mbits/sec  1.202 ms  54180/129483 (42%)  receiver
iperf3: interrupt - the server has terminated
-----------------------------------------------------------
Server listening on 5202 (test #2)
-----------------------------------------------------------
