-----------------------------------------------------------
Server listening on 5203 (test #1)
-----------------------------------------------------------
Accepted connection from 10.0.0.1, port 57610
[  5] local 10.0.0.2 port 5203 connected to 10.0.0.1 port 37853
[ ID] Interval           Transfer     Bitrate         Jitter    Lost/Total Datagrams
[  5]   0.00-1.00   sec  3.41 MBytes  28.6 Mbits/sec  0.908 ms  446/2915 (15%)  
[  5]   1.00-2.00   sec  3.06 MBytes  25.6 Mbits/sec  1.106 ms  1244/3458 (36%)  
[  5]   2.00-3.00   sec  3.19 MBytes  26.8 Mbits/sec  1.501 ms  1141/3453 (33%)  
[  5]   3.00-4.00   sec  3.03 MBytes  25.4 Mbits/sec  1.478 ms  1259/3455 (36%)  
[  5]   4.00-5.00   sec  3.11 MBytes  26.1 Mbits/sec  1.223 ms  1203/3456 (35%)  
[  5]   5.00-6.00   sec  3.05 MBytes  25.6 Mbits/sec  1.454 ms  1238/3450 (36%)  
[  5]   6.00-7.00   sec  3.09 MBytes  25.9 Mbits/sec  1.210 ms  1210/3448 (35%)  
[  5]   7.00-8.00   sec  3.11 MBytes  26.1 Mbits/sec  1.318 ms  1207/3458 (35%)  
[  5]   8.00-9.00   sec  3.14 MBytes  26.3 Mbits/sec  1.348 ms  1179/3450 (34%)  
[  5]   9.00-10.00  sec  3.12 MBytes  26.2 Mbits/sec  1.396 ms  1194/3455 (35%)  
[  5]  10.00-11.00  sec  3.17 MBytes  26.6 Mbits/sec  1.437 ms  1158/3457 (33%)  
[  5]  11.00-12.00  sec  2.99 MBytes  25.1 Mbits/sec  1.097 ms  1056/3220 (33%)  
[  5]  12.00-13.00  sec  3.23 MBytes  27.1 Mbits/sec  1.539 ms  1345/3682 (37%)  
[  5]  13.00-14.00  sec  3.10 MBytes  26.0 Mbits/sec  1.568 ms  1203/3451 (35%)  
[  5]  14.00-15.00  sec  3.07 MBytes  25.8 Mbits/sec  1.103 ms  1227/3453 (36%)  
[  5]  15.00-16.00  sec  3.10 MBytes  26.0 Mbits/sec  1.132 ms  1205/3448 (35%)  
[  5]  16.00-17.00  sec  3.17 MBytes  26.6 Mbits/sec  1.047 ms  1153/3452 (33%)  
[  5]  17.00-18.00  sec  3.04 MBytes  25.5 Mbits/sec  1.388 ms  1268/3469 (37%)  
[  5]  18.00-19.00  sec  3.12 MBytes  26.1 Mbits/sec  1.450 ms  1185/3442 (34%)  
[  5]  19.00-20.00  sec  3.03 MBytes  25.4 Mbits/sec  1.375 ms  1262/3453 (37%)  
[  5]  20.00-21.00  sec  3.08 MBytes  25.8 Mbits/sec  1.570 ms  1229/3459 (36%)  
[  5]  21.00-22.00  sec  3.02 MBytes  25.3 Mbits/sec  1.222 ms  1260/3447 (37%)  
[  5]  22.00-23.00  sec  3.05 MBytes  25.6 Mbits/sec  1.484 ms  1249/3459 (36%)  
[  5]  23.00-24.00  sec  3.02 MBytes  25.3 Mbits/sec  1.397 ms  1264/3451 (37%)  
[  5]  24.00-25.00  sec  2.99 MBytes  25.0 Mbits/sec  1.285 ms  1290/3452 (37%)  
[  5]  25.00-26.00  sec  3.07 MBytes  25.7 Mbits/sec  1.254 ms  1234/3456 (36%)  
[  5]  26.00-27.00  sec  3.07 MBytes  25.8 Mbits/sec  1.719 ms  1233/3457 (36%)  
[  5]  27.00-28.00  sec  2.98 MBytes  25.0 Mbits/sec  1.592 ms  1292/3450 (37%)  
[  5]  28.00-29.00  sec  3.03 MBytes  25.4 Mbits/sec  1.462 ms  1255/3450 (36%)  
[  5]  29.00-30.00  sec  2.97 MBytes  24.9 Mbits/sec  1.208 ms  1302/3454 (38%)  
[  5]  30.00-30.15  sec   489 KBytes  26.1 Mbits/sec  1.393 ms  183/529 (35%)  
- - - - - - - - - - - - - - - - - - - - - - - - -
[ ID] Interval           Transfer     Bitrate         Jitter    Lost/Total Datagrams
[SUM]  0.0-30.2 sec  39648 datagrams received out-of-order
[  5]   0.00-30.15  sec  93.1 MBytes  25.9 Mbits/sec  1.393 ms  36174/103589 (35%)  receiver
iperf3: interrupt - the server has terminated
-----------------------------------------------------------
Server listening on 5203 (test #2)
-----------------------------------------------------------
