-----------------------------------------------------------
Server listening on 5202 (test #1)
-----------------------------------------------------------
Accepted connection from 10.0.0.1, port 51206
[  5] local 10.0.0.2 port 5202 connected to 10.0.0.1 port 60362
[ ID] Interval           Transfer     Bitrate         Jitter    Lost/Total Datagrams
[  5]   0.00-1.00   sec  3.69 MBytes  31.0 Mbits/sec  1.090 ms  243/2918 (8.3%)  
[  5]   1.00-2.00   sec  3.56 MBytes  29.9 Mbits/sec  1.503 ms  876/3455 (25%)  
[  5]   2.00-3.00   sec  3.83 MBytes  32.1 Mbits/sec  1.292 ms  685/3456 (20%)  
[  5]   3.00-4.00   sec  3.88 MBytes  32.6 Mbits/sec  1.244 ms  635/3448 (18%)  
[  5]   4.00-5.00   sec  3.84 MBytes  32.2 Mbits/sec  1.509 ms  676/3455 (20%)  
[  5]   5.00-6.00   sec  3.86 MBytes  32.4 Mbits/sec  1.085 ms  658/3453 (19%)  
[  5]   6.00-7.00   sec  3.61 MBytes  30.3 Mbits/sec  1.173 ms  837/3449 (24%)  
[  5]   7.00-8.00   sec  3.87 MBytes  32.4 Mbits/sec  1.668 ms  659/3458 (19%)  
[  5]   8.00-9.00   sec  3.79 MBytes  31.8 Mbits/sec  1.180 ms  709/3453 (21%)  
[  5]   9.00-10.00  sec  3.81 MBytes  32.0 Mbits/sec  1.613 ms  692/3454 (20%)  
[  5]  10.00-11.00  sec  3.80 MBytes  31.9 Mbits/sec  1.162 ms  702/3456 (20%)  
[  5]  11.00-12.00  sec  3.52 MBytes  29.6 Mbits/sec  0.817 ms  666/3218 (21%)  
[  5]  12.00-13.00  sec  3.79 MBytes  31.8 Mbits/sec  1.140 ms  936/3684 (25%)  
[  5]  13.00-14.00  sec  3.88 MBytes  32.6 Mbits/sec  1.065 ms  642/3454 (19%)  
[  5]  14.00-15.00  sec  3.83 MBytes  32.2 Mbits/sec  1.401 ms  676/3453 (20%)  
[  5]  15.00-16.00  sec  3.65 MBytes  30.6 Mbits/sec  1.728 ms  815/3455 (24%)  
[  5]  16.00-17.00  sec  3.80 MBytes  31.9 Mbits/sec  1.434 ms  696/3451 (20%)  
[  5]  17.00-18.00  sec  3.54 MBytes  29.7 Mbits/sec  1.350 ms  892/3456 (26%)  
[  5]  18.00-19.00  sec  3.88 MBytes  32.5 Mbits/sec  1.356 ms  643/3452 (19%)  
[  5]  19.00-20.00  sec  3.92 MBytes  32.9 Mbits/sec  1.798 ms  612/3449 (18%)  
[  5]  20.00-21.00  sec  3.76 MBytes  31.5 Mbits/sec  1.564 ms  733/3455 (21%)  
[  5]  21.00-22.00  sec  3.95 MBytes  33.1 Mbits/sec  1.403 ms  592/3450 (17%)  
[  5]  22.00-23.00  sec  3.87 MBytes  32.5 Mbits/sec  1.376 ms  653/3455 (19%)  
[  5]  23.00-24.00  sec  3.77 MBytes  31.6 Mbits/sec  1.272 ms  725/3455 (21%)  
[  5]  24.00-25.00  sec  3.91 MBytes  32.8 Mbits/sec  1.410 ms  616/3451 (18%)  
[  5]  25.00-26.00  sec  3.93 MBytes  33.0 Mbits/sec  1.063 ms  601/3450 (17%)  
[  5]  26.00-27.00  sec  3.87 MBytes  32.5 Mbits/sec  1.535 ms  651/3454 (19%)  
[  5]  27.00-28.00  sec  3.91 MBytes  32.8 Mbits/sec  1.482 ms  626/3456 (18%)  
[  5]  28.00-29.00  sec  3.89 MBytes  32.7 Mbits/sec  1.380 ms  630/3449 (18%)  
[  5]  29.00-30.00  sec  3.97 MBytes  33.3 Mbits/sec  1.497 ms  586/3458 (17%)  
[  5]  30.00-30.16  sec   614 KBytes  32.4 Mbits/sec  1.083 ms  95/529 (18%)  
- - - - - - - - - - - - - - - - - - - - - - - - -
[ ID] Interval           Transfer     Bitrate         Jitter    Lost/Total Datagrams
[SUM]  0.0-30.2 sec  52890 datagrams received out-of-order
[  5]   0.00-30.16  sec   115 MBytes  31.9 Mbits/sec  1.083 ms  20458/103589 (20%)  receiver
iperf3: interrupt - the server has terminated
-----------------------------------------------------------
Server listening on 5202 (test #2)
-----------------------------------------------------------
