-----------------------------------------------------------
Server listening on 5203 (test #1)
-----------------------------------------------------------
Accepted connection from 10.0.0.1, port 39564
[  5] local 10.0.0.2 port 5203 connected to 10.0.0.1 port 46281
[ ID] Interval           Transfer     Bitrate         Jitter    Lost/Total Datagrams
[  5]   0.00-1.00   sec  1.14 MBytes  9.58 Mbits/sec  3.059 ms  2/829 (0.24%)  
[  5]   1.00-2.00   sec  1.15 MBytes  9.67 Mbits/sec  4.270 ms  3/838 (0.36%)  
[  5]   2.00-3.00   sec  1.15 MBytes  9.66 Mbits/sec  3.001 ms  4/838 (0.48%)  
[  5]   3.00-4.00   sec  1.16 MBytes  9.70 Mbits/sec  3.822 ms  3/840 (0.36%)  
[  5]   4.00-5.00   sec  1.14 MBytes  9.57 Mbits/sec  1.589 ms  4/830 (0.48%)  
[  5]   5.00-6.00   sec  1.16 MBytes  9.70 Mbits/sec  1.692 ms  3/840 (0.36%)  
[  5]   6.00-7.00   sec  1.15 MBytes  9.68 Mbits/sec  2.141 ms  3/839 (0.36%)  
[  5]   7.00-8.00   sec  1.15 MBytes  9.67 Mbits/sec  2.640 ms  3/838 (0.36%)  
[  5]   8.00-9.00   sec  1.15 MBytes  9.66 Mbits/sec  3.514 ms  4/838 (0.48%)  
[  5]   9.00-10.00  sec  1.15 MBytes  9.66 Mbits/sec  1.348 ms  4/838 (0.48%)  
[  5]  10.00-11.00  sec  1.15 MBytes  9.67 Mbits/sec  1.542 ms  3/838 (0.36%)  
[  5]  11.00-12.00  sec  1.15 MBytes  9.61 Mbits/sec  2.975 ms  8/838 (0.95%)  
[  5]  12.00-13.00  sec  1.16 MBytes  9.70 Mbits/sec  2.171 ms  2/839 (0.24%)  
[  5]  13.00-14.00  sec  1.16 MBytes  9.71 Mbits/sec  2.568 ms  0/838 (0%)  
[  5]  14.00-15.00  sec  1.15 MBytes  9.66 Mbits/sec  3.576 ms  4/838 (0.48%)  
[  5]  15.00-16.00  sec  1.15 MBytes  9.67 Mbits/sec  1.400 ms  4/839 (0.48%)  
[  5]  16.00-17.00  sec  1.15 MBytes  9.65 Mbits/sec  1.547 ms  5/838 (0.6%)  
[  5]  17.00-18.00  sec  1.16 MBytes  9.70 Mbits/sec  1.789 ms  18446744073709551615/836 (-0.12%)  
[  5]  18.00-19.00  sec  1.16 MBytes  9.70 Mbits/sec  2.094 ms  3/840 (0.36%)  
[  5]  19.00-20.00  sec  1.16 MBytes  9.70 Mbits/sec  2.582 ms  1/838 (0.12%)  
[  5]  20.00-21.00  sec  1.15 MBytes  9.68 Mbits/sec  3.890 ms  2/838 (0.24%)  
[  5]  21.00-22.00  sec  1.16 MBytes  9.70 Mbits/sec  1.650 ms  2/839 (0.24%)  
[  5]  22.00-23.00  sec  1.15 MBytes  9.64 Mbits/sec  1.570 ms  6/838 (0.72%)  
[  5]  23.00-24.00  sec  1.16 MBytes  9.70 Mbits/sec  1.607 ms  2/839 (0.24%)  
[  5]  24.00-25.00  sec  1.15 MBytes  9.66 Mbits/sec  3.789 ms  3/837 (0.36%)  
[  5]  25.00-26.00  sec  1.15 MBytes  9.65 Mbits/sec  2.599 ms  5/838 (0.6%)  
[  5]  26.00-27.00  sec  1.16 MBytes  9.72 Mbits/sec  7.689 ms  0/839 (0%)  
[  5]  27.00-28.00  sec  1.15 MBytes  9.67 Mbits/sec  1.448 ms  2/837 (0.24%)  
[  5]  28.00-29.00  sec  1.16 MBytes  9.72 Mbits/sec  1.398 ms  1/840 (0.12%)  
[  5]  29.00-30.00  sec  1.15 MBytes  9.67 Mbits/sec  1.751 ms  2/837 (0.24%)  
[  5]  30.00-30.13  sec   154 KBytes  9.70 Mbits/sec  1.380 ms  1/110 (0.91%)  
- - - - - - - - - - - - - - - - - - - - - - - - -
[ ID] Interval           Transfer     Bitrate         Jitter    Lost/Total Datagrams
[SUM]  0.0-30.1 sec  5562 datagrams received out-of-order
[  5]   0.00-30.13  sec  34.7 MBytes  9.67 Mbits/sec  1.380 ms  88/25242 (0.35%)  receiver
iperf3: interrupt - the server has terminated
-----------------------------------------------------------
Server listening on 5203 (test #2)
-----------------------------------------------------------
