-----------------------------------------------------------
Server listening on 5202 (test #1)
-----------------------------------------------------------
Accepted connection from 10.0.0.1, port 39666
[  5] local 10.0.0.2 port 5202 connected to 10.0.0.1 port 40619
[ ID] Interval           Transfer     Bitrate         Jitter    Lost/Total Datagrams
[  5]   0.00-1.00   sec  3.45 MBytes  28.9 Mbits/sec  1.090 ms  1662/4161 (40%)  
[  5]   1.00-2.00   sec  3.47 MBytes  29.1 Mbits/sec  1.187 ms  1807/4320 (42%)  
[  5]   2.00-3.00   sec  3.47 MBytes  29.1 Mbits/sec  1.641 ms  1804/4314 (42%)  
[  5]   3.00-4.00   sec  3.46 MBytes  29.0 Mbits/sec  1.236 ms  1812/4319 (42%)  
[  5]   4.00-5.00   sec  3.46 MBytes  29.0 Mbits/sec  0.875 ms  1801/4308 (42%)  
[  5]   5.00-6.00   sec  3.47 MBytes  29.1 Mbits/sec  1.126 ms  1807/4319 (42%)  
[  5]   6.00-7.00   sec  3.47 MBytes  29.1 Mbits/sec  0.881 ms  1803/4316 (42%)  
[  5]   7.00-8.00   sec  3.36 MBytes  28.2 Mbits/sec  1.517 ms  1800/4231 (43%)  
[  5]   8.00-9.00   sec  3.54 MBytes  29.7 Mbits/sec  0.956 ms  1843/4404 (42%)  
[  5]   9.00-10.00  sec  3.46 MBytes  29.1 Mbits/sec  1.274 ms  1811/4319 (42%)  
[  5]  10.00-11.00  sec  3.46 MBytes  29.0 Mbits/sec  1.137 ms  1810/4315 (42%)  
[  5]  11.00-12.00  sec  3.46 MBytes  29.1 Mbits/sec  1.255 ms  1809/4317 (42%)  
[  5]  12.00-13.00  sec  3.40 MBytes  28.5 Mbits/sec  1.193 ms  1770/4229 (42%)  
[  5]  13.00-14.00  sec  3.54 MBytes  29.7 Mbits/sec  1.076 ms  1840/4401 (42%)  
[  5]  14.00-15.00  sec  3.46 MBytes  29.0 Mbits/sec  1.439 ms  1811/4315 (42%)  
[  5]  15.00-16.00  sec  3.47 MBytes  29.1 Mbits/sec  1.012 ms  1802/4316 (42%)  
[  5]  16.00-17.00  sec  3.46 MBytes  29.0 Mbits/sec  1.341 ms  1817/4320 (42%)  
[  5]  17.00-18.00  sec  3.46 MBytes  29.0 Mbits/sec  1.040 ms  1807/4313 (42%)  
[  5]  18.00-19.00  sec  3.47 MBytes  29.1 Mbits/sec  1.066 ms  1805/4317 (42%)  
[  5]  19.00-20.00  sec  3.46 MBytes  29.0 Mbits/sec  1.158 ms  1814/4321 (42%)  
[  5]  20.00-21.00  sec  3.47 MBytes  29.1 Mbits/sec  0.923 ms  1799/4311 (42%)  
[  5]  21.00-22.00  sec  3.47 MBytes  29.1 Mbits/sec  1.413 ms  1806/4319 (42%)  
[  5]  22.00-23.00  sec  3.47 MBytes  29.1 Mbits/sec  0.913 ms  1804/4314 (42%)  
[  5]  23.00-24.00  sec  3.46 MBytes  29.1 Mbits/sec  1.120 ms  1811/4320 (42%)  
[  5]  24.00-25.00  sec  3.47 MBytes  29.1 Mbits/sec  1.053 ms  1806/4317 (42%)  
[  5]  25.00-26.00  sec  3.47 MBytes  29.1 Mbits/sec  1.103 ms  1804/4315 (42%)  
[  5]  26.00-27.00  sec  3.46 MBytes  29.0 Mbits/sec  1.213 ms  1806/4313 (42%)  
[  5]  27.00-28.00  sec  3.46 MBytes  29.1 Mbits/sec  1.098 ms  1811/4320 (42%)  
[  5]  28.00-29.00  sec  3.46 MBytes  29.0 Mbits/sec  1.062 ms  1805/4311 (42%)  
[  5]  29.00-30.00  sec  3.47 MBytes  29.1 Mbits/sec  1.271 ms  1803/4317 (42%)  
[  5]  30.00-30.04  sec   124 KBytes  27.2 Mbits/sec  0.832 ms  63/151 (42%)  
- - - - - - - - - - - - - - - - - - - - - - - - -
[ ID] Interval           Transfer     Bitrate         Jitter    Lost/Total Datagrams
[SUM]  0.0-30.0 sec  43465 datagrams received out-of-order
[  5]   0.00-30.04  sec   104 MBytes  29.1 Mbits/sec  0.832 ms  54153/129483 (42%)  receiver
iperf3: interrupt - the server has terminated
-----------------------------------------------------------
Server listening on 5202 (test #2)
-----------------------------------------------------------
