-----------------------------------------------------------
Server listening on 5201 (test #1)
-----------------------------------------------------------
Accepted connection from 10.0.0.1, port 34116
[  5] local 10.0.0.2 port 5201 connected to 10.0.0.1 port 60139
[ ID] Interval           Transfer     Bitrate         Jitter    Lost/Total Datagrams
[  5]   0.00-1.00   sec  4.56 MBytes  38.2 Mbits/sec  0.934 ms  854/4154 (21%)  
[  5]   1.00-2.00   sec  4.62 MBytes  38.8 Mbits/sec  1.372 ms  975/4322 (23%)  
[  5]   2.00-3.00   sec  4.62 MBytes  38.8 Mbits/sec  1.208 ms  969/4317 (22%)  
[  5]   3.00-4.00   sec  4.62 MBytes  38.8 Mbits/sec  1.388 ms  967/4316 (22%)  
[  5]   4.00-5.00   sec  4.62 MBytes  38.7 Mbits/sec  1.153 ms  971/4315 (23%)  
[  5]   5.00-6.00   sec  4.62 MBytes  38.7 Mbits/sec  1.373 ms  973/4317 (23%)  
[  5]   6.00-7.00   sec  4.62 MBytes  38.8 Mbits/sec  1.111 ms  966/4314 (22%)  
[  5]   7.00-8.00   sec  4.51 MBytes  37.9 Mbits/sec  1.342 ms  959/4228 (23%)  
[  5]   8.00-9.00   sec  4.73 MBytes  39.6 Mbits/sec  1.076 ms  987/4409 (22%)  
[  5]   9.00-10.00  sec  4.61 MBytes  38.7 Mbits/sec  1.205 ms  973/4313 (23%)  
[  5]  10.00-11.00  sec  4.62 MBytes  38.8 Mbits/sec  1.123 ms  974/4323 (23%)  
[  5]  11.00-12.00  sec  4.63 MBytes  38.8 Mbits/sec  1.242 ms  962/4313 (22%)  
[  5]  12.00-13.00  sec  4.53 MBytes  38.0 Mbits/sec  1.108 ms  954/4234 (23%)  
[  5]  13.00-14.00  sec  4.71 MBytes  39.6 Mbits/sec  0.988 ms  984/4397 (22%)  
[  5]  14.00-15.00  sec  4.62 MBytes  38.7 Mbits/sec  1.123 ms  975/4317 (23%)  
[  5]  15.00-16.00  sec  4.62 MBytes  38.7 Mbits/sec  1.032 ms  972/4317 (23%)  
[  5]  16.00-17.00  sec  4.63 MBytes  38.8 Mbits/sec  1.320 ms  973/4323 (23%)  
[  5]  17.00-18.00  sec  4.62 MBytes  38.7 Mbits/sec  1.135 ms  966/4309 (22%)  
[  5]  18.00-19.00  sec  4.61 MBytes  38.6 Mbits/sec  1.175 ms  981/4316 (23%)  
[  5]  19.00-20.00  sec  4.62 MBytes  38.8 Mbits/sec  1.515 ms  970/4316 (22%)  
[  5]  20.00-21.00  sec  4.63 MBytes  38.8 Mbits/sec  1.205 ms  969/4319 (22%)  
[  5]  21.00-22.00  sec  4.62 MBytes  38.7 Mbits/sec  0.880 ms  973/4315 (23%)  
[  5]  22.00-23.00  sec  4.62 MBytes  38.7 Mbits/sec  1.356 ms  971/4314 (23%)  
[  5]  23.00-24.00  sec  4.62 MBytes  38.8 Mbits/sec  1.311 ms  968/4315 (22%)  
[  5]  24.00-25.00  sec  4.62 MBytes  38.8 Mbits/sec  1.252 ms  971/4320 (22%)  
[  5]  25.00-26.00  sec  4.62 MBytes  38.8 Mbits/sec  1.187 ms  966/4315 (22%)  
[  5]  26.00-27.00  sec  4.61 MBytes  38.7 Mbits/sec  1.204 ms  973/4312 (23%)  
[  5]  27.00-28.00  sec  4.62 MBytes  38.8 Mbits/sec  1.306 ms  977/4325 (23%)  
[  5]  28.00-29.00  sec  4.62 MBytes  38.7 Mbits/sec  1.308 ms  970/4314 (22%)  
[  5]  29.00-30.00  sec  4.62 MBytes  38.8 Mbits/sec  1.323 ms  970/4319 (22%)  
[  5]  30.00-30.04  sec   163 KBytes  36.4 Mbits/sec  0.883 ms  32/147 (22%)  
- - - - - - - - - - - - - - - - - - - - - - - - -
[ ID] Interval           Transfer     Bitrate         Jitter    Lost/Total Datagrams
[SUM]  0.0-30.0 sec  65059 datagrams received out-of-order
[  5]   0.00-30.04  sec   139 MBytes  38.7 Mbits/sec  0.883 ms  29045/129485 (22%)  receiver
iperf3: interrupt - the server has terminated
-----------------------------------------------------------
Server listening on 5201 (test #2)
-----------------------------------------------------------
