-----------------------------------------------------------
Server listening on 5201 (test #1)
-----------------------------------------------------------
Accepted connection from 10.0.0.1, port 46438
[  5] local 10.0.0.2 port 5201 connected to 10.0.0.1 port 46412
[ ID] Interval           Transfer     Bitrate         Jitter    Lost/Total Datagrams
[  5]   0.00-1.00   sec  4.58 MBytes  38.4 Mbits/sec  1.226 ms  854/4168 (20%)  
[  5]   1.00-2.00   sec  4.58 MBytes  38.4 Mbits/sec  1.234 ms  969/4283 (23%)  
[  5]   2.00-3.00   sec  4.66 MBytes  39.1 Mbits/sec  1.224 ms  978/4350 (22%)  
[  5]   3.00-4.00   sec  4.63 MBytes  38.8 Mbits/sec  1.151 ms  968/4318 (22%)  
[  5]   4.00-5.00   sec  4.61 MBytes  38.7 Mbits/sec  0.923 ms  972/4313 (23%)  
[  5]   5.00-6.00   sec  4.61 MBytes  38.7 Mbits/sec  1.132 ms  977/4317 (23%)  
[  5]   6.00-7.00   sec  4.62 MBytes  38.7 Mbits/sec  1.169 ms  970/4315 (22%)  
[  5]   7.00-8.00   sec  4.48 MBytes  37.6 Mbits/sec  0.704 ms  1070/4313 (25%)  
[  5]   8.00-9.00   sec  4.62 MBytes  38.8 Mbits/sec  1.265 ms  970/4316 (22%)  
[  5]   9.00-10.00  sec  4.62 MBytes  38.8 Mbits/sec  1.086 ms  972/4318 (23%)  
[  5]  10.00-11.00  sec  4.62 MBytes  38.7 Mbits/sec  1.063 ms  976/4318 (23%)  
[  5]  11.00-12.00  sec  4.62 MBytes  38.8 Mbits/sec  0.982 ms  976/4324 (23%)  
[  5]  12.00-13.00  sec  4.62 MBytes  38.8 Mbits/sec  1.022 ms  967/4312 (22%)  
[  5]  13.00-14.00  sec  4.46 MBytes  37.4 Mbits/sec  1.266 ms  1083/4316 (25%)  
[  5]  14.00-15.00  sec  4.63 MBytes  38.8 Mbits/sec  1.012 ms  965/4316 (22%)  
[  5]  15.00-16.00  sec  4.62 MBytes  38.8 Mbits/sec  1.014 ms  964/4313 (22%)  
[  5]  16.00-17.00  sec  4.62 MBytes  38.7 Mbits/sec  1.320 ms  977/4322 (23%)  
[  5]  17.00-18.00  sec  4.62 MBytes  38.7 Mbits/sec  1.435 ms  968/4313 (22%)  
[  5]  18.00-19.00  sec  4.63 MBytes  38.8 Mbits/sec  1.362 ms  967/4318 (22%)  
[  5]  19.00-20.00  sec  4.62 MBytes  38.8 Mbits/sec  1.427 ms  965/4312 (22%)  
[  5]  20.00-21.00  sec  4.61 MBytes  38.7 Mbits/sec  1.735 ms  982/4323 (23%)  
[  5]  21.00-22.00  sec  4.62 MBytes  38.8 Mbits/sec  0.881 ms  962/4309 (22%)  
[  5]  22.00-23.00  sec  4.62 MBytes  38.8 Mbits/sec  1.005 ms  973/4320 (23%)  
[  5]  23.00-24.00  sec  4.61 MBytes  38.6 Mbits/sec  1.384 ms  965/4300 (22%)  
[  5]  24.00-25.00  sec  4.64 MBytes  38.9 Mbits/sec  1.158 ms  969/4330 (22%)  
[  5]  25.00-26.00  sec  4.63 MBytes  38.8 Mbits/sec  1.142 ms  969/4319 (22%)  
[  5]  26.00-27.00  sec  4.62 MBytes  38.8 Mbits/sec  1.356 ms  971/4317 (22%)  
[  5]  27.00-28.00  sec  4.62 MBytes  38.7 Mbits/sec  1.053 ms  971/4315 (23%)  
[  5]  28.00-29.00  sec  4.63 MBytes  38.8 Mbits/sec  1.381 ms  966/4317 (22%)  
[  5]  29.00-30.00  sec  4.56 MBytes  38.2 Mbits/sec  1.146 ms  1019/4318 (24%)  
[  5]  30.00-30.03  sec   163 KBytes  38.2 Mbits/sec  1.315 ms  27/142 (19%)  
- - - - - - - - - - - - - - - - - - - - - - - - -
[ ID] Interval           Transfer     Bitrate         Jitter    Lost/Total Datagrams
[SUM]  0.0-30.0 sec  64780 datagrams received out-of-order
[  5]   0.00-30.03  sec   138 MBytes  38.6 Mbits/sec  1.315 ms  29282/129485 (23%)  receiver
iperf3: interrupt - the server has terminated
-----------------------------------------------------------
Server listening on 5201 (test #2)
-----------------------------------------------------------
