-----------------------------------------------------------
Server listening on 5203 (test #1)
-----------------------------------------------------------
Accepted connection from 10.0.0.1, port 33488
[  5] local 10.0.0.2 port 5203 connected to 10.0.0.1 port 59814
[ ID] Interval           Transfer     Bitrate         Jitter    Lost/Total Datagrams
[  5]   0.00-1.00   sec  1.35 MBytes  11.3 Mbits/sec  1.216 ms  3177/4154 (76%)  
[  5]   1.00-2.00   sec  1.14 MBytes  9.59 Mbits/sec  1.420 ms  3454/4282 (81%)  
[  5]   2.00-3.00   sec  1.16 MBytes  9.73 Mbits/sec  1.272 ms  3502/4342 (81%)  
[  5]   3.00-4.00   sec  1.16 MBytes  9.71 Mbits/sec  1.313 ms  3487/4325 (81%)  
[  5]   4.00-5.00   sec  1.16 MBytes  9.70 Mbits/sec  0.870 ms  3483/4321 (81%)  
[  5]   5.00-6.00   sec  1.14 MBytes  9.61 Mbits/sec  1.479 ms  3479/4308 (81%)  
[  5]   6.00-7.00   sec  1.16 MBytes  9.70 Mbits/sec  1.064 ms  3488/4325 (81%)  
[  5]   7.00-8.00   sec  1.16 MBytes  9.70 Mbits/sec  1.464 ms  3483/4320 (81%)  
[  5]   8.00-9.00   sec  1.16 MBytes  9.70 Mbits/sec  1.435 ms  3475/4312 (81%)  
[  5]   9.00-10.00  sec  1.16 MBytes  9.70 Mbits/sec  1.231 ms  3483/4320 (81%)  
[  5]  10.00-11.00  sec  1.15 MBytes  9.67 Mbits/sec  1.231 ms  3473/4308 (81%)  
[  5]  11.00-12.00  sec  1.15 MBytes  9.69 Mbits/sec  1.279 ms  3485/4321 (81%)  
[  5]  12.00-13.00  sec  1.16 MBytes  9.71 Mbits/sec  0.919 ms  3483/4321 (81%)  
[  5]  13.00-14.00  sec  1.15 MBytes  9.63 Mbits/sec  1.046 ms  3481/4312 (81%)  
[  5]  14.00-15.00  sec  1.16 MBytes  9.70 Mbits/sec  1.029 ms  3479/4316 (81%)  
[  5]  15.00-16.00  sec  1.15 MBytes  9.67 Mbits/sec  1.037 ms  3477/4312 (81%)  
[  5]  16.00-17.00  sec  1.15 MBytes  9.64 Mbits/sec  1.057 ms  3480/4312 (81%)  
[  5]  17.00-18.00  sec  1.16 MBytes  9.70 Mbits/sec  1.245 ms  3488/4325 (81%)  
[  5]  18.00-19.00  sec  1.15 MBytes  9.66 Mbits/sec  0.911 ms  3478/4312 (81%)  
[  5]  19.00-20.00  sec  1.16 MBytes  9.71 Mbits/sec  1.486 ms  3486/4324 (81%)  
[  5]  20.00-21.00  sec  1.15 MBytes  9.65 Mbits/sec  1.064 ms  3475/4308 (81%)  
[  5]  21.00-22.00  sec  1.15 MBytes  9.66 Mbits/sec  1.069 ms  3487/4321 (81%)  
[  5]  22.00-23.00  sec  1.15 MBytes  9.63 Mbits/sec  0.945 ms  3472/4303 (81%)  
[  5]  23.00-24.00  sec  1.15 MBytes  9.66 Mbits/sec  1.516 ms  3470/4304 (81%)  
[  5]  24.00-25.00  sec  1.16 MBytes  9.74 Mbits/sec  1.374 ms  3497/4338 (81%)  
[  5]  25.00-26.00  sec  1.16 MBytes  9.71 Mbits/sec  1.152 ms  3482/4320 (81%)  
[  5]  26.00-27.00  sec  1.15 MBytes  9.65 Mbits/sec  1.459 ms  3475/4308 (81%)  
[  5]  27.00-28.00  sec  1.15 MBytes  9.69 Mbits/sec  1.198 ms  3484/4320 (81%)  
[  5]  28.00-29.00  sec  1.15 MBytes  9.65 Mbits/sec  1.034 ms  3484/4317 (81%)  
[  5]  29.00-30.00  sec  1.15 MBytes  9.66 Mbits/sec  1.426 ms  3486/4320 (81%)  
[  5]  30.00-30.04  sec  41.0 KBytes  9.38 Mbits/sec  1.205 ms  118/147 (80%)  
- - - - - - - - - - - - - - - - - - - - - - - - -
[ ID] Interval           Transfer     Bitrate         Jitter    Lost/Total Datagrams
[SUM]  0.0-30.0 sec  6270 datagrams received out-of-order
[  5]   0.00-30.04  sec  34.8 MBytes  9.73 Mbits/sec  1.205 ms  104251/129478 (81%)  receiver
iperf3: interrupt - the server has terminated
-----------------------------------------------------------
Server listening on 5203 (test #2)
-----------------------------------------------------------
