-----------------------------------------------------------
Server listening on 5202 (test #1)
-----------------------------------------------------------
Accepted connection from 10.0.0.1, port 47714
[  5] local 10.0.0.2 port 5202 connected to 10.0.0.1 port 50447
[ ID] Interval           Transfer     Bitrate         Jitter    Lost/Total Datagrams
[  5]   0.00-1.00   sec  3.46 MBytes  29.0 Mbits/sec  1.054 ms  1660/4165 (40%)  
[  5]   1.00-2.00   sec  3.34 MBytes  28.1 Mbits/sec  1.463 ms  1854/4276 (43%)  
[  5]   2.00-3.00   sec  3.50 MBytes  29.4 Mbits/sec  1.182 ms  1825/4360 (42%)  
[  5]   3.00-4.00   sec  3.47 MBytes  29.1 Mbits/sec  1.603 ms  1802/4315 (42%)  
[  5]   4.00-5.00   sec  3.46 MBytes  29.1 Mbits/sec  1.274 ms  1806/4314 (42%)  
[  5]   5.00-6.00   sec  3.47 MBytes  29.1 Mbits/sec  1.297 ms  1808/4320 (42%)  
[  5]   6.00-7.00   sec  3.46 MBytes  29.1 Mbits/sec  1.214 ms  1807/4315 (42%)  
[  5]   7.00-8.00   sec  3.47 MBytes  29.1 Mbits/sec  1.353 ms  1798/4310 (42%)  
[  5]   8.00-9.00   sec  3.47 MBytes  29.1 Mbits/sec  1.322 ms  1812/4323 (42%)  
[  5]   9.00-10.00  sec  3.46 MBytes  29.0 Mbits/sec  1.092 ms  1808/4313 (42%)  
[  5]  10.00-11.00  sec  3.47 MBytes  29.1 Mbits/sec  1.322 ms  1804/4316 (42%)  
[  5]  11.00-12.00  sec  3.47 MBytes  29.1 Mbits/sec  1.177 ms  1804/4316 (42%)  
[  5]  12.00-13.00  sec  3.46 MBytes  29.0 Mbits/sec  1.449 ms  1812/4318 (42%)  
[  5]  13.00-14.00  sec  3.46 MBytes  29.0 Mbits/sec  1.016 ms  1804/4311 (42%)  
[  5]  14.00-15.00  sec  3.47 MBytes  29.1 Mbits/sec  1.256 ms  1809/4320 (42%)  
[  5]  15.00-16.00  sec  3.46 MBytes  29.1 Mbits/sec  1.435 ms  1813/4321 (42%)  
[  5]  16.00-17.00  sec  3.46 MBytes  29.0 Mbits/sec  1.302 ms  1813/4317 (42%)  
[  5]  17.00-18.00  sec  3.47 MBytes  29.1 Mbits/sec  1.207 ms  1801/4312 (42%)  
[  5]  18.00-19.00  sec  3.47 MBytes  29.1 Mbits/sec  0.996 ms  1805/4317 (42%)  
[  5]  19.00-20.00  sec  3.46 MBytes  29.1 Mbits/sec  1.403 ms  1805/4314 (42%)  
[  5]  20.00-21.00  sec  3.46 MBytes  29.1 Mbits/sec  1.301 ms  1812/4320 (42%)  
[  5]  21.00-22.00  sec  3.46 MBytes  29.1 Mbits/sec  1.161 ms  1803/4313 (42%)  
[  5]  22.00-23.00  sec  3.47 MBytes  29.1 Mbits/sec  1.469 ms  1803/4316 (42%)  
[  5]  23.00-24.00  sec  3.45 MBytes  28.9 Mbits/sec  1.340 ms  1800/4299 (42%)  
[  5]  24.00-25.00  sec  3.49 MBytes  29.3 Mbits/sec  1.290 ms  1812/4338 (42%)  
[  5]  25.00-26.00  sec  3.47 MBytes  29.1 Mbits/sec  1.297 ms  1804/4316 (42%)  
[  5]  26.00-27.00  sec  3.47 MBytes  29.1 Mbits/sec  1.440 ms  1801/4313 (42%)  
[  5]  27.00-28.00  sec  3.47 MBytes  29.1 Mbits/sec  1.388 ms  1804/4315 (42%)  
[  5]  28.00-29.00  sec  3.47 MBytes  29.1 Mbits/sec  1.216 ms  1809/4321 (42%)  
[  5]  29.00-30.00  sec  3.46 MBytes  29.1 Mbits/sec  1.244 ms  1804/4313 (42%)  
[  5]  30.00-30.04  sec   123 KBytes  27.5 Mbits/sec  1.481 ms  60/147 (41%)  
- - - - - - - - - - - - - - - - - - - - - - - - -
[ ID] Interval           Transfer     Bitrate         Jitter    Lost/Total Datagrams
[SUM]  0.0-30.0 sec  43519 datagrams received out-of-order
[  5]   0.00-30.04  sec   104 MBytes  29.0 Mbits/sec  1.481 ms  54162/129484 (42%)  receiver
iperf3: interrupt - the server has terminated
-----------------------------------------------------------
Server listening on 5202 (test #2)
-----------------------------------------------------------
