-----------------------------------------------------------
Server listening on 5202 (test #1)
-----------------------------------------------------------
Accepted connection from 10.0.0.1, port 57634
[  5] local 10.0.0.2 port 5202 connected to 10.0.0.1 port 55576
[ ID] Interval           Transfer     Bitrate         Jitter    Lost/Total Datagrams
[  5]   0.00-1.00   sec  3.45 MBytes  28.9 Mbits/sec  1.276 ms  1655/4152 (40%)  
[  5]   1.00-2.00   sec  3.47 MBytes  29.1 Mbits/sec  1.067 ms  1800/4312 (42%)  
[  5]   2.00-3.00   sec  3.47 MBytes  29.1 Mbits/sec  1.135 ms  1811/4323 (42%)  
[  5]   3.00-4.00   sec  3.47 MBytes  29.1 Mbits/sec  1.077 ms  1806/4317 (42%)  
[  5]   4.00-5.00   sec  3.47 MBytes  29.1 Mbits/sec  1.437 ms  1800/4312 (42%)  
[  5]   5.00-6.00   sec  3.46 MBytes  29.0 Mbits/sec  1.179 ms  1814/4317 (42%)  
[  5]   6.00-7.00   sec  3.47 MBytes  29.1 Mbits/sec  1.139 ms  1809/4319 (42%)  
[  5]   7.00-8.00   sec  3.46 MBytes  29.0 Mbits/sec  1.480 ms  1807/4314 (42%)  
[  5]   8.00-9.00   sec  3.47 MBytes  29.1 Mbits/sec  1.242 ms  1804/4314 (42%)  
[  5]   9.00-10.00  sec  3.46 MBytes  29.1 Mbits/sec  1.383 ms  1805/4313 (42%)  
[  5]  10.00-11.00  sec  3.46 MBytes  29.1 Mbits/sec  1.257 ms  1817/4326 (42%)  
[  5]  11.00-12.00  sec  3.46 MBytes  29.0 Mbits/sec  1.392 ms  1807/4311 (42%)  
[  5]  12.00-13.00  sec  3.46 MBytes  29.0 Mbits/sec  1.410 ms  1817/4320 (42%)  
[  5]  13.00-14.00  sec  3.47 MBytes  29.1 Mbits/sec  1.439 ms  1808/4322 (42%)  
[  5]  14.00-15.00  sec  3.47 MBytes  29.1 Mbits/sec  1.163 ms  1796/4306 (42%)  
[  5]  15.00-16.00  sec  3.36 MBytes  28.2 Mbits/sec  1.047 ms  1787/4219 (42%)  
[  5]  16.00-17.00  sec  3.54 MBytes  29.7 Mbits/sec  1.458 ms  1851/4418 (42%)  
[  5]  17.00-18.00  sec  3.46 MBytes  29.1 Mbits/sec  1.128 ms  1801/4310 (42%)  
[  5]  18.00-19.00  sec  3.46 MBytes  29.1 Mbits/sec  1.160 ms  1816/4324 (42%)  
[  5]  19.00-20.00  sec  3.46 MBytes  29.0 Mbits/sec  1.019 ms  1802/4308 (42%)  
[  5]  20.00-21.00  sec  3.47 MBytes  29.1 Mbits/sec  1.285 ms  1806/4319 (42%)  
[  5]  21.00-22.00  sec  3.46 MBytes  29.1 Mbits/sec  1.473 ms  1805/4314 (42%)  
[  5]  22.00-23.00  sec  3.47 MBytes  29.1 Mbits/sec  0.812 ms  1808/4319 (42%)  
[  5]  23.00-24.00  sec  3.47 MBytes  29.1 Mbits/sec  1.039 ms  1805/4316 (42%)  
[  5]  24.00-25.00  sec  3.46 MBytes  29.1 Mbits/sec  1.384 ms  1810/4318 (42%)  
[  5]  25.00-26.00  sec  3.46 MBytes  29.0 Mbits/sec  1.329 ms  1813/4320 (42%)  
[  5]  26.00-27.00  sec  3.47 MBytes  29.1 Mbits/sec  1.098 ms  1801/4311 (42%)  
[  5]  27.00-28.00  sec  3.47 MBytes  29.1 Mbits/sec  0.906 ms  1806/4317 (42%)  
[  5]  28.00-29.00  sec  3.47 MBytes  29.1 Mbits/sec  1.089 ms  1804/4318 (42%)  
[  5]  29.00-30.00  sec  3.46 MBytes  29.0 Mbits/sec  1.299 ms  1809/4315 (42%)  
[  5]  30.00-30.04  sec   133 KBytes  28.4 Mbits/sec  1.082 ms  66/160 (41%)  
- - - - - - - - - - - - - - - - - - - - - - - - -
[ ID] Interval           Transfer     Bitrate         Jitter    Lost/Total Datagrams
[SUM]  0.0-30.0 sec  43551 datagrams received out-of-order
[  5]   0.00-30.04  sec   104 MBytes  29.1 Mbits/sec  1.082 ms  54146/129484 (42%)  receiver
iperf3: interrupt - the server has terminated
-----------------------------------------------------------
Server listening on 5202 (test #2)
-----------------------------------------------------------
