-----------------------------------------------------------
Server listening on 5203 (test #1)
-----------------------------------------------------------
Accepted connection from 10.0.0.1, port 37794
[  5] local 10.0.0.2 port 5203 connected to 10.0.0.1 port 38904
[ ID] Interval           Transfer     Bitrate         Jitter    Lost/Total Datagrams
[  5]   0.00-1.00   sec  1.34 MBytes  11.3 Mbits/sec  1.433 ms  3178/4150 (77%)  
[  5]   1.00-2.00   sec  1.15 MBytes  9.67 Mbits/sec  1.076 ms  3473/4308 (81%)  
[  5]   2.00-3.00   sec  1.15 MBytes  9.66 Mbits/sec  1.136 ms  3482/4316 (81%)  
[  5]   3.00-4.00   sec  1.16 MBytes  9.70 Mbits/sec  1.408 ms  3483/4320 (81%)  
[  5]   4.00-5.00   sec  1.15 MBytes  9.68 Mbits/sec  1.032 ms  3476/4312 (81%)  
[  5]   5.00-6.00   sec  1.16 MBytes  9.71 Mbits/sec  1.232 ms  3483/4321 (81%)  
[  5]   6.00-7.00   sec  1.15 MBytes  9.68 Mbits/sec  1.110 ms  3481/4317 (81%)  
[  5]   7.00-8.00   sec  1.15 MBytes  9.67 Mbits/sec  1.012 ms  3481/4316 (81%)  
[  5]   8.00-9.00   sec  1.15 MBytes  9.67 Mbits/sec  1.157 ms  3481/4316 (81%)  
[  5]   9.00-10.00  sec  1.15 MBytes  9.67 Mbits/sec  1.027 ms  3477/4312 (81%)  
[  5]  10.00-11.00  sec  1.15 MBytes  9.66 Mbits/sec  1.144 ms  3491/4325 (81%)  
[  5]  11.00-12.00  sec  1.15 MBytes  9.65 Mbits/sec  1.585 ms  3479/4312 (81%)  
[  5]  12.00-13.00  sec  1.16 MBytes  9.70 Mbits/sec  1.332 ms  3479/4316 (81%)  
[  5]  13.00-14.00  sec  1.15 MBytes  9.65 Mbits/sec  1.287 ms  3488/4321 (81%)  
[  5]  14.00-15.00  sec  1.15 MBytes  9.67 Mbits/sec  1.319 ms  3481/4316 (81%)  
[  5]  15.00-16.00  sec  1.13 MBytes  9.44 Mbits/sec  1.614 ms  3398/4213 (81%)  
[  5]  16.00-17.00  sec  1.18 MBytes  9.89 Mbits/sec  1.375 ms  3566/4420 (81%)  
[  5]  17.00-18.00  sec  1.15 MBytes  9.65 Mbits/sec  0.959 ms  3479/4312 (81%)  
[  5]  18.00-19.00  sec  1.16 MBytes  9.70 Mbits/sec  1.106 ms  3479/4316 (81%)  
[  5]  19.00-20.00  sec  1.15 MBytes  9.68 Mbits/sec  1.111 ms  3480/4316 (81%)  
[  5]  20.00-21.00  sec  1.15 MBytes  9.67 Mbits/sec  1.347 ms  3478/4313 (81%)  
[  5]  21.00-22.00  sec  1.15 MBytes  9.67 Mbits/sec  1.257 ms  3481/4316 (81%)  
[  5]  22.00-23.00  sec  1.15 MBytes  9.66 Mbits/sec  1.712 ms  3482/4316 (81%)  
[  5]  23.00-24.00  sec  1.16 MBytes  9.71 Mbits/sec  1.175 ms  3487/4325 (81%)  
[  5]  24.00-25.00  sec  1.15 MBytes  9.67 Mbits/sec  1.344 ms  3481/4316 (81%)  
[  5]  25.00-26.00  sec  1.15 MBytes  9.67 Mbits/sec  1.071 ms  3481/4316 (81%)  
[  5]  26.00-27.00  sec  1.15 MBytes  9.68 Mbits/sec  1.457 ms  3481/4317 (81%)  
[  5]  27.00-28.00  sec  1.15 MBytes  9.67 Mbits/sec  1.082 ms  3472/4307 (81%)  
[  5]  28.00-29.00  sec  1.16 MBytes  9.73 Mbits/sec  0.992 ms  3490/4330 (81%)  
[  5]  29.00-30.00  sec  1.15 MBytes  9.65 Mbits/sec  1.083 ms  3474/4307 (81%)  
[  5]  30.00-30.04  sec  43.8 KBytes  9.42 Mbits/sec  1.339 ms  129/160 (81%)  
- - - - - - - - - - - - - - - - - - - - - - - - -
[ ID] Interval           Transfer     Bitrate         Jitter    Lost/Total Datagrams
[SUM]  0.0-30.0 sec  6234 datagrams received out-of-order
[  5]   0.00-30.04  sec  34.8 MBytes  9.73 Mbits/sec  1.339 ms  104251/129478 (81%)  receiver
iperf3: interrupt - the server has terminated
-----------------------------------------------------------
Server listening on 5203 (test #2)
-----------------------------------------------------------
