-----------------------------------------------------------
Server listening on 5201 (test #1)
-----------------------------------------------------------
Accepted connection from 10.0.0.1, port 47062
[  5] local 10.0.0.2 port 5201 connected to 10.0.0.1 port 46745
[ ID] Interval           Transfer     Bitrate         Jitter    Lost/Total Datagrams
[  5]   0.00-1.00   sec  4.57 MBytes  38.3 Mbits/sec  0.984 ms  849/4160 (20%)  
[  5]   1.00-2.00   sec  4.62 MBytes  38.7 Mbits/sec  1.231 ms  974/4317 (23%)  
[  5]   2.00-3.00   sec  4.63 MBytes  38.8 Mbits/sec  1.317 ms  971/4321 (22%)  
[  5]   3.00-4.00   sec  4.62 MBytes  38.7 Mbits/sec  1.614 ms  974/4316 (23%)  
[  5]   4.00-5.00   sec  4.62 MBytes  38.8 Mbits/sec  1.104 ms  967/4316 (22%)  
[  5]   5.00-6.00   sec  4.55 MBytes  38.2 Mbits/sec  1.053 ms  1014/4311 (24%)  
[  5]   6.00-7.00   sec  4.62 MBytes  38.8 Mbits/sec  1.252 ms  971/4318 (22%)  
[  5]   7.00-8.00   sec  4.62 MBytes  38.7 Mbits/sec  1.163 ms  969/4312 (22%)  
[  5]   8.00-9.00   sec  4.63 MBytes  38.8 Mbits/sec  1.078 ms  967/4318 (22%)  
[  5]   9.00-10.00  sec  4.63 MBytes  38.8 Mbits/sec  1.285 ms  969/4319 (22%)  
[  5]  10.00-11.00  sec  4.59 MBytes  38.5 Mbits/sec  1.134 ms  987/4314 (23%)  
[  5]  11.00-12.00  sec  4.62 MBytes  38.8 Mbits/sec  0.893 ms  970/4319 (22%)  
[  5]  12.00-13.00  sec  4.62 MBytes  38.7 Mbits/sec  1.376 ms  970/4315 (22%)  
[  5]  13.00-14.00  sec  4.63 MBytes  38.8 Mbits/sec  1.295 ms  964/4316 (22%)  
[  5]  14.00-15.00  sec  4.62 MBytes  38.7 Mbits/sec  1.143 ms  977/4320 (23%)  
[  5]  15.00-16.00  sec  4.46 MBytes  37.4 Mbits/sec  0.682 ms  983/4215 (23%)  
[  5]  16.00-17.00  sec  4.72 MBytes  39.6 Mbits/sec  0.873 ms  990/4410 (22%)  
[  5]  17.00-18.00  sec  4.62 MBytes  38.8 Mbits/sec  1.022 ms  972/4321 (22%)  
[  5]  18.00-19.00  sec  4.62 MBytes  38.8 Mbits/sec  1.270 ms  968/4317 (22%)  
[  5]  19.00-20.00  sec  4.62 MBytes  38.7 Mbits/sec  1.167 ms  974/4317 (23%)  
[  5]  20.00-21.00  sec  4.62 MBytes  38.7 Mbits/sec  1.519 ms  973/4318 (23%)  
[  5]  21.00-22.00  sec  4.62 MBytes  38.7 Mbits/sec  1.136 ms  972/4316 (23%)  
[  5]  22.00-23.00  sec  4.61 MBytes  38.7 Mbits/sec  1.172 ms  978/4318 (23%)  
[  5]  23.00-24.00  sec  4.62 MBytes  38.7 Mbits/sec  0.941 ms  970/4314 (22%)  
[  5]  24.00-25.00  sec  4.63 MBytes  38.8 Mbits/sec  1.279 ms  969/4319 (22%)  
[  5]  25.00-26.00  sec  4.62 MBytes  38.8 Mbits/sec  1.079 ms  966/4314 (22%)  
[  5]  26.00-27.00  sec  4.62 MBytes  38.7 Mbits/sec  1.138 ms  969/4313 (22%)  
[  5]  27.00-28.00  sec  4.58 MBytes  38.4 Mbits/sec  1.370 ms  1001/4318 (23%)  
[  5]  28.00-29.00  sec  4.63 MBytes  38.8 Mbits/sec  1.469 ms  971/4321 (22%)  
[  5]  29.00-30.00  sec  4.63 MBytes  38.8 Mbits/sec  1.150 ms  965/4315 (22%)  
[  5]  30.00-30.04  sec   167 KBytes  37.4 Mbits/sec  1.383 ms  30/148 (20%)  
- - - - - - - - - - - - - - - - - - - - - - - - -
[ ID] Interval           Transfer     Bitrate         Jitter    Lost/Total Datagrams
[SUM]  0.0-30.0 sec  64959 datagrams received out-of-order
[  5]   0.00-30.04  sec   139 MBytes  38.7 Mbits/sec  1.383 ms  29144/129486 (23%)  receiver
iperf3: interrupt - the server has terminated
-----------------------------------------------------------
Server listening on 5201 (test #2)
-----------------------------------------------------------
