-----------------------------------------------------------
Server listening on 5201 (test #1)
-----------------------------------------------------------
Accepted connection from 10.0.0.1, port 60782
[  5] local 10.0.0.2 port 5201 connected to 10.0.0.1 port 37685
[ ID] Interval           Transfer     Bitrate         Jitter    Lost/Total Datagrams
[  5]   0.00-1.00   sec  4.48 MBytes  37.6 Mbits/sec  0.678 ms  9/3252 (0.28%)  
[  5]   1.00-2.00   sec  4.62 MBytes  38.7 Mbits/sec  1.222 ms  8/3353 (0.24%)  
[  5]   2.00-3.00   sec  4.55 MBytes  38.2 Mbits/sec  0.986 ms  10/3308 (0.3%)  
[  5]   3.00-4.00   sec  4.63 MBytes  38.8 Mbits/sec  2.540 ms  6/3356 (0.18%)  
[  5]   4.00-5.00   sec  4.61 MBytes  38.7 Mbits/sec  2.059 ms  14/3355 (0.42%)  
[  5]   5.00-6.00   sec  4.62 MBytes  38.8 Mbits/sec  1.454 ms  5/3351 (0.15%)  
[  5]   6.00-7.00   sec  4.63 MBytes  38.8 Mbits/sec  0.520 ms  7/3357 (0.21%)  
[  5]   7.00-8.00   sec  4.62 MBytes  38.8 Mbits/sec  0.845 ms  12/3359 (0.36%)  
[  5]   8.00-9.00   sec  4.62 MBytes  38.8 Mbits/sec  1.124 ms  4/3351 (0.12%)  
[  5]   9.00-10.00  sec  4.63 MBytes  38.8 Mbits/sec  0.541 ms  13/3363 (0.39%)  
[  5]  10.00-11.00  sec  4.62 MBytes  38.8 Mbits/sec  1.888 ms  6/3352 (0.18%)  
[  5]  11.00-12.00  sec  4.63 MBytes  38.8 Mbits/sec  0.782 ms  9/3359 (0.27%)  
[  5]  12.00-13.00  sec  4.57 MBytes  38.3 Mbits/sec  0.687 ms  9/3319 (0.27%)  
[  5]  13.00-14.00  sec  4.62 MBytes  38.8 Mbits/sec  4.476 ms  6/3353 (0.18%)  
[  5]  14.00-15.00  sec  4.62 MBytes  38.7 Mbits/sec  1.097 ms  7/3352 (0.21%)  
[  5]  15.00-16.00  sec  4.63 MBytes  38.8 Mbits/sec  1.217 ms  11/3361 (0.33%)  
[  5]  16.00-17.00  sec  4.62 MBytes  38.7 Mbits/sec  2.658 ms  5/3349 (0.15%)  
[  5]  17.00-18.00  sec  4.63 MBytes  38.8 Mbits/sec  1.178 ms  9/3359 (0.27%)  
[  5]  18.00-19.00  sec  4.62 MBytes  38.7 Mbits/sec  0.578 ms  16/3358 (0.48%)  
[  5]  19.00-20.00  sec  4.62 MBytes  38.8 Mbits/sec  2.564 ms  7/3355 (0.21%)  
[  5]  20.00-21.00  sec  4.61 MBytes  38.7 Mbits/sec  0.546 ms  17/3356 (0.51%)  
[  5]  21.00-22.00  sec  4.62 MBytes  38.8 Mbits/sec  0.452 ms  7/3355 (0.21%)  
[  5]  22.00-23.00  sec  4.62 MBytes  38.8 Mbits/sec  2.103 ms  7/3354 (0.21%)  
[  5]  23.00-24.00  sec  4.62 MBytes  38.8 Mbits/sec  1.766 ms  11/3358 (0.33%)  
[  5]  24.00-25.00  sec  4.62 MBytes  38.7 Mbits/sec  0.549 ms  10/3354 (0.3%)  
[  5]  25.00-26.00  sec  4.62 MBytes  38.8 Mbits/sec  0.747 ms  9/3357 (0.27%)  
[  5]  26.00-27.00  sec  4.62 MBytes  38.8 Mbits/sec  2.672 ms  8/3354 (0.24%)  
[  5]  27.00-28.00  sec  4.62 MBytes  38.8 Mbits/sec  1.858 ms  8/3356 (0.24%)  
[  5]  28.00-29.00  sec  4.55 MBytes  38.1 Mbits/sec  1.670 ms  12/3305 (0.36%)  
[  5]  29.00-30.00  sec  4.62 MBytes  38.8 Mbits/sec  0.766 ms  11/3357 (0.33%)  
[  5]  30.00-30.14  sec   281 KBytes  16.2 Mbits/sec  0.438 ms  18446744073709551614/197 (-1%)  
- - - - - - - - - - - - - - - - - - - - - - - - -
[ ID] Interval           Transfer     Bitrate         Jitter    Lost/Total Datagrams
[SUM]  0.0-30.1 sec  63418 datagrams received out-of-order
[  5]   0.00-30.14  sec   139 MBytes  38.6 Mbits/sec  0.438 ms  271/100625 (0.27%)  receiver
iperf3: interrupt - the server has terminated
-----------------------------------------------------------
Server listening on 5201 (test #2)
-----------------------------------------------------------
