-----------------------------------------------------------
Server listening on 5203 (test #1)
-----------------------------------------------------------
Accepted connection from 10.0.0.1, port 57478
[  5] local 10.0.0.2 port 5203 connected to 10.0.0.1 port 41880
[ ID] Interval           Transfer     Bitrate         Jitter    Lost/Total Datagrams
[  5]   0.00-1.00   sec  1.14 MBytes  9.53 Mbits/sec  1.937 ms  4/827 (0.48%)  
[  5]   1.00-2.00   sec  1.16 MBytes  9.71 Mbits/sec  2.163 ms  2/840 (0.24%)  
[  5]   2.00-3.00   sec  1.15 MBytes  9.63 Mbits/sec  3.024 ms  6/837 (0.72%)  
[  5]   3.00-4.00   sec  1.15 MBytes  9.68 Mbits/sec  4.368 ms  2/838 (0.24%)  
[  5]   4.00-5.00   sec  1.15 MBytes  9.68 Mbits/sec  1.420 ms  4/840 (0.48%)  
[  5]   5.00-6.00   sec  1.15 MBytes  9.66 Mbits/sec  1.554 ms  4/838 (0.48%)  
[  5]   6.00-7.00   sec  1.15 MBytes  9.68 Mbits/sec  1.751 ms  2/838 (0.24%)  
[  5]   7.00-8.00   sec  1.16 MBytes  9.72 Mbits/sec  2.079 ms  0/839 (0%)  
[  5]   8.00-9.00   sec  1.15 MBytes  9.67 Mbits/sec  2.862 ms  3/838 (0.36%)  
[  5]   9.00-10.00  sec  1.15 MBytes  9.66 Mbits/sec  4.164 ms  3/837 (0.36%)  
[  5]  10.00-11.00  sec  1.16 MBytes  9.71 Mbits/sec  1.461 ms  2/840 (0.24%)  
[  5]  11.00-12.00  sec  1.16 MBytes  9.71 Mbits/sec  2.230 ms  0/838 (0%)  
[  5]  12.00-13.00  sec  1.16 MBytes  9.70 Mbits/sec  1.674 ms  1/838 (0.12%)  
[  5]  13.00-14.00  sec  1.16 MBytes  9.70 Mbits/sec  2.219 ms  1/838 (0.12%)  
[  5]  14.00-15.00  sec  1.15 MBytes  9.67 Mbits/sec  3.033 ms  2/837 (0.24%)  
[  5]  15.00-16.00  sec  1.16 MBytes  9.71 Mbits/sec  3.957 ms  2/840 (0.24%)  
[  5]  16.00-17.00  sec  1.15 MBytes  9.67 Mbits/sec  1.435 ms  2/837 (0.24%)  
[  5]  17.00-18.00  sec  1.15 MBytes  9.68 Mbits/sec  1.539 ms  2/838 (0.24%)  
[  5]  18.00-19.00  sec  1.16 MBytes  9.71 Mbits/sec  1.721 ms  2/840 (0.24%)  
[  5]  19.00-20.00  sec  1.15 MBytes  9.67 Mbits/sec  2.226 ms  3/838 (0.36%)  
[  5]  20.00-21.00  sec  1.15 MBytes  9.69 Mbits/sec  2.756 ms  3/839 (0.36%)  
[  5]  21.00-22.00  sec  1.15 MBytes  9.68 Mbits/sec  3.988 ms  1/837 (0.12%)  
[  5]  22.00-23.00  sec  1.15 MBytes  9.68 Mbits/sec  1.886 ms  1/837 (0.12%)  
[  5]  23.00-24.00  sec  1.16 MBytes  9.70 Mbits/sec  1.526 ms  3/840 (0.36%)  
[  5]  24.00-25.00  sec  1.15 MBytes  9.65 Mbits/sec  1.873 ms  4/837 (0.48%)  
[  5]  25.00-26.00  sec  1.15 MBytes  9.65 Mbits/sec  2.421 ms  5/838 (0.6%)  
[  5]  26.00-27.00  sec  1.15 MBytes  9.68 Mbits/sec  3.044 ms  4/840 (0.48%)  
[  5]  27.00-28.00  sec  1.15 MBytes  9.65 Mbits/sec  10.392 ms  5/838 (0.6%)  
[  5]  28.00-29.00  sec  1.15 MBytes  9.68 Mbits/sec  2.724 ms  1/837 (0.12%)  
[  5]  29.00-30.00  sec  1.16 MBytes  9.69 Mbits/sec  1.835 ms  3/840 (0.36%)  
[  5]  30.00-30.14  sec   164 KBytes  9.52 Mbits/sec  1.395 ms  0/116 (0%)  
- - - - - - - - - - - - - - - - - - - - - - - - -
[ ID] Interval           Transfer     Bitrate         Jitter    Lost/Total Datagrams
[SUM]  0.0-30.1 sec  5610 datagrams received out-of-order
[  5]   0.00-30.14  sec  34.8 MBytes  9.68 Mbits/sec  1.395 ms  77/25255 (0.3%)  receiver
iperf3: interrupt - the server has terminated
-----------------------------------------------------------
Server listening on 5203 (test #2)
-----------------------------------------------------------
