-----------------------------------------------------------
Server listening on 5202 (test #1)
-----------------------------------------------------------
Accepted connection from 10.0.0.1, port 35632
[  5] local 10.0.0.2 port 5202 connected to 10.0.0.1 port 35308
[ ID] Interval           Transfer     Bitrate         Jitter    Lost/Total Datagrams
[  5]   0.00-1.00   sec  3.36 MBytes  28.2 Mbits/sec  4.277 ms  12/2443 (0.49%)  
[  5]   1.00-2.00   sec  3.46 MBytes  29.1 Mbits/sec  0.582 ms  7/2516 (0.28%)  
[  5]   2.00-3.00   sec  3.42 MBytes  28.7 Mbits/sec  1.864 ms  11/2490 (0.44%)  
[  5]   3.00-4.00   sec  3.47 MBytes  29.1 Mbits/sec  2.600 ms  6/2519 (0.24%)  
[  5]   4.00-5.00   sec  3.46 MBytes  29.0 Mbits/sec  1.423 ms  9/2514 (0.36%)  
[  5]   5.00-6.00   sec  3.46 MBytes  29.1 Mbits/sec  4.397 ms  6/2516 (0.24%)  
[  5]   6.00-7.00   sec  3.46 MBytes  29.0 Mbits/sec  0.865 ms  9/2515 (0.36%)  
[  5]   7.00-8.00   sec  3.47 MBytes  29.1 Mbits/sec  1.051 ms  11/2521 (0.44%)  
[  5]   8.00-9.00   sec  3.47 MBytes  29.1 Mbits/sec  0.716 ms  7/2518 (0.28%)  
[  5]   9.00-10.00  sec  3.46 MBytes  29.0 Mbits/sec  0.923 ms  9/2516 (0.36%)  
[  5]  10.00-11.00  sec  3.46 MBytes  29.1 Mbits/sec  0.808 ms  6/2514 (0.24%)  
[  5]  11.00-12.00  sec  3.46 MBytes  29.1 Mbits/sec  2.213 ms  7/2516 (0.28%)  
[  5]  12.00-13.00  sec  3.44 MBytes  28.9 Mbits/sec  1.133 ms  10/2501 (0.4%)  
[  5]  13.00-14.00  sec  3.46 MBytes  29.0 Mbits/sec  5.448 ms  11/2514 (0.44%)  
[  5]  14.00-15.00  sec  3.46 MBytes  29.0 Mbits/sec  0.639 ms  12/2517 (0.48%)  
[  5]  15.00-16.00  sec  3.47 MBytes  29.1 Mbits/sec  2.610 ms  5/2515 (0.2%)  
[  5]  16.00-17.00  sec  3.47 MBytes  29.1 Mbits/sec  1.358 ms  7/2517 (0.28%)  
[  5]  17.00-18.00  sec  3.47 MBytes  29.1 Mbits/sec  3.471 ms  7/2518 (0.28%)  
[  5]  18.00-19.00  sec  3.47 MBytes  29.1 Mbits/sec  1.417 ms  7/2517 (0.28%)  
[  5]  19.00-20.00  sec  3.46 MBytes  29.0 Mbits/sec  4.783 ms  11/2518 (0.44%)  
[  5]  20.00-21.00  sec  3.47 MBytes  29.1 Mbits/sec  1.130 ms  6/2518 (0.24%)  
[  5]  21.00-22.00  sec  3.47 MBytes  29.1 Mbits/sec  2.025 ms  5/2517 (0.2%)  
[  5]  22.00-23.00  sec  3.47 MBytes  29.1 Mbits/sec  1.120 ms  3/2515 (0.12%)  
[  5]  23.00-24.00  sec  3.46 MBytes  29.1 Mbits/sec  1.191 ms  6/2514 (0.24%)  
[  5]  24.00-25.00  sec  3.46 MBytes  29.0 Mbits/sec  0.681 ms  12/2514 (0.48%)  
[  5]  25.00-26.00  sec  3.47 MBytes  29.1 Mbits/sec  2.314 ms  10/2525 (0.4%)  
[  5]  26.00-27.00  sec  3.47 MBytes  29.1 Mbits/sec  0.837 ms  1/2515 (0.04%)  
[  5]  27.00-28.00  sec  3.46 MBytes  29.0 Mbits/sec  1.147 ms  7/2513 (0.28%)  
[  5]  28.00-29.00  sec  3.45 MBytes  28.9 Mbits/sec  0.534 ms  1/2497 (0.04%)  
[  5]  29.00-30.00  sec  3.47 MBytes  29.1 Mbits/sec  1.404 ms  8/2518 (0.32%)  
[  5]  30.00-30.14  sec   235 KBytes  13.6 Mbits/sec  0.520 ms  0/166 (0%)  
- - - - - - - - - - - - - - - - - - - - - - - - -
[ ID] Interval           Transfer     Bitrate         Jitter    Lost/Total Datagrams
[SUM]  0.0-30.1 sec  42366 datagrams received out-of-order
[  5]   0.00-30.14  sec   104 MBytes  28.9 Mbits/sec  0.520 ms  229/75527 (0.3%)  receiver
iperf3: interrupt - the server has terminated
-----------------------------------------------------------
Server listening on 5202 (test #2)
-----------------------------------------------------------
