-----------------------------------------------------------
Server listening on 5203 (test #1)
-----------------------------------------------------------
Accepted connection from 10.0.0.1, port 56086
[  5] local 10.0.0.2 port 5203 connected to 10.0.0.1 port 41071
[ ID] Interval           Transfer     Bitrate         Jitter    Lost/Total Datagrams
[  5]   0.00-1.00   sec  1.35 MBytes  11.3 Mbits/sec  1.272 ms  3189/4163 (77%)  
[  5]   1.00-2.00   sec  1.15 MBytes  9.65 Mbits/sec  1.245 ms  3475/4308 (81%)  
[  5]   2.00-3.00   sec  1.15 MBytes  9.67 Mbits/sec  1.116 ms  3481/4316 (81%)  
[  5]   3.00-4.00   sec  1.16 MBytes  9.70 Mbits/sec  1.159 ms  3492/4329 (81%)  
[  5]   4.00-5.00   sec  1.16 MBytes  9.70 Mbits/sec  1.025 ms  3471/4308 (81%)  
[  5]   5.00-6.00   sec  1.15 MBytes  9.65 Mbits/sec  1.354 ms  3483/4316 (81%)  
[  5]   6.00-7.00   sec  1.16 MBytes  9.70 Mbits/sec  1.184 ms  3488/4325 (81%)  
[  5]   7.00-8.00   sec  1.15 MBytes  9.68 Mbits/sec  1.093 ms  3467/4303 (81%)  
[  5]   8.00-9.00   sec  1.15 MBytes  9.67 Mbits/sec  1.301 ms  3482/4317 (81%)  
[  5]   9.00-10.00  sec  1.15 MBytes  9.68 Mbits/sec  1.145 ms  3480/4316 (81%)  
[  5]  10.00-11.00  sec  1.16 MBytes  9.71 Mbits/sec  1.079 ms  3478/4316 (81%)  
[  5]  11.00-12.00  sec  1.15 MBytes  9.68 Mbits/sec  1.378 ms  3486/4322 (81%)  
[  5]  12.00-13.00  sec  1.16 MBytes  9.72 Mbits/sec  1.099 ms  3480/4319 (81%)  
[  5]  13.00-14.00  sec  1.15 MBytes  9.64 Mbits/sec  0.984 ms  3480/4312 (81%)  
[  5]  14.00-15.00  sec  1.15 MBytes  9.68 Mbits/sec  0.997 ms  3476/4312 (81%)  
[  5]  15.00-16.00  sec  1.16 MBytes  9.70 Mbits/sec  1.180 ms  3484/4321 (81%)  
[  5]  16.00-17.00  sec  1.16 MBytes  9.70 Mbits/sec  0.957 ms  3479/4316 (81%)  
[  5]  17.00-18.00  sec  1.15 MBytes  9.67 Mbits/sec  1.396 ms  3473/4308 (81%)  
[  5]  18.00-19.00  sec  1.16 MBytes  9.70 Mbits/sec  1.083 ms  3488/4325 (81%)  
[  5]  19.00-20.00  sec  1.15 MBytes  9.65 Mbits/sec  0.921 ms  3488/4321 (81%)  
[  5]  20.00-21.00  sec  1.15 MBytes  9.66 Mbits/sec  0.994 ms  3473/4307 (81%)  
[  5]  21.00-22.00  sec  1.15 MBytes  9.66 Mbits/sec  1.182 ms  3487/4321 (81%)  
[  5]  22.00-23.00  sec  1.15 MBytes  9.68 Mbits/sec  1.173 ms  3484/4320 (81%)  
[  5]  23.00-24.00  sec  1.15 MBytes  9.68 Mbits/sec  1.057 ms  3477/4313 (81%)  
[  5]  24.00-25.00  sec  1.16 MBytes  9.70 Mbits/sec  1.104 ms  3479/4316 (81%)  
[  5]  25.00-26.00  sec  1.15 MBytes  9.68 Mbits/sec  1.091 ms  3489/4325 (81%)  
[  5]  26.00-27.00  sec  1.14 MBytes  9.57 Mbits/sec  2.022 ms  3429/4255 (81%)  
[  5]  27.00-28.00  sec  1.17 MBytes  9.80 Mbits/sec  1.104 ms  3523/4369 (81%)  
[  5]  28.00-29.00  sec  1.15 MBytes  9.67 Mbits/sec  1.408 ms  3481/4316 (81%)  
[  5]  29.00-30.00  sec  1.16 MBytes  9.72 Mbits/sec  1.222 ms  3482/4321 (81%)  
[  5]  30.00-30.04  sec  39.6 KBytes  8.84 Mbits/sec  1.220 ms  118/146 (81%)  
- - - - - - - - - - - - - - - - - - - - - - - - -
[ ID] Interval           Transfer     Bitrate         Jitter    Lost/Total Datagrams
[SUM]  0.0-30.0 sec  6446 datagrams received out-of-order
[  5]   0.00-30.04  sec  34.9 MBytes  9.73 Mbits/sec  1.220 ms  104242/129482 (81%)  receiver
iperf3: interrupt - the server has terminated
-----------------------------------------------------------
Server listening on 5203 (test #2)
-----------------------------------------------------------
