-----------------------------------------------------------
Server listening on 5202 (test #1)
-----------------------------------------------------------
Accepted connection from 10.0.0.1, port 56200
[  5] local 10.0.0.2 port 5202 connected to 10.0.0.1 port 57463
[ ID] Interval           Transfer     Bitrate         Jitter    Lost/Total Datagrams
[  5]   0.00-1.00   sec  3.46 MBytes  29.0 Mbits/sec  1.387 ms  1661/4169 (40%)  
[  5]   1.00-2.00   sec  3.46 MBytes  29.0 Mbits/sec  1.096 ms  1808/4312 (42%)  
[  5]   2.00-3.00   sec  3.47 MBytes  29.1 Mbits/sec  1.020 ms  1813/4323 (42%)  
[  5]   3.00-4.00   sec  3.46 MBytes  29.1 Mbits/sec  0.882 ms  1800/4308 (42%)  
[  5]   4.00-5.00   sec  3.46 MBytes  29.1 Mbits/sec  1.268 ms  1809/4317 (42%)  
[  5]   5.00-6.00   sec  3.47 MBytes  29.1 Mbits/sec  1.163 ms  1809/4320 (42%)  
[  5]   6.00-7.00   sec  3.46 MBytes  29.1 Mbits/sec  1.177 ms  1811/4320 (42%)  
[  5]   7.00-8.00   sec  3.47 MBytes  29.1 Mbits/sec  1.189 ms  1807/4317 (42%)  
[  5]   8.00-9.00   sec  3.46 MBytes  29.0 Mbits/sec  1.239 ms  1805/4312 (42%)  
[  5]   9.00-10.00  sec  3.46 MBytes  29.0 Mbits/sec  1.477 ms  1815/4320 (42%)  
[  5]  10.00-11.00  sec  3.46 MBytes  29.0 Mbits/sec  1.180 ms  1809/4313 (42%)  
[  5]  11.00-12.00  sec  3.46 MBytes  29.1 Mbits/sec  0.941 ms  1815/4323 (42%)  
[  5]  12.00-13.00  sec  3.47 MBytes  29.1 Mbits/sec  1.096 ms  1799/4313 (42%)  
[  5]  13.00-14.00  sec  3.46 MBytes  29.0 Mbits/sec  1.321 ms  1806/4312 (42%)  
[  5]  14.00-15.00  sec  3.46 MBytes  29.1 Mbits/sec  1.103 ms  1812/4321 (42%)  
[  5]  15.00-16.00  sec  3.47 MBytes  29.1 Mbits/sec  1.210 ms  1802/4312 (42%)  
[  5]  16.00-17.00  sec  3.47 MBytes  29.1 Mbits/sec  1.270 ms  1808/4320 (42%)  
[  5]  17.00-18.00  sec  3.46 MBytes  29.0 Mbits/sec  0.912 ms  1812/4316 (42%)  
[  5]  18.00-19.00  sec  3.46 MBytes  29.1 Mbits/sec  1.299 ms  1800/4309 (42%)  
[  5]  19.00-20.00  sec  3.47 MBytes  29.1 Mbits/sec  0.751 ms  1808/4320 (42%)  
[  5]  20.00-21.00  sec  3.47 MBytes  29.1 Mbits/sec  1.041 ms  1805/4316 (42%)  
[  5]  21.00-22.00  sec  3.44 MBytes  28.9 Mbits/sec  1.012 ms  1825/4317 (42%)  
[  5]  22.00-23.00  sec  3.47 MBytes  29.1 Mbits/sec  1.320 ms  1807/4318 (42%)  
[  5]  23.00-24.00  sec  3.46 MBytes  29.0 Mbits/sec  1.170 ms  1808/4315 (42%)  
[  5]  24.00-25.00  sec  3.47 MBytes  29.1 Mbits/sec  0.816 ms  1794/4305 (42%)  
[  5]  25.00-26.00  sec  3.48 MBytes  29.2 Mbits/sec  1.471 ms  1811/4329 (42%)  
[  5]  26.00-27.00  sec  3.42 MBytes  28.7 Mbits/sec  0.728 ms  1789/4263 (42%)  
[  5]  27.00-28.00  sec  3.52 MBytes  29.5 Mbits/sec  0.980 ms  1824/4372 (42%)  
[  5]  28.00-29.00  sec  3.46 MBytes  29.1 Mbits/sec  1.356 ms  1799/4308 (42%)  
[  5]  29.00-30.00  sec  3.47 MBytes  29.1 Mbits/sec  0.800 ms  1813/4327 (42%)  
[  5]  30.00-30.03  sec   120 KBytes  28.9 Mbits/sec  1.170 ms  53/138 (38%)  
- - - - - - - - - - - - - - - - - - - - - - - - -
[ ID] Interval           Transfer     Bitrate         Jitter    Lost/Total Datagrams
[SUM]  0.0-30.0 sec  44770 datagrams received out-of-order
[  5]   0.00-30.03  sec   104 MBytes  29.1 Mbits/sec  1.170 ms  54137/129485 (42%)  receiver
iperf3: interrupt - the server has terminated
-----------------------------------------------------------
Server listening on 5202 (test #2)
-----------------------------------------------------------
