-----------------------------------------------------------
Server listening on 5201 (test #1)
-----------------------------------------------------------
Accepted connection from 10.0.0.1, port 39888
[  5] local 10.0.0.2 port 5201 connected to 10.0.0.1 port 45464
[ ID] Interval           Transfer     Bitrate         Jitter    Lost/Total Datagrams
[  5]   0.00-1.00   sec  3.66 MBytes  30.7 Mbits/sec  1.369 ms  262/2913 (9%)  
[  5]   1.00-2.00   sec  3.60 MBytes  30.2 Mbits/sec  1.577 ms  844/3451 (24%)  
[  5]   2.00-3.00   sec  3.85 MBytes  32.3 Mbits/sec  1.700 ms  669/3455 (19%)  
[  5]   3.00-4.00   sec  3.69 MBytes  31.0 Mbits/sec  1.170 ms  667/3339 (20%)  
[  5]   4.00-5.00   sec  3.82 MBytes  32.0 Mbits/sec  1.193 ms  764/3528 (22%)  
[  5]   5.00-6.00   sec  3.78 MBytes  31.7 Mbits/sec  1.361 ms  756/3494 (22%)  
[  5]   6.00-7.00   sec  3.75 MBytes  31.5 Mbits/sec  1.221 ms  737/3453 (21%)  
[  5]   7.00-8.00   sec  3.82 MBytes  32.1 Mbits/sec  1.663 ms  686/3455 (20%)  
[  5]   8.00-9.00   sec  3.74 MBytes  31.4 Mbits/sec  1.392 ms  713/3422 (21%)  
[  5]   9.00-10.00  sec  3.86 MBytes  32.4 Mbits/sec  2.062 ms  679/3476 (20%)  
[  5]  10.00-11.00  sec  3.74 MBytes  31.4 Mbits/sec  0.894 ms  733/3444 (21%)  
[  5]  11.00-12.00  sec  3.53 MBytes  29.7 Mbits/sec  1.204 ms  908/3467 (26%)  
[  5]  12.00-13.00  sec  3.80 MBytes  31.9 Mbits/sec  1.314 ms  699/3454 (20%)  
[  5]  13.00-14.00  sec  3.83 MBytes  32.1 Mbits/sec  1.288 ms  680/3455 (20%)  
[  5]  14.00-15.00  sec  3.78 MBytes  31.7 Mbits/sec  1.467 ms  716/3454 (21%)  
[  5]  15.00-16.00  sec  3.80 MBytes  31.9 Mbits/sec  1.014 ms  688/3443 (20%)  
[  5]  16.00-17.00  sec  3.73 MBytes  31.3 Mbits/sec  1.544 ms  761/3462 (22%)  
[  5]  17.00-18.00  sec  3.82 MBytes  32.1 Mbits/sec  1.202 ms  683/3451 (20%)  
[  5]  18.00-19.00  sec  3.78 MBytes  31.7 Mbits/sec  1.180 ms  714/3452 (21%)  
[  5]  19.00-20.00  sec  3.82 MBytes  32.0 Mbits/sec  1.683 ms  696/3460 (20%)  
[  5]  20.00-21.00  sec  3.63 MBytes  30.4 Mbits/sec  1.237 ms  739/3365 (22%)  
[  5]  21.00-22.00  sec  3.81 MBytes  32.0 Mbits/sec  1.531 ms  773/3532 (22%)  
[  5]  22.00-23.00  sec  3.77 MBytes  31.6 Mbits/sec  1.581 ms  674/3403 (20%)  
[  5]  23.00-24.00  sec  3.78 MBytes  31.7 Mbits/sec  0.979 ms  770/3507 (22%)  
[  5]  24.00-25.00  sec  3.81 MBytes  32.0 Mbits/sec  0.952 ms  691/3452 (20%)  
[  5]  25.00-26.00  sec  3.68 MBytes  30.8 Mbits/sec  1.053 ms  790/3453 (23%)  
[  5]  26.00-27.00  sec  3.62 MBytes  30.4 Mbits/sec  1.527 ms  801/3422 (23%)  
[  5]  27.00-28.00  sec  1.96 MBytes  16.4 Mbits/sec  2.804 ms  1936/3358 (58%)  
[  5]  28.00-29.00  sec  2.95 MBytes  24.8 Mbits/sec  1.060 ms  1270/3406 (37%)  
[  5]  29.00-30.00  sec  3.56 MBytes  29.8 Mbits/sec  1.791 ms  988/3564 (28%)  
[  5]  30.00-30.16  sec   583 KBytes  30.2 Mbits/sec  1.334 ms  186/598 (31%)  
- - - - - - - - - - - - - - - - - - - - - - - - -
[ ID] Interval           Transfer     Bitrate         Jitter    Lost/Total Datagrams
[SUM]  0.0-30.2 sec  51333 datagrams received out-of-order
[  5]   0.00-30.16  sec   110 MBytes  30.7 Mbits/sec  1.334 ms  23673/103588 (23%)  receiver
iperf3: interrupt - the server has terminated
-----------------------------------------------------------
Server listening on 5201 (test #2)
-----------------------------------------------------------
