-----------------------------------------------------------
Server listening on 5203 (test #1)
-----------------------------------------------------------
Accepted connection from 10.0.0.1, port 51378
[  5] local 10.0.0.2 port 5203 connected to 10.0.0.1 port 43288
[ ID] Interval           Transfer     Bitrate         Jitter    Lost/Total Datagrams
[  5]   0.00-1.00   sec  3.42 MBytes  28.7 Mbits/sec  1.485 ms  435/2910 (15%)  
[  5]   1.00-2.00   sec  3.13 MBytes  26.2 Mbits/sec  1.392 ms  1196/3462 (35%)  
[  5]   2.00-3.00   sec  3.21 MBytes  27.0 Mbits/sec  1.462 ms  1120/3448 (32%)  
[  5]   3.00-4.00   sec  3.09 MBytes  25.9 Mbits/sec  1.223 ms  1099/3339 (33%)  
[  5]   4.00-5.00   sec  3.13 MBytes  26.3 Mbits/sec  1.128 ms  1258/3528 (36%)  
[  5]   5.00-6.00   sec  3.21 MBytes  26.9 Mbits/sec  1.451 ms  1169/3495 (33%)  
[  5]   6.00-7.00   sec  3.12 MBytes  26.1 Mbits/sec  1.441 ms  1198/3454 (35%)  
[  5]   7.00-8.00   sec  3.16 MBytes  26.5 Mbits/sec  0.943 ms  1165/3453 (34%)  
[  5]   8.00-9.00   sec  3.19 MBytes  26.8 Mbits/sec  1.377 ms  1122/3432 (33%)  
[  5]   9.00-10.00  sec  3.24 MBytes  27.2 Mbits/sec  0.830 ms  1119/3464 (32%)  
[  5]  10.00-11.00  sec  3.34 MBytes  28.0 Mbits/sec  1.757 ms  1037/3456 (30%)  
[  5]  11.00-12.00  sec  3.00 MBytes  25.2 Mbits/sec  1.347 ms  1290/3462 (37%)  
[  5]  12.00-13.00  sec  3.21 MBytes  26.9 Mbits/sec  1.368 ms  1129/3454 (33%)  
[  5]  13.00-14.00  sec  3.18 MBytes  26.7 Mbits/sec  1.123 ms  1147/3453 (33%)  
[  5]  14.00-15.00  sec  3.27 MBytes  27.4 Mbits/sec  1.182 ms  1084/3453 (31%)  
[  5]  15.00-16.00  sec  3.20 MBytes  26.9 Mbits/sec  1.277 ms  1115/3435 (32%)  
[  5]  16.00-17.00  sec  3.11 MBytes  26.1 Mbits/sec  1.708 ms  1221/3471 (35%)  
[  5]  17.00-18.00  sec  3.19 MBytes  26.8 Mbits/sec  1.397 ms  1140/3451 (33%)  
[  5]  18.00-19.00  sec  3.23 MBytes  27.1 Mbits/sec  1.290 ms  1110/3452 (32%)  
[  5]  19.00-20.00  sec  3.21 MBytes  26.9 Mbits/sec  1.110 ms  1130/3452 (33%)  
[  5]  20.00-21.00  sec  3.04 MBytes  25.5 Mbits/sec  2.332 ms  1183/3388 (35%)  
[  5]  21.00-22.00  sec  3.32 MBytes  27.8 Mbits/sec  1.197 ms  1113/3515 (32%)  
[  5]  22.00-23.00  sec  3.16 MBytes  26.5 Mbits/sec  1.647 ms  1120/3405 (33%)  
[  5]  23.00-24.00  sec  3.27 MBytes  27.5 Mbits/sec  1.318 ms  1131/3502 (32%)  
[  5]  24.00-25.00  sec  3.17 MBytes  26.6 Mbits/sec  1.280 ms  1158/3456 (34%)  
[  5]  25.00-26.00  sec  3.00 MBytes  25.2 Mbits/sec  1.352 ms  1280/3454 (37%)  
[  5]  26.00-27.00  sec  3.13 MBytes  26.2 Mbits/sec  1.807 ms  1161/3425 (34%)  
[  5]  27.00-28.00  sec  2.27 MBytes  19.1 Mbits/sec  2.226 ms  1627/3274 (50%)  
[  5]  28.00-29.00  sec  2.83 MBytes  23.7 Mbits/sec  1.441 ms  1448/3498 (41%)  
[  5]  29.00-30.00  sec  3.39 MBytes  28.4 Mbits/sec  1.335 ms  1096/3548 (31%)  
[  5]  30.00-30.16  sec   563 KBytes  29.3 Mbits/sec  1.167 ms  199/597 (33%)  
- - - - - - - - - - - - - - - - - - - - - - - - -
[ ID] Interval           Transfer     Bitrate         Jitter    Lost/Total Datagrams
[SUM]  0.0-30.2 sec  41841 datagrams received out-of-order
[  5]   0.00-30.16  sec  95.0 MBytes  26.4 Mbits/sec  1.167 ms  34800/103586 (34%)  receiver
iperf3: interrupt - the server has terminated
-----------------------------------------------------------
Server listening on 5203 (test #2)
-----------------------------------------------------------
