-----------------------------------------------------------
Server listening on 5201 (test #1)
-----------------------------------------------------------
Accepted connection from 10.0.0.1, port 40530
[  5] local 10.0.0.2 port 5201 connected to 10.0.0.1 port 59380
[ ID] Interval           Transfer     Bitrate         Jitter    Lost/Total Datagrams
[  5]   0.00-1.04   sec   543 KBytes  4.27 Mbits/sec  2.494 ms  0/384 (0%)  
[  5]   1.04-2.05   sec   684 KBytes  5.55 Mbits/sec  2.100 ms  0/484 (0%)  
[  5]   2.05-3.00   sec   560 KBytes  4.81 Mbits/sec  0.370 ms  0/396 (0%)  
[  5]   3.00-4.01   sec   634 KBytes  5.15 Mbits/sec  0.285 ms  0/448 (0%)  
[  5]   4.01-5.02   sec   609 KBytes  4.96 Mbits/sec  1.524 ms  0/431 (0%)  
[  5]   5.02-6.00   sec   297 KBytes  2.47 Mbits/sec  4.597 ms  0/210 (0%)  
[  5]   6.00-7.01   sec   645 KBytes  5.27 Mbits/sec  1.097 ms  194/650 (30%)  
[  5]   7.01-8.04   sec   560 KBytes  4.42 Mbits/sec  0.695 ms  0/396 (0%)  
[  5]   8.04-9.01   sec   669 KBytes  5.69 Mbits/sec  0.458 ms  0/473 (0%)  
[  5]   9.01-10.03  sec   615 KBytes  4.93 Mbits/sec  2.357 ms  0/435 (0%)  
[  5]  10.03-11.01  sec   598 KBytes  5.01 Mbits/sec  0.911 ms  0/423 (0%)  
[  5]  11.01-12.02  sec   639 KBytes  5.17 Mbits/sec  0.111 ms  0/452 (0%)  
[  5]  12.02-13.01  sec   581 KBytes  4.82 Mbits/sec  0.081 ms  0/411 (0%)  
[  5]  13.01-14.01  sec   600 KBytes  4.92 Mbits/sec  0.485 ms  0/424 (0%)  
[  5]  14.01-15.02  sec   650 KBytes  5.26 Mbits/sec  0.634 ms  0/460 (0%)  
[  5]  15.02-16.01  sec   595 KBytes  4.94 Mbits/sec  1.090 ms  0/421 (0%)  
[  5]  16.01-17.01  sec   559 KBytes  4.57 Mbits/sec  0.476 ms  0/395 (0%)  
[  5]  17.01-18.01  sec   669 KBytes  5.47 Mbits/sec  0.556 ms  0/473 (0%)  
[  5]  18.01-19.00  sec   590 KBytes  4.86 Mbits/sec  2.514 ms  0/417 (0%)  
[  5]  19.00-20.03  sec   601 KBytes  4.79 Mbits/sec  1.419 ms  0/425 (0%)  
[  5]  20.03-21.01  sec   611 KBytes  5.11 Mbits/sec  1.754 ms  0/432 (0%)  
[  5]  21.01-22.02  sec   584 KBytes  4.74 Mbits/sec  0.408 ms  0/413 (0%)  
[  5]  22.02-23.01  sec   626 KBytes  5.19 Mbits/sec  0.730 ms  0/443 (0%)  
[  5]  23.01-24.01  sec   648 KBytes  5.29 Mbits/sec  2.243 ms  3/461 (0.65%)  
[  5]  24.01-25.01  sec   532 KBytes  4.36 Mbits/sec  2.270 ms  0/376 (0%)  
[  5]  25.01-26.01  sec   670 KBytes  5.46 Mbits/sec  1.643 ms  0/474 (0%)  
[  5]  26.01-27.02  sec   621 KBytes  5.06 Mbits/sec  1.188 ms  0/439 (0%)  
[  5]  27.02-28.01  sec   612 KBytes  5.09 Mbits/sec  0.833 ms  0/433 (0%)  
[  5]  28.01-29.05  sec   619 KBytes  4.85 Mbits/sec  0.444 ms  0/438 (0%)  
[  5]  29.05-30.00  sec   581 KBytes  5.01 Mbits/sec  0.984 ms  0/411 (0%)  
[  5]  30.00-31.01  sec   594 KBytes  4.85 Mbits/sec  0.862 ms  0/420 (0%)  
[  5]  31.01-32.00  sec   625 KBytes  5.12 Mbits/sec  2.264 ms  0/442 (0%)  
[  5]  32.00-33.04  sec   626 KBytes  4.98 Mbits/sec  1.202 ms  0/443 (0%)  
[  5]  33.04-34.01  sec   609 KBytes  5.11 Mbits/sec  1.014 ms  0/431 (0%)  
[  5]  34.01-35.02  sec   561 KBytes  4.58 Mbits/sec  2.616 ms  0/397 (0%)  
[  5]  35.02-36.02  sec   573 KBytes  4.68 Mbits/sec  2.872 ms  0/405 (0%)  
[  5]  36.02-37.00  sec   619 KBytes  5.17 Mbits/sec  0.762 ms  0/438 (0%)  
[  5]  37.00-38.00  sec   696 KBytes  5.69 Mbits/sec  0.333 ms  0/492 (0%)  
[  5]  38.00-39.01  sec   583 KBytes  4.74 Mbits/sec  1.889 ms  0/412 (0%)  
[  5]  39.01-40.02  sec   641 KBytes  5.19 Mbits/sec  1.178 ms  0/453 (0%)  
[  5]  40.02-41.01  sec   598 KBytes  4.95 Mbits/sec  0.310 ms  0/423 (0%)  
[  5]  41.01-42.01  sec   607 KBytes  4.98 Mbits/sec  1.630 ms  0/429 (0%)  
[  5]  42.01-43.02  sec   574 KBytes  4.64 Mbits/sec  2.550 ms  0/406 (0%)  
[  5]  43.02-44.04  sec   645 KBytes  5.21 Mbits/sec  1.194 ms  0/456 (0%)  
[  5]  44.04-45.02  sec   635 KBytes  5.27 Mbits/sec  1.707 ms  0/449 (0%)  
[  5]  45.02-46.05  sec   590 KBytes  4.71 Mbits/sec  1.362 ms  0/417 (0%)  
[  5]  46.05-47.05  sec   629 KBytes  5.13 Mbits/sec  0.220 ms  0/445 (0%)  
[  5]  47.05-48.01  sec   601 KBytes  5.16 Mbits/sec  0.535 ms  0/425 (0%)  
[  5]  48.01-49.01  sec   602 KBytes  4.93 Mbits/sec  0.459 ms  0/426 (0%)  
[  5]  49.01-50.00  sec   587 KBytes  4.83 Mbits/sec  0.815 ms  0/415 (0%)  
[  5]  50.00-51.00  sec   632 KBytes  5.19 Mbits/sec  1.035 ms  0/447 (0%)  
[  5]  51.00-52.03  sec   626 KBytes  4.98 Mbits/sec  1.167 ms  0/443 (0%)  
[  5]  52.03-53.01  sec   583 KBytes  4.88 Mbits/sec  0.137 ms  16/428 (3.7%)  
[  5]  53.01-54.00  sec   604 KBytes  4.98 Mbits/sec  1.539 ms  0/427 (0%)  
[  5]  54.00-55.00  sec   604 KBytes  4.95 Mbits/sec  0.588 ms  0/427 (0%)  
[  5]  55.00-56.01  sec   611 KBytes  4.99 Mbits/sec  1.586 ms  0/432 (0%)  
[  5]  56.01-57.00  sec   594 KBytes  4.89 Mbits/sec  0.779 ms  0/420 (0%)  
[  5]  57.00-58.04  sec   614 KBytes  4.84 Mbits/sec  1.425 ms  20/454 (4.4%)  
[  5]  58.04-59.02  sec   622 KBytes  5.18 Mbits/sec  0.749 ms  0/440 (0%)  
[  5]  59.02-60.02  sec   584 KBytes  4.82 Mbits/sec  1.965 ms  0/413 (0%)  
[  5]  60.02-60.13  sec  22.6 KBytes  1.61 Mbits/sec  2.272 ms  0/16 (0%)  
- - - - - - - - - - - - - - - - - - - - - - - - -
[ ID] Interval           Transfer     Bitrate         Jitter    Lost/Total Datagrams
[  5]   0.00-60.13  sec  35.4 MBytes  4.94 Mbits/sec  2.272 ms  233/25899 (0.9%)  receiver
iperf3: interrupt - the server has terminated
-----------------------------------------------------------
Server listening on 5201 (test #2)
-----------------------------------------------------------
