-----------------------------------------------------------
Server listening on 5203 (test #1)
-----------------------------------------------------------
Accepted connection from 10.0.0.1, port 56998
[  5] local 10.0.0.2 port 5203 connected to 10.0.0.1 port 43573
[ ID] Interval           Transfer     Bitrate         Jitter    Lost/Total Datagrams
[  5]   0.00-1.00   sec  2.96 MBytes  24.7 Mbits/sec  0.034 ms  2027/4172 (49%)  
[  5]   1.00-2.00   sec  2.44 MBytes  20.5 Mbits/sec  0.102 ms  2176/3941 (55%)  
[  5]   2.00-3.01   sec  3.27 MBytes  27.3 Mbits/sec  0.014 ms  1714/4079 (42%)  
[  5]   3.01-4.06   sec  3.03 MBytes  24.2 Mbits/sec  0.290 ms  2653/4844 (55%)  
[  5]   4.06-5.02   sec  2.15 MBytes  18.8 Mbits/sec  0.016 ms  2205/3764 (59%)  
[  5]   5.02-6.02   sec  2.12 MBytes  17.6 Mbits/sec  1.551 ms  1939/3472 (56%)  
[  5]   6.02-7.01   sec   728 KBytes  6.06 Mbits/sec  5.784 ms  609/1124 (54%)  
[  5]   7.01-8.02   sec  1.00 MBytes  8.37 Mbits/sec  0.646 ms  419/1146 (37%)  
[  5]   8.02-9.03   sec  3.57 MBytes  29.6 Mbits/sec  1.120 ms  4708/7292 (65%)  
[  5]   9.03-10.02  sec  3.60 MBytes  30.4 Mbits/sec  0.119 ms  5353/7960 (67%)  
[  5]  10.02-11.02  sec  1.73 MBytes  14.5 Mbits/sec  0.265 ms  4021/5273 (76%)  
[  5]  11.02-12.01  sec  4.05 MBytes  34.6 Mbits/sec  0.009 ms  1668/4604 (36%)  
[  5]  12.01-13.03  sec  3.02 MBytes  24.8 Mbits/sec  0.070 ms  2322/4509 (51%)  
[  5]  13.03-14.00  sec  2.44 MBytes  20.9 Mbits/sec  1.542 ms  1733/3499 (50%)  
[  5]  14.00-15.04  sec  2.81 MBytes  22.8 Mbits/sec  0.044 ms  2544/4581 (56%)  
[  5]  15.04-16.00  sec  3.07 MBytes  26.8 Mbits/sec  0.008 ms  1854/4077 (45%)  
[  5]  16.00-17.01  sec  3.47 MBytes  28.9 Mbits/sec  0.530 ms  2482/4998 (50%)  
[  5]  17.01-18.01  sec  4.46 MBytes  37.5 Mbits/sec  0.056 ms  580/3807 (15%)  
[  5]  18.01-19.00  sec  3.73 MBytes  31.4 Mbits/sec  0.027 ms  1656/4357 (38%)  
[  5]  19.00-20.01  sec  3.54 MBytes  29.6 Mbits/sec  0.041 ms  1890/4455 (42%)  
[  5]  20.01-21.06  sec  3.00 MBytes  23.8 Mbits/sec  0.290 ms  2327/4498 (52%)  
[  5]  21.06-22.01  sec  2.43 MBytes  21.6 Mbits/sec  0.015 ms  1704/3464 (49%)  
[  5]  22.01-23.01  sec  3.94 MBytes  32.9 Mbits/sec  0.347 ms  2179/5033 (43%)  
[  5]  23.01-24.01  sec  2.55 MBytes  21.4 Mbits/sec  0.021 ms  2548/4393 (58%)  
[  5]  24.01-25.01  sec  3.46 MBytes  29.1 Mbits/sec  0.805 ms  1400/3903 (36%)  
[  5]  25.01-26.01  sec  2.58 MBytes  21.5 Mbits/sec  0.562 ms  2870/4736 (61%)  
[  5]  26.01-27.03  sec  3.03 MBytes  25.0 Mbits/sec  0.018 ms  2113/4304 (49%)  
[  5]  27.03-28.01  sec  2.50 MBytes  21.4 Mbits/sec  0.180 ms  2589/4400 (59%)  
[  5]  28.01-29.02  sec  2.08 MBytes  17.2 Mbits/sec  0.006 ms  2855/4360 (65%)  
[  5]  29.02-30.01  sec  2.75 MBytes  23.3 Mbits/sec  0.019 ms  1357/3350 (41%)  
[  5]  30.01-31.01  sec  3.63 MBytes  30.4 Mbits/sec  1.574 ms  2417/5046 (48%)  
[  5]  31.01-32.00  sec  2.54 MBytes  21.4 Mbits/sec  0.009 ms  1983/3819 (52%)  
[  5]  32.00-33.01  sec  2.49 MBytes  20.8 Mbits/sec  0.155 ms  2899/4699 (62%)  
[  5]  33.01-34.00  sec  2.28 MBytes  19.3 Mbits/sec  1.786 ms  2306/3960 (58%)  
[  5]  34.00-35.02  sec  3.54 MBytes  29.2 Mbits/sec  0.566 ms  1621/4184 (39%)  
[  5]  35.02-36.02  sec  2.53 MBytes  21.2 Mbits/sec  0.029 ms  3264/5095 (64%)  
[  5]  36.02-37.01  sec  2.86 MBytes  24.2 Mbits/sec  0.409 ms  1489/3561 (42%)  
[  5]  37.01-38.00  sec  1.52 MBytes  12.8 Mbits/sec  1.719 ms  2270/3369 (67%)  
[  5]  38.00-39.01  sec  2.29 MBytes  19.1 Mbits/sec  4.508 ms  2954/4612 (64%)  
[  5]  39.01-40.01  sec  2.28 MBytes  19.2 Mbits/sec  0.071 ms  2268/3921 (58%)  
[  5]  40.01-41.01  sec  2.92 MBytes  24.4 Mbits/sec  0.109 ms  4116/6227 (66%)  
[  5]  41.01-42.01  sec  2.61 MBytes  21.9 Mbits/sec  0.019 ms  1306/3198 (41%)  
[  5]  42.01-43.01  sec  3.46 MBytes  29.0 Mbits/sec  0.456 ms  2916/5425 (54%)  
[  5]  43.01-44.00  sec  3.37 MBytes  28.5 Mbits/sec  1.268 ms  1612/4054 (40%)  
[  5]  44.00-45.02  sec  3.90 MBytes  32.2 Mbits/sec  0.006 ms  1653/4474 (37%)  
[  5]  45.02-46.01  sec  2.11 MBytes  17.9 Mbits/sec  0.787 ms  1389/2920 (48%)  
[  5]  46.01-47.02  sec  3.20 MBytes  26.7 Mbits/sec  0.047 ms  3620/5936 (61%)  
[  5]  47.02-48.02  sec  3.95 MBytes  33.1 Mbits/sec  0.031 ms  1173/4033 (29%)  
[  5]  48.02-49.00  sec  3.80 MBytes  32.4 Mbits/sec  0.303 ms  1747/4498 (39%)  
[  5]  49.00-50.02  sec  3.04 MBytes  25.1 Mbits/sec  0.079 ms  1833/4036 (45%)  
[  5]  50.02-51.02  sec  3.01 MBytes  25.2 Mbits/sec  0.167 ms  2326/4508 (52%)  
[  5]  51.02-52.03  sec  3.98 MBytes  33.0 Mbits/sec  0.007 ms  1656/4536 (37%)  
[  5]  52.03-53.02  sec  3.32 MBytes  28.3 Mbits/sec  0.346 ms  1779/4185 (43%)  
[  5]  53.02-54.02  sec  2.48 MBytes  20.9 Mbits/sec  1.110 ms  2200/3996 (55%)  
[  5]  54.02-55.01  sec  3.08 MBytes  26.2 Mbits/sec  0.026 ms  1592/3826 (42%)  
[  5]  55.01-56.01  sec  2.17 MBytes  18.0 Mbits/sec  0.435 ms  2654/4223 (63%)  
[  5]  56.01-57.03  sec  2.49 MBytes  20.5 Mbits/sec  1.468 ms  2477/4279 (58%)  
[  5]  57.03-58.01  sec  3.22 MBytes  27.4 Mbits/sec  0.009 ms  2917/5246 (56%)  
[  5]  58.01-59.01  sec  2.22 MBytes  18.8 Mbits/sec  0.307 ms  1873/3483 (54%)  
[  5]  59.01-60.05  sec  3.83 MBytes  30.8 Mbits/sec  0.145 ms  2470/5244 (47%)  
- - - - - - - - - - - - - - - - - - - - - - - - -
[ ID] Interval           Transfer     Bitrate         Jitter    Lost/Total Datagrams
[  5]   0.00-60.08  sec   174 MBytes  24.2 Mbits/sec  0.145 ms  133275/258988 (51%)  receiver
iperf3: interrupt - the server has terminated
-----------------------------------------------------------
Server listening on 5203 (test #2)
-----------------------------------------------------------
