-----------------------------------------------------------
Server listening on 5202 (test #1)
-----------------------------------------------------------
Accepted connection from 10.0.0.1, port 57776
[  5] local 10.0.0.2 port 5202 connected to 10.0.0.1 port 50731
[ ID] Interval           Transfer     Bitrate         Jitter    Lost/Total Datagrams
[  5]   0.00-1.01   sec  1.91 MBytes  15.9 Mbits/sec  0.094 ms  314/1695 (19%)  
[  5]   1.01-2.01   sec  1.58 MBytes  13.2 Mbits/sec  0.200 ms  613/1755 (35%)  
[  5]   2.01-3.00   sec  2.32 MBytes  19.6 Mbits/sec  0.014 ms  47/1724 (2.7%)  
[  5]   3.00-4.01   sec  1.98 MBytes  16.6 Mbits/sec  0.705 ms  240/1677 (14%)  
[  5]   4.01-5.01   sec  1.34 MBytes  11.2 Mbits/sec  1.652 ms  407/1374 (30%)  
[  5]   5.01-6.01   sec  1.27 MBytes  10.7 Mbits/sec  0.017 ms  1004/1924 (52%)  
[  5]   6.01-7.02   sec  1.53 MBytes  12.7 Mbits/sec  4.020 ms  438/1544 (28%)  
[  5]   7.02-8.03   sec  1.83 MBytes  15.3 Mbits/sec  0.047 ms  831/2159 (38%)  
[  5]   8.03-9.03   sec  1.95 MBytes  16.4 Mbits/sec  1.964 ms  225/1639 (14%)  
[  5]   9.03-10.09  sec  2.10 MBytes  16.7 Mbits/sec  0.026 ms  372/1895 (20%)  
[  5]  10.09-11.00  sec  1.67 MBytes  15.3 Mbits/sec  0.015 ms  323/1530 (21%)  
[  5]  11.00-12.01  sec  2.00 MBytes  16.7 Mbits/sec  0.150 ms  341/1788 (19%)  
[  5]  12.01-13.01  sec  1.85 MBytes  15.5 Mbits/sec  1.976 ms  244/1583 (15%)  
[  5]  13.01-14.00  sec  1.59 MBytes  13.4 Mbits/sec  0.039 ms  696/1846 (38%)  
[  5]  14.00-15.01  sec  2.37 MBytes  19.8 Mbits/sec  0.061 ms  47/1762 (2.7%)  
[  5]  15.01-16.02  sec  2.12 MBytes  17.5 Mbits/sec  0.069 ms  237/1769 (13%)  
[  5]  16.02-17.02  sec  2.12 MBytes  17.9 Mbits/sec  0.451 ms  153/1686 (9.1%)  
[  5]  17.02-18.01  sec  2.34 MBytes  19.8 Mbits/sec  0.261 ms  8/1704 (0.47%)  
[  5]  18.01-19.02  sec  1.97 MBytes  16.3 Mbits/sec  0.290 ms  293/1717 (17%)  
[  5]  19.02-20.01  sec  2.06 MBytes  17.6 Mbits/sec  0.135 ms  254/1749 (15%)  
[  5]  20.01-21.04  sec  2.21 MBytes  17.9 Mbits/sec  0.307 ms  127/1730 (7.3%)  
[  5]  21.04-22.05  sec  1.67 MBytes  13.9 Mbits/sec  0.010 ms  481/1691 (28%)  
[  5]  22.05-23.01  sec  1.78 MBytes  15.6 Mbits/sec  0.088 ms  449/1735 (26%)  
[  5]  23.01-24.09  sec  2.04 MBytes  15.8 Mbits/sec  0.008 ms  316/1791 (18%)  
[  5]  24.09-25.01  sec  1.68 MBytes  15.3 Mbits/sec  0.042 ms  473/1690 (28%)  
[  5]  25.01-26.01  sec  1.92 MBytes  16.0 Mbits/sec  0.120 ms  332/1720 (19%)  
[  5]  26.01-27.03  sec  1.86 MBytes  15.3 Mbits/sec  0.711 ms  379/1728 (22%)  
[  5]  27.03-28.00  sec  1.59 MBytes  13.8 Mbits/sec  0.797 ms  454/1604 (28%)  
[  5]  28.00-29.01  sec  1.98 MBytes  16.5 Mbits/sec  0.168 ms  106/1537 (6.9%)  
[  5]  29.01-30.00  sec  2.04 MBytes  17.2 Mbits/sec  0.185 ms  541/2016 (27%)  
[  5]  30.00-31.05  sec  2.26 MBytes  18.2 Mbits/sec  0.201 ms  136/1774 (7.7%)  
[  5]  31.05-32.00  sec  1.83 MBytes  16.1 Mbits/sec  3.657 ms  179/1505 (12%)  
[  5]  32.00-33.01  sec  1.86 MBytes  15.5 Mbits/sec  0.902 ms  362/1711 (21%)  
[  5]  33.01-34.03  sec  2.10 MBytes  17.4 Mbits/sec  1.096 ms  312/1835 (17%)  
[  5]  34.03-35.00  sec  1.74 MBytes  15.0 Mbits/sec  1.129 ms  373/1635 (23%)  
[  5]  35.00-36.01  sec  2.13 MBytes  17.7 Mbits/sec  0.620 ms  352/1898 (19%)  
[  5]  36.01-37.03  sec  2.04 MBytes  16.8 Mbits/sec  0.171 ms  303/1777 (17%)  
[  5]  37.03-38.01  sec  1.50 MBytes  12.8 Mbits/sec  0.110 ms  518/1601 (32%)  
[  5]  38.01-39.08  sec  2.06 MBytes  16.2 Mbits/sec  0.032 ms  456/1950 (23%)  
[  5]  39.08-40.02  sec  1.70 MBytes  15.2 Mbits/sec  0.280 ms  376/1608 (23%)  
[  5]  40.02-41.03  sec  1.97 MBytes  16.2 Mbits/sec  0.018 ms  233/1656 (14%)  
[  5]  41.03-42.01  sec  2.11 MBytes  18.1 Mbits/sec  0.617 ms  149/1680 (8.9%)  
[  5]  42.01-43.04  sec  1.87 MBytes  15.2 Mbits/sec  0.032 ms  415/1772 (23%)  
[  5]  43.04-44.02  sec  1.62 MBytes  13.9 Mbits/sec  0.055 ms  545/1721 (32%)  
[  5]  44.02-45.01  sec  2.16 MBytes  18.4 Mbits/sec  0.274 ms  128/1694 (7.6%)  
[  5]  45.01-46.09  sec  2.26 MBytes  17.6 Mbits/sec  0.012 ms  152/1792 (8.5%)  
[  5]  46.09-47.00  sec  1.52 MBytes  13.9 Mbits/sec  2.998 ms  471/1572 (30%)  
[  5]  47.00-48.02  sec  2.18 MBytes  18.1 Mbits/sec  0.307 ms  321/1901 (17%)  
[  5]  48.02-49.00  sec  2.14 MBytes  18.3 Mbits/sec  0.299 ms  193/1743 (11%)  
[  5]  49.00-50.02  sec  1.88 MBytes  15.4 Mbits/sec  0.845 ms  314/1674 (19%)  
[  5]  50.02-51.03  sec  1.81 MBytes  15.1 Mbits/sec  0.316 ms  439/1753 (25%)  
[  5]  51.03-52.05  sec  1.90 MBytes  15.5 Mbits/sec  0.358 ms  248/1623 (15%)  
[  5]  52.05-53.00  sec  2.20 MBytes  19.4 Mbits/sec  0.121 ms  214/1809 (12%)  
[  5]  53.00-54.02  sec  2.02 MBytes  16.6 Mbits/sec  0.013 ms  323/1785 (18%)  
[  5]  54.02-55.01  sec  1.92 MBytes  16.3 Mbits/sec  0.743 ms  240/1631 (15%)  
[  5]  55.01-56.03  sec  2.15 MBytes  17.7 Mbits/sec  0.372 ms  108/1665 (6.5%)  
[  5]  56.03-57.04  sec  1.96 MBytes  16.3 Mbits/sec  1.282 ms  454/1876 (24%)  
[  5]  57.04-58.01  sec  1.80 MBytes  15.6 Mbits/sec  0.024 ms  341/1647 (21%)  
[  5]  58.01-59.03  sec  1.64 MBytes  13.5 Mbits/sec  1.043 ms  560/1750 (32%)  
[  5]  59.03-60.00  sec  1.80 MBytes  15.5 Mbits/sec  0.333 ms  255/1562 (16%)  
[  5]  60.00-60.10  sec  99.0 KBytes  8.35 Mbits/sec  0.859 ms  0/70 (0%)  
- - - - - - - - - - - - - - - - - - - - - - - - -
[ ID] Interval           Transfer     Bitrate         Jitter    Lost/Total Datagrams
[  5]   0.00-60.10  sec   115 MBytes  16.0 Mbits/sec  0.859 ms  20215/103432 (20%)  receiver
iperf3: interrupt - the server has terminated
-----------------------------------------------------------
Server listening on 5202 (test #2)
-----------------------------------------------------------
