-----------------------------------------------------------
Server listening on 5203 (test #1)
-----------------------------------------------------------
Accepted connection from 10.0.0.1, port 60734
[  5] local 10.0.0.2 port 5203 connected to 10.0.0.1 port 52447
[ ID] Interval           Transfer     Bitrate         Jitter    Lost/Total Datagrams
[  5]   0.00-1.00   sec  3.91 MBytes  32.8 Mbits/sec  1.166 ms  96/2929 (3.3%)  
[  5]   1.00-2.00   sec  4.48 MBytes  37.6 Mbits/sec  1.240 ms  201/3448 (5.8%)  
[  5]   2.00-3.00   sec  4.36 MBytes  36.6 Mbits/sec  0.994 ms  294/3451 (8.5%)  
[  5]   3.00-4.00   sec  4.51 MBytes  37.8 Mbits/sec  1.081 ms  188/3453 (5.4%)  
[  5]   4.00-5.00   sec  4.49 MBytes  37.7 Mbits/sec  1.796 ms  209/3460 (6%)  
[  5]   5.00-6.00   sec  4.47 MBytes  37.5 Mbits/sec  1.149 ms  210/3448 (6.1%)  
[  5]   6.00-7.00   sec  4.48 MBytes  37.5 Mbits/sec  1.126 ms  210/3451 (6.1%)  
[  5]   7.00-8.00   sec  4.36 MBytes  36.6 Mbits/sec  1.429 ms  290/3450 (8.4%)  
[  5]   8.00-9.00   sec  4.51 MBytes  37.9 Mbits/sec  1.059 ms  190/3459 (5.5%)  
[  5]   9.00-10.00  sec  4.46 MBytes  37.5 Mbits/sec  1.189 ms  220/3453 (6.4%)  
[  5]  10.00-11.00  sec  4.40 MBytes  36.9 Mbits/sec  1.367 ms  271/3457 (7.8%)  
[  5]  11.00-12.00  sec  4.48 MBytes  37.6 Mbits/sec  1.325 ms  203/3448 (5.9%)  
[  5]  12.00-13.00  sec  4.25 MBytes  35.7 Mbits/sec  1.395 ms  375/3455 (11%)  
[  5]  13.00-14.00  sec  4.47 MBytes  37.5 Mbits/sec  1.325 ms  218/3456 (6.3%)  
[  5]  14.00-15.00  sec  4.50 MBytes  37.7 Mbits/sec  1.721 ms  190/3448 (5.5%)  
[  5]  15.00-16.00  sec  4.46 MBytes  37.4 Mbits/sec  1.315 ms  224/3455 (6.5%)  
[  5]  16.00-17.00  sec  4.44 MBytes  37.2 Mbits/sec  1.221 ms  233/3446 (6.8%)  
[  5]  17.00-18.00  sec  4.33 MBytes  36.4 Mbits/sec  1.537 ms  318/3457 (9.2%)  
[  5]  18.00-19.00  sec  4.51 MBytes  37.9 Mbits/sec  1.403 ms  181/3450 (5.2%)  
[  5]  19.00-20.00  sec  4.46 MBytes  37.4 Mbits/sec  1.379 ms  224/3453 (6.5%)  
[  5]  20.00-21.00  sec  4.47 MBytes  37.5 Mbits/sec  1.256 ms  225/3459 (6.5%)  
[  5]  21.00-22.00  sec  4.50 MBytes  37.8 Mbits/sec  1.452 ms  191/3451 (5.5%)  
[  5]  22.00-23.00  sec  4.35 MBytes  36.5 Mbits/sec  1.220 ms  298/3451 (8.6%)  
[  5]  23.00-24.00  sec  4.39 MBytes  36.8 Mbits/sec  1.416 ms  282/3459 (8.2%)  
[  5]  24.00-25.00  sec  4.50 MBytes  37.8 Mbits/sec  1.645 ms  184/3445 (5.3%)  
[  5]  25.00-26.00  sec  4.52 MBytes  37.9 Mbits/sec  1.246 ms  190/3460 (5.5%)  
[  5]  26.00-27.00  sec  4.44 MBytes  37.3 Mbits/sec  1.931 ms  239/3455 (6.9%)  
[  5]  27.00-28.00  sec  4.31 MBytes  36.2 Mbits/sec  1.448 ms  333/3454 (9.6%)  
[  5]  28.00-29.00  sec  4.48 MBytes  37.6 Mbits/sec  1.316 ms  207/3451 (6%)  
[  5]  29.00-30.00  sec  4.45 MBytes  37.3 Mbits/sec  1.290 ms  230/3453 (6.7%)  
[  5]  30.00-30.15  sec   679 KBytes  36.1 Mbits/sec  1.297 ms  43/523 (8.2%)  
- - - - - - - - - - - - - - - - - - - - - - - - -
[ ID] Interval           Transfer     Bitrate         Jitter    Lost/Total Datagrams
[SUM]  0.0-30.2 sec  64465 datagrams received out-of-order
[  5]   0.00-30.15  sec   133 MBytes  37.1 Mbits/sec  1.297 ms  6967/103588 (6.7%)  receiver
iperf3: interrupt - the server has terminated
-----------------------------------------------------------
Server listening on 5203 (test #2)
-----------------------------------------------------------
