-----------------------------------------------------------
Server listening on 5202 (test #1)
-----------------------------------------------------------
Accepted connection from 10.0.0.1, port 49320
[  5] local 10.0.0.2 port 5202 connected to 10.0.0.1 port 42193
[ ID] Interval           Transfer     Bitrate         Jitter    Lost/Total Datagrams
[  5]   0.00-1.00   sec  3.97 MBytes  33.3 Mbits/sec  1.452 ms  36/2913 (1.2%)  
[  5]   1.00-2.00   sec  4.70 MBytes  39.4 Mbits/sec  1.065 ms  53/3456 (1.5%)  
[  5]   2.00-3.00   sec  4.53 MBytes  38.0 Mbits/sec  1.398 ms  173/3452 (5%)  
[  5]   3.00-4.00   sec  4.72 MBytes  39.6 Mbits/sec  1.729 ms  34/3454 (0.98%)  
[  5]   4.00-5.00   sec  4.70 MBytes  39.5 Mbits/sec  1.628 ms  51/3458 (1.5%)  
[  5]   5.00-6.00   sec  4.68 MBytes  39.3 Mbits/sec  1.409 ms  63/3452 (1.8%)  
[  5]   6.00-7.00   sec  4.70 MBytes  39.4 Mbits/sec  1.095 ms  50/3452 (1.4%)  
[  5]   7.00-8.00   sec  4.49 MBytes  37.7 Mbits/sec  1.219 ms  188/3441 (5.5%)  
[  5]   8.00-9.00   sec  4.71 MBytes  39.5 Mbits/sec  1.408 ms  51/3462 (1.5%)  
[  5]   9.00-10.00  sec  4.64 MBytes  38.9 Mbits/sec  1.406 ms  99/3459 (2.9%)  
[  5]  10.00-11.00  sec  4.68 MBytes  39.3 Mbits/sec  1.229 ms  52/3444 (1.5%)  
[  5]  11.00-12.00  sec  4.69 MBytes  39.3 Mbits/sec  1.236 ms  60/3454 (1.7%)  
[  5]  12.00-13.00  sec  4.51 MBytes  37.8 Mbits/sec  1.255 ms  194/3457 (5.6%)  
[  5]  13.00-14.00  sec  4.67 MBytes  39.2 Mbits/sec  1.463 ms  71/3455 (2.1%)  
[  5]  14.00-15.00  sec  4.71 MBytes  39.5 Mbits/sec  1.272 ms  41/3451 (1.2%)  
[  5]  15.00-16.00  sec  4.66 MBytes  39.1 Mbits/sec  1.577 ms  82/3458 (2.4%)  
[  5]  16.00-17.00  sec  4.67 MBytes  39.2 Mbits/sec  1.531 ms  68/3450 (2%)  
[  5]  17.00-18.00  sec  4.58 MBytes  38.4 Mbits/sec  1.635 ms  125/3441 (3.6%)  
[  5]  18.00-19.00  sec  4.70 MBytes  39.4 Mbits/sec  1.428 ms  61/3461 (1.8%)  
[  5]  19.00-20.00  sec  4.68 MBytes  39.3 Mbits/sec  1.038 ms  60/3450 (1.7%)  
[  5]  20.00-21.00  sec  4.67 MBytes  39.1 Mbits/sec  1.133 ms  77/3456 (2.2%)  
[  5]  21.00-22.00  sec  4.66 MBytes  39.1 Mbits/sec  1.761 ms  82/3460 (2.4%)  
[  5]  22.00-23.00  sec  4.45 MBytes  37.3 Mbits/sec  1.542 ms  218/3441 (6.3%)  
[  5]  23.00-24.00  sec  4.69 MBytes  39.3 Mbits/sec  1.283 ms  64/3458 (1.9%)  
[  5]  24.00-25.00  sec  4.69 MBytes  39.3 Mbits/sec  1.230 ms  64/3457 (1.9%)  
[  5]  25.00-26.00  sec  4.68 MBytes  39.3 Mbits/sec  0.997 ms  60/3450 (1.7%)  
[  5]  26.00-27.00  sec  4.67 MBytes  39.2 Mbits/sec  1.431 ms  66/3449 (1.9%)  
[  5]  27.00-28.00  sec  4.50 MBytes  37.8 Mbits/sec  1.118 ms  196/3457 (5.7%)  
[  5]  28.00-29.00  sec  4.69 MBytes  39.3 Mbits/sec  1.830 ms  64/3457 (1.9%)  
[  5]  29.00-30.00  sec  4.65 MBytes  39.0 Mbits/sec  1.343 ms  82/3447 (2.4%)  
[  5]  30.00-30.15  sec   725 KBytes  39.0 Mbits/sec  1.381 ms  26/539 (4.8%)  
- - - - - - - - - - - - - - - - - - - - - - - - -
[ ID] Interval           Transfer     Bitrate         Jitter    Lost/Total Datagrams
[SUM]  0.0-30.2 sec  68384 datagrams received out-of-order
[  5]   0.00-30.15  sec   139 MBytes  38.8 Mbits/sec  1.381 ms  2611/103591 (2.5%)  receiver
iperf3: interrupt - the server has terminated
-----------------------------------------------------------
Server listening on 5202 (test #2)
-----------------------------------------------------------
