-----------------------------------------------------------
Server listening on 5202 (test #1)
-----------------------------------------------------------
Accepted connection from 10.0.0.1, port 42540
[  5] local 10.0.0.2 port 5202 connected to 10.0.0.1 port 33224
[ ID] Interval           Transfer     Bitrate         Jitter    Lost/Total Datagrams
[  5]   0.00-1.00   sec  3.24 MBytes  27.1 Mbits/sec  1.130 ms  579/2922 (20%)  
[  5]   1.00-2.00   sec  2.51 MBytes  21.1 Mbits/sec  1.181 ms  1627/3445 (47%)  
[  5]   2.00-3.00   sec  2.40 MBytes  20.1 Mbits/sec  1.006 ms  1723/3458 (50%)  
[  5]   3.00-4.00   sec  2.53 MBytes  21.2 Mbits/sec  1.674 ms  1618/3452 (47%)  
[  5]   4.00-5.00   sec  2.45 MBytes  20.5 Mbits/sec  1.558 ms  1685/3458 (49%)  
[  5]   5.00-6.00   sec  2.38 MBytes  19.9 Mbits/sec  1.503 ms  1719/3440 (50%)  
[  5]   6.00-7.00   sec  2.41 MBytes  20.2 Mbits/sec  0.982 ms  1712/3458 (50%)  
[  5]   7.00-8.00   sec  2.51 MBytes  21.1 Mbits/sec  0.993 ms  1636/3454 (47%)  
[  5]   8.00-9.00   sec  2.48 MBytes  20.8 Mbits/sec  1.273 ms  1652/3449 (48%)  
[  5]   9.00-10.00  sec  2.39 MBytes  20.0 Mbits/sec  1.355 ms  1731/3459 (50%)  
[  5]  10.00-11.00  sec  2.36 MBytes  19.8 Mbits/sec  1.490 ms  1742/3453 (50%)  
[  5]  11.00-12.00  sec  2.44 MBytes  20.5 Mbits/sec  1.275 ms  1684/3453 (49%)  
[  5]  12.00-13.00  sec  2.44 MBytes  20.5 Mbits/sec  1.337 ms  1683/3452 (49%)  
[  5]  13.00-14.00  sec  2.45 MBytes  20.6 Mbits/sec  1.475 ms  1679/3456 (49%)  
[  5]  14.00-15.00  sec  2.55 MBytes  21.4 Mbits/sec  1.562 ms  1604/3453 (46%)  
[  5]  15.00-16.00  sec  2.42 MBytes  20.3 Mbits/sec  1.582 ms  1696/3450 (49%)  
[  5]  16.00-17.00  sec  2.37 MBytes  19.9 Mbits/sec  1.664 ms  1706/3425 (50%)  
[  5]  17.00-18.00  sec  2.40 MBytes  20.2 Mbits/sec  1.662 ms  1745/3485 (50%)  
[  5]  18.00-19.00  sec  2.41 MBytes  20.2 Mbits/sec  1.474 ms  1699/3446 (49%)  
[  5]  19.00-20.00  sec  2.39 MBytes  20.0 Mbits/sec  1.495 ms  1726/3454 (50%)  
[  5]  20.00-21.00  sec  2.50 MBytes  21.0 Mbits/sec  1.573 ms  1643/3455 (48%)  
[  5]  21.00-22.00  sec  2.40 MBytes  20.2 Mbits/sec  1.328 ms  1710/3451 (50%)  
[  5]  22.00-23.00  sec  2.42 MBytes  20.3 Mbits/sec  1.435 ms  1703/3459 (49%)  
[  5]  23.00-24.00  sec  2.47 MBytes  20.7 Mbits/sec  1.149 ms  1659/3447 (48%)  
[  5]  24.00-25.00  sec  2.47 MBytes  20.7 Mbits/sec  1.578 ms  1663/3453 (48%)  
[  5]  25.00-26.00  sec  2.53 MBytes  21.2 Mbits/sec  1.337 ms  1627/3460 (47%)  
[  5]  26.00-27.00  sec  2.40 MBytes  20.1 Mbits/sec  1.314 ms  1697/3435 (49%)  
[  5]  27.00-28.00  sec  2.40 MBytes  20.1 Mbits/sec  1.411 ms  1728/3464 (50%)  
[  5]  28.00-29.00  sec  2.48 MBytes  20.8 Mbits/sec  1.599 ms  1666/3461 (48%)  
[  5]  29.00-30.00  sec  2.42 MBytes  20.3 Mbits/sec  1.354 ms  1703/3452 (49%)  
[  5]  30.00-30.16  sec   400 KBytes  21.0 Mbits/sec  0.985 ms  244/527 (46%)  
- - - - - - - - - - - - - - - - - - - - - - - - -
[ ID] Interval           Transfer     Bitrate         Jitter    Lost/Total Datagrams
[SUM]  0.0-30.2 sec  28720 datagrams received out-of-order
[  5]   0.00-30.16  sec  74.4 MBytes  20.7 Mbits/sec  0.985 ms  49689/103586 (48%)  receiver
iperf3: interrupt - the server has terminated
-----------------------------------------------------------
Server listening on 5202 (test #2)
-----------------------------------------------------------
