-----------------------------------------------------------
Server listening on 5202 (test #1)
-----------------------------------------------------------
Accepted connection from 10.0.0.1, port 44982
[  5] local 10.0.0.2 port 5202 connected to 10.0.0.1 port 55029
[ ID] Interval           Transfer     Bitrate         Jitter    Lost/Total Datagrams
[  5]   0.00-1.00   sec  3.46 MBytes  29.0 Mbits/sec  1.046 ms  1654/4158 (40%)  
[  5]   1.00-2.00   sec  3.47 MBytes  29.1 Mbits/sec  1.446 ms  1810/4324 (42%)  
[  5]   2.00-3.00   sec  3.47 MBytes  29.1 Mbits/sec  0.857 ms  1799/4310 (42%)  
[  5]   3.00-4.00   sec  3.46 MBytes  29.0 Mbits/sec  1.115 ms  1812/4317 (42%)  
[  5]   4.00-5.00   sec  3.47 MBytes  29.1 Mbits/sec  1.199 ms  1809/4320 (42%)  
[  5]   5.00-6.00   sec  3.46 MBytes  29.0 Mbits/sec  1.418 ms  1809/4315 (42%)  
[  5]   6.00-7.00   sec  3.47 MBytes  29.1 Mbits/sec  1.257 ms  1809/4319 (42%)  
[  5]   7.00-8.00   sec  3.45 MBytes  28.9 Mbits/sec  1.010 ms  1813/4312 (42%)  
[  5]   8.00-9.00   sec  3.46 MBytes  29.0 Mbits/sec  0.939 ms  1808/4315 (42%)  
[  5]   9.00-10.00  sec  3.47 MBytes  29.1 Mbits/sec  0.844 ms  1806/4317 (42%)  
[  5]  10.00-11.00  sec  3.39 MBytes  28.4 Mbits/sec  0.812 ms  1780/4235 (42%)  
[  5]  11.00-12.00  sec  3.54 MBytes  29.7 Mbits/sec  0.855 ms  1834/4401 (42%)  
[  5]  12.00-13.00  sec  3.47 MBytes  29.1 Mbits/sec  1.405 ms  1803/4317 (42%)  
[  5]  13.00-14.00  sec  3.46 MBytes  29.0 Mbits/sec  1.118 ms  1807/4311 (42%)  
[  5]  14.00-15.00  sec  3.47 MBytes  29.1 Mbits/sec  1.309 ms  1810/4325 (42%)  
[  5]  15.00-16.00  sec  3.46 MBytes  29.0 Mbits/sec  1.155 ms  1806/4309 (42%)  
[  5]  16.00-17.00  sec  3.47 MBytes  29.1 Mbits/sec  1.069 ms  1813/4325 (42%)  
[  5]  17.00-18.00  sec  3.47 MBytes  29.1 Mbits/sec  1.204 ms  1796/4307 (42%)  
[  5]  18.00-19.00  sec  3.47 MBytes  29.1 Mbits/sec  1.024 ms  1806/4318 (42%)  
[  5]  19.00-20.00  sec  3.46 MBytes  29.0 Mbits/sec  1.066 ms  1814/4319 (42%)  
[  5]  20.00-21.00  sec  3.46 MBytes  29.1 Mbits/sec  1.326 ms  1807/4315 (42%)  
[  5]  21.00-22.00  sec  3.48 MBytes  29.2 Mbits/sec  1.170 ms  1798/4315 (42%)  
[  5]  22.00-23.00  sec  3.46 MBytes  29.0 Mbits/sec  1.258 ms  1808/4313 (42%)  
[  5]  23.00-24.00  sec  3.47 MBytes  29.1 Mbits/sec  1.060 ms  1809/4320 (42%)  
[  5]  24.00-25.00  sec  3.46 MBytes  29.1 Mbits/sec  1.335 ms  1808/4316 (42%)  
[  5]  25.00-26.00  sec  3.47 MBytes  29.1 Mbits/sec  1.235 ms  1810/4320 (42%)  
[  5]  26.00-27.00  sec  3.47 MBytes  29.1 Mbits/sec  0.957 ms  1806/4316 (42%)  
[  5]  27.00-28.00  sec  3.46 MBytes  29.1 Mbits/sec  1.253 ms  1801/4310 (42%)  
[  5]  28.00-29.00  sec  3.48 MBytes  29.2 Mbits/sec  1.714 ms  1806/4323 (42%)  
[  5]  29.00-30.00  sec  3.47 MBytes  29.1 Mbits/sec  1.202 ms  1799/4309 (42%)  
[  5]  30.00-30.04  sec   123 KBytes  28.9 Mbits/sec  1.365 ms  68/155 (44%)  
- - - - - - - - - - - - - - - - - - - - - - - - -
[ ID] Interval           Transfer     Bitrate         Jitter    Lost/Total Datagrams
[SUM]  0.0-30.0 sec  44498 datagrams received out-of-order
[  5]   0.00-30.04  sec   104 MBytes  29.1 Mbits/sec  1.365 ms  54118/129486 (42%)  receiver
iperf3: interrupt - the server has terminated
-----------------------------------------------------------
Server listening on 5202 (test #2)
-----------------------------------------------------------
