-----------------------------------------------------------
Server listening on 5203 (test #1)
-----------------------------------------------------------
Accepted connection from 10.0.0.1, port 41082
[  5] local 10.0.0.2 port 5203 connected to 10.0.0.1 port 44686
[ ID] Interval           Transfer     Bitrate         Jitter    Lost/Total Datagrams
[  5]   0.00-1.00   sec  3.68 MBytes  30.9 Mbits/sec  1.177 ms  246/2910 (8.5%)  
[  5]   1.00-2.00   sec  3.94 MBytes  33.0 Mbits/sec  2.007 ms  390/3240 (12%)  
[  5]   2.00-3.00   sec  4.18 MBytes  35.0 Mbits/sec  1.198 ms  460/3485 (13%)  
[  5]   3.00-4.00   sec  4.40 MBytes  36.9 Mbits/sec  1.369 ms  362/3550 (10%)  
[  5]   4.00-5.00   sec  4.26 MBytes  35.8 Mbits/sec  1.812 ms  441/3529 (12%)  
[  5]   5.00-6.00   sec  4.09 MBytes  34.3 Mbits/sec  1.452 ms  511/3470 (15%)  
[  5]   6.00-7.00   sec  4.37 MBytes  36.7 Mbits/sec  1.230 ms  282/3449 (8.2%)  
[  5]   7.00-8.00   sec  4.44 MBytes  37.3 Mbits/sec  1.753 ms  218/3434 (6.3%)  
[  5]   8.00-9.00   sec  4.44 MBytes  37.2 Mbits/sec  1.342 ms  256/3469 (7.4%)  
[  5]   9.00-10.00  sec  4.40 MBytes  36.9 Mbits/sec  1.221 ms  265/3453 (7.7%)  
[  5]  10.00-11.00  sec  3.58 MBytes  30.0 Mbits/sec  1.225 ms  864/3458 (25%)  
[  5]  11.00-12.00  sec  4.24 MBytes  35.6 Mbits/sec  1.503 ms  354/3426 (10%)  
[  5]  12.00-13.00  sec  3.94 MBytes  33.1 Mbits/sec  1.861 ms  421/3275 (13%)  
[  5]  13.00-14.00  sec  4.22 MBytes  35.4 Mbits/sec  2.393 ms  444/3499 (13%)  
[  5]  14.00-15.00  sec  4.32 MBytes  36.2 Mbits/sec  1.166 ms  488/3613 (14%)  
[  5]  15.00-16.00  sec  3.83 MBytes  32.1 Mbits/sec  1.311 ms  675/3448 (20%)  
[  5]  16.00-17.00  sec  4.37 MBytes  36.7 Mbits/sec  1.675 ms  287/3455 (8.3%)  
[  5]  17.00-18.00  sec  4.30 MBytes  36.0 Mbits/sec  1.295 ms  344/3455 (10%)  
[  5]  18.00-19.00  sec  4.34 MBytes  36.4 Mbits/sec  1.533 ms  304/3448 (8.8%)  
[  5]  19.00-20.00  sec  4.35 MBytes  36.5 Mbits/sec  1.369 ms  309/3460 (8.9%)  
[  5]  20.00-21.00  sec  4.07 MBytes  34.2 Mbits/sec  1.065 ms  504/3454 (15%)  
[  5]  21.00-22.00  sec  4.41 MBytes  37.0 Mbits/sec  1.535 ms  185/3376 (5.5%)  
[  5]  22.00-23.00  sec  4.49 MBytes  37.7 Mbits/sec  1.700 ms  186/3440 (5.4%)  
[  5]  23.00-24.00  sec  4.43 MBytes  37.1 Mbits/sec  1.767 ms  264/3470 (7.6%)  
[  5]  24.00-25.00  sec  4.13 MBytes  34.6 Mbits/sec  1.404 ms  536/3524 (15%)  
[  5]  25.00-26.00  sec  4.28 MBytes  35.9 Mbits/sec  1.729 ms  347/3445 (10%)  
[  5]  26.00-27.00  sec  4.24 MBytes  35.6 Mbits/sec  1.321 ms  366/3439 (11%)  
[  5]  27.00-28.00  sec  4.22 MBytes  35.4 Mbits/sec  1.081 ms  408/3463 (12%)  
[  5]  28.00-29.00  sec  4.71 MBytes  39.5 Mbits/sec  1.704 ms  59/3471 (1.7%)  
[  5]  29.00-30.00  sec  4.49 MBytes  37.7 Mbits/sec  1.256 ms  200/3452 (5.8%)  
[  5]  30.00-30.16  sec   748 KBytes  39.5 Mbits/sec  1.255 ms  0/529 (0%)  
- - - - - - - - - - - - - - - - - - - - - - - - -
[ ID] Interval           Transfer     Bitrate         Jitter    Lost/Total Datagrams
[SUM]  0.0-30.2 sec  63527 datagrams received out-of-order
[  5]   0.00-30.16  sec   128 MBytes  35.6 Mbits/sec  1.255 ms  10976/103589 (11%)  receiver
iperf3: interrupt - the server has terminated
-----------------------------------------------------------
Server listening on 5203 (test #2)
-----------------------------------------------------------
