-----------------------------------------------------------
Server listening on 5202 (test #1)
-----------------------------------------------------------
Accepted connection from 10.0.0.1, port 40522
[  5] local 10.0.0.2 port 5202 connected to 10.0.0.1 port 51872
[ ID] Interval           Transfer     Bitrate         Jitter    Lost/Total Datagrams
[  5]   0.00-1.00   sec  3.82 MBytes  32.1 Mbits/sec  1.418 ms  150/2917 (5.1%)  
[  5]   1.00-2.00   sec  4.07 MBytes  34.1 Mbits/sec  1.514 ms  515/3460 (15%)  
[  5]   2.00-3.00   sec  4.15 MBytes  34.8 Mbits/sec  1.281 ms  445/3451 (13%)  
[  5]   3.00-4.00   sec  4.02 MBytes  33.8 Mbits/sec  1.168 ms  537/3451 (16%)  
[  5]   4.00-5.00   sec  3.97 MBytes  33.3 Mbits/sec  1.626 ms  578/3455 (17%)  
[  5]   5.00-6.00   sec  4.19 MBytes  35.2 Mbits/sec  1.307 ms  416/3453 (12%)  
[  5]   6.00-7.00   sec  4.22 MBytes  35.4 Mbits/sec  1.528 ms  389/3448 (11%)  
[  5]   7.00-8.00   sec  4.07 MBytes  34.2 Mbits/sec  1.207 ms  503/3451 (15%)  
[  5]   8.00-9.00   sec  4.19 MBytes  35.1 Mbits/sec  1.211 ms  425/3457 (12%)  
[  5]   9.00-10.00  sec  3.99 MBytes  33.5 Mbits/sec  1.119 ms  565/3453 (16%)  
[  5]  10.00-11.02  sec  4.06 MBytes  33.5 Mbits/sec  1.380 ms  504/3445 (15%)  
[  5]  11.02-12.00  sec  3.99 MBytes  34.0 Mbits/sec  1.432 ms  577/3463 (17%)  
[  5]  12.00-13.00  sec  4.18 MBytes  35.1 Mbits/sec  1.306 ms  427/3456 (12%)  
[  5]  13.00-14.00  sec  4.05 MBytes  34.0 Mbits/sec  2.020 ms  443/3374 (13%)  
[  5]  14.00-15.00  sec  4.07 MBytes  34.2 Mbits/sec  1.350 ms  579/3528 (16%)  
[  5]  15.00-16.00  sec  4.12 MBytes  34.6 Mbits/sec  1.413 ms  468/3454 (14%)  
[  5]  16.00-17.00  sec  4.13 MBytes  34.6 Mbits/sec  1.202 ms  465/3454 (13%)  
[  5]  17.00-18.00  sec  4.09 MBytes  34.3 Mbits/sec  1.150 ms  489/3454 (14%)  
[  5]  18.00-19.00  sec  4.06 MBytes  34.0 Mbits/sec  1.464 ms  515/3453 (15%)  
[  5]  19.00-20.00  sec  4.16 MBytes  34.9 Mbits/sec  1.442 ms  435/3445 (13%)  
[  5]  20.00-21.01  sec  3.83 MBytes  32.0 Mbits/sec  1.664 ms  673/3450 (20%)  
[  5]  21.01-22.00  sec  4.11 MBytes  34.7 Mbits/sec  1.128 ms  485/3462 (14%)  
[  5]  22.00-23.00  sec  4.04 MBytes  33.9 Mbits/sec  1.002 ms  527/3455 (15%)  
[  5]  23.00-24.00  sec  4.11 MBytes  34.4 Mbits/sec  1.530 ms  475/3448 (14%)  
[  5]  24.00-25.00  sec  4.14 MBytes  34.7 Mbits/sec  1.346 ms  462/3459 (13%)  
[  5]  25.00-26.00  sec  4.15 MBytes  34.8 Mbits/sec  1.324 ms  451/3455 (13%)  
[  5]  26.00-27.00  sec  4.09 MBytes  34.3 Mbits/sec  1.363 ms  493/3452 (14%)  
[  5]  27.00-28.00  sec  3.98 MBytes  33.3 Mbits/sec  1.168 ms  565/3444 (16%)  
[  5]  28.00-29.00  sec  4.08 MBytes  34.2 Mbits/sec  1.727 ms  505/3461 (15%)  
[  5]  29.00-30.00  sec  4.15 MBytes  34.8 Mbits/sec  1.650 ms  449/3456 (13%)  
[  5]  30.00-30.15  sec   614 KBytes  33.0 Mbits/sec  1.356 ms  82/516 (16%)  
- - - - - - - - - - - - - - - - - - - - - - - - -
[ ID] Interval           Transfer     Bitrate         Jitter    Lost/Total Datagrams
[SUM]  0.0-30.2 sec  58401 datagrams received out-of-order
[  5]   0.00-30.15  sec   123 MBytes  34.2 Mbits/sec  1.356 ms  14592/103580 (14%)  receiver
iperf3: interrupt - the server has terminated
-----------------------------------------------------------
Server listening on 5202 (test #2)
-----------------------------------------------------------
