-----------------------------------------------------------
Server listening on 5201 (test #1)
-----------------------------------------------------------
Accepted connection from 10.0.0.1, port 51560
[  5] local 10.0.0.2 port 5201 connected to 10.0.0.1 port 44627
[ ID] Interval           Transfer     Bitrate         Jitter    Lost/Total Datagrams
[  5]   0.00-1.00   sec  3.30 MBytes  27.6 Mbits/sec  1.368 ms  534/2921 (18%)  
[  5]   1.00-2.00   sec  2.65 MBytes  22.2 Mbits/sec  1.082 ms  1531/3449 (44%)  
[  5]   2.00-3.00   sec  2.77 MBytes  23.3 Mbits/sec  1.637 ms  1447/3456 (42%)  
[  5]   3.00-4.00   sec  2.89 MBytes  24.2 Mbits/sec  1.324 ms  1353/3446 (39%)  
[  5]   4.00-5.00   sec  2.88 MBytes  24.1 Mbits/sec  1.573 ms  1371/3454 (40%)  
[  5]   5.00-6.00   sec  2.68 MBytes  22.5 Mbits/sec  1.399 ms  1512/3454 (44%)  
[  5]   6.00-7.00   sec  2.63 MBytes  22.1 Mbits/sec  1.277 ms  1546/3453 (45%)  
[  5]   7.00-8.00   sec  2.81 MBytes  23.6 Mbits/sec  1.139 ms  1417/3451 (41%)  
[  5]   8.00-9.00   sec  2.69 MBytes  22.6 Mbits/sec  1.469 ms  1504/3453 (44%)  
[  5]   9.00-10.00  sec  2.83 MBytes  23.7 Mbits/sec  1.553 ms  1410/3457 (41%)  
[  5]  10.00-11.01  sec  2.88 MBytes  24.0 Mbits/sec  1.254 ms  1381/3463 (40%)  
[  5]  11.01-12.00  sec  2.59 MBytes  21.9 Mbits/sec  1.603 ms  1569/3445 (46%)  
[  5]  12.00-13.00  sec  2.67 MBytes  22.4 Mbits/sec  1.638 ms  1518/3451 (44%)  
[  5]  13.00-14.00  sec  2.67 MBytes  22.4 Mbits/sec  2.119 ms  1460/3391 (43%)  
[  5]  14.00-15.00  sec  2.77 MBytes  23.2 Mbits/sec  2.056 ms  1513/3517 (43%)  
[  5]  15.00-16.00  sec  2.76 MBytes  23.2 Mbits/sec  1.198 ms  1447/3446 (42%)  
[  5]  16.00-17.00  sec  2.74 MBytes  23.0 Mbits/sec  1.389 ms  1475/3458 (43%)  
[  5]  17.00-18.00  sec  2.78 MBytes  23.3 Mbits/sec  1.569 ms  1447/3458 (42%)  
[  5]  18.00-19.00  sec  2.65 MBytes  22.2 Mbits/sec  1.443 ms  1524/3444 (44%)  
[  5]  19.00-20.00  sec  2.70 MBytes  22.6 Mbits/sec  1.195 ms  1504/3458 (43%)  
[  5]  20.00-21.04  sec  2.67 MBytes  21.6 Mbits/sec  2.040 ms  1554/3491 (45%)  
[  5]  21.04-22.00  sec  2.58 MBytes  22.5 Mbits/sec  1.380 ms  1546/3414 (45%)  
[  5]  22.00-23.00  sec  2.62 MBytes  22.0 Mbits/sec  1.550 ms  1552/3448 (45%)  
[  5]  23.00-24.00  sec  2.76 MBytes  23.2 Mbits/sec  1.481 ms  1451/3452 (42%)  
[  5]  24.00-25.00  sec  2.72 MBytes  22.8 Mbits/sec  1.226 ms  1491/3458 (43%)  
[  5]  25.00-26.00  sec  2.71 MBytes  22.7 Mbits/sec  0.992 ms  1499/3460 (43%)  
[  5]  26.00-27.00  sec  2.76 MBytes  23.1 Mbits/sec  1.646 ms  1454/3452 (42%)  
[  5]  27.00-28.00  sec  2.71 MBytes  22.7 Mbits/sec  1.262 ms  1484/3447 (43%)  
[  5]  28.00-29.00  sec  2.84 MBytes  23.8 Mbits/sec  1.319 ms  1410/3463 (41%)  
[  5]  29.00-30.00  sec  2.75 MBytes  23.1 Mbits/sec  1.377 ms  1451/3444 (42%)  
[  5]  30.00-30.16  sec   460 KBytes  24.3 Mbits/sec  1.347 ms  210/535 (39%)  
- - - - - - - - - - - - - - - - - - - - - - - - -
[ ID] Interval           Transfer     Bitrate         Jitter    Lost/Total Datagrams
[SUM]  0.0-30.2 sec  34016 datagrams received out-of-order
[  5]   0.00-30.16  sec  82.9 MBytes  23.1 Mbits/sec  1.347 ms  43565/103589 (42%)  receiver
iperf3: interrupt - the server has terminated
-----------------------------------------------------------
Server listening on 5201 (test #2)
-----------------------------------------------------------
