-----------------------------------------------------------
Server listening on 5203 (test #1)
-----------------------------------------------------------
Accepted connection from 10.0.0.1, port 34608
[  5] local 10.0.0.2 port 5203 connected to 10.0.0.1 port 35456
[ ID] Interval           Transfer     Bitrate         Jitter    Lost/Total Datagrams
[  5]   0.00-1.00   sec  3.97 MBytes  33.3 Mbits/sec  1.525 ms  49/2925 (1.7%)  
[  5]   1.00-2.00   sec  4.40 MBytes  37.0 Mbits/sec  1.156 ms  257/3446 (7.5%)  
[  5]   2.00-3.00   sec  4.63 MBytes  38.8 Mbits/sec  1.961 ms  111/3463 (3.2%)  
[  5]   3.00-4.00   sec  4.58 MBytes  38.5 Mbits/sec  1.507 ms  130/3450 (3.8%)  
[  5]   4.00-5.00   sec  4.46 MBytes  37.4 Mbits/sec  1.386 ms  225/3454 (6.5%)  
[  5]   5.00-6.00   sec  4.68 MBytes  39.2 Mbits/sec  1.432 ms  58/3446 (1.7%)  
[  5]   6.00-7.00   sec  4.69 MBytes  39.3 Mbits/sec  1.300 ms  61/3457 (1.8%)  
[  5]   7.00-8.00   sec  4.63 MBytes  38.8 Mbits/sec  1.241 ms  97/3449 (2.8%)  
[  5]   8.00-9.00   sec  4.66 MBytes  39.1 Mbits/sec  1.823 ms  84/3462 (2.4%)  
[  5]   9.00-10.00  sec  4.36 MBytes  36.6 Mbits/sec  1.305 ms  285/3444 (8.3%)  
[  5]  10.00-11.01  sec  4.60 MBytes  38.2 Mbits/sec  1.634 ms  119/3449 (3.5%)  
[  5]  11.01-12.00  sec  4.59 MBytes  38.8 Mbits/sec  0.936 ms  140/3461 (4%)  
[  5]  12.00-13.00  sec  4.68 MBytes  39.3 Mbits/sec  1.256 ms  61/3452 (1.8%)  
[  5]  13.00-14.02  sec  4.60 MBytes  38.0 Mbits/sec  2.521 ms  60/3388 (1.8%)  
[  5]  14.02-15.00  sec  4.57 MBytes  38.9 Mbits/sec  1.623 ms  210/3518 (6%)  
[  5]  15.00-16.00  sec  4.66 MBytes  39.1 Mbits/sec  1.478 ms  76/3453 (2.2%)  
[  5]  16.00-17.00  sec  4.69 MBytes  39.3 Mbits/sec  1.654 ms  60/3454 (1.7%)  
[  5]  17.00-18.00  sec  4.68 MBytes  39.2 Mbits/sec  1.264 ms  64/3452 (1.9%)  
[  5]  18.00-19.00  sec  4.49 MBytes  37.7 Mbits/sec  1.175 ms  201/3455 (5.8%)  
[  5]  19.00-20.00  sec  4.69 MBytes  39.4 Mbits/sec  1.671 ms  50/3447 (1.5%)  
[  5]  20.00-21.00  sec  4.50 MBytes  37.6 Mbits/sec  1.559 ms  174/3432 (5.1%)  
[  5]  21.00-22.00  sec  4.50 MBytes  37.9 Mbits/sec  1.292 ms  216/3476 (6.2%)  
[  5]  22.00-23.00  sec  4.53 MBytes  38.0 Mbits/sec  1.434 ms  170/3452 (4.9%)  
[  5]  23.00-24.00  sec  4.69 MBytes  39.4 Mbits/sec  1.132 ms  61/3460 (1.8%)  
[  5]  24.00-25.00  sec  4.70 MBytes  39.4 Mbits/sec  1.445 ms  49/3453 (1.4%)  
[  5]  25.00-26.00  sec  4.68 MBytes  39.3 Mbits/sec  1.494 ms  58/3450 (1.7%)  
[  5]  26.00-27.00  sec  4.64 MBytes  38.9 Mbits/sec  0.876 ms  98/3456 (2.8%)  
[  5]  27.00-28.00  sec  4.21 MBytes  35.4 Mbits/sec  1.311 ms  400/3452 (12%)  
[  5]  28.00-29.00  sec  4.63 MBytes  38.9 Mbits/sec  1.408 ms  95/3450 (2.8%)  
[  5]  29.00-30.00  sec  4.53 MBytes  38.0 Mbits/sec  1.454 ms  168/3451 (4.9%)  
[  5]  30.00-30.15  sec   725 KBytes  38.9 Mbits/sec  1.141 ms  18/531 (3.4%)  
- - - - - - - - - - - - - - - - - - - - - - - - -
[ ID] Interval           Transfer     Bitrate         Jitter    Lost/Total Datagrams
[SUM]  0.0-30.2 sec  67650 datagrams received out-of-order
[  5]   0.00-30.15  sec   138 MBytes  38.3 Mbits/sec  1.141 ms  3905/103588 (3.8%)  receiver
iperf3: interrupt - the server has terminated
-----------------------------------------------------------
Server listening on 5203 (test #2)
-----------------------------------------------------------
