-----------------------------------------------------------
Server listening on 5203 (test #1)
-----------------------------------------------------------
Accepted connection from 10.0.0.1, port 53416
[  5] local 10.0.0.2 port 5203 connected to 10.0.0.1 port 34122
[ ID] Interval           Transfer     Bitrate         Jitter    Lost/Total Datagrams
[  5]   0.00-1.00   sec  1.14 MBytes  9.57 Mbits/sec  1.757 ms  2/828 (0.24%)  
[  5]   1.00-2.00   sec  1.15 MBytes  9.68 Mbits/sec  2.478 ms  2/838 (0.24%)  
[  5]   2.00-3.00   sec  1.16 MBytes  9.70 Mbits/sec  2.777 ms  3/840 (0.36%)  
[  5]   3.00-4.00   sec  1.15 MBytes  9.68 Mbits/sec  3.965 ms  2/838 (0.24%)  
[  5]   4.00-5.00   sec  1.15 MBytes  9.64 Mbits/sec  1.786 ms  6/838 (0.72%)  
[  5]   5.00-6.00   sec  1.15 MBytes  9.64 Mbits/sec  2.243 ms  7/839 (0.83%)  
[  5]   6.00-7.00   sec  1.15 MBytes  9.68 Mbits/sec  1.793 ms  1/837 (0.12%)  
[  5]   7.00-8.00   sec  1.15 MBytes  9.68 Mbits/sec  2.225 ms  2/838 (0.24%)  
[  5]   8.00-9.00   sec  1.16 MBytes  9.71 Mbits/sec  2.713 ms  1/839 (0.12%)  
[  5]   9.00-10.00  sec  1.15 MBytes  9.63 Mbits/sec  3.800 ms  7/838 (0.84%)  
[  5]  10.00-11.00  sec  1.16 MBytes  9.70 Mbits/sec  1.405 ms  2/839 (0.24%)  
[  5]  11.00-12.00  sec  1.15 MBytes  9.66 Mbits/sec  1.603 ms  3/837 (0.36%)  
[  5]  12.00-13.00  sec  1.15 MBytes  9.68 Mbits/sec  2.944 ms  3/839 (0.36%)  
[  5]  13.00-14.00  sec  1.15 MBytes  9.65 Mbits/sec  2.223 ms  5/838 (0.6%)  
[  5]  14.00-15.00  sec  1.15 MBytes  9.67 Mbits/sec  6.765 ms  2/837 (0.24%)  
[  5]  15.00-16.00  sec  1.16 MBytes  9.71 Mbits/sec  4.143 ms  1/839 (0.12%)  
[  5]  16.00-17.00  sec  1.15 MBytes  9.68 Mbits/sec  2.018 ms  1/837 (0.12%)  
[  5]  17.00-18.00  sec  1.16 MBytes  9.70 Mbits/sec  1.660 ms  2/839 (0.24%)  
[  5]  18.00-19.00  sec  1.15 MBytes  9.68 Mbits/sec  1.985 ms  2/838 (0.24%)  
[  5]  19.00-20.00  sec  1.15 MBytes  9.67 Mbits/sec  2.289 ms  4/839 (0.48%)  
[  5]  20.00-21.00  sec  1.15 MBytes  9.68 Mbits/sec  2.953 ms  2/838 (0.24%)  
[  5]  21.00-22.00  sec  1.16 MBytes  9.71 Mbits/sec  8.756 ms  2/840 (0.24%)  
[  5]  22.00-23.00  sec  1.15 MBytes  9.61 Mbits/sec  1.371 ms  7/837 (0.84%)  
[  5]  23.00-24.00  sec  1.16 MBytes  9.70 Mbits/sec  1.552 ms  1/838 (0.12%)  
[  5]  24.00-25.00  sec  1.15 MBytes  9.68 Mbits/sec  1.757 ms  4/840 (0.48%)  
[  5]  25.00-26.00  sec  1.15 MBytes  9.66 Mbits/sec  3.989 ms  3/837 (0.36%)  
[  5]  26.00-27.00  sec  1.15 MBytes  9.65 Mbits/sec  3.209 ms  4/837 (0.48%)  
[  5]  27.00-28.00  sec  1.16 MBytes  9.71 Mbits/sec  3.672 ms  2/840 (0.24%)  
[  5]  28.00-29.00  sec  1.15 MBytes  9.67 Mbits/sec  1.535 ms  1/836 (0.12%)  
[  5]  29.00-30.00  sec  1.15 MBytes  9.68 Mbits/sec  1.646 ms  3/839 (0.36%)  
[  5]  30.00-30.12  sec   148 KBytes  9.74 Mbits/sec  1.711 ms  0/105 (0%)  
- - - - - - - - - - - - - - - - - - - - - - - - -
[ ID] Interval           Transfer     Bitrate         Jitter    Lost/Total Datagrams
[SUM]  0.0-30.1 sec  5628 datagrams received out-of-order
[  5]   0.00-30.12  sec  34.7 MBytes  9.67 Mbits/sec  1.711 ms  87/25242 (0.34%)  receiver
iperf3: interrupt - the server has terminated
-----------------------------------------------------------
Server listening on 5203 (test #2)
-----------------------------------------------------------
