-----------------------------------------------------------
Server listening on 5202 (test #1)
-----------------------------------------------------------
Accepted connection from 10.0.0.1, port 40624
[  5] local 10.0.0.2 port 5202 connected to 10.0.0.1 port 47426
[ ID] Interval           Transfer     Bitrate         Jitter    Lost/Total Datagrams
[  5]   0.00-1.00   sec  3.37 MBytes  28.2 Mbits/sec  1.062 ms  9/2447 (0.37%)  
[  5]   1.00-2.00   sec  3.46 MBytes  29.1 Mbits/sec  1.228 ms  8/2517 (0.32%)  
[  5]   2.00-3.00   sec  3.46 MBytes  29.0 Mbits/sec  2.758 ms  10/2517 (0.4%)  
[  5]   3.00-4.00   sec  3.47 MBytes  29.1 Mbits/sec  0.505 ms  8/2520 (0.32%)  
[  5]   4.00-5.00   sec  3.47 MBytes  29.1 Mbits/sec  0.741 ms  3/2516 (0.12%)  
[  5]   5.00-6.00   sec  3.46 MBytes  29.0 Mbits/sec  0.495 ms  9/2513 (0.36%)  
[  5]   6.00-7.00   sec  3.46 MBytes  29.0 Mbits/sec  0.749 ms  14/2520 (0.56%)  
[  5]   7.00-8.00   sec  3.47 MBytes  29.1 Mbits/sec  0.610 ms  5/2515 (0.2%)  
[  5]   8.00-9.00   sec  3.47 MBytes  29.1 Mbits/sec  1.206 ms  5/2517 (0.2%)  
[  5]   9.00-10.01  sec  3.49 MBytes  29.1 Mbits/sec  2.065 ms  5/2531 (0.2%)  
[  5]  10.01-11.00  sec  3.44 MBytes  29.0 Mbits/sec  1.760 ms  10/2501 (0.4%)  
[  5]  11.00-12.00  sec  3.47 MBytes  29.1 Mbits/sec  0.605 ms  8/2519 (0.32%)  
[  5]  12.00-13.00  sec  3.47 MBytes  29.1 Mbits/sec  1.283 ms  4/2517 (0.16%)  
[  5]  13.00-14.00  sec  3.46 MBytes  29.1 Mbits/sec  1.490 ms  8/2517 (0.32%)  
[  5]  14.00-15.00  sec  3.47 MBytes  29.1 Mbits/sec  1.373 ms  7/2517 (0.28%)  
[  5]  15.00-16.00  sec  3.47 MBytes  29.1 Mbits/sec  3.491 ms  3/2517 (0.12%)  
[  5]  16.00-17.00  sec  3.47 MBytes  29.1 Mbits/sec  0.894 ms  9/2519 (0.36%)  
[  5]  17.00-18.00  sec  3.46 MBytes  29.0 Mbits/sec  1.287 ms  9/2511 (0.36%)  
[  5]  18.00-19.00  sec  3.46 MBytes  29.0 Mbits/sec  1.434 ms  10/2515 (0.4%)  
[  5]  19.00-20.00  sec  3.47 MBytes  29.1 Mbits/sec  3.516 ms  8/2522 (0.32%)  
[  5]  20.00-21.00  sec  3.45 MBytes  28.9 Mbits/sec  1.544 ms  4/2503 (0.16%)  
[  5]  21.00-22.00  sec  3.47 MBytes  29.1 Mbits/sec  0.803 ms  3/2514 (0.12%)  
[  5]  22.00-23.00  sec  3.47 MBytes  29.1 Mbits/sec  1.875 ms  8/2520 (0.32%)  
[  5]  23.00-24.00  sec  3.46 MBytes  29.0 Mbits/sec  0.573 ms  8/2513 (0.32%)  
[  5]  24.00-25.00  sec  3.47 MBytes  29.1 Mbits/sec  1.305 ms  4/2516 (0.16%)  
[  5]  25.00-26.00  sec  3.47 MBytes  29.1 Mbits/sec  5.114 ms  10/2520 (0.4%)  
[  5]  26.00-27.00  sec  3.46 MBytes  29.0 Mbits/sec  1.076 ms  9/2515 (0.36%)  
[  5]  27.00-28.00  sec  3.46 MBytes  29.0 Mbits/sec  4.893 ms  13/2519 (0.52%)  
[  5]  28.00-29.00  sec  3.46 MBytes  29.0 Mbits/sec  1.186 ms  8/2515 (0.32%)  
[  5]  29.00-30.00  sec  3.46 MBytes  29.0 Mbits/sec  5.626 ms  9/2516 (0.36%)  
[  5]  30.00-30.13  sec   195 KBytes  12.6 Mbits/sec  0.543 ms  18446744073709551615/137 (-0.73%)  
- - - - - - - - - - - - - - - - - - - - - - - - -
[ ID] Interval           Transfer     Bitrate         Jitter    Lost/Total Datagrams
[SUM]  0.0-30.1 sec  42086 datagrams received out-of-order
[  5]   0.00-30.13  sec   104 MBytes  29.0 Mbits/sec  0.543 ms  227/75556 (0.3%)  receiver
iperf3: interrupt - the server has terminated
-----------------------------------------------------------
Server listening on 5202 (test #2)
-----------------------------------------------------------
