-----------------------------------------------------------
Server listening on 5201 (test #1)
-----------------------------------------------------------
Accepted connection from 10.0.0.1, port 60428
[  5] local 10.0.0.2 port 5201 connected to 10.0.0.1 port 33377
[ ID] Interval           Transfer     Bitrate         Jitter    Lost/Total Datagrams
[  5]   0.00-1.00   sec  4.47 MBytes  37.5 Mbits/sec  1.353 ms  14/3253 (0.43%)  
[  5]   1.00-2.00   sec  4.63 MBytes  38.8 Mbits/sec  3.176 ms  3/3354 (0.089%)  
[  5]   2.00-3.00   sec  4.62 MBytes  38.7 Mbits/sec  2.118 ms  15/3360 (0.45%)  
[  5]   3.00-4.00   sec  4.62 MBytes  38.8 Mbits/sec  1.069 ms  10/3355 (0.3%)  
[  5]   4.00-5.00   sec  4.62 MBytes  38.8 Mbits/sec  2.758 ms  7/3354 (0.21%)  
[  5]   5.00-6.00   sec  4.62 MBytes  38.7 Mbits/sec  2.421 ms  12/3356 (0.36%)  
[  5]   6.00-7.00   sec  4.62 MBytes  38.7 Mbits/sec  0.765 ms  14/3358 (0.42%)  
[  5]   7.00-8.00   sec  4.62 MBytes  38.8 Mbits/sec  0.687 ms  8/3355 (0.24%)  
[  5]   8.00-9.00   sec  4.62 MBytes  38.8 Mbits/sec  3.109 ms  9/3356 (0.27%)  
[  5]   9.00-10.00  sec  4.63 MBytes  38.8 Mbits/sec  1.028 ms  5/3355 (0.15%)  
[  5]  10.00-11.00  sec  4.61 MBytes  38.6 Mbits/sec  1.548 ms  9/3344 (0.27%)  
[  5]  11.00-12.00  sec  4.61 MBytes  38.7 Mbits/sec  0.553 ms  18/3358 (0.54%)  
[  5]  12.00-13.00  sec  4.62 MBytes  38.8 Mbits/sec  4.259 ms  4/3351 (0.12%)  
[  5]  13.00-14.00  sec  4.63 MBytes  38.8 Mbits/sec  0.469 ms  11/3361 (0.33%)  
[  5]  14.00-15.00  sec  4.62 MBytes  38.8 Mbits/sec  0.630 ms  7/3355 (0.21%)  
[  5]  15.00-16.00  sec  4.63 MBytes  38.8 Mbits/sec  0.895 ms  4/3354 (0.12%)  
[  5]  16.00-17.00  sec  4.62 MBytes  38.8 Mbits/sec  1.082 ms  8/3357 (0.24%)  
[  5]  17.00-18.00  sec  4.62 MBytes  38.8 Mbits/sec  0.921 ms  3/3350 (0.09%)  
[  5]  18.00-19.00  sec  4.62 MBytes  38.8 Mbits/sec  1.870 ms  8/3357 (0.24%)  
[  5]  19.00-20.00  sec  4.62 MBytes  38.8 Mbits/sec  0.844 ms  9/3358 (0.27%)  
[  5]  20.00-21.00  sec  4.57 MBytes  38.3 Mbits/sec  0.611 ms  9/3316 (0.27%)  
[  5]  21.00-22.00  sec  4.62 MBytes  38.8 Mbits/sec  2.002 ms  7/3354 (0.21%)  
[  5]  22.00-23.00  sec  4.62 MBytes  38.8 Mbits/sec  1.757 ms  12/3360 (0.36%)  
[  5]  23.00-24.00  sec  4.61 MBytes  38.7 Mbits/sec  0.947 ms  11/3352 (0.33%)  
[  5]  24.00-25.00  sec  4.62 MBytes  38.7 Mbits/sec  0.533 ms  14/3356 (0.42%)  
[  5]  25.00-26.00  sec  4.61 MBytes  38.7 Mbits/sec  1.289 ms  14/3354 (0.42%)  
[  5]  26.00-27.00  sec  4.62 MBytes  38.7 Mbits/sec  2.876 ms  8/3351 (0.24%)  
[  5]  27.00-28.00  sec  4.62 MBytes  38.8 Mbits/sec  1.278 ms  7/3356 (0.21%)  
[  5]  28.00-29.00  sec  4.61 MBytes  38.7 Mbits/sec  0.768 ms  17/3354 (0.51%)  
[  5]  29.00-30.00  sec  4.63 MBytes  38.8 Mbits/sec  1.769 ms  7/3358 (0.21%)  
[  5]  30.00-30.13  sec   255 KBytes  16.5 Mbits/sec  0.582 ms  0/180 (0%)  
- - - - - - - - - - - - - - - - - - - - - - - - -
[ ID] Interval           Transfer     Bitrate         Jitter    Lost/Total Datagrams
[SUM]  0.0-30.1 sec  63450 datagrams received out-of-order
[  5]   0.00-30.13  sec   139 MBytes  38.6 Mbits/sec  0.582 ms  284/100692 (0.28%)  receiver
iperf3: interrupt - the server has terminated
-----------------------------------------------------------
Server listening on 5201 (test #2)
-----------------------------------------------------------
