-----------------------------------------------------------
Server listening on 5203 (test #1)
-----------------------------------------------------------
Accepted connection from 10.0.0.1, port 46410
[  5] local 10.0.0.2 port 5203 connected to 10.0.0.1 port 40339
[ ID] Interval           Transfer     Bitrate         Jitter    Lost/Total Datagrams
[  5]   0.00-1.00   sec  1.14 MBytes  9.56 Mbits/sec  1.790 ms  4/829 (0.48%)  
[  5]   1.00-2.00   sec  1.16 MBytes  9.70 Mbits/sec  2.190 ms  2/839 (0.24%)  
[  5]   2.00-3.00   sec  1.15 MBytes  9.68 Mbits/sec  2.926 ms  4/840 (0.48%)  
[  5]   3.00-4.00   sec  1.15 MBytes  9.68 Mbits/sec  9.095 ms  0/836 (0%)  
[  5]   4.00-5.00   sec  1.16 MBytes  9.70 Mbits/sec  1.883 ms  1/838 (0.12%)  
[  5]   5.00-6.00   sec  1.15 MBytes  9.65 Mbits/sec  1.516 ms  5/838 (0.6%)  
[  5]   6.00-7.00   sec  1.16 MBytes  9.70 Mbits/sec  3.031 ms  1/838 (0.12%)  
[  5]   7.00-8.00   sec  1.16 MBytes  9.72 Mbits/sec  2.144 ms  1/840 (0.12%)  
[  5]   8.00-9.00   sec  1.15 MBytes  9.68 Mbits/sec  2.963 ms  1/837 (0.12%)  
[  5]   9.00-10.00  sec  1.15 MBytes  9.65 Mbits/sec  4.445 ms  5/838 (0.6%)  
[  5]  10.00-11.00  sec  1.16 MBytes  9.71 Mbits/sec  1.980 ms  0/838 (0%)  
[  5]  11.00-12.00  sec  1.16 MBytes  9.70 Mbits/sec  1.558 ms  1/838 (0.12%)  
[  5]  12.00-13.00  sec  1.14 MBytes  9.58 Mbits/sec  4.432 ms  4/831 (0.48%)  
[  5]  13.00-14.00  sec  1.16 MBytes  9.77 Mbits/sec  2.459 ms  1/844 (0.12%)  
[  5]  14.00-15.00  sec  1.15 MBytes  9.65 Mbits/sec  8.973 ms  3/836 (0.36%)  
[  5]  15.00-16.00  sec  1.16 MBytes  9.73 Mbits/sec  1.259 ms  0/840 (0%)  
[  5]  16.00-17.00  sec  1.15 MBytes  9.68 Mbits/sec  1.435 ms  2/838 (0.24%)  
[  5]  17.00-18.00  sec  1.15 MBytes  9.68 Mbits/sec  1.904 ms  2/838 (0.24%)  
[  5]  18.00-19.00  sec  1.15 MBytes  9.68 Mbits/sec  2.267 ms  2/838 (0.24%)  
[  5]  19.00-20.00  sec  1.15 MBytes  9.68 Mbits/sec  6.023 ms  1/837 (0.12%)  
[  5]  20.00-21.00  sec  1.16 MBytes  9.71 Mbits/sec  3.538 ms  1/839 (0.12%)  
[  5]  21.00-22.00  sec  1.15 MBytes  9.66 Mbits/sec  1.358 ms  5/839 (0.6%)  
[  5]  22.00-23.00  sec  1.15 MBytes  9.67 Mbits/sec  1.517 ms  2/837 (0.24%)  
[  5]  23.00-24.00  sec  1.15 MBytes  9.65 Mbits/sec  2.587 ms  7/840 (0.83%)  
[  5]  24.00-25.00  sec  1.15 MBytes  9.68 Mbits/sec  3.615 ms  2/838 (0.24%)  
[  5]  25.00-26.00  sec  1.15 MBytes  9.67 Mbits/sec  8.035 ms  3/838 (0.36%)  
[  5]  26.00-27.00  sec  1.16 MBytes  9.70 Mbits/sec  1.457 ms  1/838 (0.12%)  
[  5]  27.00-28.00  sec  1.15 MBytes  9.67 Mbits/sec  1.674 ms  3/838 (0.36%)  
[  5]  28.00-29.00  sec  1.15 MBytes  9.66 Mbits/sec  3.902 ms  3/837 (0.36%)  
[  5]  29.00-30.00  sec  1.16 MBytes  9.70 Mbits/sec  4.898 ms  4/841 (0.48%)  
[  5]  30.00-30.15  sec   173 KBytes  9.57 Mbits/sec  1.315 ms  18446744073709551615/121 (-0.83%)  
- - - - - - - - - - - - - - - - - - - - - - - - -
[ ID] Interval           Transfer     Bitrate         Jitter    Lost/Total Datagrams
[SUM]  0.0-30.1 sec  5727 datagrams received out-of-order
[  5]   0.00-30.15  sec  34.8 MBytes  9.68 Mbits/sec  1.315 ms  70/25257 (0.28%)  receiver
iperf3: interrupt - the server has terminated
-----------------------------------------------------------
Server listening on 5203 (test #2)
-----------------------------------------------------------
