-----------------------------------------------------------
Server listening on 5202 (test #1)
-----------------------------------------------------------
Accepted connection from 10.0.0.1, port 45702
[  5] local 10.0.0.2 port 5202 connected to 10.0.0.1 port 48327
[ ID] Interval           Transfer     Bitrate         Jitter    Lost/Total Datagrams
[  5]   0.00-1.00   sec  3.37 MBytes  28.3 Mbits/sec  3.121 ms  4/2447 (0.16%)  
[  5]   1.00-2.00   sec  3.46 MBytes  29.0 Mbits/sec  1.711 ms  6/2508 (0.24%)  
[  5]   2.00-3.00   sec  3.46 MBytes  29.0 Mbits/sec  5.459 ms  10/2516 (0.4%)  
[  5]   3.00-4.00   sec  3.46 MBytes  29.1 Mbits/sec  1.408 ms  11/2520 (0.44%)  
[  5]   4.00-5.00   sec  3.47 MBytes  29.1 Mbits/sec  1.330 ms  0/2513 (0%)  
[  5]   5.00-6.00   sec  3.46 MBytes  29.0 Mbits/sec  0.626 ms  10/2515 (0.4%)  
[  5]   6.00-7.00   sec  3.47 MBytes  29.1 Mbits/sec  4.290 ms  5/2516 (0.2%)  
[  5]   7.00-8.00   sec  3.46 MBytes  29.1 Mbits/sec  1.086 ms  10/2519 (0.4%)  
[  5]   8.00-9.00   sec  3.47 MBytes  29.1 Mbits/sec  3.368 ms  7/2520 (0.28%)  
[  5]   9.00-10.00  sec  3.46 MBytes  29.0 Mbits/sec  0.661 ms  10/2516 (0.4%)  
[  5]  10.00-11.00  sec  3.47 MBytes  29.1 Mbits/sec  1.694 ms  5/2516 (0.2%)  
[  5]  11.00-12.00  sec  3.47 MBytes  29.1 Mbits/sec  0.399 ms  7/2517 (0.28%)  
[  5]  12.00-13.00  sec  3.37 MBytes  28.3 Mbits/sec  0.478 ms  8/2448 (0.33%)  
[  5]  13.00-14.00  sec  3.49 MBytes  29.2 Mbits/sec  0.773 ms  6/2530 (0.24%)  
[  5]  14.00-15.00  sec  3.46 MBytes  29.0 Mbits/sec  1.995 ms  9/2515 (0.36%)  
[  5]  15.00-16.00  sec  3.46 MBytes  29.0 Mbits/sec  0.722 ms  10/2517 (0.4%)  
[  5]  16.00-17.00  sec  3.46 MBytes  29.0 Mbits/sec  0.869 ms  10/2516 (0.4%)  
[  5]  17.00-18.00  sec  3.46 MBytes  29.0 Mbits/sec  0.814 ms  13/2518 (0.52%)  
[  5]  18.00-19.00  sec  3.46 MBytes  29.1 Mbits/sec  2.142 ms  11/2519 (0.44%)  
[  5]  19.00-20.00  sec  3.46 MBytes  29.1 Mbits/sec  0.853 ms  6/2515 (0.24%)  
[  5]  20.00-21.00  sec  3.47 MBytes  29.1 Mbits/sec  2.721 ms  2/2514 (0.08%)  
[  5]  21.00-22.00  sec  3.48 MBytes  29.2 Mbits/sec  0.900 ms  3/2521 (0.12%)  
[  5]  22.00-23.00  sec  3.46 MBytes  29.1 Mbits/sec  2.343 ms  8/2516 (0.32%)  
[  5]  23.00-24.00  sec  3.42 MBytes  28.7 Mbits/sec  3.633 ms  6/2480 (0.24%)  
[  5]  24.00-25.00  sec  3.47 MBytes  29.1 Mbits/sec  0.570 ms  4/2518 (0.16%)  
[  5]  25.00-26.00  sec  3.46 MBytes  29.1 Mbits/sec  4.406 ms  7/2515 (0.28%)  
[  5]  26.00-27.00  sec  3.47 MBytes  29.1 Mbits/sec  0.602 ms  6/2517 (0.24%)  
[  5]  27.00-28.00  sec  3.46 MBytes  29.0 Mbits/sec  1.612 ms  14/2521 (0.56%)  
[  5]  28.00-29.00  sec  3.46 MBytes  29.0 Mbits/sec  1.504 ms  6/2513 (0.24%)  
[  5]  29.00-30.00  sec  3.46 MBytes  29.1 Mbits/sec  6.293 ms  9/2518 (0.36%)  
[  5]  30.00-30.15  sec   195 KBytes  10.8 Mbits/sec  0.500 ms  18446744073709551614/136 (-1.5%)  
- - - - - - - - - - - - - - - - - - - - - - - - -
[ ID] Interval           Transfer     Bitrate         Jitter    Lost/Total Datagrams
[SUM]  0.0-30.1 sec  42179 datagrams received out-of-order
[  5]   0.00-30.15  sec   104 MBytes  28.9 Mbits/sec  0.500 ms  221/75470 (0.29%)  receiver
iperf3: interrupt - the server has terminated
-----------------------------------------------------------
Server listening on 5202 (test #2)
-----------------------------------------------------------
