-----------------------------------------------------------
Server listening on 5201 (test #1)
-----------------------------------------------------------
Accepted connection from 10.0.0.1, port 51932
[  5] local 10.0.0.2 port 5201 connected to 10.0.0.1 port 33232
[ ID] Interval           Transfer     Bitrate         Jitter    Lost/Total Datagrams
[  5]   0.00-1.00   sec  4.47 MBytes  37.5 Mbits/sec  0.484 ms  7/3247 (0.22%)  
[  5]   1.00-2.00   sec  4.58 MBytes  38.4 Mbits/sec  2.696 ms  16/3333 (0.48%)  
[  5]   2.00-3.00   sec  4.62 MBytes  38.8 Mbits/sec  0.447 ms  6/3353 (0.18%)  
[  5]   3.00-4.00   sec  4.62 MBytes  38.8 Mbits/sec  2.121 ms  14/3361 (0.42%)  
[  5]   4.00-5.00   sec  4.62 MBytes  38.8 Mbits/sec  1.473 ms  6/3354 (0.18%)  
[  5]   5.00-6.00   sec  4.62 MBytes  38.7 Mbits/sec  1.112 ms  11/3355 (0.33%)  
[  5]   6.00-7.00   sec  4.62 MBytes  38.7 Mbits/sec  2.383 ms  14/3356 (0.42%)  
[  5]   7.00-8.00   sec  4.63 MBytes  38.8 Mbits/sec  1.906 ms  6/3356 (0.18%)  
[  5]   8.00-9.00   sec  4.62 MBytes  38.7 Mbits/sec  1.001 ms  10/3352 (0.3%)  
[  5]   9.00-10.00  sec  4.62 MBytes  38.8 Mbits/sec  4.132 ms  10/3358 (0.3%)  
[  5]  10.00-11.00  sec  4.61 MBytes  38.7 Mbits/sec  1.003 ms  17/3357 (0.51%)  
[  5]  11.00-12.00  sec  4.61 MBytes  38.7 Mbits/sec  0.384 ms  19/3358 (0.57%)  
[  5]  12.00-13.00  sec  4.47 MBytes  37.5 Mbits/sec  0.336 ms  10/3250 (0.31%)  
[  5]  13.00-14.00  sec  4.65 MBytes  39.0 Mbits/sec  1.430 ms  4/3373 (0.12%)  
[  5]  14.00-15.00  sec  4.62 MBytes  38.8 Mbits/sec  0.614 ms  8/3355 (0.24%)  
[  5]  15.00-16.00  sec  4.63 MBytes  38.8 Mbits/sec  1.178 ms  4/3355 (0.12%)  
[  5]  16.00-17.00  sec  4.62 MBytes  38.8 Mbits/sec  0.675 ms  6/3355 (0.18%)  
[  5]  17.00-18.00  sec  4.61 MBytes  38.7 Mbits/sec  0.467 ms  15/3356 (0.45%)  
[  5]  18.00-19.00  sec  4.62 MBytes  38.8 Mbits/sec  0.599 ms  9/3356 (0.27%)  
[  5]  19.00-20.00  sec  4.62 MBytes  38.7 Mbits/sec  1.228 ms  13/3358 (0.39%)  
[  5]  20.00-21.00  sec  4.62 MBytes  38.8 Mbits/sec  0.698 ms  8/3355 (0.24%)  
[  5]  21.00-22.00  sec  4.63 MBytes  38.8 Mbits/sec  0.728 ms  2/3352 (0.06%)  
[  5]  22.00-23.00  sec  4.62 MBytes  38.8 Mbits/sec  4.461 ms  13/3361 (0.39%)  
[  5]  23.00-24.00  sec  4.53 MBytes  38.0 Mbits/sec  0.641 ms  7/3287 (0.21%)  
[  5]  24.00-25.00  sec  4.61 MBytes  38.7 Mbits/sec  2.475 ms  13/3354 (0.39%)  
[  5]  25.00-26.00  sec  4.62 MBytes  38.7 Mbits/sec  1.310 ms  16/3359 (0.48%)  
[  5]  26.00-27.00  sec  4.63 MBytes  38.8 Mbits/sec  0.711 ms  3/3354 (0.089%)  
[  5]  27.00-28.00  sec  4.63 MBytes  38.8 Mbits/sec  1.276 ms  7/3357 (0.21%)  
[  5]  28.00-29.00  sec  4.62 MBytes  38.7 Mbits/sec  2.255 ms  10/3355 (0.3%)  
[  5]  29.00-30.00  sec  4.62 MBytes  38.7 Mbits/sec  0.477 ms  13/3356 (0.39%)  
[  5]  30.00-30.09  sec   294 KBytes  25.4 Mbits/sec  0.466 ms  18446744073709551614/206 (-0.97%)  
- - - - - - - - - - - - - - - - - - - - - - - - -
[ ID] Interval           Transfer     Bitrate         Jitter    Lost/Total Datagrams
[SUM]  0.0-30.1 sec  63529 datagrams received out-of-order
[  5]   0.00-30.09  sec   139 MBytes  38.6 Mbits/sec  0.466 ms  295/100594 (0.29%)  receiver
iperf3: interrupt - the server has terminated
-----------------------------------------------------------
Server listening on 5201 (test #2)
-----------------------------------------------------------
