-----------------------------------------------------------
Server listening on 5202 (test #1)
-----------------------------------------------------------
Accepted connection from 10.0.0.1, port 54192
[  5] local 10.0.0.2 port 5202 connected to 10.0.0.1 port 47056
[ ID] Interval           Transfer     Bitrate         Jitter    Lost/Total Datagrams
[  5]   0.00-1.00   sec  3.45 MBytes  28.9 Mbits/sec  1.638 ms  1662/4159 (40%)  
[  5]   1.00-2.00   sec  3.47 MBytes  29.1 Mbits/sec  1.210 ms  1798/4309 (42%)  
[  5]   2.00-3.00   sec  3.47 MBytes  29.1 Mbits/sec  1.031 ms  1806/4316 (42%)  
[  5]   3.00-4.00   sec  3.46 MBytes  29.0 Mbits/sec  1.009 ms  1807/4312 (42%)  
[  5]   4.00-5.00   sec  3.43 MBytes  28.7 Mbits/sec  1.344 ms  1786/4267 (42%)  
[  5]   5.00-6.00   sec  3.27 MBytes  27.4 Mbits/sec  1.922 ms  1769/4138 (43%)  
[  5]   6.00-7.00   sec  3.61 MBytes  30.2 Mbits/sec  1.057 ms  1938/4549 (43%)  
[  5]   7.00-8.00   sec  3.46 MBytes  29.1 Mbits/sec  1.455 ms  1802/4311 (42%)  
[  5]   8.00-9.00   sec  3.47 MBytes  29.1 Mbits/sec  1.027 ms  1804/4319 (42%)  
[  5]   9.00-10.00  sec  3.46 MBytes  29.0 Mbits/sec  1.158 ms  1817/4322 (42%)  
[  5]  10.00-11.00  sec  3.46 MBytes  29.1 Mbits/sec  0.907 ms  1804/4313 (42%)  
[  5]  11.00-12.00  sec  3.46 MBytes  29.1 Mbits/sec  1.335 ms  1811/4320 (42%)  
[  5]  12.00-13.00  sec  3.46 MBytes  29.1 Mbits/sec  1.043 ms  1803/4311 (42%)  
[  5]  13.00-14.00  sec  3.47 MBytes  29.1 Mbits/sec  1.143 ms  1804/4318 (42%)  
[  5]  14.00-15.00  sec  3.47 MBytes  29.1 Mbits/sec  1.172 ms  1807/4319 (42%)  
[  5]  15.00-16.00  sec  3.46 MBytes  29.0 Mbits/sec  1.257 ms  1809/4313 (42%)  
[  5]  16.00-17.00  sec  3.47 MBytes  29.1 Mbits/sec  1.167 ms  1810/4321 (42%)  
[  5]  17.00-18.00  sec  3.45 MBytes  29.0 Mbits/sec  1.382 ms  1814/4315 (42%)  
[  5]  18.00-19.00  sec  3.46 MBytes  29.1 Mbits/sec  1.012 ms  1812/4321 (42%)  
[  5]  19.00-20.00  sec  3.46 MBytes  29.0 Mbits/sec  1.182 ms  1804/4309 (42%)  
[  5]  20.00-21.00  sec  3.47 MBytes  29.1 Mbits/sec  1.226 ms  1808/4319 (42%)  
[  5]  21.00-22.00  sec  3.47 MBytes  29.1 Mbits/sec  1.155 ms  1803/4316 (42%)  
[  5]  22.00-23.00  sec  3.46 MBytes  29.1 Mbits/sec  1.317 ms  1803/4312 (42%)  
[  5]  23.00-24.00  sec  3.46 MBytes  29.0 Mbits/sec  1.504 ms  1819/4326 (42%)  
[  5]  24.00-25.00  sec  3.47 MBytes  29.1 Mbits/sec  1.024 ms  1800/4310 (42%)  
[  5]  25.00-26.00  sec  3.38 MBytes  28.3 Mbits/sec  0.625 ms  1767/4214 (42%)  
[  5]  26.00-27.00  sec  3.55 MBytes  29.8 Mbits/sec  1.621 ms  1845/4416 (42%)  
[  5]  27.00-28.00  sec  3.46 MBytes  29.0 Mbits/sec  1.400 ms  1814/4317 (42%)  
[  5]  28.00-29.00  sec  3.46 MBytes  29.1 Mbits/sec  1.132 ms  1816/4324 (42%)  
[  5]  29.00-30.00  sec  3.46 MBytes  29.0 Mbits/sec  1.063 ms  1801/4308 (42%)  
[  5]  30.00-30.04  sec   134 KBytes  28.7 Mbits/sec  1.038 ms  65/160 (41%)  
- - - - - - - - - - - - - - - - - - - - - - - - -
[ ID] Interval           Transfer     Bitrate         Jitter    Lost/Total Datagrams
[SUM]  0.0-30.0 sec  43832 datagrams received out-of-order
[  5]   0.00-30.04  sec   104 MBytes  29.0 Mbits/sec  1.038 ms  54208/129484 (42%)  receiver
iperf3: interrupt - the server has terminated
-----------------------------------------------------------
Server listening on 5202 (test #2)
-----------------------------------------------------------
