-----------------------------------------------------------
Server listening on 5201 (test #1)
-----------------------------------------------------------
Accepted connection from 10.0.0.1, port 58926
[  5] local 10.0.0.2 port 5201 connected to 10.0.0.1 port 51522
[ ID] Interval           Transfer     Bitrate         Jitter    Lost/Total Datagrams
[  5]   0.00-1.00   sec  4.47 MBytes  37.5 Mbits/sec  2.398 ms  11/3249 (0.34%)  
[  5]   1.00-2.00   sec  4.55 MBytes  38.2 Mbits/sec  1.187 ms  15/3312 (0.45%)  
[  5]   2.00-3.00   sec  4.62 MBytes  38.7 Mbits/sec  0.699 ms  10/3352 (0.3%)  
[  5]   3.00-4.00   sec  4.62 MBytes  38.7 Mbits/sec  0.541 ms  16/3360 (0.48%)  
[  5]   4.00-5.00   sec  4.62 MBytes  38.7 Mbits/sec  2.507 ms  8/3353 (0.24%)  
[  5]   5.00-6.00   sec  4.62 MBytes  38.7 Mbits/sec  0.611 ms  10/3354 (0.3%)  
[  5]   6.00-7.00   sec  4.58 MBytes  38.5 Mbits/sec  1.875 ms  7/3327 (0.21%)  
[  5]   7.00-8.00   sec  4.62 MBytes  38.7 Mbits/sec  0.894 ms  14/3356 (0.42%)  
[  5]   8.00-9.00   sec  4.62 MBytes  38.8 Mbits/sec  0.468 ms  8/3357 (0.24%)  
[  5]   9.00-10.00  sec  4.62 MBytes  38.7 Mbits/sec  2.733 ms  11/3355 (0.33%)  
[  5]  10.00-11.00  sec  4.61 MBytes  38.7 Mbits/sec  2.135 ms  15/3356 (0.45%)  
[  5]  11.00-12.00  sec  4.54 MBytes  38.1 Mbits/sec  1.783 ms  14/3301 (0.42%)  
[  5]  12.00-13.00  sec  4.62 MBytes  38.7 Mbits/sec  2.222 ms  13/3355 (0.39%)  
[  5]  13.00-14.00  sec  4.62 MBytes  38.8 Mbits/sec  0.367 ms  10/3357 (0.3%)  
[  5]  14.00-15.00  sec  4.61 MBytes  38.7 Mbits/sec  0.440 ms  17/3356 (0.51%)  
[  5]  15.00-16.00  sec  4.63 MBytes  38.8 Mbits/sec  0.742 ms  4/3356 (0.12%)  
[  5]  16.00-17.00  sec  4.56 MBytes  38.3 Mbits/sec  0.562 ms  12/3317 (0.36%)  
[  5]  17.00-18.00  sec  4.61 MBytes  38.7 Mbits/sec  3.536 ms  16/3355 (0.48%)  
[  5]  18.00-19.00  sec  4.63 MBytes  38.8 Mbits/sec  1.134 ms  5/3356 (0.15%)  
[  5]  19.00-20.00  sec  4.63 MBytes  38.8 Mbits/sec  1.179 ms  9/3360 (0.27%)  
[  5]  20.00-21.00  sec  4.61 MBytes  38.7 Mbits/sec  0.363 ms  11/3352 (0.33%)  
[  5]  21.00-22.00  sec  4.63 MBytes  38.8 Mbits/sec  3.020 ms  5/3355 (0.15%)  
[  5]  22.00-23.00  sec  4.57 MBytes  38.4 Mbits/sec  1.174 ms  8/3319 (0.24%)  
[  5]  23.00-24.00  sec  4.62 MBytes  38.7 Mbits/sec  0.500 ms  11/3356 (0.33%)  
[  5]  24.00-25.00  sec  4.62 MBytes  38.8 Mbits/sec  3.518 ms  7/3355 (0.21%)  
[  5]  25.00-26.00  sec  4.62 MBytes  38.7 Mbits/sec  2.528 ms  10/3355 (0.3%)  
[  5]  26.00-27.00  sec  4.62 MBytes  38.7 Mbits/sec  1.827 ms  18/3360 (0.54%)  
[  5]  27.00-28.00  sec  4.59 MBytes  38.5 Mbits/sec  0.572 ms  5/3330 (0.15%)  
[  5]  28.00-29.00  sec  4.62 MBytes  38.8 Mbits/sec  1.316 ms  14/3360 (0.42%)  
[  5]  29.00-30.00  sec  4.61 MBytes  38.7 Mbits/sec  3.342 ms  11/3352 (0.33%)  
[  5]  30.00-30.12  sec   253 KBytes  17.0 Mbits/sec  0.422 ms  18446744073709551614/177 (-1.1%)  
- - - - - - - - - - - - - - - - - - - - - - - - -
[ ID] Interval           Transfer     Bitrate         Jitter    Lost/Total Datagrams
[SUM]  0.0-30.1 sec  63369 datagrams received out-of-order
[  5]   0.00-30.12  sec   138 MBytes  38.5 Mbits/sec  0.422 ms  323/100515 (0.32%)  receiver
iperf3: interrupt - the server has terminated
-----------------------------------------------------------
Server listening on 5201 (test #2)
-----------------------------------------------------------
