-----------------------------------------------------------
Server listening on 5203 (test #1)
-----------------------------------------------------------
Accepted connection from 10.0.0.1, port 40178
[  5] local 10.0.0.2 port 5203 connected to 10.0.0.1 port 41994
[ ID] Interval           Transfer     Bitrate         Jitter    Lost/Total Datagrams
[  5]   0.00-1.00   sec  1.14 MBytes  9.56 Mbits/sec  1.846 ms  3/828 (0.36%)  
[  5]   1.00-2.00   sec  1.15 MBytes  9.66 Mbits/sec  4.089 ms  5/839 (0.6%)  
[  5]   2.00-3.00   sec  1.15 MBytes  9.65 Mbits/sec  2.732 ms  5/838 (0.6%)  
[  5]   3.00-4.00   sec  1.15 MBytes  9.67 Mbits/sec  10.036 ms  2/837 (0.24%)  
[  5]   4.00-5.00   sec  1.16 MBytes  9.71 Mbits/sec  1.420 ms  2/840 (0.24%)  
[  5]   5.00-6.00   sec  1.15 MBytes  9.66 Mbits/sec  1.666 ms  1/835 (0.12%)  
[  5]   6.00-7.00   sec  1.15 MBytes  9.68 Mbits/sec  3.283 ms  4/840 (0.48%)  
[  5]   7.00-8.00   sec  1.15 MBytes  9.68 Mbits/sec  2.088 ms  3/839 (0.36%)  
[  5]   8.00-9.00   sec  1.15 MBytes  9.67 Mbits/sec  5.543 ms  4/839 (0.48%)  
[  5]   9.00-10.00  sec  1.15 MBytes  9.67 Mbits/sec  3.582 ms  3/838 (0.36%)  
[  5]  10.00-11.00  sec  1.16 MBytes  9.70 Mbits/sec  1.320 ms  1/838 (0.12%)  
[  5]  11.00-12.00  sec  1.15 MBytes  9.66 Mbits/sec  2.401 ms  4/838 (0.48%)  
[  5]  12.00-13.00  sec  1.15 MBytes  9.67 Mbits/sec  1.932 ms  2/837 (0.24%)  
[  5]  13.00-14.00  sec  1.16 MBytes  9.71 Mbits/sec  2.299 ms  0/838 (0%)  
[  5]  14.00-15.00  sec  1.16 MBytes  9.71 Mbits/sec  5.499 ms  2/840 (0.24%)  
[  5]  15.00-16.00  sec  1.15 MBytes  9.68 Mbits/sec  3.776 ms  2/838 (0.24%)  
[  5]  16.00-17.00  sec  1.15 MBytes  9.66 Mbits/sec  1.405 ms  4/838 (0.48%)  
[  5]  17.00-18.00  sec  1.16 MBytes  9.70 Mbits/sec  1.430 ms  3/840 (0.36%)  
[  5]  18.00-19.00  sec  1.15 MBytes  9.65 Mbits/sec  1.715 ms  4/837 (0.48%)  
[  5]  19.00-20.00  sec  1.15 MBytes  9.68 Mbits/sec  2.062 ms  2/838 (0.24%)  
[  5]  20.00-21.00  sec  1.16 MBytes  9.70 Mbits/sec  2.816 ms  1/838 (0.12%)  
[  5]  21.00-22.00  sec  1.15 MBytes  9.67 Mbits/sec  3.852 ms  4/839 (0.48%)  
[  5]  22.00-23.00  sec  1.15 MBytes  9.67 Mbits/sec  1.373 ms  4/839 (0.48%)  
[  5]  23.00-24.00  sec  1.15 MBytes  9.66 Mbits/sec  1.508 ms  4/838 (0.48%)  
[  5]  24.00-25.00  sec  1.16 MBytes  9.71 Mbits/sec  1.615 ms  18446744073709551615/837 (-0.12%)  
[  5]  25.00-26.00  sec  1.15 MBytes  9.67 Mbits/sec  2.211 ms  3/838 (0.36%)  
[  5]  26.00-27.00  sec  1.16 MBytes  9.70 Mbits/sec  2.825 ms  2/839 (0.24%)  
[  5]  27.00-28.00  sec  1.16 MBytes  9.71 Mbits/sec  3.634 ms  1/839 (0.12%)  
[  5]  28.00-29.00  sec  1.15 MBytes  9.66 Mbits/sec  1.422 ms  4/838 (0.48%)  
[  5]  29.00-30.00  sec  1.15 MBytes  9.67 Mbits/sec  1.556 ms  2/837 (0.24%)  
[  5]  30.00-30.12  sec   147 KBytes  9.68 Mbits/sec  1.781 ms  0/104 (0%)  
- - - - - - - - - - - - - - - - - - - - - - - - -
[ ID] Interval           Transfer     Bitrate         Jitter    Lost/Total Datagrams
[SUM]  0.0-30.1 sec  5749 datagrams received out-of-order
[  5]   0.00-30.12  sec  34.7 MBytes  9.68 Mbits/sec  1.781 ms  80/25241 (0.32%)  receiver
iperf3: interrupt - the server has terminated
-----------------------------------------------------------
Server listening on 5203 (test #2)
-----------------------------------------------------------
