-----------------------------------------------------------
Server listening on 5202 (test #1)
-----------------------------------------------------------
Accepted connection from 10.0.0.1, port 46778
[  5] local 10.0.0.2 port 5202 connected to 10.0.0.1 port 42797
[ ID] Interval           Transfer     Bitrate         Jitter    Lost/Total Datagrams
[  5]   0.00-1.00   sec  3.29 MBytes  27.6 Mbits/sec  1.620 ms  28/2409 (1.2%)  
[  5]   1.00-2.00   sec  3.50 MBytes  29.4 Mbits/sec  1.544 ms  0/2536 (0%)  
[  5]   2.00-3.00   sec  3.47 MBytes  29.1 Mbits/sec  0.570 ms  0/2514 (0%)  
[  5]   3.00-4.00   sec  3.46 MBytes  29.1 Mbits/sec  1.806 ms  7/2516 (0.28%)  
[  5]   4.00-5.00   sec  3.46 MBytes  29.0 Mbits/sec  0.609 ms  13/2517 (0.52%)  
[  5]   5.00-6.00   sec  3.47 MBytes  29.1 Mbits/sec  1.471 ms  5/2520 (0.2%)  
[  5]   6.00-7.00   sec  3.46 MBytes  29.1 Mbits/sec  3.561 ms  5/2514 (0.2%)  
[  5]   7.00-8.00   sec  3.46 MBytes  29.1 Mbits/sec  1.448 ms  9/2517 (0.36%)  
[  5]   8.00-9.00   sec  3.46 MBytes  29.1 Mbits/sec  3.639 ms  7/2516 (0.28%)  
[  5]   9.00-10.00  sec  3.47 MBytes  29.1 Mbits/sec  0.588 ms  3/2515 (0.12%)  
[  5]  10.00-11.00  sec  3.46 MBytes  29.1 Mbits/sec  4.673 ms  13/2521 (0.52%)  
[  5]  11.00-12.00  sec  3.47 MBytes  29.1 Mbits/sec  0.718 ms  4/2516 (0.16%)  
[  5]  12.00-13.00  sec  3.46 MBytes  29.1 Mbits/sec  0.835 ms  8/2516 (0.32%)  
[  5]  13.00-14.00  sec  3.47 MBytes  29.1 Mbits/sec  1.009 ms  2/2517 (0.079%)  
[  5]  14.00-15.00  sec  3.47 MBytes  29.1 Mbits/sec  0.726 ms  5/2516 (0.2%)  
[  5]  15.00-16.00  sec  3.47 MBytes  29.1 Mbits/sec  2.927 ms  8/2520 (0.32%)  
[  5]  16.00-17.00  sec  3.46 MBytes  29.1 Mbits/sec  0.697 ms  5/2513 (0.2%)  
[  5]  17.00-18.00  sec  3.47 MBytes  29.1 Mbits/sec  4.946 ms  7/2521 (0.28%)  
[  5]  18.00-19.00  sec  3.46 MBytes  29.0 Mbits/sec  0.516 ms  11/2517 (0.44%)  
[  5]  19.00-20.00  sec  3.46 MBytes  29.0 Mbits/sec  1.936 ms  8/2513 (0.32%)  
[  5]  20.00-21.00  sec  3.46 MBytes  29.0 Mbits/sec  0.962 ms  9/2515 (0.36%)  
[  5]  21.00-22.00  sec  3.46 MBytes  29.0 Mbits/sec  2.249 ms  15/2519 (0.6%)  
[  5]  22.00-23.00  sec  3.46 MBytes  29.1 Mbits/sec  1.538 ms  8/2517 (0.32%)  
[  5]  23.00-24.00  sec  3.46 MBytes  29.1 Mbits/sec  3.004 ms  7/2516 (0.28%)  
[  5]  24.00-25.00  sec  3.47 MBytes  29.1 Mbits/sec  0.757 ms  5/2516 (0.2%)  
[  5]  25.00-26.00  sec  3.47 MBytes  29.1 Mbits/sec  0.955 ms  4/2516 (0.16%)  
[  5]  26.00-27.00  sec  3.47 MBytes  29.1 Mbits/sec  0.475 ms  6/2519 (0.24%)  
[  5]  27.00-28.00  sec  3.46 MBytes  29.0 Mbits/sec  1.695 ms  9/2516 (0.36%)  
[  5]  28.00-29.00  sec  3.47 MBytes  29.1 Mbits/sec  0.783 ms  2/2518 (0.079%)  
[  5]  29.00-30.00  sec  3.47 MBytes  29.1 Mbits/sec  1.555 ms  4/2517 (0.16%)  
[  5]  30.00-30.13  sec   242 KBytes  15.6 Mbits/sec  0.470 ms  18446744073709551615/170 (-0.59%)  
- - - - - - - - - - - - - - - - - - - - - - - - -
[ ID] Interval           Transfer     Bitrate         Jitter    Lost/Total Datagrams
[SUM]  0.0-30.1 sec  42316 datagrams received out-of-order
[  5]   0.00-30.13  sec   104 MBytes  29.0 Mbits/sec  0.470 ms  216/75583 (0.29%)  receiver
iperf3: interrupt - the server has terminated
-----------------------------------------------------------
Server listening on 5202 (test #2)
-----------------------------------------------------------
