-----------------------------------------------------------
Server listening on 5201 (test #1)
-----------------------------------------------------------
Accepted connection from 10.0.0.1, port 40122
[  5] local 10.0.0.2 port 5201 connected to 10.0.0.1 port 35454
[ ID] Interval           Transfer     Bitrate         Jitter    Lost/Total Datagrams
[  5]   0.00-1.00   sec  4.38 MBytes  36.7 Mbits/sec  3.268 ms  25/3195 (0.78%)  
[  5]   1.00-2.00   sec  4.64 MBytes  38.9 Mbits/sec  0.913 ms  18446744073709551612/3353 (-0.12%)  
[  5]   2.00-3.00   sec  4.62 MBytes  38.7 Mbits/sec  2.738 ms  14/3359 (0.42%)  
[  5]   3.00-4.00   sec  4.62 MBytes  38.7 Mbits/sec  1.424 ms  11/3354 (0.33%)  
[  5]   4.00-5.00   sec  4.61 MBytes  38.7 Mbits/sec  1.854 ms  17/3357 (0.51%)  
[  5]   5.00-6.00   sec  4.62 MBytes  38.8 Mbits/sec  0.562 ms  11/3357 (0.33%)  
[  5]   6.00-7.00   sec  4.62 MBytes  38.8 Mbits/sec  1.994 ms  6/3354 (0.18%)  
[  5]   7.00-8.00   sec  4.62 MBytes  38.7 Mbits/sec  1.378 ms  12/3355 (0.36%)  
[  5]   8.00-9.00   sec  4.62 MBytes  38.8 Mbits/sec  0.696 ms  11/3359 (0.33%)  
[  5]   9.00-10.00  sec  4.63 MBytes  38.8 Mbits/sec  3.034 ms  7/3357 (0.21%)  
[  5]  10.00-11.00  sec  4.62 MBytes  38.7 Mbits/sec  1.643 ms  10/3352 (0.3%)  
[  5]  11.00-12.00  sec  4.61 MBytes  38.7 Mbits/sec  2.722 ms  19/3360 (0.57%)  
[  5]  12.00-13.00  sec  4.62 MBytes  38.8 Mbits/sec  0.586 ms  5/3352 (0.15%)  
[  5]  13.00-14.00  sec  4.62 MBytes  38.8 Mbits/sec  1.445 ms  5/3354 (0.15%)  
[  5]  14.00-15.00  sec  4.61 MBytes  38.7 Mbits/sec  1.367 ms  15/3356 (0.45%)  
[  5]  15.00-16.00  sec  4.62 MBytes  38.7 Mbits/sec  0.618 ms  12/3355 (0.36%)  
[  5]  16.00-17.00  sec  4.63 MBytes  38.8 Mbits/sec  2.186 ms  10/3360 (0.3%)  
[  5]  17.00-18.00  sec  4.62 MBytes  38.7 Mbits/sec  1.832 ms  8/3352 (0.24%)  
[  5]  18.00-19.00  sec  4.61 MBytes  38.7 Mbits/sec  2.403 ms  15/3353 (0.45%)  
[  5]  19.00-20.00  sec  4.62 MBytes  38.8 Mbits/sec  1.076 ms  7/3355 (0.21%)  
[  5]  20.00-21.00  sec  4.62 MBytes  38.7 Mbits/sec  0.658 ms  13/3358 (0.39%)  
[  5]  21.00-22.00  sec  4.61 MBytes  38.7 Mbits/sec  3.047 ms  15/3356 (0.45%)  
[  5]  22.00-23.00  sec  4.63 MBytes  38.8 Mbits/sec  2.849 ms  8/3360 (0.24%)  
[  5]  23.00-24.00  sec  4.62 MBytes  38.8 Mbits/sec  0.865 ms  9/3355 (0.27%)  
[  5]  24.00-25.00  sec  4.62 MBytes  38.7 Mbits/sec  0.667 ms  10/3352 (0.3%)  
[  5]  25.00-26.00  sec  4.62 MBytes  38.7 Mbits/sec  3.855 ms  12/3357 (0.36%)  
[  5]  26.00-27.00  sec  4.62 MBytes  38.8 Mbits/sec  2.061 ms  9/3357 (0.27%)  
[  5]  27.00-28.00  sec  4.61 MBytes  38.7 Mbits/sec  3.087 ms  13/3354 (0.39%)  
[  5]  28.00-29.00  sec  4.62 MBytes  38.8 Mbits/sec  0.487 ms  10/3356 (0.3%)  
[  5]  29.00-30.00  sec  4.62 MBytes  38.7 Mbits/sec  0.419 ms  12/3354 (0.36%)  
[  5]  30.00-30.13  sec   283 KBytes  17.7 Mbits/sec  0.423 ms  0/200 (0%)  
- - - - - - - - - - - - - - - - - - - - - - - - -
[ ID] Interval           Transfer     Bitrate         Jitter    Lost/Total Datagrams
[SUM]  0.0-30.1 sec  63643 datagrams received out-of-order
[  5]   0.00-30.13  sec   139 MBytes  38.6 Mbits/sec  0.423 ms  327/100708 (0.32%)  receiver
iperf3: interrupt - the server has terminated
-----------------------------------------------------------
Server listening on 5201 (test #2)
-----------------------------------------------------------
