-----------------------------------------------------------
Server listening on 5203 (test #1)
-----------------------------------------------------------
Accepted connection from 10.0.0.1, port 52490
[  5] local 10.0.0.2 port 5203 connected to 10.0.0.1 port 52754
[ ID] Interval           Transfer     Bitrate         Jitter    Lost/Total Datagrams
[  5]   0.00-1.01   sec  1.12 MBytes  9.35 Mbits/sec  2.719 ms  8/820 (0.98%)  
[  5]   1.01-2.00   sec  1.17 MBytes  9.89 Mbits/sec  2.224 ms  18446744073709551614/847 (-0.24%)  
[  5]   2.00-3.00   sec  1.15 MBytes  9.68 Mbits/sec  2.939 ms  2/838 (0.24%)  
[  5]   3.00-4.00   sec  1.15 MBytes  9.67 Mbits/sec  3.974 ms  2/838 (0.24%)  
[  5]   4.00-5.00   sec  1.15 MBytes  9.67 Mbits/sec  1.789 ms  4/839 (0.48%)  
[  5]   5.00-6.00   sec  1.15 MBytes  9.68 Mbits/sec  2.174 ms  2/838 (0.24%)  
[  5]   6.00-7.00   sec  1.15 MBytes  9.66 Mbits/sec  1.860 ms  4/838 (0.48%)  
[  5]   7.00-8.00   sec  1.15 MBytes  9.68 Mbits/sec  2.286 ms  2/838 (0.24%)  
[  5]   8.00-9.00   sec  1.15 MBytes  9.67 Mbits/sec  2.962 ms  3/838 (0.36%)  
[  5]   9.00-10.00  sec  1.16 MBytes  9.71 Mbits/sec  3.795 ms  1/839 (0.12%)  
[  5]  10.00-11.00  sec  1.15 MBytes  9.68 Mbits/sec  1.373 ms  2/838 (0.24%)  
[  5]  11.00-12.00  sec  1.15 MBytes  9.68 Mbits/sec  1.493 ms  2/838 (0.24%)  
[  5]  12.00-13.00  sec  1.15 MBytes  9.67 Mbits/sec  1.777 ms  3/838 (0.36%)  
[  5]  13.00-14.00  sec  1.15 MBytes  9.69 Mbits/sec  2.273 ms  3/839 (0.36%)  
[  5]  14.00-15.00  sec  1.15 MBytes  9.68 Mbits/sec  2.816 ms  2/838 (0.24%)  
[  5]  15.00-16.00  sec  1.15 MBytes  9.68 Mbits/sec  3.623 ms  2/838 (0.24%)  
[  5]  16.00-17.00  sec  1.16 MBytes  9.70 Mbits/sec  1.484 ms  0/837 (0%)  
[  5]  17.00-18.00  sec  1.15 MBytes  9.65 Mbits/sec  2.150 ms  7/840 (0.83%)  
[  5]  18.00-19.00  sec  1.15 MBytes  9.68 Mbits/sec  2.912 ms  2/838 (0.24%)  
[  5]  19.00-20.00  sec  1.15 MBytes  9.66 Mbits/sec  4.029 ms  4/838 (0.48%)  
[  5]  20.00-21.00  sec  1.16 MBytes  9.70 Mbits/sec  2.690 ms  2/839 (0.24%)  
[  5]  21.00-22.00  sec  1.15 MBytes  9.68 Mbits/sec  9.181 ms  2/838 (0.24%)  
[  5]  22.00-23.00  sec  1.15 MBytes  9.63 Mbits/sec  1.570 ms  8/839 (0.95%)  
[  5]  23.00-24.00  sec  1.15 MBytes  9.65 Mbits/sec  1.838 ms  5/838 (0.6%)  
[  5]  24.00-25.00  sec  1.16 MBytes  9.72 Mbits/sec  3.407 ms  18446744073709551615/838 (-0.12%)  
[  5]  25.00-26.00  sec  1.15 MBytes  9.64 Mbits/sec  2.398 ms  7/839 (0.83%)  
[  5]  26.00-27.00  sec  1.16 MBytes  9.70 Mbits/sec  3.178 ms  1/838 (0.12%)  
[  5]  27.00-28.00  sec  1.16 MBytes  9.70 Mbits/sec  7.602 ms  1/838 (0.12%)  
[  5]  28.00-29.00  sec  1.15 MBytes  9.67 Mbits/sec  1.435 ms  4/839 (0.48%)  
[  5]  29.00-30.00  sec  1.15 MBytes  9.67 Mbits/sec  1.595 ms  3/838 (0.36%)  
[  5]  30.00-30.13  sec   153 KBytes  9.49 Mbits/sec  1.738 ms  0/108 (0%)  
- - - - - - - - - - - - - - - - - - - - - - - - -
[ ID] Interval           Transfer     Bitrate         Jitter    Lost/Total Datagrams
[SUM]  0.0-30.1 sec  5703 datagrams received out-of-order
[  5]   0.00-30.13  sec  34.7 MBytes  9.67 Mbits/sec  1.738 ms  85/25247 (0.34%)  receiver
iperf3: interrupt - the server has terminated
-----------------------------------------------------------
Server listening on 5203 (test #2)
-----------------------------------------------------------
