-----------------------------------------------------------
Server listening on 5202 (test #1)
-----------------------------------------------------------
Accepted connection from 10.0.0.1, port 37150
[  5] local 10.0.0.2 port 5202 connected to 10.0.0.1 port 49434
[ ID] Interval           Transfer     Bitrate         Jitter    Lost/Total Datagrams
[  5]   0.00-1.00   sec  3.37 MBytes  28.3 Mbits/sec  2.253 ms  10/2450 (0.41%)  
[  5]   1.00-2.00   sec  3.47 MBytes  29.1 Mbits/sec  0.695 ms  6/2516 (0.24%)  
[  5]   2.00-3.00   sec  3.43 MBytes  28.7 Mbits/sec  1.326 ms  13/2494 (0.52%)  
[  5]   3.00-4.00   sec  3.47 MBytes  29.1 Mbits/sec  2.978 ms  3/2514 (0.12%)  
[  5]   4.00-5.00   sec  3.46 MBytes  29.1 Mbits/sec  0.860 ms  8/2517 (0.32%)  
[  5]   5.00-6.00   sec  3.46 MBytes  29.0 Mbits/sec  2.239 ms  14/2519 (0.56%)  
[  5]   6.00-7.00   sec  3.46 MBytes  29.1 Mbits/sec  1.001 ms  9/2517 (0.36%)  
[  5]   7.00-8.00   sec  3.47 MBytes  29.1 Mbits/sec  2.799 ms  3/2516 (0.12%)  
[  5]   8.00-9.00   sec  3.46 MBytes  29.0 Mbits/sec  1.893 ms  12/2515 (0.48%)  
[  5]   9.00-10.00  sec  3.46 MBytes  29.1 Mbits/sec  0.730 ms  9/2518 (0.36%)  
[  5]  10.00-11.00  sec  3.46 MBytes  29.1 Mbits/sec  2.881 ms  7/2516 (0.28%)  
[  5]  11.00-12.00  sec  3.46 MBytes  29.0 Mbits/sec  0.530 ms  9/2516 (0.36%)  
[  5]  12.00-13.00  sec  3.47 MBytes  29.1 Mbits/sec  0.800 ms  9/2520 (0.36%)  
[  5]  13.00-14.00  sec  3.47 MBytes  29.1 Mbits/sec  0.454 ms  3/2516 (0.12%)  
[  5]  14.00-15.00  sec  3.46 MBytes  29.0 Mbits/sec  0.864 ms  8/2515 (0.32%)  
[  5]  15.00-16.00  sec  3.46 MBytes  29.1 Mbits/sec  2.588 ms  10/2519 (0.4%)  
[  5]  16.00-17.00  sec  3.47 MBytes  29.1 Mbits/sec  0.689 ms  5/2515 (0.2%)  
[  5]  17.00-18.00  sec  3.46 MBytes  29.1 Mbits/sec  3.537 ms  8/2517 (0.32%)  
[  5]  18.00-19.00  sec  3.46 MBytes  29.1 Mbits/sec  0.566 ms  10/2519 (0.4%)  
[  5]  19.00-20.00  sec  3.36 MBytes  28.2 Mbits/sec  0.725 ms  7/2440 (0.29%)  
[  5]  20.00-21.00  sec  3.47 MBytes  29.1 Mbits/sec  1.554 ms  3/2515 (0.12%)  
[  5]  21.00-22.00  sec  3.46 MBytes  29.1 Mbits/sec  0.622 ms  6/2515 (0.24%)  
[  5]  22.00-23.00  sec  3.46 MBytes  29.0 Mbits/sec  1.516 ms  20/2523 (0.79%)  
[  5]  23.00-24.00  sec  3.46 MBytes  29.0 Mbits/sec  0.944 ms  4/2511 (0.16%)  
[  5]  24.00-25.00  sec  3.47 MBytes  29.1 Mbits/sec  2.368 ms  10/2520 (0.4%)  
[  5]  25.00-26.00  sec  3.43 MBytes  28.8 Mbits/sec  0.687 ms  7/2495 (0.28%)  
[  5]  26.00-27.00  sec  3.46 MBytes  29.0 Mbits/sec  2.297 ms  11/2518 (0.44%)  
[  5]  27.00-28.00  sec  3.46 MBytes  29.1 Mbits/sec  0.628 ms  6/2515 (0.24%)  
[  5]  28.00-29.00  sec  3.47 MBytes  29.1 Mbits/sec  1.882 ms  7/2517 (0.28%)  
[  5]  29.00-30.00  sec  3.46 MBytes  29.0 Mbits/sec  2.294 ms  13/2520 (0.52%)  
[  5]  30.00-30.09  sec   198 KBytes  17.6 Mbits/sec  0.489 ms  18446744073709551614/138 (-1.4%)  
- - - - - - - - - - - - - - - - - - - - - - - - -
[ ID] Interval           Transfer     Bitrate         Jitter    Lost/Total Datagrams
[SUM]  0.0-30.1 sec  42278 datagrams received out-of-order
[  5]   0.00-30.09  sec   104 MBytes  29.0 Mbits/sec  0.489 ms  248/75456 (0.33%)  receiver
iperf3: interrupt - the server has terminated
-----------------------------------------------------------
Server listening on 5202 (test #2)
-----------------------------------------------------------
