-----------------------------------------------------------
Server listening on 5201 (test #1)
-----------------------------------------------------------
Accepted connection from 10.0.0.1, port 45406
[  5] local 10.0.0.2 port 5201 connected to 10.0.0.1 port 34435
[ ID] Interval           Transfer     Bitrate         Jitter    Lost/Total Datagrams
[  5]   0.00-1.00   sec  4.48 MBytes  37.6 Mbits/sec  3.272 ms  6/3248 (0.18%)  
[  5]   1.00-2.00   sec  4.63 MBytes  38.8 Mbits/sec  1.455 ms  7/3358 (0.21%)  
[  5]   2.00-3.00   sec  4.56 MBytes  38.3 Mbits/sec  0.786 ms  7/3312 (0.21%)  
[  5]   3.00-4.00   sec  4.62 MBytes  38.8 Mbits/sec  1.177 ms  13/3360 (0.39%)  
[  5]   4.00-5.00   sec  4.62 MBytes  38.8 Mbits/sec  0.994 ms  5/3352 (0.15%)  
[  5]   5.00-6.00   sec  4.62 MBytes  38.8 Mbits/sec  0.533 ms  11/3357 (0.33%)  
[  5]   6.00-7.00   sec  4.62 MBytes  38.7 Mbits/sec  2.686 ms  11/3355 (0.33%)  
[  5]   7.00-8.00   sec  4.62 MBytes  38.8 Mbits/sec  1.157 ms  6/3354 (0.18%)  
[  5]   8.00-9.00   sec  4.61 MBytes  38.6 Mbits/sec  0.461 ms  13/3348 (0.39%)  
[  5]   9.00-10.00  sec  4.62 MBytes  38.8 Mbits/sec  2.117 ms  14/3362 (0.42%)  
[  5]  10.00-11.00  sec  4.62 MBytes  38.7 Mbits/sec  0.648 ms  9/3354 (0.27%)  
[  5]  11.00-12.00  sec  4.62 MBytes  38.7 Mbits/sec  0.498 ms  10/3352 (0.3%)  
[  5]  12.00-13.00  sec  4.62 MBytes  38.7 Mbits/sec  1.503 ms  17/3359 (0.51%)  
[  5]  13.00-14.00  sec  4.62 MBytes  38.7 Mbits/sec  1.391 ms  12/3355 (0.36%)  
[  5]  14.00-15.00  sec  4.62 MBytes  38.7 Mbits/sec  0.978 ms  15/3359 (0.45%)  
[  5]  15.00-16.00  sec  4.62 MBytes  38.7 Mbits/sec  0.865 ms  11/3353 (0.33%)  
[  5]  16.00-17.00  sec  4.62 MBytes  38.8 Mbits/sec  2.747 ms  7/3354 (0.21%)  
[  5]  17.00-18.00  sec  4.62 MBytes  38.7 Mbits/sec  2.164 ms  11/3354 (0.33%)  
[  5]  18.00-19.00  sec  4.63 MBytes  38.8 Mbits/sec  0.661 ms  4/3355 (0.12%)  
[  5]  19.00-20.00  sec  4.46 MBytes  37.5 Mbits/sec  0.913 ms  15/3248 (0.46%)  
[  5]  20.00-21.00  sec  4.62 MBytes  38.7 Mbits/sec  3.480 ms  10/3354 (0.3%)  
[  5]  21.00-22.00  sec  4.63 MBytes  38.8 Mbits/sec  1.311 ms  4/3355 (0.12%)  
[  5]  22.00-23.00  sec  4.62 MBytes  38.8 Mbits/sec  0.724 ms  11/3359 (0.33%)  
[  5]  23.00-24.00  sec  4.62 MBytes  38.7 Mbits/sec  0.685 ms  11/3353 (0.33%)  
[  5]  24.00-25.00  sec  4.62 MBytes  38.8 Mbits/sec  0.856 ms  4/3352 (0.12%)  
[  5]  25.00-26.00  sec  4.58 MBytes  38.4 Mbits/sec  0.586 ms  10/3325 (0.3%)  
[  5]  26.00-27.00  sec  4.62 MBytes  38.8 Mbits/sec  0.492 ms  8/3355 (0.24%)  
[  5]  27.00-28.00  sec  4.62 MBytes  38.8 Mbits/sec  0.479 ms  9/3356 (0.27%)  
[  5]  28.00-29.00  sec  4.61 MBytes  38.7 Mbits/sec  3.467 ms  15/3356 (0.45%)  
[  5]  29.00-30.00  sec  4.62 MBytes  38.8 Mbits/sec  0.576 ms  4/3353 (0.12%)  
[  5]  30.00-30.09  sec   240 KBytes  21.1 Mbits/sec  0.364 ms  18446744073709551613/167 (-1.8%)  
- - - - - - - - - - - - - - - - - - - - - - - - -
[ ID] Interval           Transfer     Bitrate         Jitter    Lost/Total Datagrams
[SUM]  0.0-30.1 sec  63214 datagrams received out-of-order
[  5]   0.00-30.09  sec   138 MBytes  38.6 Mbits/sec  0.364 ms  287/100534 (0.29%)  receiver
iperf3: interrupt - the server has terminated
-----------------------------------------------------------
Server listening on 5201 (test #2)
-----------------------------------------------------------
