-----------------------------------------------------------
Server listening on 5202 (test #1)
-----------------------------------------------------------
Accepted connection from 10.0.0.1, port 32922
[  5] local 10.0.0.2 port 5202 connected to 10.0.0.1 port 49175
[ ID] Interval           Transfer     Bitrate         Jitter    Lost/Total Datagrams
[  5]   0.00-1.00   sec  3.46 MBytes  29.0 Mbits/sec  1.250 ms  1658/4164 (40%)  
[  5]   1.00-2.00   sec  3.46 MBytes  29.0 Mbits/sec  1.124 ms  1801/4308 (42%)  
[  5]   2.00-3.00   sec  3.48 MBytes  29.2 Mbits/sec  1.009 ms  1803/4320 (42%)  
[  5]   3.00-4.00   sec  3.46 MBytes  29.0 Mbits/sec  1.023 ms  1810/4317 (42%)  
[  5]   4.00-5.00   sec  3.46 MBytes  29.1 Mbits/sec  1.095 ms  1807/4316 (42%)  
[  5]   5.00-6.00   sec  3.47 MBytes  29.1 Mbits/sec  1.165 ms  1808/4320 (42%)  
[  5]   6.00-7.00   sec  3.47 MBytes  29.1 Mbits/sec  1.394 ms  1799/4312 (42%)  
[  5]   7.00-8.00   sec  3.46 MBytes  29.0 Mbits/sec  1.065 ms  1809/4313 (42%)  
[  5]   8.00-9.00   sec  3.47 MBytes  29.1 Mbits/sec  1.202 ms  1810/4325 (42%)  
[  5]   9.00-10.00  sec  3.47 MBytes  29.1 Mbits/sec  1.386 ms  1800/4311 (42%)  
[  5]  10.00-11.00  sec  3.46 MBytes  29.0 Mbits/sec  1.506 ms  1814/4321 (42%)  
[  5]  11.00-12.00  sec  3.46 MBytes  29.0 Mbits/sec  1.017 ms  1806/4313 (42%)  
[  5]  12.00-13.00  sec  3.46 MBytes  29.0 Mbits/sec  1.317 ms  1807/4312 (42%)  
[  5]  13.00-14.00  sec  3.47 MBytes  29.1 Mbits/sec  1.160 ms  1808/4323 (42%)  
[  5]  14.00-15.01  sec  3.37 MBytes  28.0 Mbits/sec  2.474 ms  1753/4197 (42%)  
[  5]  15.01-16.00  sec  3.50 MBytes  29.6 Mbits/sec  1.274 ms  1897/4428 (43%)  
[  5]  16.00-17.00  sec  3.47 MBytes  29.1 Mbits/sec  1.105 ms  1810/4321 (42%)  
[  5]  17.00-18.00  sec  3.46 MBytes  29.0 Mbits/sec  1.201 ms  1813/4319 (42%)  
[  5]  18.00-19.00  sec  3.47 MBytes  29.1 Mbits/sec  1.060 ms  1803/4313 (42%)  
[  5]  19.00-20.00  sec  3.47 MBytes  29.1 Mbits/sec  1.588 ms  1814/4325 (42%)  
[  5]  20.00-21.00  sec  3.47 MBytes  29.1 Mbits/sec  1.236 ms  1799/4311 (42%)  
[  5]  21.00-22.00  sec  3.46 MBytes  29.0 Mbits/sec  1.409 ms  1805/4312 (42%)  
[  5]  22.00-23.00  sec  3.46 MBytes  29.1 Mbits/sec  1.199 ms  1816/4325 (42%)  
[  5]  23.00-24.00  sec  3.46 MBytes  29.0 Mbits/sec  1.021 ms  1805/4309 (42%)  
[  5]  24.00-25.00  sec  3.46 MBytes  29.0 Mbits/sec  1.189 ms  1810/4316 (42%)  
[  5]  25.00-26.00  sec  3.46 MBytes  29.0 Mbits/sec  1.295 ms  1811/4317 (42%)  
[  5]  26.00-27.00  sec  3.47 MBytes  29.1 Mbits/sec  1.136 ms  1802/4314 (42%)  
[  5]  27.00-28.00  sec  3.46 MBytes  29.0 Mbits/sec  1.498 ms  1816/4323 (42%)  
[  5]  28.00-29.00  sec  3.46 MBytes  29.1 Mbits/sec  1.095 ms  1802/4311 (42%)  
[  5]  29.00-30.00  sec  3.47 MBytes  29.1 Mbits/sec  1.318 ms  1806/4316 (42%)  
[  5]  30.00-30.04  sec   127 KBytes  27.4 Mbits/sec  1.052 ms  62/152 (41%)  
- - - - - - - - - - - - - - - - - - - - - - - - -
[ ID] Interval           Transfer     Bitrate         Jitter    Lost/Total Datagrams
[SUM]  0.0-30.0 sec  43578 datagrams received out-of-order
[  5]   0.00-30.04  sec   104 MBytes  29.0 Mbits/sec  1.052 ms  54164/129484 (42%)  receiver
iperf3: interrupt - the server has terminated
-----------------------------------------------------------
Server listening on 5202 (test #2)
-----------------------------------------------------------
