-----------------------------------------------------------
Server listening on 5201 (test #1)
-----------------------------------------------------------
Accepted connection from 10.0.0.1, port 42368
[  5] local 10.0.0.2 port 5201 connected to 10.0.0.1 port 41487
[ ID] Interval           Transfer     Bitrate         Jitter    Lost/Total Datagrams
[  5]   0.00-1.00   sec  4.56 MBytes  38.2 Mbits/sec  0.947 ms  860/4160 (21%)  
[  5]   1.00-2.00   sec  4.63 MBytes  38.9 Mbits/sec  0.974 ms  966/4320 (22%)  
[  5]   2.00-3.00   sec  4.62 MBytes  38.8 Mbits/sec  0.875 ms  968/4314 (22%)  
[  5]   3.00-4.00   sec  4.62 MBytes  38.7 Mbits/sec  1.351 ms  979/4321 (23%)  
[  5]   4.00-5.00   sec  4.62 MBytes  38.7 Mbits/sec  1.036 ms  971/4315 (23%)  
[  5]   5.00-6.00   sec  4.63 MBytes  38.8 Mbits/sec  0.963 ms  961/4313 (22%)  
[  5]   6.00-7.00   sec  4.63 MBytes  38.8 Mbits/sec  1.115 ms  971/4322 (22%)  
[  5]   7.00-8.00   sec  4.62 MBytes  38.8 Mbits/sec  1.287 ms  966/4312 (22%)  
[  5]   8.00-9.00   sec  4.62 MBytes  38.8 Mbits/sec  1.004 ms  969/4318 (22%)  
[  5]   9.00-10.00  sec  4.58 MBytes  38.4 Mbits/sec  1.029 ms  1006/4320 (23%)  
[  5]  10.00-11.00  sec  4.62 MBytes  38.8 Mbits/sec  1.205 ms  965/4312 (22%)  
[  5]  11.00-12.00  sec  4.63 MBytes  38.9 Mbits/sec  1.044 ms  968/4322 (22%)  
[  5]  12.00-13.00  sec  4.62 MBytes  38.8 Mbits/sec  1.127 ms  964/4312 (22%)  
[  5]  13.00-14.00  sec  4.62 MBytes  38.8 Mbits/sec  1.109 ms  969/4316 (22%)  
[  5]  14.00-15.00  sec  4.46 MBytes  37.3 Mbits/sec  2.129 ms  940/4169 (23%)  
[  5]  15.00-16.00  sec  4.72 MBytes  39.7 Mbits/sec  1.350 ms  1046/4464 (23%)  
[  5]  16.00-17.00  sec  4.62 MBytes  38.8 Mbits/sec  1.235 ms  968/4317 (22%)  
[  5]  17.00-18.00  sec  4.62 MBytes  38.7 Mbits/sec  1.237 ms  972/4314 (23%)  
[  5]  18.00-19.00  sec  4.62 MBytes  38.8 Mbits/sec  1.494 ms  971/4317 (22%)  
[  5]  19.00-20.00  sec  4.62 MBytes  38.7 Mbits/sec  0.906 ms  975/4318 (23%)  
[  5]  20.00-21.00  sec  4.62 MBytes  38.7 Mbits/sec  1.040 ms  968/4311 (22%)  
[  5]  21.00-22.00  sec  4.62 MBytes  38.8 Mbits/sec  1.150 ms  970/4317 (22%)  
[  5]  22.00-23.00  sec  4.62 MBytes  38.8 Mbits/sec  1.123 ms  975/4324 (23%)  
[  5]  23.00-24.00  sec  4.62 MBytes  38.7 Mbits/sec  1.142 ms  969/4313 (22%)  
[  5]  24.00-25.00  sec  4.62 MBytes  38.7 Mbits/sec  0.983 ms  962/4307 (22%)  
[  5]  25.00-26.00  sec  4.55 MBytes  38.2 Mbits/sec  1.021 ms  1028/4324 (24%)  
[  5]  26.00-27.00  sec  4.63 MBytes  38.8 Mbits/sec  1.128 ms  964/4317 (22%)  
[  5]  27.00-28.00  sec  4.62 MBytes  38.7 Mbits/sec  1.206 ms  972/4316 (23%)  
[  5]  28.00-29.00  sec  4.63 MBytes  38.9 Mbits/sec  1.393 ms  961/4317 (22%)  
[  5]  29.00-30.00  sec  4.61 MBytes  38.7 Mbits/sec  1.118 ms  976/4316 (23%)  
[  5]  30.00-30.04  sec   164 KBytes  38.4 Mbits/sec  1.073 ms  31/147 (21%)  
- - - - - - - - - - - - - - - - - - - - - - - - -
[ ID] Interval           Transfer     Bitrate         Jitter    Lost/Total Datagrams
[SUM]  0.0-30.0 sec  65056 datagrams received out-of-order
[  5]   0.00-30.04  sec   139 MBytes  38.7 Mbits/sec  1.073 ms  29131/129485 (22%)  receiver
iperf3: interrupt - the server has terminated
-----------------------------------------------------------
Server listening on 5201 (test #2)
-----------------------------------------------------------
