-----------------------------------------------------------
Server listening on 5203 (test #1)
-----------------------------------------------------------
Accepted connection from 10.0.0.1, port 34768
[  5] local 10.0.0.2 port 5203 connected to 10.0.0.1 port 39757
[ ID] Interval           Transfer     Bitrate         Jitter    Lost/Total Datagrams
[  5]   0.00-1.00   sec  1.35 MBytes  11.3 Mbits/sec  1.514 ms  3176/4150 (77%)  
[  5]   1.00-2.00   sec  1.16 MBytes  9.70 Mbits/sec  1.280 ms  3484/4321 (81%)  
[  5]   2.00-3.00   sec  1.15 MBytes  9.65 Mbits/sec  1.232 ms  3483/4316 (81%)  
[  5]   3.00-4.00   sec  1.16 MBytes  9.71 Mbits/sec  1.193 ms  3483/4321 (81%)  
[  5]   4.00-5.00   sec  1.15 MBytes  9.66 Mbits/sec  1.417 ms  3477/4311 (81%)  
[  5]   5.00-6.00   sec  1.16 MBytes  9.70 Mbits/sec  1.215 ms  3488/4325 (81%)  
[  5]   6.00-7.00   sec  1.16 MBytes  9.70 Mbits/sec  1.390 ms  3471/4308 (81%)  
[  5]   7.00-8.00   sec  1.15 MBytes  9.67 Mbits/sec  1.068 ms  3481/4316 (81%)  
[  5]   8.00-9.00   sec  1.16 MBytes  9.71 Mbits/sec  1.192 ms  3483/4321 (81%)  
[  5]   9.00-10.00  sec  1.15 MBytes  9.64 Mbits/sec  1.158 ms  3476/4308 (81%)  
[  5]  10.00-11.00  sec  1.15 MBytes  9.67 Mbits/sec  1.200 ms  3490/4325 (81%)  
[  5]  11.00-12.00  sec  1.15 MBytes  9.68 Mbits/sec  1.212 ms  3480/4316 (81%)  
[  5]  12.00-13.00  sec  1.15 MBytes  9.68 Mbits/sec  1.466 ms  3471/4307 (81%)  
[  5]  13.00-14.00  sec  1.16 MBytes  9.71 Mbits/sec  1.406 ms  3479/4317 (81%)  
[  5]  14.00-15.00  sec  1.12 MBytes  9.36 Mbits/sec  2.356 ms  3392/4200 (81%)  
[  5]  15.00-16.00  sec  1.19 MBytes  9.99 Mbits/sec  1.069 ms  3570/4432 (81%)  
[  5]  16.00-17.00  sec  1.15 MBytes  9.66 Mbits/sec  1.008 ms  3496/4330 (81%)  
[  5]  17.00-18.00  sec  1.15 MBytes  9.68 Mbits/sec  1.223 ms  3476/4312 (81%)  
[  5]  18.00-19.00  sec  1.15 MBytes  9.67 Mbits/sec  1.203 ms  3472/4307 (81%)  
[  5]  19.00-20.00  sec  1.15 MBytes  9.68 Mbits/sec  1.116 ms  3485/4321 (81%)  
[  5]  20.00-21.00  sec  1.15 MBytes  9.66 Mbits/sec  1.260 ms  3482/4316 (81%)  
[  5]  21.00-22.00  sec  1.16 MBytes  9.70 Mbits/sec  1.039 ms  3479/4316 (81%)  
[  5]  22.00-23.00  sec  1.15 MBytes  9.65 Mbits/sec  1.086 ms  3484/4317 (81%)  
[  5]  23.00-24.00  sec  1.15 MBytes  9.65 Mbits/sec  0.991 ms  3483/4316 (81%)  
[  5]  24.00-25.00  sec  1.15 MBytes  9.67 Mbits/sec  1.026 ms  3477/4312 (81%)  
[  5]  25.00-26.00  sec  1.15 MBytes  9.69 Mbits/sec  0.733 ms  3493/4329 (81%)  
[  5]  26.00-27.00  sec  1.15 MBytes  9.65 Mbits/sec  0.998 ms  3479/4312 (81%)  
[  5]  27.00-28.00  sec  1.15 MBytes  9.66 Mbits/sec  1.360 ms  3487/4321 (81%)  
[  5]  28.00-29.00  sec  1.15 MBytes  9.65 Mbits/sec  1.216 ms  3470/4303 (81%)  
[  5]  29.00-30.00  sec  1.16 MBytes  9.72 Mbits/sec  0.894 ms  3482/4321 (81%)  
[  5]  30.00-30.04  sec  41.0 KBytes  9.37 Mbits/sec  1.156 ms  126/155 (81%)  
- - - - - - - - - - - - - - - - - - - - - - - - -
[ ID] Interval           Transfer     Bitrate         Jitter    Lost/Total Datagrams
[SUM]  0.0-30.0 sec  6363 datagrams received out-of-order
[  5]   0.00-30.04  sec  34.8 MBytes  9.73 Mbits/sec  1.156 ms  104254/129482 (81%)  receiver
iperf3: interrupt - the server has terminated
-----------------------------------------------------------
Server listening on 5203 (test #2)
-----------------------------------------------------------
