-----------------------------------------------------------
Server listening on 5202 (test #1)
-----------------------------------------------------------
Accepted connection from 10.0.0.1, port 46536
[  5] local 10.0.0.2 port 5202 connected to 10.0.0.1 port 39569
[ ID] Interval           Transfer     Bitrate         Jitter    Lost/Total Datagrams
[  5]   0.00-1.00   sec  3.46 MBytes  29.0 Mbits/sec  1.382 ms  1658/4160 (40%)  
[  5]   1.00-2.00   sec  3.46 MBytes  29.1 Mbits/sec  1.207 ms  1812/4320 (42%)  
[  5]   2.00-3.00   sec  3.46 MBytes  29.1 Mbits/sec  1.309 ms  1807/4316 (42%)  
[  5]   3.00-4.00   sec  3.46 MBytes  29.1 Mbits/sec  1.049 ms  1804/4312 (42%)  
[  5]   4.00-5.00   sec  3.47 MBytes  29.1 Mbits/sec  1.054 ms  1810/4321 (42%)  
[  5]   5.00-6.00   sec  3.46 MBytes  29.1 Mbits/sec  1.541 ms  1806/4315 (42%)  
[  5]   6.00-7.00   sec  3.46 MBytes  29.0 Mbits/sec  1.039 ms  1811/4314 (42%)  
[  5]   7.00-8.00   sec  3.43 MBytes  28.8 Mbits/sec  1.325 ms  1835/4321 (42%)  
[  5]   8.00-9.00   sec  3.47 MBytes  29.1 Mbits/sec  1.042 ms  1801/4311 (42%)  
[  5]   9.00-10.00  sec  3.46 MBytes  29.1 Mbits/sec  1.109 ms  1808/4317 (42%)  
[  5]  10.00-11.00  sec  3.46 MBytes  29.1 Mbits/sec  1.002 ms  1812/4320 (42%)  
[  5]  11.00-12.00  sec  3.46 MBytes  29.0 Mbits/sec  1.398 ms  1806/4312 (42%)  
[  5]  12.00-13.00  sec  3.47 MBytes  29.1 Mbits/sec  1.229 ms  1812/4322 (42%)  
[  5]  13.00-14.00  sec  3.46 MBytes  29.1 Mbits/sec  1.360 ms  1808/4316 (42%)  
[  5]  14.00-15.00  sec  3.46 MBytes  29.0 Mbits/sec  1.156 ms  1813/4315 (42%)  
[  5]  15.00-16.00  sec  3.46 MBytes  29.1 Mbits/sec  1.627 ms  1807/4315 (42%)  
[  5]  16.00-17.00  sec  3.46 MBytes  29.1 Mbits/sec  1.344 ms  1809/4318 (42%)  
[  5]  17.00-18.00  sec  3.46 MBytes  29.1 Mbits/sec  1.043 ms  1810/4319 (42%)  
[  5]  18.00-19.00  sec  3.42 MBytes  28.7 Mbits/sec  1.083 ms  1832/4309 (43%)  
[  5]  19.00-20.00  sec  3.46 MBytes  29.0 Mbits/sec  1.108 ms  1811/4315 (42%)  
[  5]  20.00-21.00  sec  3.46 MBytes  29.1 Mbits/sec  1.360 ms  1818/4326 (42%)  
[  5]  21.00-22.00  sec  3.46 MBytes  29.0 Mbits/sec  1.100 ms  1806/4312 (42%)  
[  5]  22.00-23.00  sec  3.46 MBytes  29.1 Mbits/sec  1.293 ms  1804/4313 (42%)  
[  5]  23.00-24.00  sec  3.47 MBytes  29.1 Mbits/sec  1.344 ms  1813/4324 (42%)  
[  5]  24.00-25.00  sec  3.47 MBytes  29.1 Mbits/sec  1.089 ms  1803/4316 (42%)  
[  5]  25.00-26.00  sec  3.46 MBytes  29.0 Mbits/sec  1.322 ms  1805/4313 (42%)  
[  5]  26.00-27.00  sec  3.46 MBytes  29.0 Mbits/sec  0.882 ms  1809/4316 (42%)  
[  5]  27.00-28.00  sec  3.47 MBytes  29.1 Mbits/sec  1.007 ms  1803/4315 (42%)  
[  5]  28.00-29.00  sec  3.46 MBytes  29.0 Mbits/sec  1.281 ms  1812/4316 (42%)  
[  5]  29.00-30.00  sec  3.46 MBytes  29.0 Mbits/sec  1.289 ms  1806/4313 (42%)  
[  5]  30.00-30.03  sec   124 KBytes  29.3 Mbits/sec  1.496 ms  63/151 (42%)  
- - - - - - - - - - - - - - - - - - - - - - - - -
[ ID] Interval           Transfer     Bitrate         Jitter    Lost/Total Datagrams
[SUM]  0.0-30.0 sec  43310 datagrams received out-of-order
[  5]   0.00-30.03  sec   104 MBytes  29.0 Mbits/sec  1.496 ms  54214/129483 (42%)  receiver
iperf3: interrupt - the server has terminated
-----------------------------------------------------------
Server listening on 5202 (test #2)
-----------------------------------------------------------
