-----------------------------------------------------------
Server listening on 5203 (test #1)
-----------------------------------------------------------
Accepted connection from 10.0.0.1, port 42540
[  5] local 10.0.0.2 port 5203 connected to 10.0.0.1 port 49227
[ ID] Interval           Transfer     Bitrate         Jitter    Lost/Total Datagrams
[  5]   0.00-1.00   sec  1.35 MBytes  11.3 Mbits/sec  1.193 ms  3179/4154 (77%)  
[  5]   1.00-2.00   sec  1.15 MBytes  9.68 Mbits/sec  1.120 ms  3473/4309 (81%)  
[  5]   2.00-3.00   sec  1.15 MBytes  9.69 Mbits/sec  1.106 ms  3488/4324 (81%)  
[  5]   3.00-4.00   sec  1.15 MBytes  9.67 Mbits/sec  1.049 ms  3481/4316 (81%)  
[  5]   4.00-5.00   sec  1.15 MBytes  9.67 Mbits/sec  1.009 ms  3482/4317 (81%)  
[  5]   5.00-6.00   sec  1.15 MBytes  9.68 Mbits/sec  1.108 ms  3471/4307 (81%)  
[  5]   6.00-7.00   sec  1.15 MBytes  9.65 Mbits/sec  1.154 ms  3488/4321 (81%)  
[  5]   7.00-8.00   sec  1.16 MBytes  9.70 Mbits/sec  1.164 ms  3488/4325 (81%)  
[  5]   8.00-9.00   sec  1.15 MBytes  9.67 Mbits/sec  1.093 ms  3481/4316 (81%)  
[  5]   9.00-10.00  sec  1.15 MBytes  9.67 Mbits/sec  1.103 ms  3474/4309 (81%)  
[  5]  10.00-11.00  sec  1.16 MBytes  9.70 Mbits/sec  1.405 ms  3488/4325 (81%)  
[  5]  11.00-12.00  sec  1.15 MBytes  9.67 Mbits/sec  0.902 ms  3476/4311 (81%)  
[  5]  12.00-13.00  sec  1.15 MBytes  9.68 Mbits/sec  1.524 ms  3476/4312 (81%)  
[  5]  13.00-14.00  sec  1.15 MBytes  9.68 Mbits/sec  1.523 ms  3489/4325 (81%)  
[  5]  14.00-15.00  sec  1.15 MBytes  9.68 Mbits/sec  1.342 ms  3480/4316 (81%)  
[  5]  15.00-16.00  sec  1.15 MBytes  9.66 Mbits/sec  1.239 ms  3478/4312 (81%)  
[  5]  16.00-17.00  sec  1.15 MBytes  9.64 Mbits/sec  1.621 ms  3480/4312 (81%)  
[  5]  17.00-18.00  sec  1.15 MBytes  9.68 Mbits/sec  1.146 ms  3482/4318 (81%)  
[  5]  18.00-19.00  sec  1.15 MBytes  9.68 Mbits/sec  1.386 ms  3483/4319 (81%)  
[  5]  19.00-20.00  sec  1.16 MBytes  9.70 Mbits/sec  1.186 ms  3489/4326 (81%)  
[  5]  20.00-21.00  sec  1.15 MBytes  9.67 Mbits/sec  1.133 ms  3471/4306 (81%)  
[  5]  21.00-22.00  sec  1.16 MBytes  9.70 Mbits/sec  1.062 ms  3480/4317 (81%)  
[  5]  22.00-23.00  sec  1.15 MBytes  9.66 Mbits/sec  0.803 ms  3473/4307 (81%)  
[  5]  23.00-24.00  sec  1.15 MBytes  9.68 Mbits/sec  0.867 ms  3495/4331 (81%)  
[  5]  24.00-25.00  sec  1.15 MBytes  9.65 Mbits/sec  1.464 ms  3482/4315 (81%)  
[  5]  25.00-26.00  sec  1.15 MBytes  9.61 Mbits/sec  1.311 ms  3482/4312 (81%)  
[  5]  26.00-27.00  sec  1.15 MBytes  9.67 Mbits/sec  1.329 ms  3485/4320 (81%)  
[  5]  27.00-28.00  sec  1.15 MBytes  9.67 Mbits/sec  1.071 ms  3473/4308 (81%)  
[  5]  28.00-29.00  sec  1.15 MBytes  9.67 Mbits/sec  1.240 ms  3481/4316 (81%)  
[  5]  29.00-30.00  sec  1.15 MBytes  9.65 Mbits/sec  1.105 ms  3484/4317 (81%)  
[  5]  30.00-30.04  sec  45.2 KBytes  9.49 Mbits/sec  1.250 ms  128/160 (80%)  
- - - - - - - - - - - - - - - - - - - - - - - - -
[ ID] Interval           Transfer     Bitrate         Jitter    Lost/Total Datagrams
[SUM]  0.0-30.0 sec  6489 datagrams received out-of-order
[  5]   0.00-30.04  sec  34.8 MBytes  9.73 Mbits/sec  1.250 ms  104260/129483 (81%)  receiver
iperf3: interrupt - the server has terminated
-----------------------------------------------------------
Server listening on 5203 (test #2)
-----------------------------------------------------------
