-----------------------------------------------------------
Server listening on 5202 (test #1)
-----------------------------------------------------------
Accepted connection from 10.0.0.1, port 45866
[  5] local 10.0.0.2 port 5202 connected to 10.0.0.1 port 49042
[ ID] Interval           Transfer     Bitrate         Jitter    Lost/Total Datagrams
[  5]   0.00-1.00   sec  3.46 MBytes  29.0 Mbits/sec  1.570 ms  1661/4164 (40%)  
[  5]   1.00-2.00   sec  3.46 MBytes  29.0 Mbits/sec  1.323 ms  1805/4312 (42%)  
[  5]   2.00-3.00   sec  3.47 MBytes  29.1 Mbits/sec  1.000 ms  1810/4322 (42%)  
[  5]   3.00-4.00   sec  3.46 MBytes  29.0 Mbits/sec  0.907 ms  1805/4311 (42%)  
[  5]   4.00-5.00   sec  3.46 MBytes  29.0 Mbits/sec  1.435 ms  1818/4324 (42%)  
[  5]   5.00-6.00   sec  3.47 MBytes  29.1 Mbits/sec  1.125 ms  1804/4317 (42%)  
[  5]   6.00-7.00   sec  3.45 MBytes  29.0 Mbits/sec  0.889 ms  1808/4308 (42%)  
[  5]   7.00-8.00   sec  3.47 MBytes  29.1 Mbits/sec  1.362 ms  1807/4321 (42%)  
[  5]   8.00-9.00   sec  3.47 MBytes  29.1 Mbits/sec  1.075 ms  1802/4312 (42%)  
[  5]   9.00-10.00  sec  3.46 MBytes  29.0 Mbits/sec  1.324 ms  1808/4315 (42%)  
[  5]  10.00-11.00  sec  3.47 MBytes  29.1 Mbits/sec  1.038 ms  1807/4321 (42%)  
[  5]  11.00-12.00  sec  3.47 MBytes  29.1 Mbits/sec  1.197 ms  1805/4317 (42%)  
[  5]  12.00-13.00  sec  3.46 MBytes  29.0 Mbits/sec  0.986 ms  1804/4311 (42%)  
[  5]  13.00-14.00  sec  3.47 MBytes  29.1 Mbits/sec  0.993 ms  1810/4321 (42%)  
[  5]  14.00-15.00  sec  3.46 MBytes  29.0 Mbits/sec  1.257 ms  1812/4315 (42%)  
[  5]  15.00-16.00  sec  3.47 MBytes  29.1 Mbits/sec  1.065 ms  1801/4313 (42%)  
[  5]  16.00-17.00  sec  3.46 MBytes  29.1 Mbits/sec  1.321 ms  1813/4321 (42%)  
[  5]  17.00-18.00  sec  3.46 MBytes  29.1 Mbits/sec  1.222 ms  1805/4313 (42%)  
[  5]  18.00-19.00  sec  3.47 MBytes  29.1 Mbits/sec  1.240 ms  1814/4325 (42%)  
[  5]  19.00-20.00  sec  3.47 MBytes  29.1 Mbits/sec  1.163 ms  1803/4314 (42%)  
[  5]  20.00-21.00  sec  3.45 MBytes  29.0 Mbits/sec  1.301 ms  1812/4312 (42%)  
[  5]  21.00-22.00  sec  3.46 MBytes  29.0 Mbits/sec  0.954 ms  1810/4314 (42%)  
[  5]  22.00-23.00  sec  3.47 MBytes  29.1 Mbits/sec  1.139 ms  1809/4319 (42%)  
[  5]  23.00-24.00  sec  3.46 MBytes  29.1 Mbits/sec  1.113 ms  1809/4318 (42%)  
[  5]  24.00-25.00  sec  3.44 MBytes  28.8 Mbits/sec  0.992 ms  1823/4312 (42%)  
[  5]  25.00-26.00  sec  3.46 MBytes  29.0 Mbits/sec  1.442 ms  1810/4315 (42%)  
[  5]  26.00-27.00  sec  3.47 MBytes  29.1 Mbits/sec  1.093 ms  1807/4317 (42%)  
[  5]  27.00-28.00  sec  3.46 MBytes  29.0 Mbits/sec  1.037 ms  1816/4323 (42%)  
[  5]  28.00-29.00  sec  3.47 MBytes  29.1 Mbits/sec  1.047 ms  1801/4314 (42%)  
[  5]  29.00-30.00  sec  3.37 MBytes  28.3 Mbits/sec  1.192 ms  1754/4196 (42%)  
[  5]  30.00-30.05  sec   225 KBytes  38.1 Mbits/sec  1.548 ms  108/267 (40%)  
- - - - - - - - - - - - - - - - - - - - - - - - -
[ ID] Interval           Transfer     Bitrate         Jitter    Lost/Total Datagrams
[SUM]  0.0-30.0 sec  43341 datagrams received out-of-order
[  5]   0.00-30.05  sec   104 MBytes  29.0 Mbits/sec  1.548 ms  54161/129484 (42%)  receiver
iperf3: interrupt - the server has terminated
-----------------------------------------------------------
Server listening on 5202 (test #2)
-----------------------------------------------------------
