-----------------------------------------------------------
Server listening on 5203 (test #1)
-----------------------------------------------------------
Accepted connection from 10.0.0.1, port 45650
[  5] local 10.0.0.2 port 5203 connected to 10.0.0.1 port 44615
[ ID] Interval           Transfer     Bitrate         Jitter    Lost/Total Datagrams
[  5]   0.00-1.00   sec  1.35 MBytes  11.3 Mbits/sec  1.137 ms  3180/4154 (77%)  
[  5]   1.00-2.00   sec  1.15 MBytes  9.68 Mbits/sec  1.204 ms  3489/4325 (81%)  
[  5]   2.00-3.00   sec  1.15 MBytes  9.67 Mbits/sec  0.978 ms  3473/4308 (81%)  
[  5]   3.00-4.00   sec  1.16 MBytes  9.70 Mbits/sec  1.260 ms  3483/4320 (81%)  
[  5]   4.00-5.00   sec  1.15 MBytes  9.67 Mbits/sec  0.904 ms  3477/4312 (81%)  
[  5]   5.00-6.00   sec  1.15 MBytes  9.66 Mbits/sec  1.635 ms  3492/4326 (81%)  
[  5]   6.00-7.00   sec  1.15 MBytes  9.67 Mbits/sec  1.333 ms  3477/4312 (81%)  
[  5]   7.00-8.00   sec  1.15 MBytes  9.64 Mbits/sec  0.973 ms  3484/4316 (81%)  
[  5]   8.00-9.00   sec  1.15 MBytes  9.68 Mbits/sec  1.188 ms  3480/4316 (81%)  
[  5]   9.00-10.00  sec  1.15 MBytes  9.66 Mbits/sec  1.480 ms  3482/4316 (81%)  
[  5]  10.00-11.00  sec  1.15 MBytes  9.68 Mbits/sec  1.186 ms  3489/4325 (81%)  
[  5]  11.00-12.00  sec  1.15 MBytes  9.63 Mbits/sec  1.255 ms  3473/4304 (81%)  
[  5]  12.00-13.00  sec  1.15 MBytes  9.66 Mbits/sec  1.202 ms  3495/4329 (81%)  
[  5]  13.00-14.00  sec  1.15 MBytes  9.66 Mbits/sec  1.637 ms  3478/4312 (81%)  
[  5]  14.00-15.00  sec  1.15 MBytes  9.66 Mbits/sec  1.236 ms  3482/4316 (81%)  
[  5]  15.00-16.00  sec  1.15 MBytes  9.68 Mbits/sec  0.982 ms  3476/4312 (81%)  
[  5]  16.00-17.00  sec  1.15 MBytes  9.67 Mbits/sec  1.440 ms  3486/4321 (81%)  
[  5]  17.00-18.00  sec  1.15 MBytes  9.64 Mbits/sec  0.861 ms  3480/4312 (81%)  
[  5]  18.00-19.00  sec  1.16 MBytes  9.71 Mbits/sec  0.993 ms  3478/4316 (81%)  
[  5]  19.00-20.00  sec  1.15 MBytes  9.65 Mbits/sec  1.158 ms  3479/4312 (81%)  
[  5]  20.00-21.00  sec  1.15 MBytes  9.68 Mbits/sec  1.254 ms  3485/4321 (81%)  
[  5]  21.00-22.00  sec  1.16 MBytes  9.70 Mbits/sec  1.575 ms  3483/4320 (81%)  
[  5]  22.00-23.00  sec  1.15 MBytes  9.68 Mbits/sec  1.362 ms  3472/4308 (81%)  
[  5]  23.00-24.00  sec  1.15 MBytes  9.66 Mbits/sec  1.451 ms  3482/4316 (81%)  
[  5]  24.00-25.00  sec  1.16 MBytes  9.71 Mbits/sec  1.154 ms  3487/4325 (81%)  
[  5]  25.00-26.00  sec  1.15 MBytes  9.65 Mbits/sec  1.108 ms  3479/4312 (81%)  
[  5]  26.00-27.00  sec  1.15 MBytes  9.68 Mbits/sec  1.361 ms  3485/4321 (81%)  
[  5]  27.00-28.00  sec  1.15 MBytes  9.67 Mbits/sec  1.056 ms  3477/4312 (81%)  
[  5]  28.00-29.00  sec  1.16 MBytes  9.70 Mbits/sec  1.110 ms  3479/4316 (81%)  
[  5]  29.00-30.00  sec  1.13 MBytes  9.44 Mbits/sec  1.316 ms  3385/4200 (81%)  
[  5]  30.00-30.05  sec  72.1 KBytes  12.2 Mbits/sec  1.428 ms  212/263 (81%)  
- - - - - - - - - - - - - - - - - - - - - - - - -
[ ID] Interval           Transfer     Bitrate         Jitter    Lost/Total Datagrams
[SUM]  0.0-30.0 sec  6252 datagrams received out-of-order
[  5]   0.00-30.05  sec  34.8 MBytes  9.72 Mbits/sec  1.428 ms  104259/129478 (81%)  receiver
iperf3: interrupt - the server has terminated
-----------------------------------------------------------
Server listening on 5203 (test #2)
-----------------------------------------------------------
