-----------------------------------------------------------
Server listening on 5201 (test #1)
-----------------------------------------------------------
Accepted connection from 10.0.0.1, port 51432
[  5] local 10.0.0.2 port 5201 connected to 10.0.0.1 port 37033
[ ID] Interval           Transfer     Bitrate         Jitter    Lost/Total Datagrams
[  5]   0.00-1.00   sec  4.56 MBytes  38.3 Mbits/sec  1.134 ms  862/4167 (21%)  
[  5]   1.00-2.00   sec  4.62 MBytes  38.7 Mbits/sec  1.014 ms  975/4317 (23%)  
[  5]   2.00-3.00   sec  4.63 MBytes  38.8 Mbits/sec  1.077 ms  973/4323 (23%)  
[  5]   3.00-4.00   sec  4.63 MBytes  38.8 Mbits/sec  1.222 ms  966/4316 (22%)  
[  5]   4.00-5.00   sec  4.62 MBytes  38.7 Mbits/sec  1.191 ms  975/4317 (23%)  
[  5]   5.00-6.00   sec  4.62 MBytes  38.7 Mbits/sec  1.069 ms  968/4313 (22%)  
[  5]   6.00-7.00   sec  4.62 MBytes  38.8 Mbits/sec  1.065 ms  976/4322 (23%)  
[  5]   7.00-8.00   sec  4.61 MBytes  38.7 Mbits/sec  1.065 ms  968/4309 (22%)  
[  5]   8.00-9.00   sec  4.62 MBytes  38.7 Mbits/sec  1.048 ms  976/4320 (23%)  
[  5]   9.00-10.00  sec  4.62 MBytes  38.7 Mbits/sec  1.170 ms  973/4315 (23%)  
[  5]  10.00-11.00  sec  4.62 MBytes  38.7 Mbits/sec  1.439 ms  970/4315 (22%)  
[  5]  11.00-12.00  sec  4.62 MBytes  38.8 Mbits/sec  1.027 ms  971/4318 (22%)  
[  5]  12.00-13.00  sec  4.62 MBytes  38.7 Mbits/sec  0.986 ms  971/4315 (23%)  
[  5]  13.00-14.00  sec  4.61 MBytes  38.7 Mbits/sec  0.879 ms  977/4315 (23%)  
[  5]  14.00-15.00  sec  4.62 MBytes  38.7 Mbits/sec  1.116 ms  977/4321 (23%)  
[  5]  15.00-16.00  sec  4.62 MBytes  38.8 Mbits/sec  0.951 ms  964/4311 (22%)  
[  5]  16.00-17.00  sec  4.62 MBytes  38.7 Mbits/sec  1.308 ms  977/4320 (23%)  
[  5]  17.00-18.00  sec  4.62 MBytes  38.8 Mbits/sec  1.396 ms  966/4315 (22%)  
[  5]  18.00-19.00  sec  4.63 MBytes  38.8 Mbits/sec  1.120 ms  966/4316 (22%)  
[  5]  19.00-20.00  sec  4.62 MBytes  38.7 Mbits/sec  1.117 ms  971/4314 (23%)  
[  5]  20.00-21.00  sec  4.63 MBytes  38.8 Mbits/sec  1.364 ms  971/4322 (22%)  
[  5]  21.00-22.00  sec  4.61 MBytes  38.7 Mbits/sec  1.085 ms  975/4314 (23%)  
[  5]  22.00-23.00  sec  4.62 MBytes  38.8 Mbits/sec  1.065 ms  965/4313 (22%)  
[  5]  23.00-24.00  sec  4.63 MBytes  38.8 Mbits/sec  1.397 ms  970/4321 (22%)  
[  5]  24.00-25.00  sec  4.57 MBytes  38.3 Mbits/sec  1.020 ms  1001/4311 (23%)  
[  5]  25.00-26.00  sec  4.62 MBytes  38.8 Mbits/sec  1.337 ms  971/4321 (22%)  
[  5]  26.00-27.00  sec  4.62 MBytes  38.7 Mbits/sec  1.379 ms  972/4315 (23%)  
[  5]  27.00-28.00  sec  4.63 MBytes  38.8 Mbits/sec  1.594 ms  969/4320 (22%)  
[  5]  28.00-29.00  sec  4.61 MBytes  38.7 Mbits/sec  1.110 ms  976/4316 (23%)  
[  5]  29.00-30.00  sec  4.50 MBytes  37.8 Mbits/sec  1.399 ms  936/4197 (22%)  
[  5]  30.00-30.05  sec   260 KBytes  43.3 Mbits/sec  1.153 ms  72/256 (28%)  
- - - - - - - - - - - - - - - - - - - - - - - - -
[ ID] Interval           Transfer     Bitrate         Jitter    Lost/Total Datagrams
[SUM]  0.0-30.0 sec  65073 datagrams received out-of-order
[  5]   0.00-30.05  sec   139 MBytes  38.7 Mbits/sec  1.153 ms  29100/129485 (22%)  receiver
iperf3: interrupt - the server has terminated
-----------------------------------------------------------
Server listening on 5201 (test #2)
-----------------------------------------------------------
