-----------------------------------------------------------
Server listening on 5202 (test #1)
-----------------------------------------------------------
Accepted connection from 10.0.0.1, port 60002
[  5] local 10.0.0.2 port 5202 connected to 10.0.0.1 port 56859
[ ID] Interval           Transfer     Bitrate         Jitter    Lost/Total Datagrams
[  5]   0.00-1.00   sec   472 KBytes  3.87 Mbits/sec  0.042 ms  183/517 (35%)  
[  5]   1.00-2.00   sec   356 KBytes  2.92 Mbits/sec  0.054 ms  267/519 (51%)  
[  5]   2.00-3.00   sec   355 KBytes  2.91 Mbits/sec  0.063 ms  266/517 (51%)  
[  5]   3.00-4.00   sec   356 KBytes  2.92 Mbits/sec  0.029 ms  266/518 (51%)  
[  5]   4.00-5.00   sec   356 KBytes  2.92 Mbits/sec  0.022 ms  267/519 (51%)  
[  5]   5.00-6.00   sec   355 KBytes  2.91 Mbits/sec  0.019 ms  266/517 (51%)  
[  5]   6.00-7.00   sec   356 KBytes  2.92 Mbits/sec  0.009 ms  266/518 (51%)  
[  5]   7.00-8.00   sec   356 KBytes  2.92 Mbits/sec  0.033 ms  267/519 (51%)  
[  5]   8.00-9.00   sec   355 KBytes  2.91 Mbits/sec  0.034 ms  266/517 (51%)  
[  5]   9.00-10.00  sec   356 KBytes  2.92 Mbits/sec  0.035 ms  266/518 (51%)  
[  5]  10.00-11.00  sec   356 KBytes  2.92 Mbits/sec  0.077 ms  267/519 (51%)  
[  5]  11.00-12.00  sec   356 KBytes  2.92 Mbits/sec  0.020 ms  266/518 (51%)  
[  5]  12.00-13.00  sec   355 KBytes  2.91 Mbits/sec  0.027 ms  266/517 (51%)  
[  5]  13.00-14.00  sec   356 KBytes  2.92 Mbits/sec  0.134 ms  266/518 (51%)  
[  5]  14.00-15.00  sec   355 KBytes  2.91 Mbits/sec  0.114 ms  266/517 (51%)  
[  5]  15.00-16.00  sec   356 KBytes  2.92 Mbits/sec  0.050 ms  267/519 (51%)  
[  5]  16.00-17.00  sec   356 KBytes  2.92 Mbits/sec  0.289 ms  266/518 (51%)  
[  5]  17.00-18.00  sec   355 KBytes  2.91 Mbits/sec  0.020 ms  266/517 (51%)  
[  5]  18.00-19.00  sec   356 KBytes  2.92 Mbits/sec  0.020 ms  266/518 (51%)  
[  5]  19.00-20.00  sec   356 KBytes  2.92 Mbits/sec  0.140 ms  267/519 (51%)  
[  5]  20.00-21.00  sec   355 KBytes  2.91 Mbits/sec  0.041 ms  266/517 (51%)  
[  5]  21.00-22.00  sec   356 KBytes  2.92 Mbits/sec  0.123 ms  266/518 (51%)  
[  5]  22.00-23.00  sec   356 KBytes  2.92 Mbits/sec  0.032 ms  267/519 (51%)  
[  5]  23.00-24.00  sec   356 KBytes  2.92 Mbits/sec  0.033 ms  266/518 (51%)  
[  5]  24.00-25.00  sec   355 KBytes  2.91 Mbits/sec  0.054 ms  266/517 (51%)  
[  5]  25.00-26.00  sec   356 KBytes  2.92 Mbits/sec  0.026 ms  266/518 (51%)  
[  5]  26.00-27.00  sec   356 KBytes  2.92 Mbits/sec  0.033 ms  267/519 (51%)  
[  5]  27.00-28.00  sec   355 KBytes  2.91 Mbits/sec  0.201 ms  266/517 (51%)  
[  5]  28.00-29.00  sec   356 KBytes  2.92 Mbits/sec  0.079 ms  266/518 (51%)  
[  5]  29.00-30.00  sec   356 KBytes  2.92 Mbits/sec  0.025 ms  267/519 (51%)  
[  5]  30.00-31.00  sec   355 KBytes  2.91 Mbits/sec  0.308 ms  266/517 (51%)  
[  5]  31.00-32.00  sec   356 KBytes  2.92 Mbits/sec  0.025 ms  266/518 (51%)  
[  5]  32.00-33.00  sec   356 KBytes  2.92 Mbits/sec  0.020 ms  267/519 (51%)  
[  5]  33.00-34.00  sec   355 KBytes  2.91 Mbits/sec  0.032 ms  265/516 (51%)  
[  5]  34.00-35.00  sec   356 KBytes  2.92 Mbits/sec  0.029 ms  267/519 (51%)  
[  5]  35.00-36.00  sec   356 KBytes  2.92 Mbits/sec  0.049 ms  266/518 (51%)  
[  5]  36.00-37.00  sec   356 KBytes  2.92 Mbits/sec  0.056 ms  267/519 (51%)  
[  5]  37.00-38.00  sec   355 KBytes  2.91 Mbits/sec  0.030 ms  266/517 (51%)  
[  5]  38.00-39.00  sec   356 KBytes  2.92 Mbits/sec  0.068 ms  266/518 (51%)  
[  5]  39.00-40.00  sec   355 KBytes  2.91 Mbits/sec  0.071 ms  266/517 (51%)  
[  5]  40.00-41.00  sec   356 KBytes  2.92 Mbits/sec  0.070 ms  267/519 (51%)  
[  5]  41.00-42.00  sec   356 KBytes  2.92 Mbits/sec  0.032 ms  266/518 (51%)  
[  5]  42.00-43.00  sec   355 KBytes  2.91 Mbits/sec  0.020 ms  266/517 (51%)  
[  5]  43.00-44.00  sec   356 KBytes  2.92 Mbits/sec  0.127 ms  267/519 (51%)  
[  5]  44.00-45.00  sec   356 KBytes  2.92 Mbits/sec  0.063 ms  266/518 (51%)  
[  5]  45.00-46.00  sec   356 KBytes  2.92 Mbits/sec  0.024 ms  266/518 (51%)  
[  5]  46.00-47.00  sec   355 KBytes  2.91 Mbits/sec  0.203 ms  266/517 (51%)  
[  5]  47.00-48.00  sec   356 KBytes  2.92 Mbits/sec  0.066 ms  267/519 (51%)  
[  5]  48.00-49.00  sec   356 KBytes  2.92 Mbits/sec  0.632 ms  266/518 (51%)  
[  5]  49.00-50.00  sec   355 KBytes  2.91 Mbits/sec  0.039 ms  266/517 (51%)  
[  5]  50.00-51.00  sec   356 KBytes  2.92 Mbits/sec  0.030 ms  267/519 (51%)  
[  5]  51.00-52.00  sec   356 KBytes  2.92 Mbits/sec  0.025 ms  266/518 (51%)  
[  5]  52.00-53.00  sec   355 KBytes  2.91 Mbits/sec  0.016 ms  266/517 (51%)  
[  5]  53.00-54.00  sec   356 KBytes  2.92 Mbits/sec  0.027 ms  267/519 (51%)  
[  5]  54.00-55.00  sec   356 KBytes  2.92 Mbits/sec  0.046 ms  266/518 (51%)  
[  5]  55.00-56.00  sec   355 KBytes  2.91 Mbits/sec  0.015 ms  266/517 (51%)  
[  5]  56.00-57.00  sec   356 KBytes  2.92 Mbits/sec  0.323 ms  266/518 (51%)  
[  5]  57.00-58.00  sec   355 KBytes  2.91 Mbits/sec  0.029 ms  266/517 (51%)  
[  5]  58.00-59.00  sec   356 KBytes  2.92 Mbits/sec  0.086 ms  266/518 (51%)  
[  5]  59.00-60.00  sec   356 KBytes  2.92 Mbits/sec  0.069 ms  267/519 (51%)  
- - - - - - - - - - - - - - - - - - - - - - - - -
[ ID] Interval           Transfer     Bitrate         Jitter    Lost/Total Datagrams
[  5]   0.00-60.00  sec  21.0 MBytes  2.93 Mbits/sec  0.069 ms  15894/31077 (51%)  receiver
iperf3: interrupt - the server has terminated
-----------------------------------------------------------
Server listening on 5202 (test #2)
-----------------------------------------------------------
