-----------------------------------------------------------
Server listening on 5203 (test #1)
-----------------------------------------------------------
Accepted connection from 10.0.0.1, port 48628
[  5] local 10.0.0.2 port 5203 connected to 10.0.0.1 port 60694
[ ID] Interval           Transfer     Bitrate         Jitter    Lost/Total Datagrams
[  5]   0.00-1.00   sec   245 KBytes  2.00 Mbits/sec  0.066 ms  0/173 (0%)  
[  5]   1.00-2.00   sec   223 KBytes  1.83 Mbits/sec  0.197 ms  14/172 (8.1%)  
[  5]   2.00-3.00   sec   117 KBytes   962 Kbits/sec  0.073 ms  90/173 (52%)  
[  5]   3.00-4.00   sec   116 KBytes   950 Kbits/sec  0.043 ms  90/172 (52%)  
[  5]   4.00-5.00   sec   117 KBytes   962 Kbits/sec  0.042 ms  90/173 (52%)  
[  5]   5.00-6.00   sec   117 KBytes   962 Kbits/sec  0.039 ms  90/173 (52%)  
[  5]   6.00-7.00   sec   116 KBytes   950 Kbits/sec  0.064 ms  90/172 (52%)  
[  5]   7.00-8.00   sec   117 KBytes   961 Kbits/sec  0.103 ms  90/173 (52%)  
[  5]   8.00-9.00   sec   117 KBytes   962 Kbits/sec  0.022 ms  90/173 (52%)  
[  5]   9.00-10.00  sec   116 KBytes   949 Kbits/sec  0.235 ms  89/171 (52%)  
[  5]  10.00-11.00  sec   117 KBytes   962 Kbits/sec  0.054 ms  91/174 (52%)  
[  5]  11.00-12.00  sec   117 KBytes   962 Kbits/sec  0.062 ms  90/173 (52%)  
[  5]  12.00-13.00  sec   117 KBytes   961 Kbits/sec  0.045 ms  90/173 (52%)  
[  5]  13.00-14.00  sec   116 KBytes   950 Kbits/sec  0.212 ms  90/172 (52%)  
[  5]  14.00-15.00  sec   117 KBytes   961 Kbits/sec  0.075 ms  90/173 (52%)  
[  5]  15.00-16.00  sec   117 KBytes   962 Kbits/sec  0.028 ms  90/173 (52%)  
[  5]  16.00-17.00  sec   116 KBytes   950 Kbits/sec  0.414 ms  90/172 (52%)  
[  5]  17.00-18.00  sec   117 KBytes   961 Kbits/sec  0.030 ms  90/173 (52%)  
[  5]  18.00-19.00  sec   117 KBytes   961 Kbits/sec  0.101 ms  90/173 (52%)  
[  5]  19.00-20.00  sec   116 KBytes   950 Kbits/sec  0.356 ms  90/172 (52%)  
[  5]  20.00-21.00  sec   117 KBytes   962 Kbits/sec  0.043 ms  90/173 (52%)  
[  5]  21.00-22.00  sec   116 KBytes   950 Kbits/sec  0.066 ms  90/172 (52%)  
[  5]  22.00-23.00  sec   117 KBytes   962 Kbits/sec  0.027 ms  90/173 (52%)  
[  5]  23.00-24.00  sec   117 KBytes   961 Kbits/sec  0.026 ms  90/173 (52%)  
[  5]  24.00-25.00  sec   116 KBytes   950 Kbits/sec  0.033 ms  90/172 (52%)  
[  5]  25.00-26.00  sec   117 KBytes   961 Kbits/sec  0.053 ms  90/173 (52%)  
[  5]  26.00-27.00  sec   117 KBytes   961 Kbits/sec  0.025 ms  90/173 (52%)  
[  5]  27.00-28.00  sec   116 KBytes   950 Kbits/sec  0.193 ms  90/172 (52%)  
[  5]  28.00-29.00  sec   117 KBytes   961 Kbits/sec  0.082 ms  90/173 (52%)  
[  5]  29.00-30.00  sec   117 KBytes   962 Kbits/sec  0.074 ms  90/173 (52%)  
[  5]  30.00-31.00  sec   116 KBytes   950 Kbits/sec  0.131 ms  90/172 (52%)  
[  5]  31.00-32.00  sec   117 KBytes   961 Kbits/sec  0.033 ms  90/173 (52%)  
[  5]  32.00-33.00  sec   117 KBytes   962 Kbits/sec  0.036 ms  90/173 (52%)  
[  5]  33.00-34.00  sec   116 KBytes   950 Kbits/sec  0.035 ms  90/172 (52%)  
[  5]  34.00-35.00  sec   117 KBytes   961 Kbits/sec  0.390 ms  90/173 (52%)  
[  5]  35.00-36.00  sec   117 KBytes   962 Kbits/sec  0.034 ms  90/173 (52%)  
[  5]  36.00-37.00  sec   116 KBytes   950 Kbits/sec  0.042 ms  90/172 (52%)  
[  5]  37.00-38.00  sec   117 KBytes   962 Kbits/sec  0.025 ms  90/173 (52%)  
[  5]  38.00-39.00  sec   117 KBytes   962 Kbits/sec  0.030 ms  90/173 (52%)  
[  5]  39.00-40.00  sec   116 KBytes   950 Kbits/sec  0.049 ms  90/172 (52%)  
[  5]  40.00-41.00  sec   117 KBytes   961 Kbits/sec  0.054 ms  90/173 (52%)  
[  5]  41.00-42.00  sec   117 KBytes   961 Kbits/sec  0.028 ms  90/173 (52%)  
[  5]  42.00-43.00  sec   116 KBytes   950 Kbits/sec  0.190 ms  89/171 (52%)  
[  5]  43.00-44.00  sec   117 KBytes   961 Kbits/sec  0.114 ms  91/174 (52%)  
[  5]  44.00-45.00  sec   117 KBytes   962 Kbits/sec  0.057 ms  90/173 (52%)  
[  5]  45.00-46.00  sec   116 KBytes   950 Kbits/sec  0.026 ms  89/171 (52%)  
[  5]  46.00-47.00  sec   117 KBytes   962 Kbits/sec  0.034 ms  91/174 (52%)  
[  5]  47.00-48.00  sec   117 KBytes   961 Kbits/sec  0.134 ms  90/173 (52%)  
[  5]  48.00-49.00  sec   116 KBytes   950 Kbits/sec  0.940 ms  90/172 (52%)  
[  5]  49.00-50.00  sec   117 KBytes   962 Kbits/sec  0.051 ms  90/173 (52%)  
[  5]  50.00-51.00  sec   117 KBytes   961 Kbits/sec  0.040 ms  90/173 (52%)  
[  5]  51.00-52.00  sec   116 KBytes   950 Kbits/sec  0.043 ms  90/172 (52%)  
[  5]  52.00-53.00  sec   117 KBytes   961 Kbits/sec  0.030 ms  90/173 (52%)  
[  5]  53.00-54.00  sec   117 KBytes   962 Kbits/sec  0.021 ms  90/173 (52%)  
[  5]  54.00-55.00  sec   116 KBytes   950 Kbits/sec  0.028 ms  90/172 (52%)  
[  5]  55.00-56.00  sec   117 KBytes   961 Kbits/sec  0.058 ms  90/173 (52%)  
[  5]  56.00-57.00  sec   117 KBytes   962 Kbits/sec  0.064 ms  90/173 (52%)  
[  5]  57.00-58.00  sec   116 KBytes   950 Kbits/sec  0.189 ms  89/171 (52%)  
[  5]  58.00-59.00  sec   117 KBytes   962 Kbits/sec  0.060 ms  91/174 (52%)  
[  5]  59.00-60.00  sec   116 KBytes   950 Kbits/sec  0.292 ms  89/171 (52%)  
- - - - - - - - - - - - - - - - - - - - - - - - -
[ ID] Interval           Transfer     Bitrate         Jitter    Lost/Total Datagrams
[  5]   0.00-60.00  sec  7.08 MBytes   989 Kbits/sec  0.292 ms  5233/10358 (51%)  receiver
iperf3: interrupt - the server has terminated
-----------------------------------------------------------
Server listening on 5203 (test #2)
-----------------------------------------------------------
