-----------------------------------------------------------
Server listening on 5202 (test #1)
-----------------------------------------------------------
Accepted connection from 10.0.0.1, port 36556
[  5] local 10.0.0.2 port 5202 connected to 10.0.0.1 port 37533
[ ID] Interval           Transfer     Bitrate         Jitter    Lost/Total Datagrams
[  5]   0.00-1.00   sec  5.00 MBytes  42.0 Mbits/sec  209.945 ms  849408/853032 (1e+02%)  
[  5]   1.00-2.00   sec  5.24 MBytes  44.0 Mbits/sec  498.560 ms  18446744073709547820/0 (0%)  
[  5]   2.00-3.00   sec  5.23 MBytes  43.9 Mbits/sec  106.658 ms  18446744073709547830/0 (0%)  
[  5]   3.00-4.00   sec  5.28 MBytes  44.3 Mbits/sec  437.106 ms  18446744073709547790/0 (0%)  
[  5]   4.00-5.00   sec  5.27 MBytes  44.2 Mbits/sec  116.750 ms  18446744073709547801/0 (0%)  
[  5]   5.00-6.00   sec  5.29 MBytes  44.4 Mbits/sec  1176.215 ms  18446744073709547786/0 (0%)  
[  5]   6.00-7.00   sec  5.19 MBytes  43.5 Mbits/sec  16.559 ms  18446744073709547856/0 (0%)  
[  5]   7.00-8.00   sec  5.32 MBytes  44.7 Mbits/sec  211.023 ms  18446744073709547767/0 (0%)  
[  5]   8.00-9.00   sec  5.30 MBytes  44.5 Mbits/sec  618.050 ms  18446744073709547778/0 (0%)  
[  5]   9.00-10.00  sec  5.25 MBytes  44.0 Mbits/sec  131.171 ms  18446744073709547814/0 (0%)  
[  5]  10.00-11.00  sec  5.36 MBytes  45.0 Mbits/sec  1349.454 ms  18446744073709547732/0 (0%)  
[  5]  11.00-12.00  sec  5.27 MBytes  44.2 Mbits/sec  3670.992 ms  18446744073709547797/0 (0%)  
[  5]  12.00-13.00  sec  5.28 MBytes  44.3 Mbits/sec  1714.708 ms  18446744073709547793/0 (0%)  
[  5]  13.00-14.00  sec  5.27 MBytes  44.2 Mbits/sec  404.682 ms  18446744073709547797/0 (0%)  
[  5]  14.00-15.00  sec  5.22 MBytes  43.8 Mbits/sec  250.510 ms  18446744073709547834/0 (0%)  
[  5]  15.00-16.00  sec  5.33 MBytes  44.7 Mbits/sec  4242.180 ms  18446744073709547756/0 (0%)  
[  5]  16.00-17.00  sec  5.28 MBytes  44.3 Mbits/sec  975.592 ms  18446744073709547791/0 (0%)  
[  5]  17.00-18.00  sec  5.28 MBytes  44.3 Mbits/sec  2878.463 ms  18446744073709547793/0 (0%)  
[  5]  18.00-19.00  sec  5.24 MBytes  43.9 Mbits/sec  1133.632 ms  18446744073709547824/0 (0%)  
[  5]  19.00-20.00  sec  5.29 MBytes  44.4 Mbits/sec  460.145 ms  18446744073709547786/0 (0%)  
[  5]  20.00-21.00  sec  5.26 MBytes  44.1 Mbits/sec  300.811 ms  18446744073709547810/0 (0%)  
[  5]  21.00-22.00  sec  4.97 MBytes  41.5 Mbits/sec  2186.819 ms  18446744073709548015/0 (0%)  
[  5]  22.00-23.01  sec  5.60 MBytes  46.9 Mbits/sec  971.037 ms  18446744073709547564/0 (0%)  
[  5]  23.01-24.00  sec  5.22 MBytes  44.0 Mbits/sec  861.707 ms  18446744073709547835/0 (0%)  
[  5]  24.00-25.00  sec  5.25 MBytes  44.0 Mbits/sec  276.934 ms  18446744073709547817/0 (0%)  
[  5]  25.00-26.00  sec  5.20 MBytes  43.6 Mbits/sec  228.827 ms  18446744073709547848/0 (0%)  
[  5]  26.00-27.00  sec  5.26 MBytes  44.1 Mbits/sec  4501.447 ms  18446744073709547807/0 (0%)  
[  5]  27.00-28.00  sec  5.25 MBytes  44.1 Mbits/sec  4262.783 ms  18446744073709547812/0 (0%)  
[  5]  28.00-29.00  sec  5.23 MBytes  43.8 Mbits/sec  1202.996 ms  18446744073709547832/0 (0%)  
[  5]  29.00-30.00  sec  5.27 MBytes  44.2 Mbits/sec  1752.622 ms  18446744073709547802/0 (0%)  
[  5]  30.00-30.04  sec   222 KBytes  42.5 Mbits/sec  1015.554 ms  18446744073709551459/0 (0%)  
- - - - - - - - - - - - - - - - - - - - - - - - -
[ ID] Interval           Transfer     Bitrate         Jitter    Lost/Total Datagrams
[SUM]  0.0-30.0 sec  114357 datagrams received out-of-order
[  5]   0.00-30.04  sec   158 MBytes  44.1 Mbits/sec  1015.554 ms  738674/853032 (87%)  receiver
iperf3: interrupt - the server has terminated
-----------------------------------------------------------
Server listening on 5202 (test #2)
-----------------------------------------------------------
