-----------------------------------------------------------
Server listening on 5203 (test #1)
-----------------------------------------------------------
Accepted connection from 10.0.0.1, port 55026
[  5] local 10.0.0.2 port 5203 connected to 10.0.0.1 port 55599
[ ID] Interval           Transfer     Bitrate         Jitter    Lost/Total Datagrams
[  5]   0.00-1.00   sec   481 KBytes  3.94 Mbits/sec  0.432 ms  144/484 (30%)  
[  5]   1.00-2.00   sec   509 KBytes  4.17 Mbits/sec  0.509 ms  159/519 (31%)  
[  5]   2.00-3.00   sec   506 KBytes  4.14 Mbits/sec  0.508 ms  159/517 (31%)  
[  5]   3.00-4.00   sec   516 KBytes  4.23 Mbits/sec  0.431 ms  152/517 (29%)  
[  5]   4.00-5.00   sec   510 KBytes  4.18 Mbits/sec  0.413 ms  158/519 (30%)  
[  5]   5.00-6.00   sec   522 KBytes  4.27 Mbits/sec  0.461 ms  147/516 (28%)  
[  5]   6.00-7.00   sec   513 KBytes  4.21 Mbits/sec  0.488 ms  155/518 (30%)  
[  5]   7.00-8.00   sec   506 KBytes  4.15 Mbits/sec  0.501 ms  161/519 (31%)  
[  5]   8.00-9.00   sec   503 KBytes  4.12 Mbits/sec  0.442 ms  163/519 (31%)  
[  5]   9.00-10.00  sec   516 KBytes  4.23 Mbits/sec  0.474 ms  153/518 (30%)  
[  5]  10.00-11.00  sec   502 KBytes  4.11 Mbits/sec  0.513 ms  163/518 (31%)  
[  5]  11.00-12.00  sec   488 KBytes  4.00 Mbits/sec  0.514 ms  173/518 (33%)  
[  5]  12.00-13.00  sec   512 KBytes  4.19 Mbits/sec  0.484 ms  156/518 (30%)  
[  5]  13.00-14.00  sec   513 KBytes  4.20 Mbits/sec  0.468 ms  155/518 (30%)  
[  5]  14.00-15.00  sec   513 KBytes  4.21 Mbits/sec  0.554 ms  155/518 (30%)  
[  5]  15.00-16.00  sec   503 KBytes  4.12 Mbits/sec  0.564 ms  157/513 (31%)  
[  5]  16.00-17.00  sec   484 KBytes  3.96 Mbits/sec  0.525 ms  180/522 (34%)  
[  5]  17.00-18.00  sec   496 KBytes  4.07 Mbits/sec  0.520 ms  168/519 (32%)  
[  5]  18.00-19.00  sec   505 KBytes  4.14 Mbits/sec  0.494 ms  159/516 (31%)  
[  5]  19.00-20.00  sec   509 KBytes  4.17 Mbits/sec  0.792 ms  159/519 (31%)  
[  5]  20.00-21.00  sec   479 KBytes  3.93 Mbits/sec  0.451 ms  179/518 (35%)  
[  5]  21.00-22.00  sec   512 KBytes  4.19 Mbits/sec  0.478 ms  156/518 (30%)  
[  5]  22.00-23.00  sec   488 KBytes  4.00 Mbits/sec  0.612 ms  173/518 (33%)  
[  5]  23.00-24.00  sec   501 KBytes  4.10 Mbits/sec  0.502 ms  164/518 (32%)  
[  5]  24.00-25.00  sec   499 KBytes  4.09 Mbits/sec  1.955 ms  165/518 (32%)  
[  5]  25.00-26.00  sec   465 KBytes  3.81 Mbits/sec  0.606 ms  189/518 (36%)  
[  5]  26.00-27.00  sec   502 KBytes  4.11 Mbits/sec  0.563 ms  161/516 (31%)  
[  5]  27.00-28.00  sec   513 KBytes  4.21 Mbits/sec  0.529 ms  156/519 (30%)  
[  5]  28.00-29.00  sec   508 KBytes  4.16 Mbits/sec  0.538 ms  159/518 (31%)  
[  5]  29.00-30.00  sec   522 KBytes  4.27 Mbits/sec  0.523 ms  150/519 (29%)  
[  5]  30.00-31.00  sec   510 KBytes  4.18 Mbits/sec  0.431 ms  157/518 (30%)  
[  5]  31.00-32.00  sec   488 KBytes  4.00 Mbits/sec  0.563 ms  173/518 (33%)  
[  5]  32.00-33.00  sec   506 KBytes  4.15 Mbits/sec  0.754 ms  160/518 (31%)  
[  5]  33.00-34.00  sec   478 KBytes  3.92 Mbits/sec  0.480 ms  180/518 (35%)  
[  5]  34.00-35.00  sec   520 KBytes  4.26 Mbits/sec  0.513 ms  150/518 (29%)  
[  5]  35.00-36.00  sec   495 KBytes  4.05 Mbits/sec  0.517 ms  168/518 (32%)  
[  5]  36.00-37.00  sec   509 KBytes  4.17 Mbits/sec  0.470 ms  158/518 (31%)  
[  5]  37.00-38.00  sec   512 KBytes  4.19 Mbits/sec  0.513 ms  155/517 (30%)  
[  5]  38.00-39.00  sec   522 KBytes  4.27 Mbits/sec  0.483 ms  150/519 (29%)  
[  5]  39.00-40.00  sec   519 KBytes  4.25 Mbits/sec  0.525 ms  147/514 (29%)  
[  5]  40.00-41.00  sec   519 KBytes  4.25 Mbits/sec  0.520 ms  153/520 (29%)  
[  5]  41.00-42.00  sec   512 KBytes  4.19 Mbits/sec  0.477 ms  157/519 (30%)  
[  5]  42.00-43.00  sec   515 KBytes  4.22 Mbits/sec  0.474 ms  154/518 (30%)  
[  5]  43.00-44.00  sec   502 KBytes  4.11 Mbits/sec  0.574 ms  163/518 (31%)  
[  5]  44.00-45.00  sec   523 KBytes  4.29 Mbits/sec  0.459 ms  148/518 (29%)  
[  5]  45.00-46.00  sec   505 KBytes  4.14 Mbits/sec  0.571 ms  161/518 (31%)  
[  5]  46.00-47.00  sec   484 KBytes  3.96 Mbits/sec  0.473 ms  177/519 (34%)  
[  5]  47.00-48.00  sec   496 KBytes  4.07 Mbits/sec  0.550 ms  166/517 (32%)  
[  5]  48.00-49.00  sec   501 KBytes  4.10 Mbits/sec  0.551 ms  164/518 (32%)  
[  5]  49.00-50.00  sec   513 KBytes  4.20 Mbits/sec  0.518 ms  151/514 (29%)  
[  5]  50.00-51.00  sec   505 KBytes  4.14 Mbits/sec  0.463 ms  165/522 (32%)  
[  5]  51.00-52.00  sec   518 KBytes  4.24 Mbits/sec  0.518 ms  150/516 (29%)  
[  5]  52.00-53.00  sec   510 KBytes  4.18 Mbits/sec  0.596 ms  158/519 (30%)  
[  5]  53.00-54.00  sec   518 KBytes  4.24 Mbits/sec  0.509 ms  153/519 (29%)  
[  5]  54.00-55.00  sec   502 KBytes  4.11 Mbits/sec  0.606 ms  163/518 (31%)  
[  5]  55.00-56.00  sec   512 KBytes  4.19 Mbits/sec  0.544 ms  155/517 (30%)  
[  5]  56.00-57.00  sec   492 KBytes  4.03 Mbits/sec  0.486 ms  171/519 (33%)  
[  5]  57.00-58.00  sec   513 KBytes  4.20 Mbits/sec  0.517 ms  155/518 (30%)  
[  5]  58.00-59.00  sec   508 KBytes  4.16 Mbits/sec  0.513 ms  158/517 (31%)  
[  5]  59.00-60.00  sec   510 KBytes  4.18 Mbits/sec  0.459 ms  158/519 (30%)  
[  5]  60.00-60.06  sec  39.6 KBytes  5.79 Mbits/sec  0.648 ms  5/33 (15%)  
- - - - - - - - - - - - - - - - - - - - - - - - -
[ ID] Interval           Transfer     Bitrate         Jitter    Lost/Total Datagrams
[SUM]  0.0-60.1 sec  12 datagrams received out-of-order
[  5]   0.00-60.06  sec  29.6 MBytes  4.14 Mbits/sec  0.648 ms  9611/31077 (31%)  receiver
iperf3: interrupt - the server has terminated
-----------------------------------------------------------
Server listening on 5203 (test #2)
-----------------------------------------------------------
