-----------------------------------------------------------
Server listening on 5202 (test #1)
-----------------------------------------------------------
Accepted connection from 10.0.0.1, port 50138
[  5] local 10.0.0.2 port 5202 connected to 10.0.0.1 port 57044
[ ID] Interval           Transfer     Bitrate         Jitter    Lost/Total Datagrams
[  5]   0.00-1.00   sec   369 KBytes  3.02 Mbits/sec  0.173 ms  222/483 (46%)  
[  5]   1.00-2.00   sec   359 KBytes  2.94 Mbits/sec  0.286 ms  264/518 (51%)  
[  5]   2.00-3.00   sec   345 KBytes  2.83 Mbits/sec  0.367 ms  272/516 (53%)  
[  5]   3.00-4.00   sec   352 KBytes  2.88 Mbits/sec  0.214 ms  270/519 (52%)  
[  5]   4.00-5.00   sec   342 KBytes  2.80 Mbits/sec  0.208 ms  277/519 (53%)  
[  5]   5.00-6.00   sec   351 KBytes  2.87 Mbits/sec  0.192 ms  270/518 (52%)  
[  5]   6.00-7.00   sec   355 KBytes  2.91 Mbits/sec  0.319 ms  266/517 (51%)  
[  5]   7.00-8.00   sec   335 KBytes  2.75 Mbits/sec  0.248 ms  280/517 (54%)  
[  5]   8.00-9.00   sec   338 KBytes  2.77 Mbits/sec  0.210 ms  280/519 (54%)  
[  5]   9.00-10.00  sec   349 KBytes  2.86 Mbits/sec  0.214 ms  269/516 (52%)  
[  5]  10.00-11.00  sec   348 KBytes  2.85 Mbits/sec  0.581 ms  274/521 (53%)  
[  5]  11.00-12.00  sec   358 KBytes  2.93 Mbits/sec  0.425 ms  264/517 (51%)  
[  5]  12.00-13.00  sec   348 KBytes  2.85 Mbits/sec  0.384 ms  272/518 (53%)  
[  5]  13.00-14.00  sec   361 KBytes  2.95 Mbits/sec  0.285 ms  264/519 (51%)  
[  5]  14.00-15.00  sec   365 KBytes  2.99 Mbits/sec  0.450 ms  260/518 (50%)  
[  5]  15.00-16.00  sec   355 KBytes  2.91 Mbits/sec  0.255 ms  265/516 (51%)  
[  5]  16.00-17.00  sec   352 KBytes  2.88 Mbits/sec  0.256 ms  270/519 (52%)  
[  5]  17.00-18.00  sec   351 KBytes  2.87 Mbits/sec  0.236 ms  271/519 (52%)  
[  5]  18.00-19.00  sec   355 KBytes  2.91 Mbits/sec  0.340 ms  267/518 (52%)  
[  5]  19.00-20.00  sec   355 KBytes  2.91 Mbits/sec  0.616 ms  265/516 (51%)  
[  5]  20.00-21.00  sec   355 KBytes  2.91 Mbits/sec  0.250 ms  267/518 (52%)  
[  5]  21.00-22.00  sec   351 KBytes  2.87 Mbits/sec  0.257 ms  271/519 (52%)  
[  5]  22.00-23.00  sec   359 KBytes  2.94 Mbits/sec  0.310 ms  264/518 (51%)  
[  5]  23.00-24.00  sec   361 KBytes  2.95 Mbits/sec  0.275 ms  261/516 (51%)  
[  5]  24.00-25.00  sec   365 KBytes  2.99 Mbits/sec  3.044 ms  258/516 (50%)  
[  5]  25.00-26.00  sec   385 KBytes  3.15 Mbits/sec  0.214 ms  250/522 (48%)  
[  5]  26.00-27.00  sec   361 KBytes  2.95 Mbits/sec  0.437 ms  263/518 (51%)  
[  5]  27.00-28.00  sec   355 KBytes  2.91 Mbits/sec  0.336 ms  265/516 (51%)  
[  5]  28.00-29.00  sec   354 KBytes  2.90 Mbits/sec  0.220 ms  269/519 (52%)  
[  5]  29.00-30.00  sec   344 KBytes  2.82 Mbits/sec  0.218 ms  276/519 (53%)  
[  5]  30.00-31.00  sec   342 KBytes  2.80 Mbits/sec  0.213 ms  276/518 (53%)  
[  5]  31.00-32.00  sec   375 KBytes  3.07 Mbits/sec  0.449 ms  253/518 (49%)  
[  5]  32.00-33.00  sec   344 KBytes  2.81 Mbits/sec  0.292 ms  273/516 (53%)  
[  5]  33.00-34.00  sec   362 KBytes  2.97 Mbits/sec  0.223 ms  263/519 (51%)  
[  5]  34.00-35.00  sec   362 KBytes  2.97 Mbits/sec  0.271 ms  263/519 (51%)  
[  5]  35.00-36.00  sec   358 KBytes  2.93 Mbits/sec  0.306 ms  265/518 (51%)  
[  5]  36.00-37.00  sec   362 KBytes  2.97 Mbits/sec  0.353 ms  260/516 (50%)  
[  5]  37.00-38.00  sec   356 KBytes  2.92 Mbits/sec  0.284 ms  267/519 (51%)  
[  5]  38.00-39.00  sec   345 KBytes  2.83 Mbits/sec  0.193 ms  275/519 (53%)  
[  5]  39.00-40.00  sec   348 KBytes  2.85 Mbits/sec  0.231 ms  272/518 (53%)  
[  5]  40.00-41.00  sec   359 KBytes  2.94 Mbits/sec  0.365 ms  263/517 (51%)  
[  5]  41.00-42.00  sec   341 KBytes  2.79 Mbits/sec  0.200 ms  276/517 (53%)  
[  5]  42.00-43.00  sec   355 KBytes  2.91 Mbits/sec  0.303 ms  268/519 (52%)  
[  5]  43.00-44.00  sec   358 KBytes  2.93 Mbits/sec  0.600 ms  263/516 (51%)  
[  5]  44.00-45.00  sec   345 KBytes  2.83 Mbits/sec  0.320 ms  275/519 (53%)  
[  5]  45.00-46.00  sec   359 KBytes  2.94 Mbits/sec  0.344 ms  264/518 (51%)  
[  5]  46.00-47.00  sec   342 KBytes  2.80 Mbits/sec  0.291 ms  277/519 (53%)  
[  5]  47.00-48.00  sec   362 KBytes  2.96 Mbits/sec  0.168 ms  260/516 (50%)  
[  5]  48.00-49.00  sec   355 KBytes  2.91 Mbits/sec  0.277 ms  268/519 (52%)  
[  5]  49.00-50.00  sec   345 KBytes  2.83 Mbits/sec  0.323 ms  274/518 (53%)  
[  5]  50.00-51.00  sec   359 KBytes  2.94 Mbits/sec  0.336 ms  265/519 (51%)  
[  5]  51.00-52.00  sec   339 KBytes  2.78 Mbits/sec  0.166 ms  278/518 (54%)  
[  5]  52.00-53.00  sec   361 KBytes  2.95 Mbits/sec  0.630 ms  263/518 (51%)  
[  5]  53.00-54.00  sec   356 KBytes  2.92 Mbits/sec  0.306 ms  265/517 (51%)  
[  5]  54.00-55.00  sec   361 KBytes  2.95 Mbits/sec  0.301 ms  264/519 (51%)  
[  5]  55.00-56.00  sec   345 KBytes  2.83 Mbits/sec  0.252 ms  274/518 (53%)  
[  5]  56.00-57.00  sec   351 KBytes  2.87 Mbits/sec  0.198 ms  268/516 (52%)  
[  5]  57.00-58.00  sec   356 KBytes  2.92 Mbits/sec  0.178 ms  267/519 (51%)  
[  5]  58.00-59.00  sec   342 KBytes  2.80 Mbits/sec  0.281 ms  277/519 (53%)  
[  5]  59.00-60.00  sec   355 KBytes  2.91 Mbits/sec  0.288 ms  267/518 (52%)  
[  5]  60.00-60.07  sec  22.6 KBytes  2.84 Mbits/sec  0.298 ms  16/32 (50%)  
- - - - - - - - - - - - - - - - - - - - - - - - -
[ ID] Interval           Transfer     Bitrate         Jitter    Lost/Total Datagrams
[SUM]  0.0-60.1 sec  7 datagrams received out-of-order
[  5]   0.00-60.07  sec  20.8 MBytes  2.90 Mbits/sec  0.298 ms  16045/31075 (52%)  receiver
iperf3: interrupt - the server has terminated
-----------------------------------------------------------
Server listening on 5202 (test #2)
-----------------------------------------------------------
