-----------------------------------------------------------
Server listening on 5201 (test #1)
-----------------------------------------------------------
Accepted connection from 10.0.0.1, port 56246
[  5] local 10.0.0.2 port 5201 connected to 10.0.0.1 port 53161
[ ID] Interval           Transfer     Bitrate         Jitter    Lost/Total Datagrams
[  5]   0.00-1.00   sec   345 KBytes  2.83 Mbits/sec  0.421 ms  238/482 (49%)  
[  5]   1.00-2.00   sec   317 KBytes  2.60 Mbits/sec  0.471 ms  288/512 (56%)  
[  5]   2.00-3.00   sec   331 KBytes  2.71 Mbits/sec  0.451 ms  291/525 (55%)  
[  5]   3.00-4.00   sec   321 KBytes  2.63 Mbits/sec  0.441 ms  292/519 (56%)  
[  5]   4.00-5.00   sec   334 KBytes  2.73 Mbits/sec  0.434 ms  277/513 (54%)  
[  5]   5.00-6.00   sec   313 KBytes  2.56 Mbits/sec  0.428 ms  299/520 (58%)  
[  5]   6.00-7.00   sec   318 KBytes  2.61 Mbits/sec  0.454 ms  295/520 (57%)  
[  5]   7.00-8.00   sec   346 KBytes  2.84 Mbits/sec  0.379 ms  274/519 (53%)  
[  5]   8.00-9.00   sec   342 KBytes  2.80 Mbits/sec  0.454 ms  275/517 (53%)  
[  5]   9.00-10.00  sec   321 KBytes  2.63 Mbits/sec  0.432 ms  292/519 (56%)  
[  5]  10.00-11.00  sec   331 KBytes  2.71 Mbits/sec  0.594 ms  284/518 (55%)  
[  5]  11.00-12.00  sec   338 KBytes  2.77 Mbits/sec  0.494 ms  278/517 (54%)  
[  5]  12.00-13.00  sec   325 KBytes  2.66 Mbits/sec  0.380 ms  279/509 (55%)  
[  5]  13.00-14.00  sec   311 KBytes  2.55 Mbits/sec  0.483 ms  302/522 (58%)  
[  5]  14.00-15.00  sec   307 KBytes  2.51 Mbits/sec  0.583 ms  301/518 (58%)  
[  5]  15.00-16.00  sec   328 KBytes  2.69 Mbits/sec  0.432 ms  291/523 (56%)  
[  5]  16.00-17.00  sec   352 KBytes  2.88 Mbits/sec  0.419 ms  269/518 (52%)  
[  5]  17.00-18.00  sec   341 KBytes  2.79 Mbits/sec  0.481 ms  275/516 (53%)  
[  5]  18.00-19.00  sec   325 KBytes  2.66 Mbits/sec  0.453 ms  289/519 (56%)  
[  5]  19.00-20.00  sec   321 KBytes  2.63 Mbits/sec  0.725 ms  291/518 (56%)  
[  5]  20.00-21.00  sec   351 KBytes  2.87 Mbits/sec  0.430 ms  271/519 (52%)  
[  5]  21.00-22.00  sec   322 KBytes  2.64 Mbits/sec  0.492 ms  290/518 (56%)  
[  5]  22.00-23.00  sec   334 KBytes  2.73 Mbits/sec  0.430 ms  280/516 (54%)  
[  5]  23.00-24.00  sec   324 KBytes  2.65 Mbits/sec  0.437 ms  290/519 (56%)  
[  5]  24.00-25.00  sec   318 KBytes  2.61 Mbits/sec  2.172 ms  291/516 (56%)  
[  5]  25.00-26.00  sec   342 KBytes  2.80 Mbits/sec  0.381 ms  274/516 (53%)  
[  5]  26.00-27.00  sec   321 KBytes  2.63 Mbits/sec  0.537 ms  291/518 (56%)  
[  5]  27.00-28.00  sec   318 KBytes  2.61 Mbits/sec  0.447 ms  297/522 (57%)  
[  5]  28.00-29.00  sec   327 KBytes  2.68 Mbits/sec  0.395 ms  288/519 (55%)  
[  5]  29.00-30.00  sec   321 KBytes  2.63 Mbits/sec  0.351 ms  288/515 (56%)  
[  5]  30.00-31.00  sec   335 KBytes  2.75 Mbits/sec  0.510 ms  284/521 (55%)  
[  5]  31.00-32.00  sec   321 KBytes  2.63 Mbits/sec  0.595 ms  291/518 (56%)  
[  5]  32.00-33.00  sec   332 KBytes  2.72 Mbits/sec  0.543 ms  283/518 (55%)  
[  5]  33.00-34.00  sec   345 KBytes  2.83 Mbits/sec  0.399 ms  273/517 (53%)  
[  5]  34.00-35.00  sec   301 KBytes  2.47 Mbits/sec  0.400 ms  301/514 (59%)  
[  5]  35.00-36.00  sec   331 KBytes  2.71 Mbits/sec  0.446 ms  280/514 (54%)  
[  5]  36.00-37.00  sec   315 KBytes  2.58 Mbits/sec  0.438 ms  303/526 (58%)  
[  5]  37.00-38.00  sec   318 KBytes  2.61 Mbits/sec  0.487 ms  291/516 (56%)  
[  5]  38.00-39.00  sec   321 KBytes  2.63 Mbits/sec  0.487 ms  292/519 (56%)  
[  5]  39.00-40.00  sec   317 KBytes  2.59 Mbits/sec  0.433 ms  292/516 (57%)  
[  5]  40.00-41.00  sec   310 KBytes  2.54 Mbits/sec  0.509 ms  302/521 (58%)  
[  5]  41.00-42.00  sec   334 KBytes  2.73 Mbits/sec  0.402 ms  282/518 (54%)  
[  5]  42.00-43.00  sec   315 KBytes  2.58 Mbits/sec  0.453 ms  295/518 (57%)  
[  5]  43.00-44.00  sec   324 KBytes  2.65 Mbits/sec  0.803 ms  289/518 (56%)  
[  5]  44.00-45.00  sec   314 KBytes  2.57 Mbits/sec  0.443 ms  296/518 (57%)  
[  5]  45.00-46.00  sec   321 KBytes  2.63 Mbits/sec  0.385 ms  291/518 (56%)  
[  5]  46.00-47.00  sec   362 KBytes  2.97 Mbits/sec  0.520 ms  260/516 (50%)  
[  5]  47.00-48.00  sec   325 KBytes  2.66 Mbits/sec  0.464 ms  289/519 (56%)  
[  5]  48.00-49.00  sec   331 KBytes  2.71 Mbits/sec  0.480 ms  279/513 (54%)  
[  5]  49.00-50.00  sec   325 KBytes  2.66 Mbits/sec  0.396 ms  294/524 (56%)  
[  5]  50.00-51.00  sec   325 KBytes  2.66 Mbits/sec  0.593 ms  286/516 (55%)  
[  5]  51.00-52.00  sec   328 KBytes  2.69 Mbits/sec  0.420 ms  286/518 (55%)  
[  5]  52.00-53.00  sec   315 KBytes  2.58 Mbits/sec  0.557 ms  295/518 (57%)  
[  5]  53.00-54.00  sec   313 KBytes  2.56 Mbits/sec  0.465 ms  299/520 (58%)  
[  5]  54.00-55.00  sec   320 KBytes  2.62 Mbits/sec  0.451 ms  291/517 (56%)  
[  5]  55.00-56.00  sec   328 KBytes  2.69 Mbits/sec  0.378 ms  287/519 (55%)  
[  5]  56.00-57.00  sec   344 KBytes  2.81 Mbits/sec  0.380 ms  275/518 (53%)  
[  5]  57.00-58.00  sec   314 KBytes  2.57 Mbits/sec  0.439 ms  293/515 (57%)  
[  5]  58.00-59.00  sec   335 KBytes  2.75 Mbits/sec  0.497 ms  276/513 (54%)  
[  5]  59.00-60.00  sec   320 KBytes  2.62 Mbits/sec  0.462 ms  298/524 (57%)  
[  5]  60.00-60.06  sec  19.8 KBytes  2.52 Mbits/sec  0.308 ms  21/35 (60%)  
- - - - - - - - - - - - - - - - - - - - - - - - -
[ ID] Interval           Transfer     Bitrate         Jitter    Lost/Total Datagrams
[SUM]  0.0-60.1 sec  7 datagrams received out-of-order
[  5]   0.00-60.06  sec  19.1 MBytes  2.67 Mbits/sec  0.308 ms  17214/31077 (55%)  receiver
iperf3: interrupt - the server has terminated
-----------------------------------------------------------
Server listening on 5201 (test #2)
-----------------------------------------------------------
