-----------------------------------------------------------
Server listening on 5202 (test #1)
-----------------------------------------------------------
Accepted connection from 10.0.0.1, port 57132
[  5] local 10.0.0.2 port 5202 connected to 10.0.0.1 port 44111
[ ID] Interval           Transfer     Bitrate         Jitter    Lost/Total Datagrams
[  5]   0.00-1.00   sec  4.02 MBytes  33.7 Mbits/sec  1.177 ms  15/2923 (0.51%)  
[  5]   1.00-2.00   sec  4.71 MBytes  39.5 Mbits/sec  0.890 ms  42/3452 (1.2%)  
[  5]   2.00-3.00   sec  4.62 MBytes  38.8 Mbits/sec  1.529 ms  108/3454 (3.1%)  
[  5]   3.00-4.00   sec  4.51 MBytes  37.8 Mbits/sec  1.396 ms  183/3449 (5.3%)  
[  5]   4.00-5.00   sec  4.73 MBytes  39.7 Mbits/sec  1.439 ms  27/3455 (0.78%)  
[  5]   5.00-6.00   sec  4.73 MBytes  39.7 Mbits/sec  1.319 ms  31/3457 (0.9%)  
[  5]   6.00-7.00   sec  4.72 MBytes  39.6 Mbits/sec  1.331 ms  32/3451 (0.93%)  
[  5]   7.00-8.00   sec  4.48 MBytes  37.6 Mbits/sec  1.477 ms  202/3449 (5.9%)  
[  5]   8.00-9.00   sec  4.73 MBytes  39.7 Mbits/sec  1.199 ms  29/3453 (0.84%)  
[  5]   9.00-10.00  sec  4.72 MBytes  39.6 Mbits/sec  1.395 ms  36/3456 (1%)  
[  5]  10.00-11.00  sec  4.69 MBytes  39.3 Mbits/sec  1.619 ms  55/3452 (1.6%)  
[  5]  11.00-12.00  sec  4.53 MBytes  38.0 Mbits/sec  1.279 ms  170/3451 (4.9%)  
[  5]  12.00-13.00  sec  4.70 MBytes  39.5 Mbits/sec  1.414 ms  51/3457 (1.5%)  
[  5]  13.00-14.00  sec  4.72 MBytes  39.6 Mbits/sec  1.425 ms  37/3455 (1.1%)  
[  5]  14.00-15.00  sec  4.69 MBytes  39.4 Mbits/sec  1.392 ms  53/3452 (1.5%)  
[  5]  15.00-16.00  sec  4.53 MBytes  38.0 Mbits/sec  1.463 ms  129/3406 (3.8%)  
[  5]  16.00-17.00  sec  4.68 MBytes  39.2 Mbits/sec  1.410 ms  71/3459 (2.1%)  
[  5]  17.00-18.00  sec  4.72 MBytes  39.6 Mbits/sec  1.624 ms  36/3454 (1%)  
[  5]  18.00-19.00  sec  4.72 MBytes  39.6 Mbits/sec  1.194 ms  46/3461 (1.3%)  
[  5]  19.00-20.00  sec  4.72 MBytes  39.6 Mbits/sec  1.625 ms  35/3455 (1%)  
[  5]  20.00-21.00  sec  4.55 MBytes  38.2 Mbits/sec  1.237 ms  144/3438 (4.2%)  
[  5]  21.00-22.00  sec  4.73 MBytes  39.7 Mbits/sec  1.473 ms  39/3466 (1.1%)  
[  5]  22.00-23.00  sec  4.74 MBytes  39.7 Mbits/sec  1.201 ms  29/3459 (0.84%)  
[  5]  23.00-24.00  sec  4.74 MBytes  39.7 Mbits/sec  0.980 ms  32/3462 (0.92%)  
[  5]  24.00-25.00  sec  4.57 MBytes  38.4 Mbits/sec  1.368 ms  43/3355 (1.3%)  
[  5]  25.00-26.00  sec  4.74 MBytes  39.7 Mbits/sec  1.259 ms  132/3561 (3.7%)  
[  5]  26.00-27.00  sec  4.70 MBytes  39.4 Mbits/sec  1.243 ms  47/3450 (1.4%)  
[  5]  27.00-28.00  sec  4.47 MBytes  37.5 Mbits/sec  1.222 ms  225/3465 (6.5%)  
[  5]  28.00-29.00  sec  4.70 MBytes  39.4 Mbits/sec  1.862 ms  45/3451 (1.3%)  
[  5]  29.00-30.00  sec  4.72 MBytes  39.6 Mbits/sec  1.422 ms  36/3452 (1%)  
[  5]  30.00-30.15  sec   738 KBytes  39.8 Mbits/sec  1.535 ms  7/529 (1.3%)  
- - - - - - - - - - - - - - - - - - - - - - - - -
[ ID] Interval           Transfer     Bitrate         Jitter    Lost/Total Datagrams
[SUM]  0.0-30.2 sec  68829 datagrams received out-of-order
[  5]   0.00-30.15  sec   140 MBytes  39.0 Mbits/sec  1.535 ms  2167/103589 (2.1%)  receiver
iperf3: interrupt - the server has terminated
-----------------------------------------------------------
Server listening on 5202 (test #2)
-----------------------------------------------------------
