-----------------------------------------------------------
Server listening on 5201 (test #1)
-----------------------------------------------------------
Accepted connection from 10.0.0.1, port 43818
[  5] local 10.0.0.2 port 5201 connected to 10.0.0.1 port 42645
[ ID] Interval           Transfer     Bitrate         Jitter    Lost/Total Datagrams
[  5]   0.00-1.00   sec  3.82 MBytes  32.0 Mbits/sec  1.310 ms  153/2919 (5.2%)  
[  5]   1.00-2.00   sec  4.26 MBytes  35.7 Mbits/sec  1.291 ms  368/3450 (11%)  
[  5]   2.00-3.00   sec  4.25 MBytes  35.7 Mbits/sec  1.194 ms  376/3457 (11%)  
[  5]   3.00-4.00   sec  4.13 MBytes  34.6 Mbits/sec  1.469 ms  459/3448 (13%)  
[  5]   4.00-5.00   sec  4.28 MBytes  35.9 Mbits/sec  1.445 ms  355/3455 (10%)  
[  5]   5.00-6.00   sec  4.26 MBytes  35.7 Mbits/sec  1.304 ms  370/3455 (11%)  
[  5]   6.00-7.00   sec  4.26 MBytes  35.7 Mbits/sec  1.356 ms  367/3453 (11%)  
[  5]   7.00-8.00   sec  4.08 MBytes  34.3 Mbits/sec  1.430 ms  496/3453 (14%)  
[  5]   8.00-9.00   sec  4.30 MBytes  36.1 Mbits/sec  1.599 ms  341/3455 (9.9%)  
[  5]   9.00-10.00  sec  4.26 MBytes  35.7 Mbits/sec  1.424 ms  370/3454 (11%)  
[  5]  10.00-11.00  sec  4.23 MBytes  35.5 Mbits/sec  1.411 ms  382/3446 (11%)  
[  5]  11.00-12.00  sec  4.08 MBytes  34.3 Mbits/sec  1.464 ms  498/3456 (14%)  
[  5]  12.00-13.00  sec  4.31 MBytes  36.2 Mbits/sec  2.041 ms  333/3455 (9.6%)  
[  5]  13.00-14.00  sec  4.31 MBytes  36.1 Mbits/sec  1.105 ms  328/3448 (9.5%)  
[  5]  14.00-15.00  sec  4.18 MBytes  35.1 Mbits/sec  1.116 ms  425/3453 (12%)  
[  5]  15.00-16.00  sec  4.13 MBytes  34.6 Mbits/sec  1.171 ms  421/3410 (12%)  
[  5]  16.00-17.00  sec  4.28 MBytes  35.9 Mbits/sec  1.101 ms  354/3454 (10%)  
[  5]  17.00-18.00  sec  4.22 MBytes  35.4 Mbits/sec  1.617 ms  408/3462 (12%)  
[  5]  18.00-19.00  sec  4.27 MBytes  35.8 Mbits/sec  1.284 ms  365/3458 (11%)  
[  5]  19.00-20.00  sec  4.24 MBytes  35.5 Mbits/sec  1.661 ms  391/3459 (11%)  
[  5]  20.00-21.00  sec  4.10 MBytes  34.4 Mbits/sec  1.303 ms  468/3440 (14%)  
[  5]  21.00-22.00  sec  4.34 MBytes  36.4 Mbits/sec  1.092 ms  313/3456 (9.1%)  
[  5]  22.00-23.00  sec  4.31 MBytes  36.2 Mbits/sec  1.283 ms  343/3467 (9.9%)  
[  5]  23.00-24.00  sec  4.35 MBytes  36.5 Mbits/sec  1.517 ms  310/3462 (9%)  
[  5]  24.00-25.00  sec  4.20 MBytes  35.2 Mbits/sec  1.346 ms  313/3353 (9.3%)  
[  5]  25.00-26.00  sec  4.29 MBytes  36.0 Mbits/sec  1.666 ms  450/3560 (13%)  
[  5]  26.00-27.00  sec  4.24 MBytes  35.6 Mbits/sec  1.380 ms  380/3450 (11%)  
[  5]  27.00-28.00  sec  4.05 MBytes  34.0 Mbits/sec  1.795 ms  533/3467 (15%)  
[  5]  28.00-29.00  sec  4.23 MBytes  35.5 Mbits/sec  1.214 ms  383/3449 (11%)  
[  5]  29.00-30.00  sec  4.19 MBytes  35.1 Mbits/sec  1.229 ms  421/3454 (12%)  
[  5]  30.00-30.16  sec   675 KBytes  35.5 Mbits/sec  1.417 ms  54/531 (10%)  
- - - - - - - - - - - - - - - - - - - - - - - - -
[ ID] Interval           Transfer     Bitrate         Jitter    Lost/Total Datagrams
[SUM]  0.0-30.2 sec  60656 datagrams received out-of-order
[  5]   0.00-30.16  sec   127 MBytes  35.4 Mbits/sec  1.417 ms  11528/103589 (11%)  receiver
iperf3: interrupt - the server has terminated
-----------------------------------------------------------
Server listening on 5201 (test #2)
-----------------------------------------------------------
