-----------------------------------------------------------
Server listening on 5201 (test #1)
-----------------------------------------------------------
Accepted connection from 10.0.0.1, port 40138
[  5] local 10.0.0.2 port 5201 connected to 10.0.0.1 port 60448
[ ID] Interval           Transfer     Bitrate         Jitter    Lost/Total Datagrams
[  5]   0.00-1.00   sec  4.56 MBytes  38.2 Mbits/sec  1.134 ms  863/4164 (21%)  
[  5]   1.00-2.00   sec  4.51 MBytes  37.9 Mbits/sec  0.553 ms  977/4245 (23%)  
[  5]   2.00-3.00   sec  4.70 MBytes  39.4 Mbits/sec  1.050 ms  982/4384 (22%)  
[  5]   3.00-4.00   sec  4.62 MBytes  38.8 Mbits/sec  1.007 ms  971/4317 (22%)  
[  5]   4.00-5.00   sec  4.62 MBytes  38.8 Mbits/sec  0.759 ms  966/4315 (22%)  
[  5]   5.00-6.00   sec  4.62 MBytes  38.8 Mbits/sec  1.400 ms  969/4317 (22%)  
[  5]   6.00-7.00   sec  4.62 MBytes  38.7 Mbits/sec  1.244 ms  967/4312 (22%)  
[  5]   7.00-8.00   sec  4.63 MBytes  38.8 Mbits/sec  1.372 ms  966/4316 (22%)  
[  5]   8.00-9.00   sec  4.62 MBytes  38.8 Mbits/sec  1.050 ms  968/4316 (22%)  
[  5]   9.00-10.00  sec  4.62 MBytes  38.8 Mbits/sec  1.059 ms  972/4321 (22%)  
[  5]  10.00-11.00  sec  4.62 MBytes  38.7 Mbits/sec  1.150 ms  973/4315 (23%)  
[  5]  11.00-12.00  sec  4.62 MBytes  38.8 Mbits/sec  1.331 ms  974/4321 (23%)  
[  5]  12.00-13.00  sec  4.58 MBytes  38.4 Mbits/sec  0.881 ms  997/4312 (23%)  
[  5]  13.00-14.00  sec  4.62 MBytes  38.7 Mbits/sec  1.331 ms  965/4309 (22%)  
[  5]  14.00-15.00  sec  4.62 MBytes  38.7 Mbits/sec  0.821 ms  978/4321 (23%)  
[  5]  15.00-16.00  sec  4.61 MBytes  38.6 Mbits/sec  1.039 ms  981/4316 (23%)  
[  5]  16.00-17.00  sec  4.62 MBytes  38.8 Mbits/sec  1.266 ms  971/4319 (22%)  
[  5]  17.00-18.00  sec  4.52 MBytes  37.9 Mbits/sec  1.339 ms  1038/4313 (24%)  
[  5]  18.00-19.00  sec  4.62 MBytes  38.7 Mbits/sec  1.433 ms  980/4322 (23%)  
[  5]  19.00-20.00  sec  4.63 MBytes  38.8 Mbits/sec  1.136 ms  964/4314 (22%)  
[  5]  20.00-21.00  sec  4.62 MBytes  38.8 Mbits/sec  0.960 ms  966/4315 (22%)  
[  5]  21.00-22.00  sec  4.61 MBytes  38.7 Mbits/sec  1.129 ms  982/4320 (23%)  
[  5]  22.00-23.00  sec  4.41 MBytes  37.0 Mbits/sec  1.044 ms  1061/4258 (25%)  
[  5]  23.00-24.00  sec  4.68 MBytes  39.2 Mbits/sec  1.298 ms  987/4373 (23%)  
[  5]  24.00-25.00  sec  4.63 MBytes  38.8 Mbits/sec  1.208 ms  966/4316 (22%)  
[  5]  25.00-26.00  sec  4.62 MBytes  38.8 Mbits/sec  1.063 ms  973/4320 (23%)  
[  5]  26.00-27.00  sec  4.63 MBytes  38.8 Mbits/sec  1.233 ms  959/4309 (22%)  
[  5]  27.00-28.00  sec  4.61 MBytes  38.6 Mbits/sec  1.469 ms  986/4321 (23%)  
[  5]  28.00-29.00  sec  4.57 MBytes  38.3 Mbits/sec  1.036 ms  1007/4313 (23%)  
[  5]  29.00-30.00  sec  4.62 MBytes  38.8 Mbits/sec  1.438 ms  970/4319 (22%)  
[  5]  30.00-30.04  sec   168 KBytes  37.5 Mbits/sec  1.105 ms  33/152 (22%)  
- - - - - - - - - - - - - - - - - - - - - - - - -
[ ID] Interval           Transfer     Bitrate         Jitter    Lost/Total Datagrams
[SUM]  0.0-30.0 sec  64822 datagrams received out-of-order
[  5]   0.00-30.04  sec   138 MBytes  38.6 Mbits/sec  1.105 ms  29312/129485 (23%)  receiver
iperf3: interrupt - the server has terminated
-----------------------------------------------------------
Server listening on 5201 (test #2)
-----------------------------------------------------------
