-----------------------------------------------------------
Server listening on 5202 (test #1)
-----------------------------------------------------------
Accepted connection from 10.0.0.1, port 41790
[  5] local 10.0.0.2 port 5202 connected to 10.0.0.1 port 52403
[ ID] Interval           Transfer     Bitrate         Jitter    Lost/Total Datagrams
[  5]   0.00-1.00   sec  3.44 MBytes  28.9 Mbits/sec  1.109 ms  1660/4151 (40%)  
[  5]   1.00-2.00   sec  3.42 MBytes  28.7 Mbits/sec  1.126 ms  1791/4266 (42%)  
[  5]   2.00-3.00   sec  3.51 MBytes  29.4 Mbits/sec  1.219 ms  1830/4370 (42%)  
[  5]   3.00-4.00   sec  3.46 MBytes  29.0 Mbits/sec  1.146 ms  1813/4318 (42%)  
[  5]   4.00-5.00   sec  3.46 MBytes  29.0 Mbits/sec  0.898 ms  1805/4311 (42%)  
[  5]   5.00-6.00   sec  3.46 MBytes  29.1 Mbits/sec  0.856 ms  1809/4317 (42%)  
[  5]   6.00-7.00   sec  3.47 MBytes  29.1 Mbits/sec  1.229 ms  1806/4316 (42%)  
[  5]   7.00-8.00   sec  3.47 MBytes  29.1 Mbits/sec  0.884 ms  1809/4320 (42%)  
[  5]   8.00-9.00   sec  3.47 MBytes  29.1 Mbits/sec  1.690 ms  1804/4318 (42%)  
[  5]   9.00-10.00  sec  3.46 MBytes  29.0 Mbits/sec  1.142 ms  1801/4307 (42%)  
[  5]  10.00-11.00  sec  3.46 MBytes  29.0 Mbits/sec  0.996 ms  1820/4324 (42%)  
[  5]  11.00-12.00  sec  3.47 MBytes  29.1 Mbits/sec  1.089 ms  1801/4313 (42%)  
[  5]  12.00-13.00  sec  3.46 MBytes  29.0 Mbits/sec  1.489 ms  1814/4320 (42%)  
[  5]  13.00-14.00  sec  3.46 MBytes  29.0 Mbits/sec  1.410 ms  1809/4317 (42%)  
[  5]  14.00-15.00  sec  3.46 MBytes  29.0 Mbits/sec  1.398 ms  1801/4308 (42%)  
[  5]  15.00-16.00  sec  3.46 MBytes  29.1 Mbits/sec  1.248 ms  1813/4321 (42%)  
[  5]  16.00-17.00  sec  3.46 MBytes  29.1 Mbits/sec  1.219 ms  1808/4316 (42%)  
[  5]  17.00-18.00  sec  3.46 MBytes  29.0 Mbits/sec  1.497 ms  1808/4315 (42%)  
[  5]  18.00-19.00  sec  3.46 MBytes  29.1 Mbits/sec  1.192 ms  1805/4314 (42%)  
[  5]  19.00-20.00  sec  3.46 MBytes  29.0 Mbits/sec  1.128 ms  1811/4315 (42%)  
[  5]  20.00-21.00  sec  3.47 MBytes  29.1 Mbits/sec  0.950 ms  1810/4323 (42%)  
[  5]  21.00-22.00  sec  3.46 MBytes  29.1 Mbits/sec  1.169 ms  1805/4314 (42%)  
[  5]  22.00-23.00  sec  3.38 MBytes  28.3 Mbits/sec  1.824 ms  1826/4273 (43%)  
[  5]  23.00-24.00  sec  3.50 MBytes  29.4 Mbits/sec  1.234 ms  1826/4363 (42%)  
[  5]  24.00-25.00  sec  3.47 MBytes  29.1 Mbits/sec  1.026 ms  1806/4317 (42%)  
[  5]  25.00-26.00  sec  3.47 MBytes  29.1 Mbits/sec  1.031 ms  1806/4318 (42%)  
[  5]  26.00-27.00  sec  3.46 MBytes  29.0 Mbits/sec  1.187 ms  1808/4314 (42%)  
[  5]  27.00-28.00  sec  3.46 MBytes  29.1 Mbits/sec  1.236 ms  1809/4317 (42%)  
[  5]  28.00-29.00  sec  3.47 MBytes  29.1 Mbits/sec  1.015 ms  1805/4316 (42%)  
[  5]  29.00-30.00  sec  3.46 MBytes  29.0 Mbits/sec  1.391 ms  1812/4317 (42%)  
[  5]  30.00-30.04  sec   134 KBytes  28.7 Mbits/sec  0.813 ms  60/155 (39%)  
- - - - - - - - - - - - - - - - - - - - - - - - -
[ ID] Interval           Transfer     Bitrate         Jitter    Lost/Total Datagrams
[SUM]  0.0-30.0 sec  43394 datagrams received out-of-order
[  5]   0.00-30.04  sec   104 MBytes  29.0 Mbits/sec  0.813 ms  54191/129484 (42%)  receiver
iperf3: interrupt - the server has terminated
-----------------------------------------------------------
Server listening on 5202 (test #2)
-----------------------------------------------------------
