-----------------------------------------------------------
Server listening on 5203 (test #1)
-----------------------------------------------------------
Accepted connection from 10.0.0.1, port 47922
[  5] local 10.0.0.2 port 5203 connected to 10.0.0.1 port 39907
[ ID] Interval           Transfer     Bitrate         Jitter    Lost/Total Datagrams
[  5]   0.00-1.00   sec  1.35 MBytes  11.3 Mbits/sec  1.376 ms  3189/4163 (77%)  
[  5]   1.00-2.00   sec  1.14 MBytes  9.57 Mbits/sec  1.297 ms  3434/4260 (81%)  
[  5]   2.00-3.00   sec  1.17 MBytes  9.80 Mbits/sec  0.942 ms  3518/4364 (81%)  
[  5]   3.00-4.00   sec  1.15 MBytes  9.64 Mbits/sec  1.378 ms  3484/4316 (81%)  
[  5]   4.00-5.00   sec  1.16 MBytes  9.72 Mbits/sec  1.244 ms  3486/4325 (81%)  
[  5]   5.00-6.00   sec  1.15 MBytes  9.67 Mbits/sec  1.094 ms  3473/4308 (81%)  
[  5]   6.00-7.00   sec  1.15 MBytes  9.68 Mbits/sec  1.117 ms  3484/4320 (81%)  
[  5]   7.00-8.00   sec  1.15 MBytes  9.66 Mbits/sec  1.500 ms  3483/4317 (81%)  
[  5]   8.00-9.00   sec  1.15 MBytes  9.66 Mbits/sec  1.344 ms  3478/4312 (81%)  
[  5]   9.00-10.00  sec  1.15 MBytes  9.68 Mbits/sec  1.460 ms  3489/4325 (81%)  
[  5]  10.00-11.00  sec  1.15 MBytes  9.65 Mbits/sec  0.935 ms  3474/4307 (81%)  
[  5]  11.00-12.00  sec  1.15 MBytes  9.67 Mbits/sec  1.267 ms  3486/4321 (81%)  
[  5]  12.00-13.00  sec  1.15 MBytes  9.66 Mbits/sec  1.199 ms  3482/4316 (81%)  
[  5]  13.00-14.00  sec  1.15 MBytes  9.67 Mbits/sec  1.034 ms  3477/4312 (81%)  
[  5]  14.00-15.00  sec  1.16 MBytes  9.71 Mbits/sec  1.459 ms  3491/4329 (81%)  
[  5]  15.00-16.00  sec  1.15 MBytes  9.66 Mbits/sec  1.335 ms  3474/4308 (81%)  
[  5]  16.00-17.00  sec  1.16 MBytes  9.70 Mbits/sec  0.854 ms  3479/4316 (81%)  
[  5]  17.00-18.00  sec  1.15 MBytes  9.66 Mbits/sec  1.120 ms  3483/4317 (81%)  
[  5]  18.00-19.00  sec  1.15 MBytes  9.68 Mbits/sec  1.138 ms  3484/4320 (81%)  
[  5]  19.00-20.00  sec  1.15 MBytes  9.66 Mbits/sec  1.296 ms  3472/4306 (81%)  
[  5]  20.00-21.00  sec  1.15 MBytes  9.67 Mbits/sec  1.405 ms  3492/4327 (81%)  
[  5]  21.00-22.00  sec  1.15 MBytes  9.68 Mbits/sec  1.233 ms  3476/4312 (81%)  
[  5]  22.00-23.00  sec  1.14 MBytes  9.59 Mbits/sec  2.002 ms  3462/4290 (81%)  
[  5]  23.00-24.00  sec  1.16 MBytes  9.72 Mbits/sec  1.002 ms  3500/4339 (81%)  
[  5]  24.00-25.00  sec  1.15 MBytes  9.68 Mbits/sec  1.379 ms  3484/4320 (81%)  
[  5]  25.00-26.00  sec  1.15 MBytes  9.68 Mbits/sec  0.853 ms  3484/4320 (81%)  
[  5]  26.00-27.00  sec  1.15 MBytes  9.68 Mbits/sec  1.229 ms  3481/4317 (81%)  
[  5]  27.00-28.00  sec  1.15 MBytes  9.67 Mbits/sec  1.629 ms  3481/4316 (81%)  
[  5]  28.00-29.00  sec  1.15 MBytes  9.68 Mbits/sec  1.157 ms  3480/4316 (81%)  
[  5]  29.00-30.00  sec  1.15 MBytes  9.68 Mbits/sec  1.050 ms  3476/4312 (81%)  
[  5]  30.00-30.04  sec  39.6 KBytes  9.01 Mbits/sec  1.460 ms  124/152 (82%)  
- - - - - - - - - - - - - - - - - - - - - - - - -
[ ID] Interval           Transfer     Bitrate         Jitter    Lost/Total Datagrams
[SUM]  0.0-30.0 sec  6258 datagrams received out-of-order
[  5]   0.00-30.04  sec  34.8 MBytes  9.73 Mbits/sec  1.460 ms  104260/129483 (81%)  receiver
iperf3: interrupt - the server has terminated
-----------------------------------------------------------
Server listening on 5203 (test #2)
-----------------------------------------------------------
