-----------------------------------------------------------
Server listening on 5203 (test #1)
-----------------------------------------------------------
Accepted connection from 10.0.0.1, port 47464
[  5] local 10.0.0.2 port 5203 connected to 10.0.0.1 port 42231
[ ID] Interval           Transfer     Bitrate         Jitter    Lost/Total Datagrams
[  5]   0.00-1.00   sec  1.14 MBytes  9.53 Mbits/sec  1.949 ms  5/828 (0.6%)  
[  5]   1.00-2.00   sec  1.15 MBytes  9.67 Mbits/sec  4.644 ms  2/837 (0.24%)  
[  5]   2.00-3.00   sec  1.15 MBytes  9.68 Mbits/sec  6.691 ms  3/839 (0.36%)  
[  5]   3.00-4.00   sec  1.15 MBytes  9.68 Mbits/sec  4.431 ms  3/839 (0.36%)  
[  5]   4.00-5.00   sec  1.15 MBytes  9.66 Mbits/sec  1.356 ms  4/838 (0.48%)  
[  5]   5.00-6.00   sec  1.16 MBytes  9.70 Mbits/sec  1.593 ms  1/838 (0.12%)  
[  5]   6.00-7.00   sec  1.15 MBytes  9.68 Mbits/sec  1.800 ms  3/839 (0.36%)  
[  5]   7.00-8.00   sec  1.16 MBytes  9.71 Mbits/sec  2.296 ms  0/838 (0%)  
[  5]   8.00-9.00   sec  1.15 MBytes  9.65 Mbits/sec  2.975 ms  4/837 (0.48%)  
[  5]   9.00-10.00  sec  1.16 MBytes  9.71 Mbits/sec  4.474 ms  1/839 (0.12%)  
[  5]  10.00-11.00  sec  1.15 MBytes  9.68 Mbits/sec  1.403 ms  2/838 (0.24%)  
[  5]  11.00-12.00  sec  1.16 MBytes  9.73 Mbits/sec  2.127 ms  0/840 (0%)  
[  5]  12.00-13.00  sec  1.15 MBytes  9.68 Mbits/sec  1.852 ms  1/837 (0.12%)  
[  5]  13.00-14.00  sec  1.15 MBytes  9.67 Mbits/sec  2.247 ms  2/837 (0.24%)  
[  5]  14.00-15.00  sec  1.15 MBytes  9.68 Mbits/sec  2.979 ms  4/840 (0.48%)  
[  5]  15.00-16.00  sec  1.15 MBytes  9.68 Mbits/sec  9.721 ms  2/838 (0.24%)  
[  5]  16.00-17.00  sec  1.15 MBytes  9.68 Mbits/sec  1.504 ms  3/839 (0.36%)  
[  5]  17.00-18.00  sec  1.16 MBytes  9.70 Mbits/sec  1.494 ms  1/838 (0.12%)  
[  5]  18.00-19.00  sec  1.15 MBytes  9.66 Mbits/sec  1.717 ms  3/837 (0.36%)  
[  5]  19.00-20.00  sec  1.15 MBytes  9.68 Mbits/sec  2.127 ms  3/839 (0.36%)  
[  5]  20.00-21.00  sec  1.15 MBytes  9.66 Mbits/sec  2.758 ms  3/837 (0.36%)  
[  5]  21.00-22.00  sec  1.16 MBytes  9.73 Mbits/sec  4.001 ms  0/840 (0%)  
[  5]  22.00-23.00  sec  1.15 MBytes  9.62 Mbits/sec  1.867 ms  8/838 (0.95%)  
[  5]  23.00-24.00  sec  1.15 MBytes  9.65 Mbits/sec  1.588 ms  5/838 (0.6%)  
[  5]  24.00-25.00  sec  1.15 MBytes  9.63 Mbits/sec  2.010 ms  6/837 (0.72%)  
[  5]  25.00-26.00  sec  1.16 MBytes  9.73 Mbits/sec  4.196 ms  1/841 (0.12%)  
[  5]  26.00-27.00  sec  1.15 MBytes  9.61 Mbits/sec  3.093 ms  7/837 (0.84%)  
[  5]  27.00-28.00  sec  1.15 MBytes  9.68 Mbits/sec  4.620 ms  2/838 (0.24%)  
[  5]  28.00-29.00  sec  1.16 MBytes  9.70 Mbits/sec  1.382 ms  2/839 (0.24%)  
[  5]  29.00-30.00  sec  1.15 MBytes  9.67 Mbits/sec  1.559 ms  3/838 (0.36%)  
[  5]  30.00-30.13  sec   150 KBytes  9.61 Mbits/sec  1.366 ms  0/106 (0%)  
- - - - - - - - - - - - - - - - - - - - - - - - -
[ ID] Interval           Transfer     Bitrate         Jitter    Lost/Total Datagrams
[SUM]  0.0-30.1 sec  5668 datagrams received out-of-order
[  5]   0.00-30.13  sec  34.7 MBytes  9.67 Mbits/sec  1.366 ms  84/25244 (0.33%)  receiver
iperf3: interrupt - the server has terminated
-----------------------------------------------------------
Server listening on 5203 (test #2)
-----------------------------------------------------------
