-----------------------------------------------------------
Server listening on 5202 (test #1)
-----------------------------------------------------------
Accepted connection from 10.0.0.1, port 59158
[  5] local 10.0.0.2 port 5202 connected to 10.0.0.1 port 44808
[ ID] Interval           Transfer     Bitrate         Jitter    Lost/Total Datagrams
[  5]   0.00-1.00   sec  3.36 MBytes  28.2 Mbits/sec  2.529 ms  11/2447 (0.45%)  
[  5]   1.00-2.00   sec  3.47 MBytes  29.1 Mbits/sec  1.318 ms  6/2517 (0.24%)  
[  5]   2.00-3.00   sec  3.46 MBytes  29.1 Mbits/sec  2.419 ms  6/2514 (0.24%)  
[  5]   3.00-4.00   sec  3.43 MBytes  28.8 Mbits/sec  0.605 ms  7/2489 (0.28%)  
[  5]   4.00-5.00   sec  3.47 MBytes  29.1 Mbits/sec  2.746 ms  5/2515 (0.2%)  
[  5]   5.00-6.00   sec  3.46 MBytes  29.1 Mbits/sec  0.833 ms  7/2516 (0.28%)  
[  5]   6.00-7.00   sec  3.47 MBytes  29.1 Mbits/sec  1.942 ms  6/2518 (0.24%)  
[  5]   7.00-8.00   sec  3.46 MBytes  29.0 Mbits/sec  1.148 ms  13/2516 (0.52%)  
[  5]   8.00-9.00   sec  3.46 MBytes  29.1 Mbits/sec  2.365 ms  7/2516 (0.28%)  
[  5]   9.00-10.00  sec  3.47 MBytes  29.1 Mbits/sec  1.058 ms  5/2517 (0.2%)  
[  5]  10.00-11.00  sec  3.46 MBytes  29.1 Mbits/sec  3.566 ms  10/2518 (0.4%)  
[  5]  11.00-12.00  sec  3.47 MBytes  29.1 Mbits/sec  0.548 ms  6/2516 (0.24%)  
[  5]  12.00-13.00  sec  3.46 MBytes  29.1 Mbits/sec  2.342 ms  10/2518 (0.4%)  
[  5]  13.00-14.00  sec  3.45 MBytes  29.0 Mbits/sec  1.396 ms  6/2506 (0.24%)  
[  5]  14.00-15.00  sec  3.47 MBytes  29.1 Mbits/sec  2.711 ms  4/2516 (0.16%)  
[  5]  15.00-16.00  sec  3.46 MBytes  29.0 Mbits/sec  1.073 ms  12/2516 (0.48%)  
[  5]  16.00-17.00  sec  3.46 MBytes  29.1 Mbits/sec  1.549 ms  8/2516 (0.32%)  
[  5]  17.00-18.00  sec  3.47 MBytes  29.1 Mbits/sec  0.797 ms  5/2519 (0.2%)  
[  5]  18.00-19.00  sec  3.47 MBytes  29.1 Mbits/sec  1.392 ms  7/2517 (0.28%)  
[  5]  19.00-20.00  sec  3.47 MBytes  29.1 Mbits/sec  0.553 ms  7/2520 (0.28%)  
[  5]  20.00-21.00  sec  3.47 MBytes  29.1 Mbits/sec  2.600 ms  3/2513 (0.12%)  
[  5]  21.00-22.00  sec  3.47 MBytes  29.1 Mbits/sec  0.881 ms  5/2515 (0.2%)  
[  5]  22.00-23.00  sec  3.47 MBytes  29.1 Mbits/sec  2.460 ms  6/2517 (0.24%)  
[  5]  23.00-24.00  sec  3.46 MBytes  29.0 Mbits/sec  1.711 ms  8/2512 (0.32%)  
[  5]  24.00-25.00  sec  3.46 MBytes  29.1 Mbits/sec  1.175 ms  6/2515 (0.24%)  
[  5]  25.00-26.00  sec  3.46 MBytes  29.1 Mbits/sec  3.510 ms  7/2515 (0.28%)  
[  5]  26.00-27.00  sec  3.47 MBytes  29.1 Mbits/sec  0.992 ms  8/2520 (0.32%)  
[  5]  27.00-28.00  sec  3.47 MBytes  29.1 Mbits/sec  3.834 ms  7/2519 (0.28%)  
[  5]  28.00-29.00  sec  3.46 MBytes  29.1 Mbits/sec  0.849 ms  4/2513 (0.16%)  
[  5]  29.00-30.00  sec  3.46 MBytes  29.1 Mbits/sec  2.266 ms  10/2518 (0.4%)  
[  5]  30.00-30.12  sec   250 KBytes  16.5 Mbits/sec  0.434 ms  0/177 (0%)  
- - - - - - - - - - - - - - - - - - - - - - - - -
[ ID] Interval           Transfer     Bitrate         Jitter    Lost/Total Datagrams
[SUM]  0.0-30.1 sec  42256 datagrams received out-of-order
[  5]   0.00-30.12  sec   104 MBytes  29.0 Mbits/sec  0.434 ms  212/75561 (0.28%)  receiver
iperf3: interrupt - the server has terminated
-----------------------------------------------------------
Server listening on 5202 (test #2)
-----------------------------------------------------------
