-----------------------------------------------------------
Server listening on 5202 (test #1)
-----------------------------------------------------------
Accepted connection from 10.0.0.1, port 47612
[  5] local 10.0.0.2 port 5202 connected to 10.0.0.1 port 44321
[ ID] Interval           Transfer     Bitrate         Jitter    Lost/Total Datagrams
[  5]   0.00-1.00   sec  3.33 MBytes  27.9 Mbits/sec  3.468 ms  17/2429 (0.7%)  
[  5]   1.00-2.00   sec  3.46 MBytes  29.1 Mbits/sec  1.654 ms  3/2512 (0.12%)  
[  5]   2.00-3.00   sec  3.46 MBytes  29.0 Mbits/sec  3.351 ms  9/2515 (0.36%)  
[  5]   3.00-4.00   sec  3.47 MBytes  29.1 Mbits/sec  0.975 ms  8/2518 (0.32%)  
[  5]   4.00-5.00   sec  3.46 MBytes  29.1 Mbits/sec  1.216 ms  9/2517 (0.36%)  
[  5]   5.00-6.00   sec  3.47 MBytes  29.1 Mbits/sec  0.811 ms  7/2519 (0.28%)  
[  5]   6.00-7.00   sec  3.47 MBytes  29.1 Mbits/sec  2.211 ms  3/2516 (0.12%)  
[  5]   7.00-8.00   sec  3.46 MBytes  29.0 Mbits/sec  0.502 ms  7/2514 (0.28%)  
[  5]   8.00-9.00   sec  3.47 MBytes  29.1 Mbits/sec  2.431 ms  8/2518 (0.32%)  
[  5]   9.00-10.00  sec  3.47 MBytes  29.1 Mbits/sec  0.477 ms  2/2517 (0.079%)  
[  5]  10.00-11.00  sec  3.41 MBytes  28.6 Mbits/sec  1.972 ms  10/2481 (0.4%)  
[  5]  11.00-12.00  sec  3.48 MBytes  29.2 Mbits/sec  3.023 ms  3/2520 (0.12%)  
[  5]  12.00-13.00  sec  3.45 MBytes  29.0 Mbits/sec  1.695 ms  13/2514 (0.52%)  
[  5]  13.00-14.00  sec  3.46 MBytes  29.0 Mbits/sec  2.584 ms  11/2519 (0.44%)  
[  5]  14.00-15.00  sec  3.47 MBytes  29.1 Mbits/sec  0.807 ms  5/2519 (0.2%)  
[  5]  15.00-16.00  sec  3.47 MBytes  29.1 Mbits/sec  3.594 ms  3/2513 (0.12%)  
[  5]  16.00-17.00  sec  3.46 MBytes  29.1 Mbits/sec  0.964 ms  8/2517 (0.32%)  
[  5]  17.00-18.00  sec  3.47 MBytes  29.1 Mbits/sec  1.808 ms  9/2519 (0.36%)  
[  5]  18.00-19.00  sec  3.46 MBytes  29.1 Mbits/sec  0.674 ms  7/2516 (0.28%)  
[  5]  19.00-20.00  sec  3.47 MBytes  29.1 Mbits/sec  1.432 ms  3/2514 (0.12%)  
[  5]  20.00-21.00  sec  3.45 MBytes  28.9 Mbits/sec  0.741 ms  11/2506 (0.44%)  
[  5]  21.00-22.00  sec  3.49 MBytes  29.2 Mbits/sec  0.853 ms  4/2528 (0.16%)  
[  5]  22.00-23.00  sec  3.47 MBytes  29.1 Mbits/sec  0.825 ms  5/2516 (0.2%)  
[  5]  23.00-24.00  sec  3.46 MBytes  29.0 Mbits/sec  0.640 ms  15/2522 (0.59%)  
[  5]  24.00-25.00  sec  3.47 MBytes  29.1 Mbits/sec  2.801 ms  3/2513 (0.12%)  
[  5]  25.00-26.00  sec  3.47 MBytes  29.1 Mbits/sec  1.360 ms  7/2518 (0.28%)  
[  5]  26.00-27.00  sec  3.47 MBytes  29.1 Mbits/sec  2.923 ms  6/2518 (0.24%)  
[  5]  27.00-28.00  sec  3.46 MBytes  29.1 Mbits/sec  0.587 ms  7/2516 (0.28%)  
[  5]  28.00-29.00  sec  3.46 MBytes  29.1 Mbits/sec  4.337 ms  6/2515 (0.24%)  
[  5]  29.00-30.00  sec  3.46 MBytes  29.0 Mbits/sec  1.063 ms  14/2517 (0.56%)  
[  5]  30.00-30.14  sec   230 KBytes  13.4 Mbits/sec  0.523 ms  18446744073709551613/160 (-1.9%)  
- - - - - - - - - - - - - - - - - - - - - - - - -
[ ID] Interval           Transfer     Bitrate         Jitter    Lost/Total Datagrams
[SUM]  0.0-30.1 sec  42041 datagrams received out-of-order
[  5]   0.00-30.14  sec   104 MBytes  28.9 Mbits/sec  0.523 ms  220/75536 (0.29%)  receiver
iperf3: interrupt - the server has terminated
-----------------------------------------------------------
Server listening on 5202 (test #2)
-----------------------------------------------------------
