-----------------------------------------------------------
Server listening on 5201 (test #1)
-----------------------------------------------------------
Accepted connection from 10.0.0.1, port 46230
[  5] local 10.0.0.2 port 5201 connected to 10.0.0.1 port 35984
[ ID] Interval           Transfer     Bitrate         Jitter    Lost/Total Datagrams
[  5]   0.00-1.00   sec  4.36 MBytes  36.5 Mbits/sec  1.466 ms  9/3163 (0.28%)  
[  5]   1.00-2.00   sec  4.62 MBytes  38.7 Mbits/sec  2.242 ms  11/3353 (0.33%)  
[  5]   2.00-3.00   sec  4.62 MBytes  38.7 Mbits/sec  0.880 ms  10/3355 (0.3%)  
[  5]   3.00-4.00   sec  4.63 MBytes  38.8 Mbits/sec  0.381 ms  7/3357 (0.21%)  
[  5]   4.00-5.00   sec  4.61 MBytes  38.6 Mbits/sec  2.903 ms  18/3355 (0.54%)  
[  5]   5.00-6.00   sec  4.62 MBytes  38.7 Mbits/sec  3.956 ms  9/3353 (0.27%)  
[  5]   6.00-7.00   sec  4.63 MBytes  38.8 Mbits/sec  0.819 ms  10/3360 (0.3%)  
[  5]   7.00-8.00   sec  4.62 MBytes  38.8 Mbits/sec  0.633 ms  7/3356 (0.21%)  
[  5]   8.00-9.00   sec  4.61 MBytes  38.7 Mbits/sec  3.425 ms  11/3351 (0.33%)  
[  5]   9.00-10.00  sec  4.62 MBytes  38.7 Mbits/sec  0.972 ms  11/3356 (0.33%)  
[  5]  10.00-11.00  sec  4.54 MBytes  38.1 Mbits/sec  1.577 ms  2/3290 (0.061%)  
[  5]  11.00-12.00  sec  4.63 MBytes  38.8 Mbits/sec  0.473 ms  9/3360 (0.27%)  
[  5]  12.00-13.00  sec  4.62 MBytes  38.8 Mbits/sec  2.407 ms  7/3354 (0.21%)  
[  5]  13.00-14.00  sec  4.62 MBytes  38.8 Mbits/sec  0.959 ms  9/3355 (0.27%)  
[  5]  14.00-15.00  sec  4.61 MBytes  38.7 Mbits/sec  0.473 ms  20/3357 (0.6%)  
[  5]  15.00-16.00  sec  4.62 MBytes  38.7 Mbits/sec  2.181 ms  9/3353 (0.27%)  
[  5]  16.00-17.00  sec  4.62 MBytes  38.8 Mbits/sec  1.239 ms  15/3361 (0.45%)  
[  5]  17.00-18.00  sec  4.61 MBytes  38.7 Mbits/sec  0.764 ms  9/3350 (0.27%)  
[  5]  18.00-19.00  sec  4.62 MBytes  38.7 Mbits/sec  1.163 ms  13/3357 (0.39%)  
[  5]  19.00-20.00  sec  4.63 MBytes  38.8 Mbits/sec  0.430 ms  7/3358 (0.21%)  
[  5]  20.00-21.00  sec  4.60 MBytes  38.6 Mbits/sec  1.257 ms  14/3343 (0.42%)  
[  5]  21.00-22.00  sec  4.64 MBytes  38.9 Mbits/sec  0.650 ms  14/3371 (0.42%)  
[  5]  22.00-23.00  sec  4.63 MBytes  38.8 Mbits/sec  0.883 ms  18446744073709551615/3350 (-0.03%)  
[  5]  23.00-24.00  sec  4.62 MBytes  38.7 Mbits/sec  0.985 ms  14/3359 (0.42%)  
[  5]  24.00-25.00  sec  4.62 MBytes  38.7 Mbits/sec  0.725 ms  10/3352 (0.3%)  
[  5]  25.00-26.00  sec  4.62 MBytes  38.7 Mbits/sec  4.131 ms  13/3358 (0.39%)  
[  5]  26.00-27.00  sec  4.62 MBytes  38.8 Mbits/sec  2.116 ms  11/3357 (0.33%)  
[  5]  27.00-28.00  sec  4.62 MBytes  38.8 Mbits/sec  0.744 ms  12/3357 (0.36%)  
[  5]  28.00-29.00  sec  4.62 MBytes  38.8 Mbits/sec  0.551 ms  3/3352 (0.089%)  
[  5]  29.00-30.00  sec  4.62 MBytes  38.7 Mbits/sec  1.391 ms  12/3355 (0.36%)  
[  5]  30.00-30.14  sec   274 KBytes  15.5 Mbits/sec  0.492 ms  18446744073709551614/192 (-1%)  
- - - - - - - - - - - - - - - - - - - - - - - - -
[ ID] Interval           Transfer     Bitrate         Jitter    Lost/Total Datagrams
[SUM]  0.0-30.1 sec  63425 datagrams received out-of-order
[  5]   0.00-30.14  sec   139 MBytes  38.5 Mbits/sec  0.492 ms  303/100600 (0.3%)  receiver
iperf3: interrupt - the server has terminated
-----------------------------------------------------------
Server listening on 5201 (test #2)
-----------------------------------------------------------
