-----------------------------------------------------------
Server listening on 5203 (test #1)
-----------------------------------------------------------
Accepted connection from 10.0.0.1, port 35068
[  5] local 10.0.0.2 port 5203 connected to 10.0.0.1 port 49407
[ ID] Interval           Transfer     Bitrate         Jitter    Lost/Total Datagrams
[  5]   0.00-1.00   sec  1.15 MBytes  9.61 Mbits/sec  1.769 ms  0/830 (0%)  
[  5]   1.00-2.00   sec  1.15 MBytes  9.66 Mbits/sec  4.293 ms  4/838 (0.48%)  
[  5]   2.00-3.00   sec  1.15 MBytes  9.67 Mbits/sec  2.822 ms  4/839 (0.48%)  
[  5]   3.00-4.00   sec  1.14 MBytes  9.60 Mbits/sec  4.297 ms  9/838 (1.1%)  
[  5]   4.00-5.00   sec  1.15 MBytes  9.67 Mbits/sec  1.450 ms  2/837 (0.24%)  
[  5]   5.00-6.00   sec  1.16 MBytes  9.72 Mbits/sec  1.565 ms  0/839 (0%)  
[  5]   6.00-7.00   sec  1.15 MBytes  9.67 Mbits/sec  1.775 ms  4/839 (0.48%)  
[  5]   7.00-8.00   sec  1.15 MBytes  9.68 Mbits/sec  2.160 ms  2/838 (0.24%)  
[  5]   8.00-9.00   sec  1.15 MBytes  9.67 Mbits/sec  5.925 ms  3/838 (0.36%)  
[  5]   9.00-10.00  sec  1.15 MBytes  9.67 Mbits/sec  3.834 ms  3/838 (0.36%)  
[  5]  10.00-11.00  sec  1.15 MBytes  9.68 Mbits/sec  2.985 ms  2/838 (0.24%)  
[  5]  11.00-12.00  sec  1.15 MBytes  9.64 Mbits/sec  2.153 ms  7/839 (0.83%)  
[  5]  12.00-13.00  sec  1.15 MBytes  9.67 Mbits/sec  2.840 ms  2/837 (0.24%)  
[  5]  13.00-14.00  sec  1.15 MBytes  9.67 Mbits/sec  9.799 ms  4/839 (0.48%)  
[  5]  14.00-15.00  sec  1.16 MBytes  9.70 Mbits/sec  1.389 ms  3/840 (0.36%)  
[  5]  15.00-16.00  sec  1.15 MBytes  9.63 Mbits/sec  1.538 ms  7/838 (0.84%)  
[  5]  16.00-17.00  sec  1.15 MBytes  9.66 Mbits/sec  1.748 ms  3/837 (0.36%)  
[  5]  17.00-18.00  sec  1.16 MBytes  9.72 Mbits/sec  2.022 ms  0/839 (0%)  
[  5]  18.00-19.00  sec  1.15 MBytes  9.66 Mbits/sec  2.880 ms  3/837 (0.36%)  
[  5]  19.00-20.00  sec  1.15 MBytes  9.68 Mbits/sec  3.905 ms  2/838 (0.24%)  
[  5]  20.00-21.00  sec  1.15 MBytes  9.63 Mbits/sec  2.191 ms  4/836 (0.48%)  
[  5]  21.00-22.00  sec  1.16 MBytes  9.73 Mbits/sec  1.988 ms  4/843 (0.47%)  
[  5]  22.00-23.00  sec  1.15 MBytes  9.65 Mbits/sec  1.686 ms  4/837 (0.48%)  
[  5]  23.00-24.00  sec  1.15 MBytes  9.66 Mbits/sec  2.139 ms  3/837 (0.36%)  
[  5]  24.00-25.00  sec  1.16 MBytes  9.70 Mbits/sec  2.676 ms  3/840 (0.36%)  
[  5]  25.00-26.00  sec  1.15 MBytes  9.67 Mbits/sec  3.980 ms  1/836 (0.12%)  
[  5]  26.00-27.00  sec  1.16 MBytes  9.72 Mbits/sec  1.417 ms  0/839 (0%)  
[  5]  27.00-28.00  sec  1.15 MBytes  9.63 Mbits/sec  2.149 ms  7/838 (0.84%)  
[  5]  28.00-29.00  sec  1.16 MBytes  9.70 Mbits/sec  2.588 ms  3/840 (0.36%)  
[  5]  29.00-30.00  sec  1.15 MBytes  9.66 Mbits/sec  3.632 ms  4/838 (0.48%)  
[  5]  30.00-30.14  sec   167 KBytes  9.54 Mbits/sec  1.442 ms  0/118 (0%)  
- - - - - - - - - - - - - - - - - - - - - - - - -
[ ID] Interval           Transfer     Bitrate         Jitter    Lost/Total Datagrams
[SUM]  0.0-30.1 sec  5688 datagrams received out-of-order
[  5]   0.00-30.14  sec  34.7 MBytes  9.67 Mbits/sec  1.442 ms  97/25258 (0.38%)  receiver
iperf3: interrupt - the server has terminated
-----------------------------------------------------------
Server listening on 5203 (test #2)
-----------------------------------------------------------
