-----------------------------------------------------------
Server listening on 5203 (test #1)
-----------------------------------------------------------
Accepted connection from 10.0.0.1, port 51052
[  5] local 10.0.0.2 port 5203 connected to 10.0.0.1 port 45842
[ ID] Interval           Transfer     Bitrate         Jitter    Lost/Total Datagrams
[  5]   0.00-1.00   sec  1.14 MBytes  9.59 Mbits/sec  1.806 ms  1/829 (0.12%)  
[  5]   1.00-2.00   sec  1.15 MBytes  9.66 Mbits/sec  2.246 ms  4/838 (0.48%)  
[  5]   2.00-3.00   sec  1.16 MBytes  9.70 Mbits/sec  3.036 ms  0/837 (0%)  
[  5]   3.00-4.00   sec  1.16 MBytes  9.72 Mbits/sec  9.279 ms  2/842 (0.24%)  
[  5]   4.00-5.00   sec  1.16 MBytes  9.70 Mbits/sec  2.020 ms  0/837 (0%)  
[  5]   5.00-6.00   sec  1.15 MBytes  9.67 Mbits/sec  1.651 ms  2/837 (0.24%)  
[  5]   6.00-7.00   sec  1.16 MBytes  9.71 Mbits/sec  3.194 ms  2/840 (0.24%)  
[  5]   7.00-8.00   sec  1.15 MBytes  9.68 Mbits/sec  2.399 ms  1/837 (0.12%)  
[  5]   8.00-9.00   sec  1.16 MBytes  9.71 Mbits/sec  3.362 ms  2/840 (0.24%)  
[  5]   9.00-10.00  sec  1.15 MBytes  9.66 Mbits/sec  11.211 ms  4/838 (0.48%)  
[  5]  10.00-11.00  sec  1.15 MBytes  9.64 Mbits/sec  1.614 ms  4/836 (0.48%)  
[  5]  11.00-12.00  sec  1.16 MBytes  9.70 Mbits/sec  1.531 ms  3/840 (0.36%)  
[  5]  12.00-13.00  sec  1.15 MBytes  9.67 Mbits/sec  1.985 ms  2/837 (0.24%)  
[  5]  13.00-14.00  sec  1.15 MBytes  9.68 Mbits/sec  2.468 ms  2/838 (0.24%)  
[  5]  14.00-15.00  sec  1.15 MBytes  9.68 Mbits/sec  7.348 ms  4/840 (0.48%)  
[  5]  15.00-16.00  sec  1.15 MBytes  9.65 Mbits/sec  1.360 ms  4/837 (0.48%)  
[  5]  16.00-17.00  sec  1.15 MBytes  9.65 Mbits/sec  1.584 ms  4/837 (0.48%)  
[  5]  17.00-18.00  sec  1.16 MBytes  9.71 Mbits/sec  1.680 ms  2/840 (0.24%)  
[  5]  18.00-19.00  sec  1.16 MBytes  9.70 Mbits/sec  3.492 ms  2/839 (0.24%)  
[  5]  19.00-20.00  sec  1.15 MBytes  9.68 Mbits/sec  2.714 ms  2/838 (0.24%)  
[  5]  20.00-21.00  sec  1.15 MBytes  9.67 Mbits/sec  7.633 ms  3/838 (0.36%)  
[  5]  21.00-22.00  sec  1.16 MBytes  9.71 Mbits/sec  4.416 ms  1/839 (0.12%)  
[  5]  22.00-23.00  sec  1.15 MBytes  9.66 Mbits/sec  1.498 ms  2/836 (0.24%)  
[  5]  23.00-24.00  sec  1.15 MBytes  9.68 Mbits/sec  1.642 ms  3/839 (0.36%)  
[  5]  24.00-25.00  sec  1.15 MBytes  9.65 Mbits/sec  1.877 ms  5/838 (0.6%)  
[  5]  25.00-26.00  sec  1.15 MBytes  9.67 Mbits/sec  5.220 ms  3/838 (0.36%)  
[  5]  26.00-27.00  sec  1.15 MBytes  9.64 Mbits/sec  8.655 ms  5/837 (0.6%)  
[  5]  27.00-28.00  sec  1.16 MBytes  9.71 Mbits/sec  7.922 ms  2/840 (0.24%)  
[  5]  28.00-29.00  sec  1.15 MBytes  9.68 Mbits/sec  1.488 ms  2/838 (0.24%)  
[  5]  29.00-30.00  sec  1.15 MBytes  9.68 Mbits/sec  1.598 ms  2/838 (0.24%)  
[  5]  30.00-30.13  sec   154 KBytes  9.75 Mbits/sec  1.348 ms  0/109 (0%)  
- - - - - - - - - - - - - - - - - - - - - - - - -
[ ID] Interval           Transfer     Bitrate         Jitter    Lost/Total Datagrams
[SUM]  0.0-30.1 sec  5715 datagrams received out-of-order
[  5]   0.00-30.13  sec  34.8 MBytes  9.68 Mbits/sec  1.348 ms  75/25247 (0.3%)  receiver
iperf3: interrupt - the server has terminated
-----------------------------------------------------------
Server listening on 5203 (test #2)
-----------------------------------------------------------
