-----------------------------------------------------------
Server listening on 5202 (test #1)
-----------------------------------------------------------
Accepted connection from 10.0.0.1, port 40198
[  5] local 10.0.0.2 port 5202 connected to 10.0.0.1 port 42636
[ ID] Interval           Transfer     Bitrate         Jitter    Lost/Total Datagrams
[  5]   0.00-1.00   sec  3.37 MBytes  28.3 Mbits/sec  2.194 ms  6/2448 (0.25%)  
[  5]   1.00-2.00   sec  3.47 MBytes  29.1 Mbits/sec  0.486 ms  11/2522 (0.44%)  
[  5]   2.00-3.00   sec  3.47 MBytes  29.1 Mbits/sec  0.957 ms  1/2512 (0.04%)  
[  5]   3.00-4.00   sec  3.44 MBytes  28.8 Mbits/sec  1.892 ms  7/2497 (0.28%)  
[  5]   4.00-5.00   sec  3.46 MBytes  29.0 Mbits/sec  0.672 ms  10/2517 (0.4%)  
[  5]   5.00-6.00   sec  3.46 MBytes  29.0 Mbits/sec  1.104 ms  12/2519 (0.48%)  
[  5]   6.00-7.00   sec  3.46 MBytes  29.1 Mbits/sec  0.869 ms  5/2513 (0.2%)  
[  5]   7.00-8.00   sec  3.47 MBytes  29.1 Mbits/sec  3.149 ms  9/2521 (0.36%)  
[  5]   8.00-9.00   sec  3.46 MBytes  29.1 Mbits/sec  0.982 ms  9/2518 (0.36%)  
[  5]   9.00-10.00  sec  3.46 MBytes  29.0 Mbits/sec  1.205 ms  10/2514 (0.4%)  
[  5]  10.00-11.00  sec  3.46 MBytes  29.0 Mbits/sec  1.974 ms  6/2514 (0.24%)  
[  5]  11.00-12.00  sec  3.46 MBytes  29.1 Mbits/sec  0.725 ms  12/2520 (0.48%)  
[  5]  12.00-13.00  sec  3.47 MBytes  29.1 Mbits/sec  3.171 ms  5/2515 (0.2%)  
[  5]  13.00-14.00  sec  3.46 MBytes  29.1 Mbits/sec  2.004 ms  14/2522 (0.56%)  
[  5]  14.00-15.00  sec  3.42 MBytes  28.7 Mbits/sec  0.847 ms  0/2477 (0%)  
[  5]  15.00-16.00  sec  3.46 MBytes  29.0 Mbits/sec  3.144 ms  15/2518 (0.6%)  
[  5]  16.00-17.00  sec  3.47 MBytes  29.1 Mbits/sec  1.076 ms  2/2515 (0.08%)  
[  5]  17.00-18.00  sec  3.47 MBytes  29.1 Mbits/sec  2.504 ms  7/2521 (0.28%)  
[  5]  18.00-19.00  sec  3.46 MBytes  29.0 Mbits/sec  0.925 ms  9/2511 (0.36%)  
[  5]  19.00-20.00  sec  3.42 MBytes  28.7 Mbits/sec  0.872 ms  6/2486 (0.24%)  
[  5]  20.00-21.00  sec  3.46 MBytes  29.0 Mbits/sec  4.332 ms  10/2516 (0.4%)  
[  5]  21.00-22.00  sec  3.46 MBytes  29.1 Mbits/sec  1.072 ms  10/2518 (0.4%)  
[  5]  22.00-23.00  sec  3.46 MBytes  29.1 Mbits/sec  4.685 ms  9/2517 (0.36%)  
[  5]  23.00-24.00  sec  3.46 MBytes  29.0 Mbits/sec  0.676 ms  13/2517 (0.52%)  
[  5]  24.00-25.00  sec  3.45 MBytes  28.9 Mbits/sec  2.663 ms  12/2511 (0.48%)  
[  5]  25.00-26.00  sec  3.47 MBytes  29.1 Mbits/sec  0.460 ms  7/2518 (0.28%)  
[  5]  26.00-27.00  sec  3.46 MBytes  29.0 Mbits/sec  3.095 ms  14/2516 (0.56%)  
[  5]  27.00-28.00  sec  3.47 MBytes  29.1 Mbits/sec  0.738 ms  5/2516 (0.2%)  
[  5]  28.00-29.00  sec  3.46 MBytes  29.0 Mbits/sec  1.717 ms  12/2518 (0.48%)  
[  5]  29.00-30.00  sec  3.47 MBytes  29.1 Mbits/sec  0.519 ms  1/2514 (0.04%)  
[  5]  30.00-30.04  sec   124 KBytes  29.1 Mbits/sec  0.568 ms  0/88 (0%)  
- - - - - - - - - - - - - - - - - - - - - - - - -
[ ID] Interval           Transfer     Bitrate         Jitter    Lost/Total Datagrams
[SUM]  0.0-30.0 sec  42143 datagrams received out-of-order
[  5]   0.00-30.04  sec   104 MBytes  29.0 Mbits/sec  0.568 ms  249/75429 (0.33%)  receiver
iperf3: interrupt - the server has terminated
-----------------------------------------------------------
Server listening on 5202 (test #2)
-----------------------------------------------------------
