-----------------------------------------------------------
Server listening on 5201 (test #1)
-----------------------------------------------------------
Accepted connection from 10.0.0.1, port 42640
[  5] local 10.0.0.2 port 5201 connected to 10.0.0.1 port 57221
[ ID] Interval           Transfer     Bitrate         Jitter    Lost/Total Datagrams
[  5]   0.00-1.00   sec  4.47 MBytes  37.5 Mbits/sec  0.729 ms  15/3252 (0.46%)  
[  5]   1.00-2.00   sec  4.62 MBytes  38.8 Mbits/sec  0.591 ms  7/3354 (0.21%)  
[  5]   2.00-3.00   sec  4.62 MBytes  38.8 Mbits/sec  1.119 ms  8/3356 (0.24%)  
[  5]   3.00-4.00   sec  4.61 MBytes  38.7 Mbits/sec  1.394 ms  15/3356 (0.45%)  
[  5]   4.00-5.00   sec  4.57 MBytes  38.4 Mbits/sec  0.752 ms  8/3320 (0.24%)  
[  5]   5.00-6.00   sec  4.62 MBytes  38.7 Mbits/sec  0.493 ms  12/3357 (0.36%)  
[  5]   6.00-7.00   sec  4.62 MBytes  38.7 Mbits/sec  1.868 ms  14/3356 (0.42%)  
[  5]   7.00-8.00   sec  4.62 MBytes  38.7 Mbits/sec  0.507 ms  13/3357 (0.39%)  
[  5]   8.00-9.00   sec  4.62 MBytes  38.7 Mbits/sec  0.364 ms  11/3354 (0.33%)  
[  5]   9.00-10.00  sec  4.62 MBytes  38.8 Mbits/sec  3.107 ms  6/3353 (0.18%)  
[  5]  10.00-11.00  sec  4.62 MBytes  38.7 Mbits/sec  0.944 ms  13/3356 (0.39%)  
[  5]  11.00-12.00  sec  4.62 MBytes  38.7 Mbits/sec  0.582 ms  10/3352 (0.3%)  
[  5]  12.00-13.00  sec  4.62 MBytes  38.8 Mbits/sec  3.930 ms  10/3359 (0.3%)  
[  5]  13.00-14.00  sec  4.62 MBytes  38.8 Mbits/sec  1.017 ms  11/3358 (0.33%)  
[  5]  14.00-15.00  sec  4.53 MBytes  38.0 Mbits/sec  0.839 ms  11/3294 (0.33%)  
[  5]  15.00-16.00  sec  4.62 MBytes  38.8 Mbits/sec  0.377 ms  8/3357 (0.24%)  
[  5]  16.00-17.00  sec  4.62 MBytes  38.8 Mbits/sec  2.302 ms  3/3349 (0.09%)  
[  5]  17.00-18.00  sec  4.62 MBytes  38.8 Mbits/sec  1.064 ms  10/3359 (0.3%)  
[  5]  18.00-19.00  sec  4.61 MBytes  38.7 Mbits/sec  0.425 ms  14/3352 (0.42%)  
[  5]  19.00-20.00  sec  4.55 MBytes  38.2 Mbits/sec  0.791 ms  8/3306 (0.24%)  
[  5]  20.00-21.00  sec  4.62 MBytes  38.7 Mbits/sec  2.242 ms  10/3353 (0.3%)  
[  5]  21.00-22.00  sec  4.62 MBytes  38.7 Mbits/sec  1.181 ms  10/3355 (0.3%)  
[  5]  22.00-23.00  sec  4.62 MBytes  38.7 Mbits/sec  0.959 ms  19/3361 (0.57%)  
[  5]  23.00-24.00  sec  4.62 MBytes  38.8 Mbits/sec  2.074 ms  7/3353 (0.21%)  
[  5]  24.00-25.00  sec  4.60 MBytes  38.6 Mbits/sec  2.321 ms  10/3340 (0.3%)  
[  5]  25.00-26.00  sec  4.62 MBytes  38.8 Mbits/sec  3.836 ms  7/3355 (0.21%)  
[  5]  26.00-27.00  sec  4.62 MBytes  38.7 Mbits/sec  0.721 ms  8/3352 (0.24%)  
[  5]  27.00-28.00  sec  4.63 MBytes  38.8 Mbits/sec  0.548 ms  10/3360 (0.3%)  
[  5]  28.00-29.00  sec  4.62 MBytes  38.8 Mbits/sec  1.918 ms  7/3355 (0.21%)  
[  5]  29.00-30.00  sec  4.61 MBytes  38.6 Mbits/sec  0.351 ms  9/3344 (0.27%)  
[  5]  30.00-30.13  sec   274 KBytes  17.7 Mbits/sec  0.621 ms  18446744073709551615/193 (-0.52%)  
- - - - - - - - - - - - - - - - - - - - - - - - -
[ ID] Interval           Transfer     Bitrate         Jitter    Lost/Total Datagrams
[SUM]  0.0-30.1 sec  63506 datagrams received out-of-order
[  5]   0.00-30.13  sec   138 MBytes  38.6 Mbits/sec  0.621 ms  303/100578 (0.3%)  receiver
iperf3: interrupt - the server has terminated
-----------------------------------------------------------
Server listening on 5201 (test #2)
-----------------------------------------------------------
