-----------------------------------------------------------
Server listening on 5202 (test #1)
-----------------------------------------------------------
Accepted connection from 10.0.0.1, port 42994
[  5] local 10.0.0.2 port 5202 connected to 10.0.0.1 port 59929
[ ID] Interval           Transfer     Bitrate         Jitter    Lost/Total Datagrams
[  5]   0.00-1.00   sec  3.43 MBytes  28.8 Mbits/sec  1.229 ms  428/2914 (15%)  
[  5]   1.00-2.00   sec  3.24 MBytes  27.2 Mbits/sec  1.499 ms  1107/3455 (32%)  
[  5]   2.00-3.00   sec  3.24 MBytes  27.2 Mbits/sec  1.156 ms  1108/3453 (32%)  
[  5]   3.00-4.00   sec  3.23 MBytes  27.1 Mbits/sec  1.177 ms  1113/3455 (32%)  
[  5]   4.00-5.00   sec  3.18 MBytes  26.7 Mbits/sec  1.573 ms  1155/3457 (33%)  
[  5]   5.00-6.00   sec  3.19 MBytes  26.7 Mbits/sec  1.227 ms  1134/3441 (33%)  
[  5]   6.00-7.00   sec  3.16 MBytes  26.5 Mbits/sec  1.458 ms  1176/3461 (34%)  
[  5]   7.00-8.00   sec  3.19 MBytes  26.8 Mbits/sec  1.427 ms  1139/3449 (33%)  
[  5]   8.00-9.00   sec  3.21 MBytes  26.9 Mbits/sec  1.363 ms  1070/3391 (32%)  
[  5]   9.00-10.00  sec  2.98 MBytes  25.0 Mbits/sec  1.749 ms  1354/3512 (39%)  
[  5]  10.00-11.00  sec  3.16 MBytes  26.5 Mbits/sec  1.321 ms  1177/3463 (34%)  
[  5]  11.00-12.00  sec  3.28 MBytes  27.5 Mbits/sec  1.571 ms  1084/3458 (31%)  
[  5]  12.00-13.00  sec  3.09 MBytes  25.9 Mbits/sec  1.460 ms  1202/3441 (35%)  
[  5]  13.00-14.00  sec  3.21 MBytes  27.0 Mbits/sec  1.460 ms  1136/3463 (33%)  
[  5]  14.00-15.00  sec  3.16 MBytes  26.5 Mbits/sec  1.297 ms  1132/3423 (33%)  
[  5]  15.00-16.00  sec  3.25 MBytes  27.3 Mbits/sec  1.496 ms  1123/3480 (32%)  
[  5]  16.00-17.00  sec  3.32 MBytes  27.8 Mbits/sec  1.103 ms  1050/3453 (30%)  
[  5]  17.00-18.00  sec  3.30 MBytes  27.6 Mbits/sec  1.001 ms  1026/3413 (30%)  
[  5]  18.00-19.00  sec  2.97 MBytes  24.9 Mbits/sec  1.648 ms  1337/3486 (38%)  
[  5]  19.00-20.00  sec  3.12 MBytes  26.2 Mbits/sec  1.356 ms  1194/3456 (35%)  
[  5]  20.00-21.00  sec  3.25 MBytes  27.2 Mbits/sec  1.486 ms  1101/3451 (32%)  
[  5]  21.00-22.00  sec  3.24 MBytes  27.2 Mbits/sec  1.612 ms  1116/3460 (32%)  
[  5]  22.00-23.00  sec  3.21 MBytes  26.9 Mbits/sec  1.450 ms  1129/3455 (33%)  
[  5]  23.00-24.00  sec  3.17 MBytes  26.6 Mbits/sec  1.377 ms  1156/3451 (33%)  
[  5]  24.00-25.00  sec  3.12 MBytes  26.1 Mbits/sec  0.969 ms  1196/3452 (35%)  
[  5]  25.00-26.00  sec  3.20 MBytes  26.8 Mbits/sec  1.629 ms  1127/3444 (33%)  
[  5]  26.00-27.00  sec  3.23 MBytes  27.1 Mbits/sec  1.308 ms  1128/3467 (33%)  
[  5]  27.00-28.00  sec  3.35 MBytes  28.1 Mbits/sec  1.588 ms  1016/3444 (30%)  
[  5]  28.00-29.00  sec  3.15 MBytes  26.4 Mbits/sec  1.499 ms  1179/3459 (34%)  
[  5]  29.00-30.00  sec  3.04 MBytes  25.5 Mbits/sec  1.238 ms  1250/3454 (36%)  
[  5]  30.00-30.16  sec   501 KBytes  25.8 Mbits/sec  1.075 ms  172/526 (33%)  
- - - - - - - - - - - - - - - - - - - - - - - - -
[ ID] Interval           Transfer     Bitrate         Jitter    Lost/Total Datagrams
[SUM]  0.0-30.2 sec  42398 datagrams received out-of-order
[  5]   0.00-30.16  sec  96.3 MBytes  26.8 Mbits/sec  1.075 ms  33815/103587 (33%)  receiver
iperf3: interrupt - the server has terminated
-----------------------------------------------------------
Server listening on 5202 (test #2)
-----------------------------------------------------------
