-----------------------------------------------------------
Server listening on 5203 (test #1)
-----------------------------------------------------------
Accepted connection from 10.0.0.1, port 39136
[  5] local 10.0.0.2 port 5203 connected to 10.0.0.1 port 52797
[ ID] Interval           Transfer     Bitrate         Jitter    Lost/Total Datagrams
[  5]   0.00-1.00   sec  3.86 MBytes  32.4 Mbits/sec  1.458 ms  120/2918 (4.1%)  
[  5]   1.00-2.00   sec  4.32 MBytes  36.3 Mbits/sec  1.066 ms  328/3458 (9.5%)  
[  5]   2.00-3.00   sec  4.27 MBytes  35.9 Mbits/sec  1.671 ms  344/3439 (10%)  
[  5]   3.00-4.00   sec  4.20 MBytes  35.2 Mbits/sec  1.502 ms  423/3463 (12%)  
[  5]   4.00-5.00   sec  4.09 MBytes  34.3 Mbits/sec  1.381 ms  493/3452 (14%)  
[  5]   5.00-6.00   sec  4.29 MBytes  36.0 Mbits/sec  1.561 ms  335/3442 (9.7%)  
[  5]   6.00-7.00   sec  4.44 MBytes  37.2 Mbits/sec  1.489 ms  249/3463 (7.2%)  
[  5]   7.00-8.00   sec  4.35 MBytes  36.5 Mbits/sec  1.309 ms  304/3453 (8.8%)  
[  5]   8.00-9.00   sec  4.13 MBytes  34.7 Mbits/sec  1.427 ms  391/3384 (12%)  
[  5]   9.00-10.00  sec  4.20 MBytes  35.3 Mbits/sec  1.020 ms  470/3514 (13%)  
[  5]  10.00-11.00  sec  4.30 MBytes  36.1 Mbits/sec  1.117 ms  350/3465 (10%)  
[  5]  11.00-12.00  sec  4.22 MBytes  35.4 Mbits/sec  1.637 ms  400/3454 (12%)  
[  5]  12.00-13.00  sec  3.68 MBytes  30.9 Mbits/sec  1.175 ms  776/3441 (23%)  
[  5]  13.00-14.00  sec  4.23 MBytes  35.5 Mbits/sec  1.498 ms  395/3460 (11%)  
[  5]  14.00-15.00  sec  4.01 MBytes  33.6 Mbits/sec  1.296 ms  526/3427 (15%)  
[  5]  15.00-16.00  sec  4.31 MBytes  36.1 Mbits/sec  0.931 ms  352/3472 (10%)  
[  5]  16.00-17.00  sec  4.19 MBytes  35.1 Mbits/sec  1.025 ms  426/3460 (12%)  
[  5]  17.00-18.00  sec  4.07 MBytes  34.2 Mbits/sec  1.463 ms  467/3415 (14%)  
[  5]  18.00-19.00  sec  3.85 MBytes  32.3 Mbits/sec  1.058 ms  695/3484 (20%)  
[  5]  19.00-20.00  sec  4.02 MBytes  33.7 Mbits/sec  1.625 ms  551/3461 (16%)  
[  5]  20.00-21.00  sec  4.30 MBytes  36.0 Mbits/sec  1.518 ms  342/3454 (9.9%)  
[  5]  21.00-22.00  sec  4.23 MBytes  35.5 Mbits/sec  1.704 ms  389/3453 (11%)  
[  5]  22.00-23.00  sec  4.27 MBytes  35.8 Mbits/sec  1.358 ms  359/3453 (10%)  
[  5]  23.00-24.00  sec  4.30 MBytes  36.1 Mbits/sec  1.303 ms  339/3454 (9.8%)  
[  5]  24.00-25.00  sec  4.08 MBytes  34.3 Mbits/sec  1.286 ms  493/3451 (14%)  
[  5]  25.00-26.00  sec  4.27 MBytes  35.8 Mbits/sec  1.801 ms  354/3447 (10%)  
[  5]  26.00-27.00  sec  4.27 MBytes  35.8 Mbits/sec  1.422 ms  372/3463 (11%)  
[  5]  27.00-28.00  sec  4.08 MBytes  34.2 Mbits/sec  0.942 ms  468/3422 (14%)  
[  5]  28.00-29.00  sec  3.98 MBytes  33.4 Mbits/sec  1.079 ms  595/3478 (17%)  
[  5]  29.00-30.00  sec  4.08 MBytes  34.2 Mbits/sec  1.469 ms  504/3459 (15%)  
[  5]  30.00-30.16  sec   696 KBytes  36.0 Mbits/sec  1.356 ms  38/530 (7.2%)  
- - - - - - - - - - - - - - - - - - - - - - - - -
[ ID] Interval           Transfer     Bitrate         Jitter    Lost/Total Datagrams
[SUM]  0.0-30.2 sec  60827 datagrams received out-of-order
[  5]   0.00-30.16  sec   126 MBytes  34.9 Mbits/sec  1.356 ms  12648/103589 (12%)  receiver
iperf3: interrupt - the server has terminated
-----------------------------------------------------------
Server listening on 5203 (test #2)
-----------------------------------------------------------
