-----------------------------------------------------------
Server listening on 5201 (test #1)
-----------------------------------------------------------
Accepted connection from 10.0.0.1, port 60304
[  5] local 10.0.0.2 port 5201 connected to 10.0.0.1 port 57344
[ ID] Interval           Transfer     Bitrate         Jitter    Lost/Total Datagrams
[  5]   0.00-1.00   sec  3.72 MBytes  31.2 Mbits/sec  1.701 ms  226/2917 (7.7%)  
[  5]   1.00-2.00   sec  3.94 MBytes  33.1 Mbits/sec  1.698 ms  588/3444 (17%)  
[  5]   2.00-3.00   sec  3.99 MBytes  33.5 Mbits/sec  1.120 ms  557/3449 (16%)  
[  5]   3.00-4.00   sec  3.94 MBytes  33.0 Mbits/sec  1.170 ms  615/3467 (18%)  
[  5]   4.00-5.00   sec  3.68 MBytes  30.8 Mbits/sec  1.375 ms  783/3446 (23%)  
[  5]   5.00-6.00   sec  3.91 MBytes  32.8 Mbits/sec  1.145 ms  616/3445 (18%)  
[  5]   6.00-7.00   sec  3.99 MBytes  33.5 Mbits/sec  1.318 ms  578/3467 (17%)  
[  5]   7.00-8.00   sec  3.98 MBytes  33.4 Mbits/sec  1.282 ms  571/3450 (17%)  
[  5]   8.00-9.00   sec  3.87 MBytes  32.5 Mbits/sec  1.074 ms  573/3377 (17%)  
[  5]   9.00-10.00  sec  3.77 MBytes  31.6 Mbits/sec  1.199 ms  791/3522 (22%)  
[  5]  10.00-11.00  sec  3.98 MBytes  33.4 Mbits/sec  1.398 ms  577/3462 (17%)  
[  5]  11.00-12.00  sec  4.00 MBytes  33.6 Mbits/sec  1.350 ms  545/3444 (16%)  
[  5]  12.00-13.00  sec  3.52 MBytes  29.5 Mbits/sec  1.553 ms  904/3455 (26%)  
[  5]  13.00-14.00  sec  4.12 MBytes  34.5 Mbits/sec  1.550 ms  473/3455 (14%)  
[  5]  14.00-15.00  sec  3.70 MBytes  31.0 Mbits/sec  1.650 ms  757/3433 (22%)  
[  5]  15.00-16.00  sec  4.02 MBytes  33.7 Mbits/sec  1.093 ms  554/3465 (16%)  
[  5]  16.00-17.00  sec  3.96 MBytes  33.2 Mbits/sec  1.658 ms  598/3466 (17%)  
[  5]  17.00-18.00  sec  3.79 MBytes  31.8 Mbits/sec  1.477 ms  670/3412 (20%)  
[  5]  18.00-19.00  sec  3.66 MBytes  30.7 Mbits/sec  1.372 ms  832/3484 (24%)  
[  5]  19.00-20.00  sec  3.89 MBytes  32.6 Mbits/sec  1.107 ms  646/3462 (19%)  
[  5]  20.00-21.00  sec  3.98 MBytes  33.4 Mbits/sec  1.276 ms  569/3451 (16%)  
[  5]  21.00-22.00  sec  4.01 MBytes  33.6 Mbits/sec  1.666 ms  553/3456 (16%)  
[  5]  22.00-23.00  sec  3.97 MBytes  33.3 Mbits/sec  1.458 ms  576/3449 (17%)  
[  5]  23.00-24.00  sec  4.06 MBytes  34.0 Mbits/sec  1.410 ms  513/3452 (15%)  
[  5]  24.00-25.00  sec  3.81 MBytes  32.0 Mbits/sec  1.190 ms  688/3450 (20%)  
[  5]  25.00-26.00  sec  3.99 MBytes  33.5 Mbits/sec  1.386 ms  560/3450 (16%)  
[  5]  26.00-27.00  sec  4.00 MBytes  33.6 Mbits/sec  1.424 ms  563/3461 (16%)  
[  5]  27.00-28.01  sec  4.04 MBytes  33.7 Mbits/sec  0.973 ms  545/3470 (16%)  
[  5]  28.01-29.00  sec  3.84 MBytes  32.5 Mbits/sec  1.366 ms  650/3434 (19%)  
[  5]  29.00-30.00  sec  3.86 MBytes  32.4 Mbits/sec  1.234 ms  658/3454 (19%)  
[  5]  30.00-30.16  sec   634 KBytes  32.8 Mbits/sec  1.585 ms  92/540 (17%)  
- - - - - - - - - - - - - - - - - - - - - - - - -
[ ID] Interval           Transfer     Bitrate         Jitter    Lost/Total Datagrams
[SUM]  0.0-30.2 sec  55423 datagrams received out-of-order
[  5]   0.00-30.16  sec   118 MBytes  32.7 Mbits/sec  1.585 ms  18421/103589 (18%)  receiver
iperf3: interrupt - the server has terminated
-----------------------------------------------------------
Server listening on 5201 (test #2)
-----------------------------------------------------------
