-----------------------------------------------------------
Server listening on 5202 (test #1)
-----------------------------------------------------------
Accepted connection from 10.0.0.1, port 52626
[  5] local 10.0.0.2 port 5202 connected to 10.0.0.1 port 44678
[ ID] Interval           Transfer     Bitrate         Jitter    Lost/Total Datagrams
[  5]   0.00-1.00   sec  4.79 MBytes  40.2 Mbits/sec  315.706 ms  106871/110340 (97%)  
[  5]   1.00-2.00   sec  5.16 MBytes  43.3 Mbits/sec  141.675 ms  18446744073709547877/0 (0%)  
[  5]   2.00-3.00   sec  5.19 MBytes  43.6 Mbits/sec  4.018 ms  18446744073709547855/0 (0%)  
[  5]   3.00-4.00   sec  5.18 MBytes  43.5 Mbits/sec  168.579 ms  292665/296419 (99%)  
[  5]   4.00-5.00   sec  5.17 MBytes  43.4 Mbits/sec  15.700 ms  18446744073709547871/0 (0%)  
[  5]   5.00-6.00   sec  5.18 MBytes  43.4 Mbits/sec  844.040 ms  18446744073709547866/0 (0%)  
[  5]   6.00-7.00   sec  5.14 MBytes  43.1 Mbits/sec  24.535 ms  18446744073709547895/0 (0%)  
[  5]   7.00-8.00   sec  5.27 MBytes  44.2 Mbits/sec  176.601 ms  18446744073709547797/0 (0%)  
[  5]   8.00-9.00   sec  5.28 MBytes  44.3 Mbits/sec  8.300 ms  18446744073709547796/0 (0%)  
[  5]   9.00-10.00  sec  5.22 MBytes  43.8 Mbits/sec  4.939 ms  18446744073709547835/0 (0%)  
[  5]  10.00-11.00  sec  5.23 MBytes  43.9 Mbits/sec  28.956 ms  18446744073709547830/0 (0%)  
[  5]  11.00-12.00  sec  5.21 MBytes  43.7 Mbits/sec  14.004 ms  18446744073709547841/0 (0%)  
[  5]  12.00-13.00  sec  5.23 MBytes  43.9 Mbits/sec  105.130 ms  18446744073709547829/0 (0%)  
[  5]  13.00-14.00  sec  5.21 MBytes  43.7 Mbits/sec  5843.855 ms  18446744073709547843/0 (0%)  
[  5]  14.00-15.00  sec  5.22 MBytes  43.8 Mbits/sec  4477.016 ms  18446744073709547837/0 (0%)  
[  5]  15.00-16.00  sec  5.23 MBytes  43.9 Mbits/sec  49.825 ms  18446744073709547829/0 (0%)  
[  5]  16.00-17.00  sec  5.22 MBytes  43.8 Mbits/sec  6.220 ms  18446744073709547839/0 (0%)  
[  5]  17.00-18.00  sec  5.12 MBytes  43.0 Mbits/sec  16.251 ms  18446744073709547905/0 (0%)  
[  5]  18.00-19.00  sec  5.36 MBytes  44.9 Mbits/sec  4336.705 ms  18446744073709547735/0 (0%)  
[  5]  19.00-20.00  sec  5.17 MBytes  43.4 Mbits/sec  111.474 ms  18446744073709547870/0 (0%)  
[  5]  20.00-21.00  sec  5.24 MBytes  44.0 Mbits/sec  595.966 ms  18446744073709547822/0 (0%)  
[  5]  21.00-22.00  sec  5.24 MBytes  43.9 Mbits/sec  5912.076 ms  18446744073709547823/0 (0%)  
[  5]  22.00-23.00  sec  5.21 MBytes  43.7 Mbits/sec  3.370 ms  18446744073709547846/0 (0%)  
[  5]  23.00-24.00  sec  5.21 MBytes  43.7 Mbits/sec  239.567 ms  18446744073709547845/0 (0%)  
[  5]  24.00-25.00  sec  5.20 MBytes  43.6 Mbits/sec  862.417 ms  18446744073709547850/0 (0%)  
[  5]  25.00-26.00  sec  5.15 MBytes  43.2 Mbits/sec  197.401 ms  18446744073709547883/0 (0%)  
[  5]  26.00-27.00  sec  5.06 MBytes  42.4 Mbits/sec  16.648 ms  18446744073709547952/0 (0%)  
[  5]  27.00-28.00  sec  5.24 MBytes  44.0 Mbits/sec  37.667 ms  18446744073709547821/0 (0%)  
[  5]  28.00-29.00  sec  5.17 MBytes  43.4 Mbits/sec  7.138 ms  18446744073709547873/0 (0%)  
[  5]  29.00-30.00  sec  5.14 MBytes  43.2 Mbits/sec  2.055 ms  18446744073709547891/0 (0%)  
[  5]  30.00-30.04  sec   222 KBytes  43.2 Mbits/sec  23.908 ms  18446744073709551459/0 (0%)  
- - - - - - - - - - - - - - - - - - - - - - - - -
[ ID] Interval           Transfer     Bitrate         Jitter    Lost/Total Datagrams
[SUM]  0.0-30.0 sec  112745 datagrams received out-of-order
[  5]   0.00-30.04  sec   156 MBytes  43.5 Mbits/sec  23.908 ms  293887/406759 (72%)  receiver
iperf3: interrupt - the server has terminated
-----------------------------------------------------------
Server listening on 5202 (test #2)
-----------------------------------------------------------
