-----------------------------------------------------------
Server listening on 5201 (test #1)
-----------------------------------------------------------
Accepted connection from 10.0.0.1, port 42988
[  5] local 10.0.0.2 port 5201 connected to 10.0.0.1 port 54128
[ ID] Interval           Transfer     Bitrate         Jitter    Lost/Total Datagrams
[  5]   0.00-1.00   sec  4.56 MBytes  38.2 Mbits/sec  1.006 ms  861/4160 (21%)  
[  5]   1.00-2.00   sec  4.62 MBytes  38.8 Mbits/sec  1.317 ms  973/4322 (23%)  
[  5]   2.00-3.00   sec  4.62 MBytes  38.8 Mbits/sec  1.109 ms  966/4315 (22%)  
[  5]   3.00-4.00   sec  4.62 MBytes  38.8 Mbits/sec  1.472 ms  965/4313 (22%)  
[  5]   4.00-5.00   sec  4.60 MBytes  38.6 Mbits/sec  0.877 ms  985/4315 (23%)  
[  5]   5.00-6.00   sec  4.61 MBytes  38.7 Mbits/sec  1.287 ms  980/4320 (23%)  
[  5]   6.00-7.00   sec  4.62 MBytes  38.7 Mbits/sec  1.023 ms  970/4313 (22%)  
[  5]   7.00-8.00   sec  4.62 MBytes  38.7 Mbits/sec  1.439 ms  971/4315 (23%)  
[  5]   8.00-9.00   sec  4.62 MBytes  38.8 Mbits/sec  1.188 ms  971/4317 (22%)  
[  5]   9.00-10.00  sec  4.62 MBytes  38.7 Mbits/sec  1.117 ms  973/4317 (23%)  
[  5]  10.00-11.00  sec  4.62 MBytes  38.7 Mbits/sec  1.006 ms  973/4318 (23%)  
[  5]  11.00-12.00  sec  4.61 MBytes  38.7 Mbits/sec  1.513 ms  978/4319 (23%)  
[  5]  12.00-13.00  sec  4.63 MBytes  38.8 Mbits/sec  1.298 ms  969/4322 (22%)  
[  5]  13.00-14.00  sec  4.61 MBytes  38.7 Mbits/sec  0.957 ms  970/4310 (23%)  
[  5]  14.00-15.00  sec  4.58 MBytes  38.4 Mbits/sec  1.128 ms  966/4284 (23%)  
[  5]  15.00-16.00  sec  4.66 MBytes  39.1 Mbits/sec  1.234 ms  971/4349 (22%)  
[  5]  16.00-17.00  sec  4.62 MBytes  38.8 Mbits/sec  1.254 ms  966/4313 (22%)  
[  5]  17.00-18.00  sec  4.63 MBytes  38.8 Mbits/sec  1.222 ms  964/4316 (22%)  
[  5]  18.00-19.00  sec  4.62 MBytes  38.7 Mbits/sec  1.331 ms  974/4318 (23%)  
[  5]  19.00-20.00  sec  4.62 MBytes  38.8 Mbits/sec  1.082 ms  969/4315 (22%)  
[  5]  20.00-21.00  sec  4.54 MBytes  38.1 Mbits/sec  1.399 ms  1031/4319 (24%)  
[  5]  21.00-22.00  sec  4.61 MBytes  38.6 Mbits/sec  1.356 ms  977/4313 (23%)  
[  5]  22.00-23.00  sec  4.62 MBytes  38.8 Mbits/sec  1.631 ms  968/4316 (22%)  
[  5]  23.00-24.00  sec  4.63 MBytes  38.8 Mbits/sec  1.288 ms  971/4321 (22%)  
[  5]  24.00-25.00  sec  4.62 MBytes  38.8 Mbits/sec  1.424 ms  967/4316 (22%)  
[  5]  25.00-26.00  sec  4.54 MBytes  38.1 Mbits/sec  1.313 ms  1027/4314 (24%)  
[  5]  26.00-27.00  sec  4.62 MBytes  38.8 Mbits/sec  1.100 ms  969/4317 (22%)  
[  5]  27.00-28.00  sec  4.62 MBytes  38.7 Mbits/sec  1.313 ms  971/4313 (23%)  
[  5]  28.00-29.00  sec  4.62 MBytes  38.8 Mbits/sec  1.021 ms  969/4316 (22%)  
[  5]  29.00-30.00  sec  4.63 MBytes  38.8 Mbits/sec  1.276 ms  965/4316 (22%)  
[  5]  30.00-30.04  sec   171 KBytes  37.5 Mbits/sec  1.371 ms  31/152 (20%)  
- - - - - - - - - - - - - - - - - - - - - - - - -
[ ID] Interval           Transfer     Bitrate         Jitter    Lost/Total Datagrams
[SUM]  0.0-30.0 sec  64934 datagrams received out-of-order
[  5]   0.00-30.04  sec   139 MBytes  38.7 Mbits/sec  1.371 ms  29161/129484 (23%)  receiver
iperf3: interrupt - the server has terminated
-----------------------------------------------------------
Server listening on 5201 (test #2)
-----------------------------------------------------------
