-----------------------------------------------------------
Server listening on 5202 (test #1)
-----------------------------------------------------------
Accepted connection from 10.0.0.1, port 54450
[  5] local 10.0.0.2 port 5202 connected to 10.0.0.1 port 42556
[ ID] Interval           Transfer     Bitrate         Jitter    Lost/Total Datagrams
[  5]   0.00-1.00   sec  3.46 MBytes  29.0 Mbits/sec  1.082 ms  1664/4169 (40%)  
[  5]   1.00-2.00   sec  3.46 MBytes  29.0 Mbits/sec  1.132 ms  1801/4304 (42%)  
[  5]   2.00-3.00   sec  3.47 MBytes  29.1 Mbits/sec  1.195 ms  1811/4325 (42%)  
[  5]   3.00-4.00   sec  3.47 MBytes  29.1 Mbits/sec  1.226 ms  1804/4315 (42%)  
[  5]   4.00-5.00   sec  3.46 MBytes  29.1 Mbits/sec  1.080 ms  1811/4320 (42%)  
[  5]   5.00-6.00   sec  3.46 MBytes  29.1 Mbits/sec  1.028 ms  1800/4308 (42%)  
[  5]   6.00-7.00   sec  3.48 MBytes  29.2 Mbits/sec  1.335 ms  1812/4331 (42%)  
[  5]   7.00-8.00   sec  3.46 MBytes  29.0 Mbits/sec  1.208 ms  1803/4308 (42%)  
[  5]   8.00-9.00   sec  3.46 MBytes  29.0 Mbits/sec  1.106 ms  1808/4315 (42%)  
[  5]   9.00-10.00  sec  3.46 MBytes  29.0 Mbits/sec  1.057 ms  1810/4316 (42%)  
[  5]  10.00-11.00  sec  3.47 MBytes  29.1 Mbits/sec  1.136 ms  1811/4321 (42%)  
[  5]  11.00-12.00  sec  3.47 MBytes  29.1 Mbits/sec  1.276 ms  1800/4312 (42%)  
[  5]  12.00-13.00  sec  3.46 MBytes  29.0 Mbits/sec  1.219 ms  1815/4321 (42%)  
[  5]  13.00-14.00  sec  3.46 MBytes  29.0 Mbits/sec  0.808 ms  1811/4314 (42%)  
[  5]  14.00-15.00  sec  3.46 MBytes  29.0 Mbits/sec  1.093 ms  1809/4314 (42%)  
[  5]  15.00-16.00  sec  3.42 MBytes  28.7 Mbits/sec  1.328 ms  1788/4265 (42%)  
[  5]  16.00-17.00  sec  3.50 MBytes  29.3 Mbits/sec  1.173 ms  1839/4372 (42%)  
[  5]  17.00-18.00  sec  3.46 MBytes  29.1 Mbits/sec  1.606 ms  1812/4320 (42%)  
[  5]  18.00-19.00  sec  3.46 MBytes  29.0 Mbits/sec  1.276 ms  1810/4316 (42%)  
[  5]  19.00-20.00  sec  3.46 MBytes  29.0 Mbits/sec  1.184 ms  1809/4316 (42%)  
[  5]  20.00-21.00  sec  3.47 MBytes  29.1 Mbits/sec  1.277 ms  1797/4308 (42%)  
[  5]  21.00-22.00  sec  3.46 MBytes  29.1 Mbits/sec  1.297 ms  1812/4321 (42%)  
[  5]  22.00-23.00  sec  3.46 MBytes  29.0 Mbits/sec  1.025 ms  1805/4312 (42%)  
[  5]  23.00-24.00  sec  3.46 MBytes  29.1 Mbits/sec  1.338 ms  1808/4316 (42%)  
[  5]  24.00-25.00  sec  3.46 MBytes  29.0 Mbits/sec  1.077 ms  1812/4317 (42%)  
[  5]  25.00-26.00  sec  3.46 MBytes  29.1 Mbits/sec  1.174 ms  1806/4315 (42%)  
[  5]  26.00-27.00  sec  3.44 MBytes  28.8 Mbits/sec  1.051 ms  1828/4316 (42%)  
[  5]  27.00-28.00  sec  3.47 MBytes  29.1 Mbits/sec  1.244 ms  1807/4318 (42%)  
[  5]  28.00-29.00  sec  3.47 MBytes  29.1 Mbits/sec  1.224 ms  1813/4323 (42%)  
[  5]  29.00-30.00  sec  3.46 MBytes  29.1 Mbits/sec  1.084 ms  1807/4316 (42%)  
[  5]  30.00-30.04  sec   120 KBytes  27.5 Mbits/sec  0.868 ms  55/140 (39%)  
- - - - - - - - - - - - - - - - - - - - - - - - -
[ ID] Interval           Transfer     Bitrate         Jitter    Lost/Total Datagrams
[SUM]  0.0-30.0 sec  43360 datagrams received out-of-order
[  5]   0.00-30.04  sec   104 MBytes  29.0 Mbits/sec  0.868 ms  54178/129484 (42%)  receiver
iperf3: interrupt - the server has terminated
-----------------------------------------------------------
Server listening on 5202 (test #2)
-----------------------------------------------------------
