-----------------------------------------------------------
Server listening on 5203 (test #1)
-----------------------------------------------------------
Accepted connection from 10.0.0.1, port 39008
[  5] local 10.0.0.2 port 5203 connected to 10.0.0.1 port 50165
[ ID] Interval           Transfer     Bitrate         Jitter    Lost/Total Datagrams
[  5]   0.00-1.00   sec  1.35 MBytes  11.3 Mbits/sec  1.655 ms  3182/4158 (77%)  
[  5]   1.00-2.00   sec  1.15 MBytes  9.68 Mbits/sec  1.035 ms  3485/4321 (81%)  
[  5]   2.00-3.00   sec  1.15 MBytes  9.68 Mbits/sec  0.778 ms  3476/4312 (81%)  
[  5]   3.00-4.00   sec  1.15 MBytes  9.68 Mbits/sec  1.731 ms  3493/4329 (81%)  
[  5]   4.00-5.00   sec  1.15 MBytes  9.66 Mbits/sec  0.899 ms  3470/4304 (81%)  
[  5]   5.00-6.00   sec  1.15 MBytes  9.68 Mbits/sec  1.171 ms  3484/4320 (81%)  
[  5]   6.00-7.00   sec  1.15 MBytes  9.68 Mbits/sec  1.441 ms  3481/4317 (81%)  
[  5]   7.00-8.00   sec  1.15 MBytes  9.65 Mbits/sec  1.087 ms  3483/4316 (81%)  
[  5]   8.00-9.00   sec  1.15 MBytes  9.68 Mbits/sec  0.865 ms  3481/4317 (81%)  
[  5]   9.00-10.00  sec  1.15 MBytes  9.63 Mbits/sec  1.414 ms  3476/4307 (81%)  
[  5]  10.00-11.00  sec  1.16 MBytes  9.71 Mbits/sec  1.505 ms  3487/4325 (81%)  
[  5]  11.00-12.00  sec  1.15 MBytes  9.67 Mbits/sec  1.201 ms  3486/4321 (81%)  
[  5]  12.00-13.00  sec  1.15 MBytes  9.65 Mbits/sec  1.235 ms  3474/4307 (81%)  
[  5]  13.00-14.00  sec  1.15 MBytes  9.67 Mbits/sec  1.141 ms  3477/4312 (81%)  
[  5]  14.00-15.00  sec  1.16 MBytes  9.70 Mbits/sec  1.122 ms  3484/4321 (81%)  
[  5]  15.00-16.00  sec  1.15 MBytes  9.67 Mbits/sec  1.204 ms  3485/4320 (81%)  
[  5]  16.00-17.00  sec  1.15 MBytes  9.68 Mbits/sec  1.007 ms  3476/4312 (81%)  
[  5]  17.00-18.00  sec  1.15 MBytes  9.67 Mbits/sec  1.087 ms  3477/4312 (81%)  
[  5]  18.00-19.00  sec  1.16 MBytes  9.70 Mbits/sec  1.436 ms  3489/4326 (81%)  
[  5]  19.00-20.00  sec  1.16 MBytes  9.69 Mbits/sec  0.968 ms  3474/4311 (81%)  
[  5]  20.00-21.00  sec  1.15 MBytes  9.68 Mbits/sec  1.276 ms  3481/4317 (81%)  
[  5]  21.00-22.00  sec  1.15 MBytes  9.67 Mbits/sec  1.189 ms  3476/4311 (81%)  
[  5]  22.00-23.00  sec  1.16 MBytes  9.71 Mbits/sec  1.321 ms  3487/4325 (81%)  
[  5]  23.00-24.00  sec  1.15 MBytes  9.67 Mbits/sec  1.531 ms  3477/4312 (81%)  
[  5]  24.00-25.00  sec  1.15 MBytes  9.66 Mbits/sec  1.350 ms  3483/4317 (81%)  
[  5]  25.00-26.00  sec  1.15 MBytes  9.68 Mbits/sec  1.421 ms  3479/4316 (81%)  
[  5]  26.00-27.00  sec  1.15 MBytes  9.67 Mbits/sec  1.374 ms  3481/4316 (81%)  
[  5]  27.00-28.00  sec  1.15 MBytes  9.61 Mbits/sec  1.274 ms  3482/4312 (81%)  
[  5]  28.00-29.00  sec  1.16 MBytes  9.70 Mbits/sec  1.476 ms  3484/4321 (81%)  
[  5]  29.00-30.00  sec  1.15 MBytes  9.67 Mbits/sec  0.975 ms  3481/4316 (81%)  
[  5]  30.00-30.04  sec  41.0 KBytes  9.48 Mbits/sec  1.066 ms  122/151 (81%)  
- - - - - - - - - - - - - - - - - - - - - - - - -
[ ID] Interval           Transfer     Bitrate         Jitter    Lost/Total Datagrams
[SUM]  0.0-30.0 sec  6394 datagrams received out-of-order
[  5]   0.00-30.04  sec  34.8 MBytes  9.73 Mbits/sec  1.066 ms  104253/129482 (81%)  receiver
iperf3: interrupt - the server has terminated
-----------------------------------------------------------
Server listening on 5203 (test #2)
-----------------------------------------------------------
