-----------------------------------------------------------
Server listening on 5203 (test #1)
-----------------------------------------------------------
Accepted connection from 10.0.0.1, port 35228
[  5] local 10.0.0.2 port 5203 connected to 10.0.0.1 port 42184
[ ID] Interval           Transfer     Bitrate         Jitter    Lost/Total Datagrams
[  5]   0.00-1.00   sec  1.14 MBytes  9.59 Mbits/sec  3.647 ms  1/829 (0.12%)  
[  5]   1.00-2.00   sec  1.16 MBytes  9.70 Mbits/sec  5.667 ms  0/837 (0%)  
[  5]   2.00-3.00   sec  1.15 MBytes  9.67 Mbits/sec  3.492 ms  5/840 (0.6%)  
[  5]   3.00-4.00   sec  1.15 MBytes  9.68 Mbits/sec  1.322 ms  2/838 (0.24%)  
[  5]   4.00-5.00   sec  1.16 MBytes  9.70 Mbits/sec  1.485 ms  1/838 (0.12%)  
[  5]   5.00-6.00   sec  1.16 MBytes  9.70 Mbits/sec  1.660 ms  1/838 (0.12%)  
[  5]   6.00-7.00   sec  1.15 MBytes  9.67 Mbits/sec  2.287 ms  2/837 (0.24%)  
[  5]   7.00-8.00   sec  1.16 MBytes  9.71 Mbits/sec  2.825 ms  2/840 (0.24%)  
[  5]   8.00-9.00   sec  1.15 MBytes  9.66 Mbits/sec  3.328 ms  4/838 (0.48%)  
[  5]   9.00-10.00  sec  1.15 MBytes  9.68 Mbits/sec  1.375 ms  1/837 (0.12%)  
[  5]  10.00-11.00  sec  1.15 MBytes  9.67 Mbits/sec  1.878 ms  4/839 (0.48%)  
[  5]  11.00-12.00  sec  1.15 MBytes  9.68 Mbits/sec  2.230 ms  3/839 (0.36%)  
[  5]  12.00-13.00  sec  1.15 MBytes  9.68 Mbits/sec  3.351 ms  1/837 (0.12%)  
[  5]  13.00-14.00  sec  1.15 MBytes  9.64 Mbits/sec  4.803 ms  6/838 (0.72%)  
[  5]  14.00-15.00  sec  1.16 MBytes  9.70 Mbits/sec  2.023 ms  2/839 (0.24%)  
[  5]  15.00-16.00  sec  1.15 MBytes  9.67 Mbits/sec  1.554 ms  4/839 (0.48%)  
[  5]  16.00-17.00  sec  1.14 MBytes  9.53 Mbits/sec  2.313 ms  7/830 (0.84%)  
[  5]  17.00-18.00  sec  1.16 MBytes  9.70 Mbits/sec  7.442 ms  0/837 (0%)  
[  5]  18.00-19.00  sec  1.15 MBytes  9.67 Mbits/sec  4.543 ms  4/839 (0.48%)  
[  5]  19.00-20.00  sec  1.15 MBytes  9.68 Mbits/sec  1.404 ms  1/837 (0.12%)  
[  5]  20.00-21.00  sec  1.15 MBytes  9.67 Mbits/sec  1.749 ms  4/839 (0.48%)  
[  5]  21.00-22.00  sec  1.15 MBytes  9.66 Mbits/sec  1.987 ms  4/838 (0.48%)  
[  5]  22.00-23.00  sec  1.15 MBytes  9.66 Mbits/sec  2.293 ms  5/839 (0.6%)  
[  5]  23.00-24.00  sec  1.14 MBytes  9.60 Mbits/sec  7.403 ms  8/837 (0.96%)  
[  5]  24.00-25.00  sec  1.15 MBytes  9.67 Mbits/sec  4.545 ms  4/839 (0.48%)  
[  5]  25.00-26.00  sec  1.15 MBytes  9.67 Mbits/sec  1.494 ms  2/837 (0.24%)  
[  5]  26.00-27.00  sec  1.15 MBytes  9.67 Mbits/sec  1.552 ms  4/839 (0.48%)  
[  5]  27.00-28.00  sec  1.15 MBytes  9.68 Mbits/sec  3.184 ms  4/840 (0.48%)  
[  5]  28.00-29.00  sec  1.15 MBytes  9.67 Mbits/sec  2.399 ms  2/837 (0.24%)  
[  5]  29.00-30.00  sec  1.15 MBytes  9.67 Mbits/sec  6.950 ms  3/838 (0.36%)  
[  5]  30.00-30.10  sec   119 KBytes  9.68 Mbits/sec  1.739 ms  0/84 (0%)  
- - - - - - - - - - - - - - - - - - - - - - - - -
[ ID] Interval           Transfer     Bitrate         Jitter    Lost/Total Datagrams
[SUM]  0.0-30.1 sec  5522 datagrams received out-of-order
[  5]   0.00-30.10  sec  34.7 MBytes  9.67 Mbits/sec  1.739 ms  91/25213 (0.36%)  receiver
iperf3: interrupt - the server has terminated
-----------------------------------------------------------
Server listening on 5203 (test #2)
-----------------------------------------------------------
