-----------------------------------------------------------
Server listening on 5202 (test #1)
-----------------------------------------------------------
Accepted connection from 10.0.0.1, port 51670
[  5] local 10.0.0.2 port 5202 connected to 10.0.0.1 port 39048
[ ID] Interval           Transfer     Bitrate         Jitter    Lost/Total Datagrams
[  5]   0.00-1.00   sec  3.31 MBytes  27.8 Mbits/sec  1.018 ms  10/2408 (0.42%)  
[  5]   1.00-2.00   sec  3.46 MBytes  29.0 Mbits/sec  1.146 ms  11/2515 (0.44%)  
[  5]   2.00-3.00   sec  3.47 MBytes  29.1 Mbits/sec  1.773 ms  7/2518 (0.28%)  
[  5]   3.00-4.00   sec  3.47 MBytes  29.1 Mbits/sec  0.788 ms  4/2514 (0.16%)  
[  5]   4.00-5.00   sec  3.47 MBytes  29.1 Mbits/sec  0.933 ms  5/2517 (0.2%)  
[  5]   5.00-6.00   sec  3.47 MBytes  29.1 Mbits/sec  1.279 ms  8/2518 (0.32%)  
[  5]   6.00-7.00   sec  3.46 MBytes  29.1 Mbits/sec  1.787 ms  12/2521 (0.48%)  
[  5]   7.00-8.00   sec  3.46 MBytes  29.0 Mbits/sec  1.113 ms  6/2512 (0.24%)  
[  5]   8.00-9.00   sec  3.47 MBytes  29.1 Mbits/sec  1.685 ms  6/2518 (0.24%)  
[  5]   9.00-10.00  sec  3.47 MBytes  29.1 Mbits/sec  0.603 ms  6/2517 (0.24%)  
[  5]  10.00-11.00  sec  3.44 MBytes  28.8 Mbits/sec  0.735 ms  10/2500 (0.4%)  
[  5]  11.00-12.00  sec  3.46 MBytes  29.1 Mbits/sec  4.054 ms  10/2518 (0.4%)  
[  5]  12.00-13.00  sec  3.47 MBytes  29.1 Mbits/sec  0.550 ms  18446744073709551615/2512 (-0.04%)  
[  5]  13.00-14.00  sec  3.47 MBytes  29.1 Mbits/sec  1.621 ms  9/2520 (0.36%)  
[  5]  14.00-15.00  sec  3.47 MBytes  29.1 Mbits/sec  0.482 ms  3/2517 (0.12%)  
[  5]  15.00-16.00  sec  3.46 MBytes  29.1 Mbits/sec  1.431 ms  7/2515 (0.28%)  
[  5]  16.00-17.00  sec  3.37 MBytes  28.2 Mbits/sec  1.266 ms  10/2448 (0.41%)  
[  5]  17.00-18.00  sec  3.47 MBytes  29.1 Mbits/sec  3.277 ms  4/2517 (0.16%)  
[  5]  18.00-19.00  sec  3.46 MBytes  29.0 Mbits/sec  0.637 ms  10/2518 (0.4%)  
[  5]  19.00-20.00  sec  3.45 MBytes  28.9 Mbits/sec  1.180 ms  12/2511 (0.48%)  
[  5]  20.00-21.00  sec  3.47 MBytes  29.1 Mbits/sec  1.042 ms  4/2514 (0.16%)  
[  5]  21.00-22.00  sec  3.46 MBytes  29.1 Mbits/sec  1.276 ms  8/2516 (0.32%)  
[  5]  22.00-23.00  sec  3.47 MBytes  29.1 Mbits/sec  3.634 ms  7/2519 (0.28%)  
[  5]  23.00-24.00  sec  3.47 MBytes  29.1 Mbits/sec  1.381 ms  7/2518 (0.28%)  
[  5]  24.00-25.00  sec  3.46 MBytes  29.0 Mbits/sec  4.773 ms  9/2516 (0.36%)  
[  5]  25.00-26.00  sec  3.46 MBytes  29.1 Mbits/sec  0.952 ms  7/2516 (0.28%)  
[  5]  26.00-27.00  sec  3.46 MBytes  29.1 Mbits/sec  2.480 ms  10/2519 (0.4%)  
[  5]  27.00-28.00  sec  3.47 MBytes  29.1 Mbits/sec  0.852 ms  6/2516 (0.24%)  
[  5]  28.00-29.00  sec  3.47 MBytes  29.1 Mbits/sec  3.494 ms  3/2515 (0.12%)  
[  5]  29.00-30.00  sec  3.46 MBytes  29.1 Mbits/sec  1.035 ms  8/2517 (0.32%)  
[  5]  30.00-30.10  sec   214 KBytes  17.8 Mbits/sec  0.519 ms  18446744073709551615/150 (-0.67%)  
- - - - - - - - - - - - - - - - - - - - - - - - -
[ ID] Interval           Transfer     Bitrate         Jitter    Lost/Total Datagrams
[SUM]  0.0-30.1 sec  42256 datagrams received out-of-order
[  5]   0.00-30.10  sec   104 MBytes  29.0 Mbits/sec  0.519 ms  217/75450 (0.29%)  receiver
iperf3: interrupt - the server has terminated
-----------------------------------------------------------
Server listening on 5202 (test #2)
-----------------------------------------------------------
