-----------------------------------------------------------
Server listening on 5201 (test #1)
-----------------------------------------------------------
Accepted connection from 10.0.0.1, port 34806
[  5] local 10.0.0.2 port 5201 connected to 10.0.0.1 port 47148
[ ID] Interval           Transfer     Bitrate         Jitter    Lost/Total Datagrams
[  5]   0.00-1.00   sec  4.37 MBytes  36.6 Mbits/sec  1.387 ms  14/3177 (0.44%)  
[  5]   1.00-2.00   sec  4.63 MBytes  38.8 Mbits/sec  0.592 ms  5/3355 (0.15%)  
[  5]   2.00-3.00   sec  4.62 MBytes  38.8 Mbits/sec  3.859 ms  8/3354 (0.24%)  
[  5]   3.00-4.00   sec  4.62 MBytes  38.8 Mbits/sec  1.643 ms  11/3358 (0.33%)  
[  5]   4.00-5.00   sec  4.62 MBytes  38.8 Mbits/sec  0.815 ms  9/3357 (0.27%)  
[  5]   5.00-6.00   sec  4.62 MBytes  38.7 Mbits/sec  2.021 ms  7/3351 (0.21%)  
[  5]   6.00-7.00   sec  4.63 MBytes  38.8 Mbits/sec  0.585 ms  10/3360 (0.3%)  
[  5]   7.00-8.00   sec  4.61 MBytes  38.7 Mbits/sec  0.815 ms  13/3354 (0.39%)  
[  5]   8.00-9.00   sec  4.62 MBytes  38.8 Mbits/sec  4.638 ms  6/3354 (0.18%)  
[  5]   9.00-10.00  sec  4.63 MBytes  38.8 Mbits/sec  2.088 ms  7/3359 (0.21%)  
[  5]  10.00-11.00  sec  4.56 MBytes  38.3 Mbits/sec  0.378 ms  16/3319 (0.48%)  
[  5]  11.00-12.00  sec  4.62 MBytes  38.8 Mbits/sec  3.125 ms  10/3359 (0.3%)  
[  5]  12.00-13.00  sec  4.62 MBytes  38.8 Mbits/sec  1.382 ms  8/3354 (0.24%)  
[  5]  13.00-14.00  sec  4.62 MBytes  38.7 Mbits/sec  0.599 ms  12/3356 (0.36%)  
[  5]  14.00-15.00  sec  4.62 MBytes  38.8 Mbits/sec  0.816 ms  15/3361 (0.45%)  
[  5]  15.00-16.00  sec  4.62 MBytes  38.7 Mbits/sec  1.525 ms  13/3355 (0.39%)  
[  5]  16.00-17.00  sec  4.48 MBytes  37.6 Mbits/sec  2.821 ms  3/3248 (0.092%)  
[  5]  17.00-18.00  sec  4.62 MBytes  38.8 Mbits/sec  1.026 ms  6/3354 (0.18%)  
[  5]  18.00-19.00  sec  4.62 MBytes  38.8 Mbits/sec  0.838 ms  13/3361 (0.39%)  
[  5]  19.00-20.00  sec  4.59 MBytes  38.5 Mbits/sec  3.504 ms  11/3336 (0.33%)  
[  5]  20.00-21.00  sec  4.62 MBytes  38.8 Mbits/sec  1.888 ms  6/3353 (0.18%)  
[  5]  21.00-22.00  sec  4.62 MBytes  38.8 Mbits/sec  0.502 ms  9/3356 (0.27%)  
[  5]  22.00-23.00  sec  4.62 MBytes  38.8 Mbits/sec  0.523 ms  7/3353 (0.21%)  
[  5]  23.00-24.00  sec  4.62 MBytes  38.8 Mbits/sec  1.179 ms  12/3360 (0.36%)  
[  5]  24.00-25.00  sec  4.62 MBytes  38.8 Mbits/sec  0.781 ms  8/3355 (0.24%)  
[  5]  25.00-26.00  sec  4.62 MBytes  38.8 Mbits/sec  0.468 ms  6/3353 (0.18%)  
[  5]  26.00-27.00  sec  4.62 MBytes  38.7 Mbits/sec  2.299 ms  10/3354 (0.3%)  
[  5]  27.00-28.00  sec  4.63 MBytes  38.8 Mbits/sec  1.868 ms  2/3356 (0.06%)  
[  5]  28.00-29.00  sec  4.63 MBytes  38.8 Mbits/sec  1.128 ms  8/3358 (0.24%)  
[  5]  29.00-30.00  sec  4.62 MBytes  38.7 Mbits/sec  2.697 ms  13/3356 (0.39%)  
[  5]  30.00-30.10  sec   263 KBytes  20.8 Mbits/sec  0.418 ms  18446744073709551612/182 (-2.2%)  
- - - - - - - - - - - - - - - - - - - - - - - - -
[ ID] Interval           Transfer     Bitrate         Jitter    Lost/Total Datagrams
[SUM]  0.0-30.1 sec  63314 datagrams received out-of-order
[  5]   0.00-30.10  sec   138 MBytes  38.6 Mbits/sec  0.418 ms  274/100518 (0.27%)  receiver
iperf3: interrupt - the server has terminated
-----------------------------------------------------------
Server listening on 5201 (test #2)
-----------------------------------------------------------
