-----------------------------------------------------------
Server listening on 5203 (test #1)
-----------------------------------------------------------
Accepted connection from 10.0.0.1, port 59668
[  5] local 10.0.0.2 port 5203 connected to 10.0.0.1 port 53021
[ ID] Interval           Transfer     Bitrate         Jitter    Lost/Total Datagrams
[  5]   0.00-1.00   sec   120 KBytes   984 Kbits/sec  9.962 ms  0/85 (0%)  
[  5]   1.00-2.00   sec   117 KBytes   961 Kbits/sec  34.550 ms  0/83 (0%)  
[  5]   2.00-3.00   sec   117 KBytes   961 Kbits/sec  14.140 ms  0/83 (0%)  
[  5]   3.00-4.00   sec   116 KBytes   950 Kbits/sec  17.007 ms  0/82 (0%)  
[  5]   4.00-5.00   sec   117 KBytes   962 Kbits/sec  23.106 ms  0/83 (0%)  
[  5]   5.00-6.00   sec   119 KBytes   973 Kbits/sec  33.232 ms  0/84 (0%)  
[  5]   6.00-7.00   sec   117 KBytes   961 Kbits/sec  13.993 ms  0/83 (0%)  
[  5]   7.00-8.00   sec   117 KBytes   962 Kbits/sec  16.163 ms  0/83 (0%)  
[  5]   8.00-9.00   sec   117 KBytes   961 Kbits/sec  20.544 ms  0/83 (0%)  
[  5]   9.00-10.00  sec   119 KBytes   974 Kbits/sec  28.367 ms  0/84 (0%)  
[  5]  10.00-11.00  sec   117 KBytes   961 Kbits/sec  45.425 ms  0/83 (0%)  
[  5]  11.00-12.00  sec   117 KBytes   962 Kbits/sec  15.186 ms  0/83 (0%)  
[  5]  12.00-13.00  sec   117 KBytes   961 Kbits/sec  18.581 ms  0/83 (0%)  
[  5]  13.00-14.00  sec   119 KBytes   973 Kbits/sec  24.629 ms  0/84 (0%)  
[  5]  14.00-15.00  sec   117 KBytes   961 Kbits/sec  37.751 ms  0/83 (0%)  
[  5]  15.00-16.00  sec   117 KBytes   961 Kbits/sec  14.436 ms  0/83 (0%)  
[  5]  16.00-17.00  sec   117 KBytes   961 Kbits/sec  17.053 ms  0/83 (0%)  
[  5]  17.00-18.00  sec   119 KBytes   973 Kbits/sec  21.727 ms  0/84 (0%)  
[  5]  18.00-19.00  sec   117 KBytes   961 Kbits/sec  31.882 ms  0/83 (0%)  
[  5]  19.00-20.00  sec   117 KBytes   961 Kbits/sec  13.867 ms  0/83 (0%)  
[  5]  20.00-21.00  sec   117 KBytes   961 Kbits/sec  15.875 ms  0/83 (0%)  
[  5]  21.00-22.00  sec   119 KBytes   973 Kbits/sec  19.499 ms  0/84 (0%)  
[  5]  22.00-23.00  sec   117 KBytes   961 Kbits/sec  27.328 ms  0/83 (0%)  
[  5]  23.00-24.00  sec   117 KBytes   962 Kbits/sec  43.317 ms  0/83 (0%)  
[  5]  24.00-25.00  sec   117 KBytes   961 Kbits/sec  14.978 ms  0/83 (0%)  
[  5]  25.00-26.00  sec   119 KBytes   973 Kbits/sec  17.760 ms  0/84 (0%)  
[  5]  26.00-27.00  sec   117 KBytes   961 Kbits/sec  23.829 ms  0/83 (0%)  
[  5]  27.00-28.00  sec   117 KBytes   961 Kbits/sec  36.180 ms  0/83 (0%)  
[  5]  28.00-29.00  sec   117 KBytes   962 Kbits/sec  14.285 ms  0/83 (0%)  
[  5]  29.00-30.00  sec   119 KBytes   973 Kbits/sec  16.440 ms  0/84 (0%)  
[  5]  30.00-31.00  sec   117 KBytes   961 Kbits/sec  21.125 ms  0/83 (0%)  
[  5]  31.00-32.00  sec   117 KBytes   961 Kbits/sec  30.654 ms  0/83 (0%)  
[  5]  32.00-33.00  sec   117 KBytes   961 Kbits/sec  13.992 ms  0/83 (0%)  
[  5]  33.00-34.00  sec   117 KBytes   961 Kbits/sec  15.646 ms  0/83 (0%)  
[  5]  34.00-35.00  sec   119 KBytes   973 Kbits/sec  19.014 ms  0/84 (0%)  
[  5]  35.00-36.00  sec   117 KBytes   961 Kbits/sec  26.374 ms  0/83 (0%)  
[  5]  36.00-37.00  sec   117 KBytes   961 Kbits/sec  41.363 ms  0/83 (0%)  
[  5]  37.00-38.00  sec   117 KBytes   962 Kbits/sec  14.791 ms  0/83 (0%)  
[  5]  38.00-39.00  sec   119 KBytes   973 Kbits/sec  17.411 ms  0/84 (0%)  
[  5]  39.00-40.00  sec   117 KBytes   961 Kbits/sec  23.083 ms  0/83 (0%)  
[  5]  40.00-41.00  sec   117 KBytes   961 Kbits/sec  34.650 ms  0/83 (0%)  
[  5]  41.00-42.00  sec   117 KBytes   961 Kbits/sec  14.141 ms  0/83 (0%)  
[  5]  42.00-43.00  sec   119 KBytes   973 Kbits/sec  16.136 ms  0/84 (0%)  
[  5]  43.00-44.00  sec   117 KBytes   961 Kbits/sec  20.551 ms  0/83 (0%)  
[  5]  44.00-45.00  sec   117 KBytes   962 Kbits/sec  29.484 ms  0/83 (0%)  
[  5]  45.00-46.00  sec   117 KBytes   961 Kbits/sec  47.664 ms  0/83 (0%)  
[  5]  46.00-47.00  sec   119 KBytes   973 Kbits/sec  15.194 ms  0/84 (0%)  
[  5]  47.00-48.00  sec   117 KBytes   961 Kbits/sec  18.583 ms  0/83 (0%)  
[  5]  48.00-49.00  sec   117 KBytes   962 Kbits/sec  25.481 ms  0/83 (0%)  
[  5]  49.00-50.00  sec   117 KBytes   961 Kbits/sec  39.543 ms  0/83 (0%)  
[  5]  50.00-51.00  sec   119 KBytes   973 Kbits/sec  14.449 ms  0/84 (0%)  
[  5]  51.00-52.00  sec   117 KBytes   961 Kbits/sec  17.060 ms  0/83 (0%)  
[  5]  52.00-53.00  sec   117 KBytes   962 Kbits/sec  22.410 ms  0/83 (0%)  
[  5]  53.00-54.00  sec   117 KBytes   962 Kbits/sec  33.238 ms  0/83 (0%)  
[  5]  54.00-55.00  sec   119 KBytes   973 Kbits/sec  13.856 ms  0/84 (0%)  
[  5]  55.00-56.00  sec   117 KBytes   961 Kbits/sec  15.880 ms  0/83 (0%)  
[  5]  56.00-57.00  sec   117 KBytes   962 Kbits/sec  20.006 ms  0/83 (0%)  
[  5]  57.00-58.00  sec   117 KBytes   961 Kbits/sec  28.354 ms  0/83 (0%)  
[  5]  58.00-59.00  sec   117 KBytes   962 Kbits/sec  45.314 ms  0/83 (0%)  
[  5]  59.00-60.00  sec   119 KBytes   973 Kbits/sec  14.980 ms  0/84 (0%)  
[  5]  60.00-60.67  sec  77.8 KBytes   945 Kbits/sec  13.959 ms  0/55 (0%)  
- - - - - - - - - - - - - - - - - - - - - - - - -
[ ID] Interval           Transfer     Bitrate         Jitter    Lost/Total Datagrams
[  5]   0.00-60.67  sec  6.97 MBytes   964 Kbits/sec  13.959 ms  0/5050 (0%)  receiver
iperf3: interrupt - the server has terminated
-----------------------------------------------------------
Server listening on 5203 (test #2)
-----------------------------------------------------------
