-----------------------------------------------------------
Server listening on 5202 (test #1)
-----------------------------------------------------------
Accepted connection from 10.0.0.1, port 41782
[  5] local 10.0.0.2 port 5202 connected to 10.0.0.1 port 49116
[ ID] Interval           Transfer     Bitrate         Jitter    Lost/Total Datagrams
[  5]   0.00-1.00   sec   361 KBytes  2.95 Mbits/sec  7.124 ms  0/255 (0%)  
[  5]   1.00-2.00   sec   354 KBytes  2.90 Mbits/sec  5.190 ms  0/250 (0%)  
[  5]   2.00-3.00   sec   356 KBytes  2.92 Mbits/sec  12.439 ms  0/252 (0%)  
[  5]   3.00-4.00   sec   349 KBytes  2.86 Mbits/sec  7.870 ms  0/247 (0%)  
[  5]   4.00-5.00   sec   355 KBytes  2.91 Mbits/sec  5.352 ms  0/251 (0%)  
[  5]   5.00-6.00   sec   356 KBytes  2.92 Mbits/sec  13.633 ms  0/252 (0%)  
[  5]   6.00-7.00   sec   356 KBytes  2.92 Mbits/sec  7.175 ms  0/252 (0%)  
[  5]   7.00-8.00   sec   355 KBytes  2.91 Mbits/sec  5.104 ms  0/251 (0%)  
[  5]   8.00-9.00   sec   356 KBytes  2.92 Mbits/sec  11.923 ms  0/252 (0%)  
[  5]   9.00-10.00  sec   356 KBytes  2.92 Mbits/sec  6.624 ms  0/252 (0%)  
[  5]  10.00-11.00  sec   355 KBytes  2.91 Mbits/sec  4.909 ms  0/251 (0%)  
[  5]  11.00-12.00  sec   356 KBytes  2.92 Mbits/sec  10.496 ms  0/252 (0%)  
[  5]  12.00-13.00  sec   356 KBytes  2.92 Mbits/sec  6.137 ms  0/252 (0%)  
[  5]  13.00-14.00  sec   356 KBytes  2.92 Mbits/sec  4.679 ms  0/252 (0%)  
[  5]  14.00-15.00  sec   355 KBytes  2.91 Mbits/sec  9.330 ms  0/251 (0%)  
[  5]  15.00-16.00  sec   356 KBytes  2.92 Mbits/sec  5.745 ms  0/252 (0%)  
[  5]  16.00-17.00  sec   356 KBytes  2.92 Mbits/sec  4.561 ms  0/252 (0%)  
[  5]  17.00-18.00  sec   355 KBytes  2.91 Mbits/sec  8.398 ms  0/251 (0%)  
[  5]  18.00-19.00  sec   356 KBytes  2.92 Mbits/sec  5.436 ms  0/252 (0%)  
[  5]  19.00-20.00  sec   355 KBytes  2.91 Mbits/sec  14.900 ms  0/251 (0%)  
[  5]  20.00-21.00  sec   356 KBytes  2.92 Mbits/sec  7.612 ms  0/252 (0%)  
[  5]  21.00-22.00  sec   356 KBytes  2.92 Mbits/sec  5.185 ms  0/252 (0%)  
[  5]  22.00-23.00  sec   356 KBytes  2.92 Mbits/sec  12.419 ms  0/252 (0%)  
[  5]  23.00-24.00  sec   355 KBytes  2.91 Mbits/sec  6.963 ms  0/251 (0%)  
[  5]  24.00-25.00  sec   356 KBytes  2.92 Mbits/sec  4.960 ms  0/252 (0%)  
[  5]  25.00-26.00  sec   356 KBytes  2.92 Mbits/sec  10.924 ms  0/252 (0%)  
[  5]  26.00-27.00  sec   355 KBytes  2.91 Mbits/sec  6.452 ms  0/251 (0%)  
[  5]  27.00-28.00  sec   356 KBytes  2.92 Mbits/sec  4.784 ms  0/252 (0%)  
[  5]  28.00-29.00  sec   356 KBytes  2.92 Mbits/sec  9.687 ms  0/252 (0%)  
[  5]  29.00-30.00  sec   355 KBytes  2.91 Mbits/sec  6.027 ms  0/251 (0%)  
[  5]  30.00-31.00  sec   356 KBytes  2.92 Mbits/sec  4.638 ms  0/252 (0%)  
[  5]  31.00-32.00  sec   356 KBytes  2.92 Mbits/sec  8.700 ms  0/252 (0%)  
[  5]  32.00-33.00  sec   355 KBytes  2.91 Mbits/sec  5.644 ms  0/251 (0%)  
[  5]  33.00-34.00  sec   356 KBytes  2.92 Mbits/sec  15.664 ms  0/252 (0%)  
[  5]  34.00-35.00  sec   356 KBytes  2.92 Mbits/sec  7.853 ms  0/252 (0%)  
[  5]  35.00-36.00  sec   355 KBytes  2.91 Mbits/sec  5.347 ms  0/251 (0%)  
[  5]  36.00-37.00  sec   356 KBytes  2.92 Mbits/sec  13.644 ms  0/252 (0%)  
[  5]  37.00-38.00  sec   356 KBytes  2.92 Mbits/sec  7.195 ms  0/252 (0%)  
[  5]  38.00-39.00  sec   355 KBytes  2.91 Mbits/sec  5.097 ms  0/251 (0%)  
[  5]  39.00-40.00  sec   356 KBytes  2.92 Mbits/sec  11.920 ms  0/252 (0%)  
[  5]  40.00-41.00  sec   356 KBytes  2.92 Mbits/sec  6.624 ms  0/252 (0%)  
[  5]  41.00-42.00  sec   355 KBytes  2.91 Mbits/sec  4.919 ms  0/251 (0%)  
[  5]  42.00-43.00  sec   356 KBytes  2.92 Mbits/sec  10.500 ms  0/252 (0%)  
[  5]  43.00-44.00  sec   356 KBytes  2.92 Mbits/sec  6.138 ms  0/252 (0%)  
[  5]  44.00-45.00  sec   355 KBytes  2.91 Mbits/sec  4.738 ms  0/251 (0%)  
[  5]  45.00-46.00  sec   356 KBytes  2.92 Mbits/sec  9.384 ms  0/252 (0%)  
[  5]  46.00-47.00  sec   356 KBytes  2.92 Mbits/sec  5.752 ms  0/252 (0%)  
[  5]  47.00-48.00  sec   356 KBytes  2.92 Mbits/sec  4.564 ms  0/252 (0%)  
[  5]  48.00-49.00  sec   355 KBytes  2.91 Mbits/sec  8.393 ms  0/251 (0%)  
[  5]  49.00-50.00  sec   356 KBytes  2.92 Mbits/sec  5.450 ms  0/252 (0%)  
[  5]  50.00-51.00  sec   356 KBytes  2.92 Mbits/sec  14.255 ms  0/252 (0%)  
[  5]  51.00-52.00  sec   355 KBytes  2.91 Mbits/sec  7.617 ms  0/251 (0%)  
[  5]  52.00-53.00  sec   356 KBytes  2.92 Mbits/sec  5.193 ms  0/252 (0%)  
[  5]  53.00-54.00  sec   356 KBytes  2.92 Mbits/sec  12.401 ms  0/252 (0%)  
[  5]  54.00-55.00  sec   355 KBytes  2.91 Mbits/sec  6.959 ms  0/251 (0%)  
[  5]  55.00-56.00  sec   356 KBytes  2.92 Mbits/sec  4.960 ms  0/252 (0%)  
[  5]  56.00-57.00  sec   356 KBytes  2.92 Mbits/sec  10.947 ms  0/252 (0%)  
[  5]  57.00-58.00  sec   355 KBytes  2.91 Mbits/sec  6.428 ms  0/251 (0%)  
[  5]  58.00-59.00  sec   356 KBytes  2.92 Mbits/sec  4.763 ms  0/252 (0%)  
[  5]  59.00-60.00  sec   356 KBytes  2.92 Mbits/sec  9.692 ms  0/252 (0%)  
[  5]  60.00-60.67  sec   116 KBytes  1.43 Mbits/sec  4.554 ms  0/82 (0%)  
- - - - - - - - - - - - - - - - - - - - - - - - -
[ ID] Interval           Transfer     Bitrate         Jitter    Lost/Total Datagrams
[  5]   0.00-60.67  sec  21.0 MBytes  2.90 Mbits/sec  4.554 ms  0/15180 (0%)  receiver
iperf3: interrupt - the server has terminated
-----------------------------------------------------------
Server listening on 5202 (test #2)
-----------------------------------------------------------
